#
# There is insufficient memory for the Java Runtime Environment to continue.
# Native memory allocation (mmap) failed to map 65536 bytes for Failed to commit metaspace.
# Possible reasons:
#   The system is out of physical RAM or swap space
#   The process is running with CompressedOops enabled, and the Java Heap may be blocking the growth of the native heap
# Possible solutions:
#   Reduce memory load on the system
#   Increase physical memory or swap space
#   Check if swap backing store is full
#   Decrease Java heap size (-Xmx/-Xms)
#   Decrease number of Java threads
#   Decrease Java thread stack sizes (-Xss)
#   Set larger code cache with -XX:ReservedCodeCacheSize=
#   JVM is running with Unscaled Compressed Oops mode in which the Java heap is
#     placed in the first 4GB address space. The Java Heap base address is the
#     maximum limit for the native heap growth. Please use -XX:HeapBaseMinAddress
#     to set the Java Heap base and to place the Java Heap above 4GB virtual address.
# This output file may be truncated or incomplete.
#
#  Out of Memory Error (virtualSpaceNode.cpp:110), pid=14600, tid=10668
#
# JRE version: OpenJDK Runtime Environment (17.0.6) (build 17.0.6+0-b2043.56-10027231)
# Java VM: OpenJDK 64-Bit Server VM (17.0.6+0-b2043.56-10027231, mixed mode, tiered, compressed oops, compressed class ptrs, g1 gc, windows-amd64)
# No core dump will be written. Minidumps are not enabled by default on client versions of Windows
#

---------------  S U M M A R Y ------------

Command Line: --add-opens=java.base/java.util=ALL-UNNAMED --add-opens=java.base/java.lang=ALL-UNNAMED --add-opens=java.base/java.lang.invoke=ALL-UNNAMED --add-opens=java.prefs/java.util.prefs=ALL-UNNAMED --add-opens=java.base/java.nio.charset=ALL-UNNAMED --add-opens=java.base/java.net=ALL-UNNAMED --add-opens=java.base/java.util.concurrent.atomic=ALL-UNNAMED -Xmx2048m -Dfile.encoding=UTF-8 -Duser.country=CN -Duser.language=zh -Duser.variant org.gradle.launcher.daemon.bootstrap.GradleDaemon 8.0

Host: 11th Gen Intel(R) Core(TM) i5-1135G7 @ 2.40GHz, 8 cores, 15G,  Windows 11 , 64 bit Build 22621 (10.0.22621.2070)
Time: Sun Aug 20 19:18:38 2023  Windows 11 , 64 bit Build 22621 (10.0.22621.2070) elapsed time: 3.466003 seconds (0d 0h 0m 3s)

---------------  T H R E A D  ---------------

Current thread (0x00000213939af330):  JavaThread "Daemon worker" [_thread_in_vm, id=10668, stack(0x000000b557700000,0x000000b557800000)]

Stack: [0x000000b557700000,0x000000b557800000]
Native frames: (J=compiled Java code, j=interpreted, Vv=VM code, C=native code)
V  [jvm.dll+0x683c9a]
V  [jvm.dll+0x8427a4]
V  [jvm.dll+0x843f9e]
V  [jvm.dll+0x844603]
V  [jvm.dll+0x249b75]
V  [jvm.dll+0x83e7fb]
V  [jvm.dll+0x628006]
V  [jvm.dll+0x1c194e]
V  [jvm.dll+0x62a941]
V  [jvm.dll+0x6289a6]
V  [jvm.dll+0x6327d7]
V  [jvm.dll+0x1eda2b]
V  [jvm.dll+0x1edf65]
V  [jvm.dll+0x1ee884]
V  [jvm.dll+0x1e3dcc]
V  [jvm.dll+0x547fed]
V  [jvm.dll+0x7bd3d5]
V  [jvm.dll+0x7bd4ee]
V  [jvm.dll+0x41182a]
V  [jvm.dll+0x4179a9]
C  [java.dll+0x17ec]

Java frames: (J=compiled Java code, j=interpreted, Vv=VM code)
J 811  java.lang.ClassLoader.defineClass1(Ljava/lang/ClassLoader;Ljava/lang/String;[BIILjava/security/ProtectionDomain;Ljava/lang/String;)Ljava/lang/Class; java.base@17.0.6 (0 bytes) @ 0x0000021387b3095b [0x0000021387b308a0+0x00000000000000bb]
J 1207 c1 java.lang.ClassLoader.defineClass(Ljava/lang/String;[BIILjava/security/ProtectionDomain;)Ljava/lang/Class; java.base@17.0.6 (43 bytes) @ 0x0000021380263444 [0x0000021380263100+0x0000000000000344]
J 952 c1 java.security.SecureClassLoader.defineClass(Ljava/lang/String;[BIILjava/security/CodeSource;)Ljava/lang/Class; java.base@17.0.6 (16 bytes) @ 0x00000213801c848c [0x00000213801c83c0+0x00000000000000cc]
J 2233 c2 java.net.URLClassLoader.findClass(Ljava/lang/String;)Ljava/lang/Class; java.base@17.0.6 (47 bytes) @ 0x0000021387c1ebb8 [0x0000021387c1cb80+0x0000000000002038]
J 2144 c2 java.lang.ClassLoader.loadClass(Ljava/lang/String;Z)Ljava/lang/Class; java.base@17.0.6 (121 bytes) @ 0x0000021387bfe1c4 [0x0000021387bfcce0+0x00000000000014e4]
J 629 c1 java.lang.ClassLoader.loadClass(Ljava/lang/String;)Ljava/lang/Class; java.base@17.0.6 (7 bytes) @ 0x000002138010313c [0x0000021380103040+0x00000000000000fc]
v  ~StubRoutines::call_stub
j  org.gradle.api.internal.attributes.ImmutableAttributes.<clinit>()V+0
v  ~StubRoutines::call_stub
j  org.gradle.api.internal.attributes.DefaultImmutableAttributesFactory.<init>(Lorg/gradle/internal/isolation/IsolatableFactory;Lorg/gradle/api/internal/model/NamedObjectInstantiator;)V+15
j  org.gradle.internal.session.BuildSessionScopeServices.createImmutableAttributesFactory(Lorg/gradle/internal/isolation/IsolatableFactory;Lorg/gradle/api/internal/model/NamedObjectInstantiator;)Lorg/gradle/api/internal/attributes/DefaultImmutableAttributesFactory;+6
v  ~StubRoutines::call_stub
j  jdk.internal.reflect.NativeMethodAccessorImpl.invoke0(Ljava/lang/reflect/Method;Ljava/lang/Object;[Ljava/lang/Object;)Ljava/lang/Object;+0 java.base@17.0.6
j  jdk.internal.reflect.NativeMethodAccessorImpl.invoke(Ljava/lang/Object;[Ljava/lang/Object;)Ljava/lang/Object;+133 java.base@17.0.6
J 1804 c1 jdk.internal.reflect.DelegatingMethodAccessorImpl.invoke(Ljava/lang/Object;[Ljava/lang/Object;)Ljava/lang/Object; java.base@17.0.6 (10 bytes) @ 0x000002138037e13c [0x000002138037e040+0x00000000000000fc]
J 1803 c1 java.lang.reflect.Method.invoke(Ljava/lang/Object;[Ljava/lang/Object;)Ljava/lang/Object; java.base@17.0.6 (65 bytes) @ 0x000002138037dbac [0x000002138037d880+0x000000000000032c]
j  org.gradle.internal.reflect.JavaMethod.invoke(Ljava/lang/Object;[Ljava/lang/Object;)Ljava/lang/Object;+6
j  org.gradle.internal.service.ReflectionBasedServiceMethod.invoke(Ljava/lang/Object;[Ljava/lang/Object;)Ljava/lang/Object;+6
j  org.gradle.internal.service.DefaultServiceRegistry$FactoryMethodService.invokeMethod([Ljava/lang/Object;)Ljava/lang/Object;+9
j  org.gradle.internal.service.DefaultServiceRegistry$FactoryService.createServiceInstance()Ljava/lang/Object;+7
J 2131 c1 org.gradle.internal.service.DefaultServiceRegistry$ManagedObjectServiceProvider.getInstance()Ljava/lang/Object; (47 bytes) @ 0x000002138042c70c [0x000002138042c560+0x00000000000001ac]
J 2130 c1 org.gradle.internal.service.DefaultServiceRegistry$SingletonService.get()Ljava/lang/Object; (5 bytes) @ 0x000002138042c214 [0x000002138042c1a0+0x0000000000000074]
j  org.gradle.internal.service.DefaultServiceRegistry$FactoryService.assembleParameters()[Ljava/lang/Object;+44
j  org.gradle.internal.service.DefaultServiceRegistry$FactoryService.createServiceInstance()Ljava/lang/Object;+1
J 2131 c1 org.gradle.internal.service.DefaultServiceRegistry$ManagedObjectServiceProvider.getInstance()Ljava/lang/Object; (47 bytes) @ 0x000002138042c70c [0x000002138042c560+0x00000000000001ac]
J 2130 c1 org.gradle.internal.service.DefaultServiceRegistry$SingletonService.get()Ljava/lang/Object; (5 bytes) @ 0x000002138042c214 [0x000002138042c1a0+0x0000000000000074]
j  org.gradle.internal.service.DefaultServiceRegistry$FactoryService.assembleParameters()[Ljava/lang/Object;+44
j  org.gradle.internal.service.DefaultServiceRegistry$FactoryService.createServiceInstance()Ljava/lang/Object;+1
J 2131 c1 org.gradle.internal.service.DefaultServiceRegistry$ManagedObjectServiceProvider.getInstance()Ljava/lang/Object; (47 bytes) @ 0x000002138042c70c [0x000002138042c560+0x00000000000001ac]
J 2130 c1 org.gradle.internal.service.DefaultServiceRegistry$SingletonService.get()Ljava/lang/Object; (5 bytes) @ 0x000002138042c214 [0x000002138042c1a0+0x0000000000000074]
j  org.gradle.internal.service.DefaultServiceRegistry$FactoryService.assembleParameters()[Ljava/lang/Object;+44
j  org.gradle.internal.service.DefaultServiceRegistry$FactoryService.createServiceInstance()Ljava/lang/Object;+1
J 2131 c1 org.gradle.internal.service.DefaultServiceRegistry$ManagedObjectServiceProvider.getInstance()Ljava/lang/Object; (47 bytes) @ 0x000002138042c70c [0x000002138042c560+0x00000000000001ac]
J 2130 c1 org.gradle.internal.service.DefaultServiceRegistry$SingletonService.get()Ljava/lang/Object; (5 bytes) @ 0x000002138042c214 [0x000002138042c1a0+0x0000000000000074]
j  org.gradle.internal.service.DefaultServiceRegistry.find(Ljava/lang/reflect/Type;)Ljava/lang/Object;+22
j  org.gradle.internal.service.DefaultServiceRegistry.get(Ljava/lang/reflect/Type;)Ljava/lang/Object;+2
j  org.gradle.internal.service.DefaultServiceRegistry.get(Ljava/lang/Class;)Ljava/lang/Object;+3
j  org.gradle.configurationcache.DefaultBuildModelControllerServices$VintageBuildControllerProvider.createBuildModelController(Lorg/gradle/api/internal/GradleInternal;Lorg/gradle/internal/model/StateTransitionControllerFactory;)Lorg/gradle/internal/build/BuildModelController;+33
v  ~StubRoutines::call_stub
j  jdk.internal.reflect.NativeMethodAccessorImpl.invoke0(Ljava/lang/reflect/Method;Ljava/lang/Object;[Ljava/lang/Object;)Ljava/lang/Object;+0 java.base@17.0.6
j  jdk.internal.reflect.NativeMethodAccessorImpl.invoke(Ljava/lang/Object;[Ljava/lang/Object;)Ljava/lang/Object;+133 java.base@17.0.6
J 1804 c1 jdk.internal.reflect.DelegatingMethodAccessorImpl.invoke(Ljava/lang/Object;[Ljava/lang/Object;)Ljava/lang/Object; java.base@17.0.6 (10 bytes) @ 0x000002138037e13c [0x000002138037e040+0x00000000000000fc]
J 1803 c1 java.lang.reflect.Method.invoke(Ljava/lang/Object;[Ljava/lang/Object;)Ljava/lang/Object; java.base@17.0.6 (65 bytes) @ 0x000002138037dbac [0x000002138037d880+0x000000000000032c]
j  org.gradle.internal.reflect.JavaMethod.invoke(Ljava/lang/Object;[Ljava/lang/Object;)Ljava/lang/Object;+6
j  org.gradle.internal.service.ReflectionBasedServiceMethod.invoke(Ljava/lang/Object;[Ljava/lang/Object;)Ljava/lang/Object;+6
j  org.gradle.internal.service.DefaultServiceRegistry$FactoryMethodService.invokeMethod([Ljava/lang/Object;)Ljava/lang/Object;+9
j  org.gradle.internal.service.DefaultServiceRegistry$FactoryService.createServiceInstance()Ljava/lang/Object;+7
J 2131 c1 org.gradle.internal.service.DefaultServiceRegistry$ManagedObjectServiceProvider.getInstance()Ljava/lang/Object; (47 bytes) @ 0x000002138042c70c [0x000002138042c560+0x00000000000001ac]
J 2130 c1 org.gradle.internal.service.DefaultServiceRegistry$SingletonService.get()Ljava/lang/Object; (5 bytes) @ 0x000002138042c214 [0x000002138042c1a0+0x0000000000000074]
j  org.gradle.internal.service.DefaultServiceRegistry.find(Ljava/lang/reflect/Type;)Ljava/lang/Object;+22
j  org.gradle.internal.service.DefaultServiceRegistry.get(Ljava/lang/reflect/Type;)Ljava/lang/Object;+2
j  org.gradle.internal.service.DefaultServiceRegistry.get(Ljava/lang/Class;)Ljava/lang/Object;+3
j  org.gradle.internal.build.DefaultBuildLifecycleControllerFactory.newInstance(Lorg/gradle/api/internal/BuildDefinition;Lorg/gradle/internal/service/scopes/BuildScopeServices;)Lorg/gradle/internal/build/BuildLifecycleController;+205
j  org.gradle.configurationcache.DefaultBuildModelControllerServices$ServicesProvider.createBuildLifecycleController(Lorg/gradle/internal/build/BuildLifecycleControllerFactory;)Lorg/gradle/internal/build/BuildLifecycleController;+15
v  ~StubRoutines::call_stub
j  jdk.internal.reflect.NativeMethodAccessorImpl.invoke0(Ljava/lang/reflect/Method;Ljava/lang/Object;[Ljava/lang/Object;)Ljava/lang/Object;+0 java.base@17.0.6
j  jdk.internal.reflect.NativeMethodAccessorImpl.invoke(Ljava/lang/Object;[Ljava/lang/Object;)Ljava/lang/Object;+133 java.base@17.0.6
J 1804 c1 jdk.internal.reflect.DelegatingMethodAccessorImpl.invoke(Ljava/lang/Object;[Ljava/lang/Object;)Ljava/lang/Object; java.base@17.0.6 (10 bytes) @ 0x000002138037e13c [0x000002138037e040+0x00000000000000fc]
J 1803 c1 java.lang.reflect.Method.invoke(Ljava/lang/Object;[Ljava/lang/Object;)Ljava/lang/Object; java.base@17.0.6 (65 bytes) @ 0x000002138037dbac [0x000002138037d880+0x000000000000032c]
j  org.gradle.internal.reflect.JavaMethod.invoke(Ljava/lang/Object;[Ljava/lang/Object;)Ljava/lang/Object;+6
j  org.gradle.internal.service.ReflectionBasedServiceMethod.invoke(Ljava/lang/Object;[Ljava/lang/Object;)Ljava/lang/Object;+6
j  org.gradle.internal.service.DefaultServiceRegistry$FactoryMethodService.invokeMethod([Ljava/lang/Object;)Ljava/lang/Object;+9
j  org.gradle.internal.service.DefaultServiceRegistry$FactoryService.createServiceInstance()Ljava/lang/Object;+7
J 2131 c1 org.gradle.internal.service.DefaultServiceRegistry$ManagedObjectServiceProvider.getInstance()Ljava/lang/Object; (47 bytes) @ 0x000002138042c70c [0x000002138042c560+0x00000000000001ac]
J 2130 c1 org.gradle.internal.service.DefaultServiceRegistry$SingletonService.get()Ljava/lang/Object; (5 bytes) @ 0x000002138042c214 [0x000002138042c1a0+0x0000000000000074]
j  org.gradle.internal.service.DefaultServiceRegistry.find(Ljava/lang/reflect/Type;)Ljava/lang/Object;+22
j  org.gradle.internal.service.DefaultServiceRegistry.get(Ljava/lang/reflect/Type;)Ljava/lang/Object;+2
j  org.gradle.internal.service.DefaultServiceRegistry.get(Ljava/lang/Class;)Ljava/lang/Object;+3
j  org.gradle.internal.build.AbstractBuildState.lambda$new$0()Lorg/gradle/internal/build/BuildLifecycleController;+6
j  org.gradle.internal.build.AbstractBuildState$$Lambda$180+0x0000000100381e50.get()Ljava/lang/Object;+4
j  org.gradle.internal.lazy.LockingLazy.get()Ljava/lang/Object;+22
j  org.gradle.internal.build.AbstractBuildState.getBuildController()Lorg/gradle/internal/build/BuildLifecycleController;+4
j  org.gradle.composite.internal.DefaultRootBuildState.<init>(Lorg/gradle/api/internal/BuildDefinition;Lorg/gradle/internal/buildtree/BuildTreeState;Lorg/gradle/internal/event/ListenerManager;)V+19
j  org.gradle.composite.internal.BuildStateFactory.createRootBuild(Lorg/gradle/api/internal/BuildDefinition;)Lorg/gradle/internal/build/RootBuildState;+13
j  org.gradle.composite.internal.DefaultIncludedBuildRegistry.createRootBuild(Lorg/gradle/api/internal/BuildDefinition;)Lorg/gradle/internal/build/RootBuildState;+23
j  org.gradle.launcher.exec.RootBuildLifecycleBuildActionExecutor.execute(Lorg/gradle/internal/invocation/BuildAction;Lorg/gradle/internal/buildtree/BuildTreeContext;)Lorg/gradle/internal/buildtree/BuildActionRunner$Result;+14
j  org.gradle.internal.buildtree.DefaultBuildTreeContext.execute(Lorg/gradle/internal/invocation/BuildAction;)Lorg/gradle/internal/buildtree/BuildActionRunner$Result;+64
j  org.gradle.launcher.exec.BuildTreeLifecycleBuildActionExecutor.lambda$execute$0(Lorg/gradle/internal/invocation/BuildAction;Lorg/gradle/internal/buildtree/BuildTreeContext;)Lorg/gradle/internal/buildtree/BuildActionRunner$Result;+2
j  org.gradle.launcher.exec.BuildTreeLifecycleBuildActionExecutor$$Lambda$158+0x0000000100331058.apply(Ljava/lang/Object;)Ljava/lang/Object;+8
j  org.gradle.internal.buildtree.BuildTreeState.run(Ljava/util/function/Function;)Ljava/lang/Object;+5
j  org.gradle.launcher.exec.BuildTreeLifecycleBuildActionExecutor.execute(Lorg/gradle/internal/invocation/BuildAction;Lorg/gradle/internal/session/BuildSessionContext;)Lorg/gradle/internal/buildtree/BuildActionRunner$Result;+181
j  org.gradle.launcher.exec.RunAsBuildOperationBuildActionExecutor$3.call(Lorg/gradle/internal/operations/BuildOperationContext;)Lorg/gradle/internal/buildtree/BuildActionRunner$Result;+25
j  org.gradle.launcher.exec.RunAsBuildOperationBuildActionExecutor$3.call(Lorg/gradle/internal/operations/BuildOperationContext;)Ljava/lang/Object;+2
j  org.gradle.internal.operations.DefaultBuildOperationRunner$CallableBuildOperationWorker.execute(Lorg/gradle/internal/operations/CallableBuildOperation;Lorg/gradle/internal/operations/BuildOperationContext;)V+3
j  org.gradle.internal.operations.DefaultBuildOperationRunner$CallableBuildOperationWorker.execute(Lorg/gradle/internal/operations/BuildOperation;Lorg/gradle/internal/operations/BuildOperationContext;)V+6
j  org.gradle.internal.operations.DefaultBuildOperationRunner$2.execute(Lorg/gradle/internal/operations/BuildOperationDescriptor;Lorg/gradle/internal/operations/BuildOperationState;Lorg/gradle/internal/operations/BuildOperationState;Lorg/gradle/internal/operations/DefaultBuildOperationRunner$ReadableBuildOperationContext;Lorg/gradle/internal/operations/DefaultBuildOperationRunner$BuildOperationExecutionListener;)Lorg/gradle/internal/operations/BuildOperation;+22
j  org.gradle.internal.operations.DefaultBuildOperationRunner$2.execute(Lorg/gradle/internal/operations/BuildOperationDescriptor;Lorg/gradle/internal/operations/BuildOperationState;Lorg/gradle/internal/operations/BuildOperationState;Lorg/gradle/internal/operations/DefaultBuildOperationRunner$ReadableBuildOperationContext;Lorg/gradle/internal/operations/DefaultBuildOperationRunner$BuildOperationExecutionListener;)Ljava/lang/Object;+8
j  org.gradle.internal.operations.DefaultBuildOperationRunner.execute(Lorg/gradle/internal/operations/BuildOperationDescriptor$Builder;Lorg/gradle/internal/operations/BuildOperationState;Lorg/gradle/internal/operations/DefaultBuildOperationRunner$BuildOperationExecution;)Ljava/lang/Object;+141
j  org.gradle.internal.operations.DefaultBuildOperationRunner.execute(Lorg/gradle/internal/operations/BuildOperation;Lorg/gradle/internal/operations/BuildOperationWorker;Lorg/gradle/internal/operations/BuildOperationState;)V+18
j  org.gradle.internal.operations.DefaultBuildOperationRunner.call(Lorg/gradle/internal/operations/CallableBuildOperation;)Ljava/lang/Object;+16
j  org.gradle.internal.operations.DefaultBuildOperationExecutor.call(Lorg/gradle/internal/operations/CallableBuildOperation;)Ljava/lang/Object;+5
j  org.gradle.launcher.exec.RunAsBuildOperationBuildActionExecutor.execute(Lorg/gradle/internal/invocation/BuildAction;Lorg/gradle/internal/session/BuildSessionContext;)Lorg/gradle/internal/buildtree/BuildActionRunner$Result;+23
j  org.gradle.launcher.exec.RunAsWorkerThreadBuildActionExecutor.lambda$execute$0(Lorg/gradle/internal/invocation/BuildAction;Lorg/gradle/internal/session/BuildSessionContext;)Lorg/gradle/internal/buildtree/BuildActionRunner$Result;+6
j  org.gradle.launcher.exec.RunAsWorkerThreadBuildActionExecutor$$Lambda$157+0x0000000100315de8.create()Ljava/lang/Object;+12
j  org.gradle.internal.work.DefaultWorkerLeaseService.withLocks(Ljava/util/Collection;Lorg/gradle/internal/Factory;)Ljava/lang/Object;+28
j  org.gradle.internal.work.DefaultWorkerLeaseService.runAsWorkerThread(Lorg/gradle/internal/Factory;)Ljava/lang/Object;+33
j  org.gradle.launcher.exec.RunAsWorkerThreadBuildActionExecutor.execute(Lorg/gradle/internal/invocation/BuildAction;Lorg/gradle/internal/session/BuildSessionContext;)Lorg/gradle/internal/buildtree/BuildActionRunner$Result;+12
j  org.gradle.tooling.internal.provider.continuous.ContinuousBuildActionExecutor.execute(Lorg/gradle/internal/invocation/BuildAction;Lorg/gradle/internal/session/BuildSessionContext;)Lorg/gradle/internal/buildtree/BuildActionRunner$Result;+58
j  org.gradle.tooling.internal.provider.SubscribableBuildActionExecutor.execute(Lorg/gradle/internal/invocation/BuildAction;Lorg/gradle/internal/session/BuildSessionContext;)Lorg/gradle/internal/buildtree/BuildActionRunner$Result;+30
j  org.gradle.internal.session.DefaultBuildSessionContext.execute(Lorg/gradle/internal/invocation/BuildAction;)Lorg/gradle/internal/buildtree/BuildActionRunner$Result;+64
j  org.gradle.tooling.internal.provider.BuildSessionLifecycleBuildActionExecuter$ActionImpl.apply(Lorg/gradle/internal/session/BuildSessionContext;)Lorg/gradle/launcher/exec/BuildActionResult;+6
j  org.gradle.tooling.internal.provider.BuildSessionLifecycleBuildActionExecuter$ActionImpl.apply(Ljava/lang/Object;)Ljava/lang/Object;+5
j  org.gradle.internal.session.BuildSessionState.run(Ljava/util/function/Function;)Ljava/lang/Object;+5
j  org.gradle.tooling.internal.provider.BuildSessionLifecycleBuildActionExecuter.execute(Lorg/gradle/internal/invocation/BuildAction;Lorg/gradle/launcher/exec/BuildActionParameters;Lorg/gradle/initialization/BuildRequestContext;)Lorg/gradle/launcher/exec/BuildActionResult;+95
j  org.gradle.tooling.internal.provider.BuildSessionLifecycleBuildActionExecuter.execute(Lorg/gradle/internal/invocation/BuildAction;Ljava/lang/Object;Ljava/lang/Object;)Lorg/gradle/launcher/exec/BuildActionResult;+10
j  org.gradle.tooling.internal.provider.StartParamsValidatingActionExecuter.execute(Lorg/gradle/internal/invocation/BuildAction;Lorg/gradle/launcher/exec/BuildActionParameters;Lorg/gradle/initialization/BuildRequestContext;)Lorg/gradle/launcher/exec/BuildActionResult;+177
j  org.gradle.tooling.internal.provider.StartParamsValidatingActionExecuter.execute(Lorg/gradle/internal/invocation/BuildAction;Ljava/lang/Object;Ljava/lang/Object;)Lorg/gradle/launcher/exec/BuildActionResult;+10
j  org.gradle.tooling.internal.provider.SessionFailureReportingActionExecuter.execute(Lorg/gradle/internal/invocation/BuildAction;Lorg/gradle/launcher/exec/BuildActionParameters;Lorg/gradle/initialization/BuildRequestContext;)Lorg/gradle/launcher/exec/BuildActionResult;+7
j  org.gradle.tooling.internal.provider.SessionFailureReportingActionExecuter.execute(Lorg/gradle/internal/invocation/BuildAction;Ljava/lang/Object;Ljava/lang/Object;)Lorg/gradle/launcher/exec/BuildActionResult;+10
j  org.gradle.tooling.internal.provider.SetupLoggingActionExecuter.execute(Lorg/gradle/internal/invocation/BuildAction;Lorg/gradle/launcher/exec/BuildActionParameters;Lorg/gradle/initialization/BuildRequestContext;)Lorg/gradle/launcher/exec/BuildActionResult;+50
j  org.gradle.tooling.internal.provider.SetupLoggingActionExecuter.execute(Lorg/gradle/internal/invocation/BuildAction;Ljava/lang/Object;Ljava/lang/Object;)Lorg/gradle/launcher/exec/BuildActionResult;+10
j  org.gradle.launcher.daemon.server.exec.ExecuteBuild.doBuild(Lorg/gradle/launcher/daemon/server/api/DaemonCommandExecution;Lorg/gradle/launcher/daemon/protocol/Build;)V+117
j  org.gradle.launcher.daemon.server.exec.BuildCommandOnly.execute(Lorg/gradle/launcher/daemon/server/api/DaemonCommandExecution;)V+49
j  org.gradle.launcher.daemon.server.api.DaemonCommandExecution.proceed()Z+23
j  org.gradle.launcher.daemon.server.exec.WatchForDisconnection.execute(Lorg/gradle/launcher/daemon/server/api/DaemonCommandExecution;)V+19
j  org.gradle.launcher.daemon.server.api.DaemonCommandExecution.proceed()Z+23
j  org.gradle.launcher.daemon.server.exec.ResetDeprecationLogger.execute(Lorg/gradle/launcher/daemon/server/api/DaemonCommandExecution;)V+7
j  org.gradle.launcher.daemon.server.api.DaemonCommandExecution.proceed()Z+23
j  org.gradle.launcher.daemon.server.exec.RequestStopIfSingleUsedDaemon.execute(Lorg/gradle/launcher/daemon/server/api/DaemonCommandExecution;)V+33
j  org.gradle.launcher.daemon.server.api.DaemonCommandExecution.proceed()Z+23
j  org.gradle.launcher.daemon.server.exec.ForwardClientInput$2.create()Ljava/lang/Void;+4
j  org.gradle.launcher.daemon.server.exec.ForwardClientInput$2.create()Ljava/lang/Object;+1
j  org.gradle.util.internal.Swapper.swap(Ljava/lang/Object;Lorg/gradle/internal/Factory;)Ljava/lang/Object;+21
j  org.gradle.launcher.daemon.server.exec.ForwardClientInput.execute(Lorg/gradle/launcher/daemon/server/api/DaemonCommandExecution;)V+63
j  org.gradle.launcher.daemon.server.api.DaemonCommandExecution.proceed()Z+23
j  org.gradle.launcher.daemon.server.exec.LogAndCheckHealth.execute(Lorg/gradle/launcher/daemon/server/api/DaemonCommandExecution;)V+51
j  org.gradle.launcher.daemon.server.api.DaemonCommandExecution.proceed()Z+23
j  org.gradle.launcher.daemon.server.exec.LogToClient.doBuild(Lorg/gradle/launcher/daemon/server/api/DaemonCommandExecution;Lorg/gradle/launcher/daemon/protocol/Build;)V+87
j  org.gradle.launcher.daemon.server.exec.BuildCommandOnly.execute(Lorg/gradle/launcher/daemon/server/api/DaemonCommandExecution;)V+49
j  org.gradle.launcher.daemon.server.api.DaemonCommandExecution.proceed()Z+23
j  org.gradle.launcher.daemon.server.exec.EstablishBuildEnvironment.doBuild(Lorg/gradle/launcher/daemon/server/api/DaemonCommandExecution;Lorg/gradle/launcher/daemon/protocol/Build;)V+356
j  org.gradle.launcher.daemon.server.exec.BuildCommandOnly.execute(Lorg/gradle/launcher/daemon/server/api/DaemonCommandExecution;)V+49
j  org.gradle.launcher.daemon.server.api.DaemonCommandExecution.proceed()Z+23
j  org.gradle.launcher.daemon.server.exec.StartBuildOrRespondWithBusy$1.run()V+44
j  org.gradle.launcher.daemon.server.DaemonStateCoordinator$1.run()V+4
j  org.gradle.internal.concurrent.ExecutorPolicy$CatchAndRecordFailures.onExecute(Ljava/lang/Runnable;)V+1
j  org.gradle.internal.concurrent.ManagedExecutorImpl$1.run()V+25
j  java.util.concurrent.ThreadPoolExecutor.runWorker(Ljava/util/concurrent/ThreadPoolExecutor$Worker;)V+92 java.base@17.0.6
j  java.util.concurrent.ThreadPoolExecutor$Worker.run()V+5 java.base@17.0.6
j  java.lang.Thread.run()V+11 java.base@17.0.6
v  ~StubRoutines::call_stub

---------------  P R O C E S S  ---------------

Threads class SMR info:
_java_thread_list=0x0000021394f229f0, length=26, elements={
0x00000213f75fa880, 0x0000021392083250, 0x0000021392083d10, 0x00000213920c0530,
0x00000213920c0ff0, 0x00000213920c1aa0, 0x000002139209d9c0, 0x00000213920f57d0,
0x00000213920f6180, 0x00000213920f8b80, 0x000002139224feb0, 0x000002139226ef50,
0x0000021392418050, 0x00000213939afcd0, 0x00000213939af800, 0x00000213939adb20,
0x00000213939ac310, 0x00000213939ad650, 0x00000213939ae990, 0x00000213939af330,
0x00000213939accb0, 0x00000213939ae4c0, 0x00000213939adff0, 0x00000213939aee60,
0x00000213939ad180, 0x00000213939ac7e0
}

Java Threads: ( => current thread )
  0x00000213f75fa880 JavaThread "main" [_thread_blocked, id=15804, stack(0x000000b555700000,0x000000b555800000)]
  0x0000021392083250 JavaThread "Reference Handler" daemon [_thread_blocked, id=4324, stack(0x000000b555e00000,0x000000b555f00000)]
  0x0000021392083d10 JavaThread "Finalizer" daemon [_thread_blocked, id=8640, stack(0x000000b555f00000,0x000000b556000000)]
  0x00000213920c0530 JavaThread "Signal Dispatcher" daemon [_thread_blocked, id=8740, stack(0x000000b556000000,0x000000b556100000)]
  0x00000213920c0ff0 JavaThread "Attach Listener" daemon [_thread_blocked, id=15096, stack(0x000000b556100000,0x000000b556200000)]
  0x00000213920c1aa0 JavaThread "Service Thread" daemon [_thread_blocked, id=1800, stack(0x000000b556200000,0x000000b556300000)]
  0x000002139209d9c0 JavaThread "Monitor Deflation Thread" daemon [_thread_blocked, id=7948, stack(0x000000b556300000,0x000000b556400000)]
  0x00000213920f57d0 JavaThread "C2 CompilerThread0" daemon [_thread_blocked, id=5028, stack(0x000000b556400000,0x000000b556500000)]
  0x00000213920f6180 JavaThread "C1 CompilerThread0" daemon [_thread_blocked, id=11532, stack(0x000000b556500000,0x000000b556600000)]
  0x00000213920f8b80 JavaThread "Sweeper thread" daemon [_thread_blocked, id=10684, stack(0x000000b556600000,0x000000b556700000)]
  0x000002139224feb0 JavaThread "Common-Cleaner" daemon [_thread_blocked, id=13316, stack(0x000000b556700000,0x000000b556800000)]
  0x000002139226ef50 JavaThread "Notification Thread" daemon [_thread_blocked, id=8700, stack(0x000000b556800000,0x000000b556900000)]
  0x0000021392418050 JavaThread "C2 CompilerThread1" daemon [_thread_blocked, id=11428, stack(0x000000b556a00000,0x000000b556b00000)]
  0x00000213939afcd0 JavaThread "Daemon health stats" [_thread_blocked, id=13960, stack(0x000000b557100000,0x000000b557200000)]
  0x00000213939af800 JavaThread "Incoming local TCP Connector on port 15948" [_thread_in_native, id=17108, stack(0x000000b557200000,0x000000b557300000)]
  0x00000213939adb20 JavaThread "Daemon periodic checks" [_thread_blocked, id=2484, stack(0x000000b557300000,0x000000b557400000)]
  0x00000213939ac310 JavaThread "Daemon" [_thread_blocked, id=2016, stack(0x000000b557400000,0x000000b557500000)]
  0x00000213939ad650 JavaThread "Handler for socket connection from /127.0.0.1:15948 to /127.0.0.1:15949" [_thread_in_native, id=8816, stack(0x000000b557500000,0x000000b557600000)]
  0x00000213939ae990 JavaThread "Cancel handler" [_thread_blocked, id=16356, stack(0x000000b557600000,0x000000b557700000)]
=>0x00000213939af330 JavaThread "Daemon worker" [_thread_in_vm, id=10668, stack(0x000000b557700000,0x000000b557800000)]
  0x00000213939accb0 JavaThread "Asynchronous log dispatcher for DefaultDaemonConnection: socket connection from /127.0.0.1:15948 to /127.0.0.1:15949" [_thread_blocked, id=17748, stack(0x000000b557800000,0x000000b557900000)]
  0x00000213939ae4c0 JavaThread "Stdin handler" [_thread_blocked, id=13392, stack(0x000000b557900000,0x000000b557a00000)]
  0x00000213939adff0 JavaThread "Daemon client event forwarder" [_thread_blocked, id=12532, stack(0x000000b557a00000,0x000000b557b00000)]
  0x00000213939aee60 JavaThread "Cache worker for journal cache (C:\Users\86135\.gradle\caches\journal-1)" [_thread_blocked, id=2156, stack(0x000000b557d00000,0x000000b557e00000)]
  0x00000213939ad180 JavaThread "File lock request listener" [_thread_in_native, id=5596, stack(0x000000b557e00000,0x000000b557f00000)]
  0x00000213939ac7e0 JavaThread "Cache worker for file hash cache (C:\Users\86135\.gradle\caches\8.0\fileHashes)" [_thread_blocked, id=14752, stack(0x000000b557f00000,0x000000b558000000)]

Other Threads:
  0x0000021392060660 VMThread "VM Thread" [stack: 0x000000b555d00000,0x000000b555e00000] [id=9388]
  0x000002139226f630 WatcherThread [stack: 0x000000b556900000,0x000000b556a00000] [id=13856]
  0x00000213f76557e0 GCTaskThread "GC Thread#0" [stack: 0x000000b555800000,0x000000b555900000] [id=2208]
  0x00000213930fa290 GCTaskThread "GC Thread#1" [stack: 0x000000b556c00000,0x000000b556d00000] [id=4164]
  0x0000021392acea30 GCTaskThread "GC Thread#2" [stack: 0x000000b556d00000,0x000000b556e00000] [id=15072]
  0x00000213931bcf10 GCTaskThread "GC Thread#3" [stack: 0x000000b556e00000,0x000000b556f00000] [id=2508]
  0x00000213931bd1c0 GCTaskThread "GC Thread#4" [stack: 0x000000b556f00000,0x000000b557000000] [id=4620]
  0x00000213931bd470 GCTaskThread "GC Thread#5" [stack: 0x000000b557000000,0x000000b557100000] [id=11944]
  0x00000213948ce5a0 GCTaskThread "GC Thread#6" [stack: 0x000000b556b00000,0x000000b556c00000] [id=3296]
  0x0000021395180070 GCTaskThread "GC Thread#7" [stack: 0x000000b557b00000,0x000000b557c00000] [id=15612]
  0x00000213f7666880 ConcurrentGCThread "G1 Main Marker" [stack: 0x000000b555900000,0x000000b555a00000] [id=9900]
  0x00000213f76673f0 ConcurrentGCThread "G1 Conc#0" [stack: 0x000000b555a00000,0x000000b555b00000] [id=16252]
  0x0000021395258030 ConcurrentGCThread "G1 Conc#1" [stack: 0x000000b557c00000,0x000000b557d00000] [id=10832]
  0x00000213913e2c90 ConcurrentGCThread "G1 Refine#0" [stack: 0x000000b555b00000,0x000000b555c00000] [id=680]
  0x00000213913e36b0 ConcurrentGCThread "G1 Service" [stack: 0x000000b555c00000,0x000000b555d00000] [id=17016]

Threads with active compile tasks:

VM state: not at safepoint (normal execution)

VM Mutex/Monitor currently owned by a thread:  ([mutex/lock_event])
[0x00000213f75f2590] Metaspace_lock - owner thread: 0x00000213939af330

Heap address: 0x0000000080000000, size: 2048 MB, Compressed Oops mode: 32-bit

CDS archive(s) not mapped
Compressed class space mapped at: 0x0000000100000000-0x0000000140000000, reserved size: 1073741824
Narrow klass base: 0x0000000000000000, Narrow klass shift: 3, Narrow klass range: 0x140000000

GC Precious Log:
 CPUs: 8 total, 8 available
 Memory: 16106M
 Large Page Support: Disabled
 NUMA Support: Disabled
 Compressed Oops: Enabled (32-bit)
 Heap Region Size: 1M
 Heap Min Capacity: 8M
 Heap Initial Capacity: 252M
 Heap Max Capacity: 2G
 Pre-touch: Disabled
 Parallel Workers: 8
 Concurrent Workers: 2
 Concurrent Refinement Workers: 8
 Periodic GC: Disabled

Heap:
 garbage-first heap   total 71680K, used 20476K [0x0000000080000000, 0x0000000100000000)
  region size 1024K, 4 young (4096K), 3 survivors (3072K)
 Metaspace       used 26480K, committed 26752K, reserved 1073152K
  class space    used 3488K, committed 3648K, reserved 1048576K

Heap Regions: E=young(eden), S=young(survivor), O=old, HS=humongous(starts), HC=humongous(continues), CS=collection set, F=free, OA=open archive, CA=closed archive, TAMS=top-at-mark-start (previous, next)
|   0|0x0000000080000000, 0x0000000080100000, 0x0000000080100000|100%|HS|  |TAMS 0x0000000080100000, 0x0000000080000000| Complete 
|   1|0x0000000080100000, 0x0000000080200000, 0x0000000080200000|100%|HC|  |TAMS 0x0000000080200000, 0x0000000080100000| Complete 
|   2|0x0000000080200000, 0x0000000080300000, 0x0000000080300000|100%|HC|  |TAMS 0x0000000080300000, 0x0000000080200000| Complete 
|   3|0x0000000080300000, 0x0000000080400000, 0x0000000080400000|100%|HC|  |TAMS 0x0000000080400000, 0x0000000080300000| Complete 
|   4|0x0000000080400000, 0x0000000080500000, 0x0000000080500000|100%| O|  |TAMS 0x0000000080500000, 0x0000000080400000| Untracked 
|   5|0x0000000080500000, 0x0000000080600000, 0x0000000080600000|100%| O|  |TAMS 0x0000000080600000, 0x0000000080500000| Untracked 
|   6|0x0000000080600000, 0x0000000080700000, 0x0000000080700000|100%| O|  |TAMS 0x0000000080700000, 0x0000000080600000| Untracked 
|   7|0x0000000080700000, 0x0000000080800000, 0x0000000080800000|100%| O|  |TAMS 0x0000000080800000, 0x0000000080700000| Untracked 
|   8|0x0000000080800000, 0x0000000080900000, 0x0000000080900000|100%| O|  |TAMS 0x0000000080800000, 0x0000000080800000| Untracked 
|   9|0x0000000080900000, 0x0000000080a00000, 0x0000000080a00000|100%| O|  |TAMS 0x0000000080a00000, 0x0000000080900000| Untracked 
|  10|0x0000000080a00000, 0x0000000080b00000, 0x0000000080b00000|100%| O|  |TAMS 0x0000000080b00000, 0x0000000080a00000| Untracked 
|  11|0x0000000080b00000, 0x0000000080b27200, 0x0000000080c00000| 15%| O|  |TAMS 0x0000000080b27200, 0x0000000080b00000| Untracked 
|  12|0x0000000080c00000, 0x0000000080d00000, 0x0000000080d00000|100%| O|  |TAMS 0x0000000080c00000, 0x0000000080c00000| Untracked 
|  13|0x0000000080d00000, 0x0000000080e00000, 0x0000000080e00000|100%| O|  |TAMS 0x0000000080d00000, 0x0000000080d00000| Untracked 
|  14|0x0000000080e00000, 0x0000000080f00000, 0x0000000080f00000|100%| O|  |TAMS 0x0000000080e00000, 0x0000000080e00000| Untracked 
|  15|0x0000000080f00000, 0x0000000081000000, 0x0000000081000000|100%| O|  |TAMS 0x0000000080f00000, 0x0000000080f00000| Untracked 
|  16|0x0000000081000000, 0x0000000081100000, 0x0000000081100000|100%| O|  |TAMS 0x0000000081000000, 0x0000000081000000| Untracked 
|  17|0x0000000081100000, 0x0000000081200000, 0x0000000081200000|100%| O|  |TAMS 0x0000000081100000, 0x0000000081100000| Untracked 
|  18|0x0000000081200000, 0x000000008127b200, 0x0000000081300000| 48%| O|  |TAMS 0x0000000081200000, 0x0000000081200000| Untracked 
|  19|0x0000000081300000, 0x0000000081300000, 0x0000000081400000|  0%| F|  |TAMS 0x0000000081300000, 0x0000000081300000| Untracked 
|  20|0x0000000081400000, 0x0000000081400000, 0x0000000081500000|  0%| F|  |TAMS 0x0000000081400000, 0x0000000081400000| Untracked 
|  21|0x0000000081500000, 0x0000000081500000, 0x0000000081600000|  0%| F|  |TAMS 0x0000000081500000, 0x0000000081500000| Untracked 
|  22|0x0000000081600000, 0x0000000081600000, 0x0000000081700000|  0%| F|  |TAMS 0x0000000081600000, 0x0000000081600000| Untracked 
|  23|0x0000000081700000, 0x0000000081700000, 0x0000000081800000|  0%| F|  |TAMS 0x0000000081700000, 0x0000000081700000| Untracked 
|  24|0x0000000081800000, 0x0000000081800000, 0x0000000081900000|  0%| F|  |TAMS 0x0000000081800000, 0x0000000081800000| Untracked 
|  25|0x0000000081900000, 0x000000008195cc40, 0x0000000081a00000| 36%| S|CS|TAMS 0x0000000081900000, 0x0000000081900000| Complete 
|  26|0x0000000081a00000, 0x0000000081b00000, 0x0000000081b00000|100%| S|CS|TAMS 0x0000000081a00000, 0x0000000081a00000| Complete 
|  27|0x0000000081b00000, 0x0000000081c00000, 0x0000000081c00000|100%| S|CS|TAMS 0x0000000081b00000, 0x0000000081b00000| Complete 
|  28|0x0000000081c00000, 0x0000000081c00000, 0x0000000081d00000|  0%| F|  |TAMS 0x0000000081c00000, 0x0000000081c00000| Untracked 
|  29|0x0000000081d00000, 0x0000000081d00000, 0x0000000081e00000|  0%| F|  |TAMS 0x0000000081d00000, 0x0000000081d00000| Untracked 
|  30|0x0000000081e00000, 0x0000000081e00000, 0x0000000081f00000|  0%| F|  |TAMS 0x0000000081e00000, 0x0000000081e00000| Untracked 
|  31|0x0000000081f00000, 0x0000000081f00000, 0x0000000082000000|  0%| F|  |TAMS 0x0000000081f00000, 0x0000000081f00000| Untracked 
|  32|0x0000000082000000, 0x0000000082000000, 0x0000000082100000|  0%| F|  |TAMS 0x0000000082000000, 0x0000000082000000| Untracked 
|  33|0x0000000082100000, 0x0000000082100000, 0x0000000082200000|  0%| F|  |TAMS 0x0000000082100000, 0x0000000082100000| Untracked 
|  34|0x0000000082200000, 0x0000000082200000, 0x0000000082300000|  0%| F|  |TAMS 0x0000000082200000, 0x0000000082200000| Untracked 
|  35|0x0000000082300000, 0x0000000082300000, 0x0000000082400000|  0%| F|  |TAMS 0x0000000082300000, 0x0000000082300000| Untracked 
|  36|0x0000000082400000, 0x0000000082400000, 0x0000000082500000|  0%| F|  |TAMS 0x0000000082400000, 0x0000000082400000| Untracked 
|  37|0x0000000082500000, 0x0000000082500000, 0x0000000082600000|  0%| F|  |TAMS 0x0000000082500000, 0x0000000082500000| Untracked 
|  38|0x0000000082600000, 0x0000000082600000, 0x0000000082700000|  0%| F|  |TAMS 0x0000000082600000, 0x0000000082600000| Untracked 
|  39|0x0000000082700000, 0x0000000082700000, 0x0000000082800000|  0%| F|  |TAMS 0x0000000082700000, 0x0000000082700000| Untracked 
|  40|0x0000000082800000, 0x0000000082800000, 0x0000000082900000|  0%| F|  |TAMS 0x0000000082800000, 0x0000000082800000| Untracked 
|  41|0x0000000082900000, 0x0000000082900000, 0x0000000082a00000|  0%| F|  |TAMS 0x0000000082900000, 0x0000000082900000| Untracked 
|  42|0x0000000082a00000, 0x0000000082a00000, 0x0000000082b00000|  0%| F|  |TAMS 0x0000000082a00000, 0x0000000082a00000| Untracked 
|  43|0x0000000082b00000, 0x0000000082b00000, 0x0000000082c00000|  0%| F|  |TAMS 0x0000000082b00000, 0x0000000082b00000| Untracked 
|  44|0x0000000082c00000, 0x0000000082c00000, 0x0000000082d00000|  0%| F|  |TAMS 0x0000000082c00000, 0x0000000082c00000| Untracked 
|  45|0x0000000082d00000, 0x0000000082d00000, 0x0000000082e00000|  0%| F|  |TAMS 0x0000000082d00000, 0x0000000082d00000| Untracked 
|  46|0x0000000082e00000, 0x0000000082e00000, 0x0000000082f00000|  0%| F|  |TAMS 0x0000000082e00000, 0x0000000082e00000| Untracked 
|  47|0x0000000082f00000, 0x0000000082f00000, 0x0000000083000000|  0%| F|  |TAMS 0x0000000082f00000, 0x0000000082f00000| Untracked 
|  48|0x0000000083000000, 0x0000000083000000, 0x0000000083100000|  0%| F|  |TAMS 0x0000000083000000, 0x0000000083000000| Untracked 
|  49|0x0000000083100000, 0x0000000083100000, 0x0000000083200000|  0%| F|  |TAMS 0x0000000083100000, 0x0000000083100000| Untracked 
|  50|0x0000000083200000, 0x0000000083200000, 0x0000000083300000|  0%| F|  |TAMS 0x0000000083200000, 0x0000000083200000| Untracked 
|  51|0x0000000083300000, 0x0000000083300000, 0x0000000083400000|  0%| F|  |TAMS 0x0000000083300000, 0x0000000083300000| Untracked 
|  52|0x0000000083400000, 0x0000000083400000, 0x0000000083500000|  0%| F|  |TAMS 0x0000000083400000, 0x0000000083400000| Untracked 
|  53|0x0000000083500000, 0x0000000083500000, 0x0000000083600000|  0%| F|  |TAMS 0x0000000083500000, 0x0000000083500000| Untracked 
|  54|0x0000000083600000, 0x0000000083600000, 0x0000000083700000|  0%| F|  |TAMS 0x0000000083600000, 0x0000000083600000| Untracked 
|  55|0x0000000083700000, 0x0000000083700000, 0x0000000083800000|  0%| F|  |TAMS 0x0000000083700000, 0x0000000083700000| Untracked 
|  56|0x0000000083800000, 0x0000000083800000, 0x0000000083900000|  0%| F|  |TAMS 0x0000000083800000, 0x0000000083800000| Untracked 
|  57|0x0000000083900000, 0x0000000083900000, 0x0000000083a00000|  0%| F|  |TAMS 0x0000000083900000, 0x0000000083900000| Untracked 
|  58|0x0000000083a00000, 0x0000000083a00000, 0x0000000083b00000|  0%| F|  |TAMS 0x0000000083a00000, 0x0000000083a00000| Untracked 
|  59|0x0000000083b00000, 0x0000000083b00000, 0x0000000083c00000|  0%| F|  |TAMS 0x0000000083b00000, 0x0000000083b00000| Untracked 
| 200|0x000000008c800000, 0x000000008c800000, 0x000000008c900000|  0%| F|  |TAMS 0x000000008c800000, 0x000000008c800000| Untracked 
| 201|0x000000008c900000, 0x000000008c900000, 0x000000008ca00000|  0%| F|  |TAMS 0x000000008c900000, 0x000000008c900000| Untracked 
| 202|0x000000008ca00000, 0x000000008ca00000, 0x000000008cb00000|  0%| F|  |TAMS 0x000000008ca00000, 0x000000008ca00000| Untracked 
| 203|0x000000008cb00000, 0x000000008cb00000, 0x000000008cc00000|  0%| F|  |TAMS 0x000000008cb00000, 0x000000008cb00000| Untracked 
| 204|0x000000008cc00000, 0x000000008cc00000, 0x000000008cd00000|  0%| F|  |TAMS 0x000000008cc00000, 0x000000008cc00000| Untracked 
| 205|0x000000008cd00000, 0x000000008cd00000, 0x000000008ce00000|  0%| F|  |TAMS 0x000000008cd00000, 0x000000008cd00000| Untracked 
| 206|0x000000008ce00000, 0x000000008ce00000, 0x000000008cf00000|  0%| F|  |TAMS 0x000000008ce00000, 0x000000008ce00000| Untracked 
| 207|0x000000008cf00000, 0x000000008cf00000, 0x000000008d000000|  0%| F|  |TAMS 0x000000008cf00000, 0x000000008cf00000| Untracked 
| 208|0x000000008d000000, 0x000000008d000000, 0x000000008d100000|  0%| F|  |TAMS 0x000000008d000000, 0x000000008d000000| Untracked 
| 251|0x000000008fb00000, 0x000000008fbab720, 0x000000008fc00000| 66%| E|  |TAMS 0x000000008fb00000, 0x000000008fb00000| Complete 

Card table byte_map: [0x00000213fb1f0000,0x00000213fb5f0000] _byte_map_base: 0x00000213fadf0000

Marking Bits (Prev, Next): (CMBitMap*) 0x00000213f7655e30, (CMBitMap*) 0x00000213f7655df0
 Prev Bits: [0x00000213fd9f0000, 0x00000213ff9f0000)
 Next Bits: [0x00000213fb9f0000, 0x00000213fd9f0000)

Polling page: 0x00000213f5790000

Metaspace:

Usage:
  Non-class:     22.45 MB used.
      Class:      3.41 MB used.
       Both:     25.86 MB used.

Virtual space:
  Non-class space:       24.00 MB reserved,      22.56 MB ( 94%) committed,  3 nodes.
      Class space:        1.00 GB reserved,       3.56 MB ( <1%) committed,  1 nodes.
             Both:        1.02 GB reserved,      26.12 MB (  2%) committed. 

Chunk freelists:
   Non-Class:  816.00 KB
       Class:  304.00 KB
        Both:  1.09 MB

MaxMetaspaceSize: unlimited
CompressedClassSpaceSize: 1.00 GB
Initial GC threshold: 21.00 MB
Current GC threshold: 35.12 MB
CDS: off
MetaspaceReclaimPolicy: balanced
 - commit_granule_bytes: 65536.
 - commit_granule_words: 8192.
 - virtual_space_node_default_size: 1048576.
 - enlarge_chunks_in_place: 1.
 - new_chunks_are_fully_committed: 0.
 - uncommit_free_chunks: 1.
 - use_allocation_guard: 0.
 - handle_deallocations: 1.


Internal statistics:

num_allocs_failed_limit: 3.
num_arena_births: 218.
num_arena_deaths: 0.
num_vsnodes_births: 4.
num_vsnodes_deaths: 0.
num_space_committed: 418.
num_space_uncommitted: 0.
num_chunks_returned_to_freelist: 3.
num_chunks_taken_from_freelist: 841.
num_chunk_merges: 3.
num_chunk_splits: 548.
num_chunks_enlarged: 398.
num_purges: 0.
num_inconsistent_stats: 0.

CodeHeap 'non-profiled nmethods': size=120000Kb used=1415Kb max_used=1415Kb free=118584Kb
 bounds [0x0000021387ad0000, 0x0000021387d40000, 0x000002138f000000]
CodeHeap 'profiled nmethods': size=120000Kb used=4802Kb max_used=4802Kb free=115197Kb
 bounds [0x0000021380000000, 0x00000213804c0000, 0x0000021387530000]
CodeHeap 'non-nmethods': size=5760Kb used=1237Kb max_used=1285Kb free=4522Kb
 bounds [0x0000021387530000, 0x00000213877a0000, 0x0000021387ad0000]
 total_blobs=2888 nmethods=2356 adapters=444
 compilation: enabled
              stopped_count=0, restarted_count=0
 full_count=0

Compilation events (20 events):
Event: 3.441 Thread 0x00000213920f6180 2346       3       java.lang.invoke.DirectMethodHandle$Constructor::<init> (44 bytes)
Event: 3.441 Thread 0x00000213920f6180 nmethod 2346 0x00000213804ac810 code [0x00000213804ac9c0, 0x00000213804acbe8]
Event: 3.444 Thread 0x00000213920f6180 2347       3       java.lang.invoke.VarHandleByteArrayAsInts$ArrayHandle::get (36 bytes)
Event: 3.444 Thread 0x00000213920f6180 nmethod 2347 0x00000213804acc90 code [0x00000213804ace60, 0x00000213804ad318]
Event: 3.446 Thread 0x00000213920f6180 2348       3       java.lang.invoke.VarHandleGuards::guard_LI_I (78 bytes)
Event: 3.446 Thread 0x00000213920f57d0 2349       4       java.lang.Class::getClassLoader (28 bytes)
Event: 3.446 Thread 0x00000213920f57d0 nmethod 2349 0x0000021387c30090 code [0x0000021387c30200, 0x0000021387c302b8]
Event: 3.447 Thread 0x00000213920f6180 nmethod 2348 0x00000213804ad510 code [0x00000213804ad860, 0x00000213804af4c8]
Event: 3.447 Thread 0x00000213920f6180 2352       3       sun.security.provider.MD5::HH (29 bytes)
Event: 3.447 Thread 0x00000213920f6180 nmethod 2352 0x0000021387c30390 code [0x0000021387c30520, 0x0000021387c30638]
Event: 3.447 Thread 0x00000213920f6180 2353       3       sun.security.provider.MD5::II (31 bytes)
Event: 3.447 Thread 0x00000213920f6180 nmethod 2353 0x00000213804afd10 code [0x00000213804afea0, 0x00000213804affb8]
Event: 3.447 Thread 0x00000213920f6180 2350       3       sun.security.provider.MD5::FF (33 bytes)
Event: 3.447 Thread 0x00000213920f6180 nmethod 2350 0x00000213804b0090 code [0x00000213804b0220, 0x00000213804b0338]
Event: 3.447 Thread 0x00000213920f6180 2351       3       sun.security.provider.MD5::GG (33 bytes)
Event: 3.447 Thread 0x00000213920f6180 nmethod 2351 0x00000213804b0410 code [0x00000213804b05a0, 0x00000213804b06b8]
Event: 3.449 Thread 0x00000213920f57d0 2354       4       java.lang.ref.Cleaner::register (25 bytes)
Event: 3.458 Thread 0x00000213920f6180 2355       3       java.util.concurrent.ConcurrentHashMap::remove (8 bytes)
Event: 3.458 Thread 0x00000213920f6180 nmethod 2355 0x00000213804b0790 code [0x00000213804b0940, 0x00000213804b0a88]
Event: 3.462 Thread 0x00000213920f57d0 nmethod 2354 0x0000021387c30d10 code [0x0000021387c30ec0, 0x0000021387c31a38]

GC Heap History (8 events):
Event: 0.850 GC heap before
{Heap before GC invocations=0 (full 0):
 garbage-first heap   total 258048K, used 26624K [0x0000000080000000, 0x0000000100000000)
  region size 1024K, 23 young (23552K), 0 survivors (0K)
 Metaspace       used 10260K, committed 10432K, reserved 1064960K
  class space    used 1061K, committed 1152K, reserved 1048576K
}
Event: 0.855 GC heap after
{Heap after GC invocations=1 (full 0):
 garbage-first heap   total 258048K, used 10475K [0x0000000080000000, 0x0000000100000000)
  region size 1024K, 3 young (3072K), 3 survivors (3072K)
 Metaspace       used 10260K, committed 10432K, reserved 1064960K
  class space    used 1061K, committed 1152K, reserved 1048576K
}
Event: 1.318 GC heap before
{Heap before GC invocations=1 (full 0):
 garbage-first heap   total 258048K, used 39147K [0x0000000080000000, 0x0000000100000000)
  region size 1024K, 30 young (30720K), 3 survivors (3072K)
 Metaspace       used 11209K, committed 11456K, reserved 1064960K
  class space    used 1164K, committed 1280K, reserved 1048576K
}
Event: 1.320 GC heap after
{Heap after GC invocations=2 (full 0):
 garbage-first heap   total 258048K, used 13407K [0x0000000080000000, 0x0000000100000000)
  region size 1024K, 3 young (3072K), 3 survivors (3072K)
 Metaspace       used 11209K, committed 11456K, reserved 1064960K
  class space    used 1164K, committed 1280K, reserved 1048576K
}
Event: 2.421 GC heap before
{Heap before GC invocations=2 (full 0):
 garbage-first heap   total 258048K, used 53343K [0x0000000080000000, 0x0000000100000000)
  region size 1024K, 43 young (44032K), 3 survivors (3072K)
 Metaspace       used 21181K, committed 21504K, reserved 1073152K
  class space    used 2567K, committed 2752K, reserved 1048576K
}
Event: 2.427 GC heap after
{Heap after GC invocations=3 (full 0):
 garbage-first heap   total 258048K, used 18725K [0x0000000080000000, 0x0000000100000000)
  region size 1024K, 9 young (9216K), 9 survivors (9216K)
 Metaspace       used 21181K, committed 21504K, reserved 1073152K
  class space    used 2567K, committed 2752K, reserved 1048576K
}
Event: 3.450 GC heap before
{Heap before GC invocations=4 (full 0):
 garbage-first heap   total 71680K, used 52517K [0x0000000080000000, 0x0000000100000000)
  region size 1024K, 42 young (43008K), 9 survivors (9216K)
 Metaspace       used 26358K, committed 26624K, reserved 1073152K
  class space    used 3467K, committed 3584K, reserved 1048576K
}
Event: 3.454 GC heap after
{Heap after GC invocations=5 (full 0):
 garbage-first heap   total 71680K, used 20476K [0x0000000080000000, 0x0000000100000000)
  region size 1024K, 3 young (3072K), 3 survivors (3072K)
 Metaspace       used 26358K, committed 26624K, reserved 1073152K
  class space    used 3467K, committed 3584K, reserved 1048576K
}

Dll operation events (2 events):
Event: 0.007 Loaded shared library E:\Android Studio\jbr\bin\java.dll
Event: 0.418 Loaded shared library E:\Android Studio\jbr\bin\verify.dll

Deoptimization events (20 events):
Event: 2.571 Thread 0x00000213939af330 DEOPT PACKING pc=0x0000021387aeb894 sp=0x000000b5577fd060
Event: 2.571 Thread 0x00000213939af330 DEOPT UNPACKING pc=0x000002138758a1a3 sp=0x000000b5577fd018 mode 2
Event: 2.572 Thread 0x00000213939af330 Uncommon trap: trap_request=0xffffff45 fr.pc=0x0000021387b51278 relative=0x0000000000000558
Event: 2.572 Thread 0x00000213939af330 Uncommon trap: reason=unstable_if action=reinterpret pc=0x0000021387b51278 method=java.io.File.getName()Ljava/lang/String; @ 16 c2
Event: 2.572 Thread 0x00000213939af330 DEOPT PACKING pc=0x0000021387b51278 sp=0x000000b5577fd010
Event: 2.572 Thread 0x00000213939af330 DEOPT UNPACKING pc=0x000002138758a1a3 sp=0x000000b5577fcfe0 mode 2
Event: 2.798 Thread 0x00000213939af330 Uncommon trap: trap_request=0xffffff45 fr.pc=0x0000021387badac0 relative=0x00000000000000a0
Event: 2.798 Thread 0x00000213939af330 Uncommon trap: reason=unstable_if action=reinterpret pc=0x0000021387badac0 method=jdk.internal.misc.Unsafe.convEndian(ZI)I @ 4 c2
Event: 2.798 Thread 0x00000213939af330 DEOPT PACKING pc=0x0000021387badac0 sp=0x000000b5577fadd0
Event: 2.798 Thread 0x00000213939af330 DEOPT UNPACKING pc=0x000002138758a1a3 sp=0x000000b5577fac80 mode 2
Event: 2.824 Thread 0x00000213939af330 Uncommon trap: trap_request=0xffffff45 fr.pc=0x0000021387ba69b8 relative=0x0000000000000198
Event: 2.824 Thread 0x00000213939af330 Uncommon trap: reason=unstable_if action=reinterpret pc=0x0000021387ba69b8 method=java.util.WeakHashMap.expungeStaleEntries()V @ 9 c2
Event: 2.824 Thread 0x00000213939af330 DEOPT PACKING pc=0x0000021387ba69b8 sp=0x000000b5577fa7d0
Event: 2.824 Thread 0x00000213939af330 DEOPT UNPACKING pc=0x000002138758a1a3 sp=0x000000b5577fa768 mode 2
Event: 3.309 Thread 0x00000213939af330 Uncommon trap: trap_request=0xffffff45 fr.pc=0x0000021387bfa798 relative=0x00000000000002d8
Event: 3.309 Thread 0x00000213939af330 Uncommon trap: reason=unstable_if action=reinterpret pc=0x0000021387bfa798 method=java.util.HashMap.getNode(Ljava/lang/Object;)Ljava/util/HashMap$Node; @ 131 c2
Event: 3.309 Thread 0x00000213939af330 DEOPT PACKING pc=0x0000021387bfa798 sp=0x000000b5577fb0c0
Event: 3.309 Thread 0x00000213939af330 DEOPT UNPACKING pc=0x000002138758a1a3 sp=0x000000b5577fafe0 mode 2
Event: 3.441 Thread 0x00000213939af330 DEOPT PACKING pc=0x000002138037fdfe sp=0x000000b5577f8530
Event: 3.441 Thread 0x00000213939af330 DEOPT UNPACKING pc=0x000002138758ace3 sp=0x000000b5577f79a0 mode 0

Classes unloaded (0 events):
No events

Classes redefined (0 events):
No events

Internal exceptions (20 events):
Event: 2.369 Thread 0x00000213939af330 Exception <a 'java/lang/NoSuchMethodError'{0x000000008d412230}: 'void java.lang.invoke.DirectMethodHandle$Holder.invokeSpecial(java.lang.Object, java.lang.Object, java.lang.Object, java.lang.Object, java.lang.Object)'> (0x000000008d412230) 
thrown [s\src\hotspot\share\interpreter\linkResolver.cpp, line 771]
Event: 2.410 Thread 0x00000213939af330 Exception <a 'java/lang/NoSuchMethodError'{0x000000008d29c2f0}: 'void java.lang.invoke.DelegatingMethodHandle$Holder.reinvoke_L(java.lang.Object, java.lang.Object, java.lang.Object, java.lang.Object, java.lang.Object, java.lang.Object, java.lang.Object, java.lang.Object, java.lang.Object, java.lang.Object, java.lang.Object)'> (0x000000008d29c2f0) 
thrown [s\src\hotspot\share\interpreter\linkResolver.cpp, line 771]
Event: 2.411 Thread 0x00000213939af330 Exception <a 'java/lang/NoSuchMethodError'{0x000000008d2a4df0}: 'java.lang.Object java.lang.invoke.DirectMethodHandle$Holder.invokeSpecial(java.lang.Object, java.lang.Object, java.lang.Object, java.lang.Object, java.lang.Object, java.lang.Object, java.lang.Object, java.lang.Object, java.lang.Object, java.lang.Object, java.lang.Object)'> (0x000000008d2a4df0) 
thrown [s\src\hotspot\share\interpreter\linkResolver.cpp, line 771]
Event: 2.411 Thread 0x00000213939af330 Exception <a 'java/lang/NoSuchMethodError'{0x000000008d2a98b8}: 'java.lang.Object java.lang.invoke.Invokers$Holder.invoker(java.lang.Object, java.lang.Object, java.lang.Object, java.lang.Object, java.lang.Object, java.lang.Object, java.lang.Object, java.lang.Object, java.lang.Object, java.lang.Object, java.lang.Object)'> (0x000000008d2a98b8) 
thrown [s\src\hotspot\share\interpreter\linkResolver.cpp, line 771]
Event: 2.411 Thread 0x00000213939af330 Exception <a 'java/lang/NoSuchMethodError'{0x000000008d2af6b0}: 'java.lang.Object java.lang.invoke.DirectMethodHandle$Holder.invokeSpecial(java.lang.Object, java.lang.Object, java.lang.Object, java.lang.Object, java.lang.Object, java.lang.Object, java.lang.Object, java.lang.Object, java.lang.Object, java.lang.Object, java.lang.Object, java.lang.Object)'> (0x000000008d2af6b0) 
thrown [s\src\hotspot\share\interpreter\linkResolver.cpp, line 771]
Event: 2.438 Thread 0x00000213939af330 Exception <a 'java/lang/NoSuchMethodError'{0x000000008fba8b38}: 'java.lang.Object java.lang.invoke.DirectMethodHandle$Holder.invokeSpecial(java.lang.Object, java.lang.Object, java.lang.Object, java.lang.Object, java.lang.Object, java.lang.Object, java.lang.Object, java.lang.Object, java.lang.Object)'> (0x000000008fba8b38) 
thrown [s\src\hotspot\share\interpreter\linkResolver.cpp, line 771]
Event: 2.493 Thread 0x00000213939af330 Exception <a 'java/lang/NoSuchMethodError'{0x000000008383f3d8}: 'void java.lang.invoke.DirectMethodHandle$Holder.invokeStaticInit(java.lang.Object)'> (0x000000008383f3d8) 
thrown [s\src\hotspot\share\interpreter\linkResolver.cpp, line 771]
Event: 2.504 Thread 0x00000213939af330 Exception <a 'java/lang/NoSuchMethodError'{0x00000000838d2970}: 'java.lang.Object java.lang.invoke.DirectMethodHandle$Holder.newInvokeSpecial(java.lang.Object, java.lang.Object, java.lang.Object, int)'> (0x00000000838d2970) 
thrown [s\src\hotspot\share\interpreter\linkResolver.cpp, line 771]
Event: 2.505 Thread 0x00000213939af330 Exception <a 'java/lang/NoSuchMethodError'{0x00000000838d72a0}: 'java.lang.Object java.lang.invoke.DirectMethodHandle$Holder.invokeSpecial(java.lang.Object, java.lang.Object, java.lang.Object, java.lang.Object, int)'> (0x00000000838d72a0) 
thrown [s\src\hotspot\share\interpreter\linkResolver.cpp, line 771]
Event: 2.505 Thread 0x00000213939af330 Exception <a 'java/lang/NoSuchMethodError'{0x00000000838db3b8}: 'java.lang.Object java.lang.invoke.Invokers$Holder.linkToTargetMethod(java.lang.Object, java.lang.Object, int, java.lang.Object)'> (0x00000000838db3b8) 
thrown [s\src\hotspot\share\interpreter\linkResolver.cpp, line 771]
Event: 2.880 Thread 0x00000213939af330 Exception <a 'java/lang/NoSuchMethodError'{0x0000000082b03030}: 'int java.lang.invoke.DirectMethodHandle$Holder.invokeSpecialIFC(java.lang.Object, java.lang.Object, java.lang.Object, java.lang.Object)'> (0x0000000082b03030) 
thrown [s\src\hotspot\share\interpreter\linkResolver.cpp, line 771]
Event: 2.882 Thread 0x00000213939af330 Exception <a 'java/lang/NoSuchMethodError'{0x0000000082b12088}: 'java.lang.Object java.lang.invoke.DirectMethodHandle$Holder.invokeInterface(java.lang.Object, java.lang.Object, java.lang.Object)'> (0x0000000082b12088) 
thrown [s\src\hotspot\share\interpreter\linkResolver.cpp, line 771]
Event: 2.882 Thread 0x00000213939af330 Exception <a 'java/lang/IncompatibleClassChangeError'{0x0000000082b15ca0}: Found class java.lang.Object, but interface was expected> (0x0000000082b15ca0) 
thrown [s\src\hotspot\share\interpreter\linkResolver.cpp, line 838]
Event: 2.901 Thread 0x00000213939af330 Exception <a 'java/lang/NoSuchMethodError'{0x0000000082bed820}: 'int java.lang.invoke.DirectMethodHandle$Holder.invokeStatic(java.lang.Object, java.lang.Object, java.lang.Object, java.lang.Object)'> (0x0000000082bed820) 
thrown [s\src\hotspot\share\interpreter\linkResolver.cpp, line 771]
Event: 2.901 Thread 0x00000213939af330 Exception <a 'java/lang/NoSuchMethodError'{0x0000000082bf1448}: 'java.lang.Object java.lang.invoke.Invokers$Holder.invokeExact_MT(java.lang.Object, java.lang.Object, java.lang.Object, java.lang.Object, java.lang.Object, java.lang.Object)'> (0x0000000082bf1448) 
thrown [s\src\hotspot\share\interpreter\linkResolver.cpp, line 771]
Event: 3.195 Thread 0x00000213939af330 Exception <a 'java/lang/NoSuchMethodError'{0x000000008221d598}: 'void java.lang.invoke.DirectMethodHandle$Holder.invokeStatic(java.lang.Object, java.lang.Object)'> (0x000000008221d598) 
thrown [s\src\hotspot\share\interpreter\linkResolver.cpp, line 771]
Event: 3.215 Thread 0x00000213939af330 Exception <a 'java/lang/NoSuchMethodError'{0x000000008227d4a0}: 'java.lang.Object java.lang.invoke.DirectMethodHandle$Holder.invokeVirtual(java.lang.Object, java.lang.Object, java.lang.Object, java.lang.Object)'> (0x000000008227d4a0) 
thrown [s\src\hotspot\share\interpreter\linkResolver.cpp, line 771]
Event: 3.318 Thread 0x00000213939af330 Exception <a 'java/lang/NoSuchMethodError'{0x000000008201d4c0}: 'java.lang.Object java.lang.invoke.DirectMethodHandle$Holder.newInvokeSpecial(java.lang.Object, java.lang.Object, java.lang.Object, java.lang.Object, java.lang.Object, java.lang.Object, java.lang.Object)'> (0x000000008201d4c0) 
thrown [s\src\hotspot\share\interpreter\linkResolver.cpp, line 771]
Event: 3.319 Thread 0x00000213939af330 Exception <a 'java/lang/NoSuchMethodError'{0x0000000082022190}: 'java.lang.Object java.lang.invoke.Invokers$Holder.linkToTargetMethod(java.lang.Object, java.lang.Object, java.lang.Object, java.lang.Object, java.lang.Object, java.lang.Object, java.lang.Object)'> (0x0000000082022190) 
thrown [s\src\hotspot\share\interpreter\linkResolver.cpp, line 771]
Event: 3.359 Thread 0x00000213939af330 Exception <a 'java/lang/NoSuchMethodError'{0x0000000081f73c28}: 'java.lang.Object java.lang.invoke.DirectMethodHandle$Holder.invokeVirtual(java.lang.Object, java.lang.Object, java.lang.Object, java.lang.Object, java.lang.Object, java.lang.Object, java.lang.Object, java.lang.Object, java.lang.Object, java.lang.Object, java.lang.Object, java.lang.Object, java.lang.Object, java.lang.Object, java.lang.Object, java.lang.Object, java.lang.Object, java.lang.Object, java.lang.Object, java.lang.Object, java.lang.Ob

VM Operations (20 events):
Event: 1.796 Executing VM operation: HandshakeAllThreads
Event: 1.797 Executing VM operation: HandshakeAllThreads done
Event: 1.866 Executing VM operation: HandshakeAllThreads
Event: 1.866 Executing VM operation: HandshakeAllThreads done
Event: 2.031 Executing VM operation: HandshakeAllThreads
Event: 2.031 Executing VM operation: HandshakeAllThreads done
Event: 2.094 Executing VM operation: HandshakeAllThreads
Event: 2.094 Executing VM operation: HandshakeAllThreads done
Event: 2.421 Executing VM operation: CollectForMetadataAllocation
Event: 2.428 Executing VM operation: CollectForMetadataAllocation done
Event: 2.432 Executing VM operation: G1Concurrent
Event: 2.434 Executing VM operation: G1Concurrent done
Event: 2.435 Executing VM operation: G1Concurrent
Event: 2.435 Executing VM operation: G1Concurrent done
Event: 2.606 Executing VM operation: HandshakeAllThreads
Event: 2.606 Executing VM operation: HandshakeAllThreads done
Event: 2.606 Executing VM operation: HandshakeAllThreads
Event: 2.606 Executing VM operation: HandshakeAllThreads done
Event: 3.450 Executing VM operation: G1CollectForAllocation
Event: 3.454 Executing VM operation: G1CollectForAllocation done

Events (20 events):
Event: 2.889 loading class java/io/ObjectOutputStream
Event: 2.890 loading class java/io/ObjectOutput
Event: 2.890 loading class java/io/ObjectOutput done
Event: 2.890 loading class java/io/ObjectStreamConstants
Event: 2.890 loading class java/io/ObjectStreamConstants done
Event: 2.890 loading class java/io/ObjectOutputStream done
Event: 2.891 loading class java/io/ObjectInputStream
Event: 2.891 loading class java/io/ObjectInput
Event: 2.891 loading class java/io/ObjectInput done
Event: 2.891 loading class java/io/ObjectInputStream done
Event: 3.150 loading class javax/xml/parsers/ParserConfigurationException
Event: 3.150 loading class javax/xml/parsers/ParserConfigurationException done
Event: 3.151 loading class org/xml/sax/SAXException
Event: 3.151 loading class org/xml/sax/SAXException done
Event: 3.151 loading class javax/xml/xpath/XPathExpressionException
Event: 3.151 loading class javax/xml/xpath/XPathException
Event: 3.151 loading class javax/xml/xpath/XPathException done
Event: 3.151 loading class javax/xml/xpath/XPathExpressionException done
Event: 3.151 loading class org/xml/sax/ErrorHandler
Event: 3.151 loading class org/xml/sax/ErrorHandler done


Dynamic libraries:
0x00007ff619180000 - 0x00007ff61918a000 	E:\Android Studio\jbr\bin\java.exe
0x00007fff96210000 - 0x00007fff96424000 	C:\WINDOWS\SYSTEM32\ntdll.dll
0x00007fff958e0000 - 0x00007fff959a4000 	C:\WINDOWS\System32\KERNEL32.DLL
0x00007fff93800000 - 0x00007fff93ba4000 	C:\WINDOWS\System32\KERNELBASE.dll
0x00007fff93bb0000 - 0x00007fff93cc1000 	C:\WINDOWS\System32\ucrtbase.dll
0x00007fff62f40000 - 0x00007fff62f57000 	E:\Android Studio\jbr\bin\jli.dll
0x00007fff15cf0000 - 0x00007fff15d0b000 	E:\Android Studio\jbr\bin\VCRUNTIME140.dll
0x00007fff95cc0000 - 0x00007fff95e6a000 	C:\WINDOWS\System32\USER32.dll
0x00007fff93cd0000 - 0x00007fff93cf6000 	C:\WINDOWS\System32\win32u.dll
0x00007fff95ff0000 - 0x00007fff96019000 	C:\WINDOWS\System32\GDI32.dll
0x00007fff7a060000 - 0x00007fff7a2ef000 	C:\WINDOWS\WinSxS\amd64_microsoft.windows.common-controls_6595b64144ccf1df_6.0.22621.2070_none_2713e6537381f706\COMCTL32.dll
0x00007fff935f0000 - 0x00007fff93709000 	C:\WINDOWS\System32\gdi32full.dll
0x00007fff96100000 - 0x00007fff961a7000 	C:\WINDOWS\System32\msvcrt.dll
0x00007fff93dc0000 - 0x00007fff93e5a000 	C:\WINDOWS\System32\msvcp_win.dll
0x00007fff957f0000 - 0x00007fff95821000 	C:\WINDOWS\System32\IMM32.DLL
0x00007fff4f160000 - 0x00007fff4f16c000 	E:\Android Studio\jbr\bin\vcruntime140_1.dll
0x00007fff015c0000 - 0x00007fff0164d000 	E:\Android Studio\jbr\bin\msvcp140.dll
0x00007fff4d300000 - 0x00007fff4df6e000 	E:\Android Studio\jbr\bin\server\jvm.dll
0x00007fff95c00000 - 0x00007fff95cb0000 	C:\WINDOWS\System32\ADVAPI32.dll
0x00007fff95830000 - 0x00007fff958d6000 	C:\WINDOWS\System32\sechost.dll
0x00007fff95ae0000 - 0x00007fff95bf7000 	C:\WINDOWS\System32\RPCRT4.dll
0x00007fff85780000 - 0x00007fff85789000 	C:\WINDOWS\SYSTEM32\WSOCK32.dll
0x00007fff94270000 - 0x00007fff942e1000 	C:\WINDOWS\System32\WS2_32.dll
0x00007fff892d0000 - 0x00007fff89304000 	C:\WINDOWS\SYSTEM32\WINMM.dll
0x00007fff890b0000 - 0x00007fff890ba000 	C:\WINDOWS\SYSTEM32\VERSION.dll
0x00007fff925a0000 - 0x00007fff925b8000 	C:\WINDOWS\SYSTEM32\kernel.appcore.dll
0x00007fff7e450000 - 0x00007fff7e45a000 	E:\Android Studio\jbr\bin\jimage.dll
0x00007fff91130000 - 0x00007fff9135e000 	C:\WINDOWS\SYSTEM32\DBGHELP.DLL
0x00007fff942f0000 - 0x00007fff9467a000 	C:\WINDOWS\System32\combase.dll
0x00007fff94190000 - 0x00007fff94267000 	C:\WINDOWS\System32\OLEAUT32.dll
0x00007fff7f7b0000 - 0x00007fff7f7e2000 	C:\WINDOWS\SYSTEM32\dbgcore.DLL
0x00007fff93780000 - 0x00007fff937fa000 	C:\WINDOWS\System32\bcryptPrimitives.dll
0x00007fff6ee00000 - 0x00007fff6ee25000 	E:\Android Studio\jbr\bin\java.dll
0x00007fff6d840000 - 0x00007fff6d858000 	E:\Android Studio\jbr\bin\zip.dll
0x00007fff94680000 - 0x00007fff94e96000 	C:\WINDOWS\System32\SHELL32.dll
0x00007fff915c0000 - 0x00007fff91eaa000 	C:\WINDOWS\SYSTEM32\windows.storage.dll
0x00007fff91480000 - 0x00007fff915be000 	C:\WINDOWS\SYSTEM32\wintypes.dll
0x00007fff95690000 - 0x00007fff95783000 	C:\WINDOWS\System32\SHCORE.dll
0x00007fff951a0000 - 0x00007fff951fe000 	C:\WINDOWS\System32\shlwapi.dll
0x00007fff93520000 - 0x00007fff93546000 	C:\WINDOWS\SYSTEM32\profapi.dll
0x00007fff68e60000 - 0x00007fff68e79000 	E:\Android Studio\jbr\bin\net.dll
0x00007fff8d7a0000 - 0x00007fff8d8d7000 	C:\WINDOWS\SYSTEM32\WINHTTP.dll
0x00007fff92ab0000 - 0x00007fff92b19000 	C:\WINDOWS\system32\mswsock.dll
0x00007fff68e00000 - 0x00007fff68e16000 	E:\Android Studio\jbr\bin\nio.dll
0x00007fff7b5c0000 - 0x00007fff7b5d0000 	E:\Android Studio\jbr\bin\verify.dll
0x00007fff7e000000 - 0x00007fff7e027000 	C:\Users\86135\.gradle\native\68d5fa5c4cc2d200863cafc0d521ce42e7d3e7ee720ec0a83991735586a16f82\windows-amd64\native-platform.dll
0x00007fff01470000 - 0x00007fff015b4000 	C:\Users\86135\.gradle\native\e376f236ea51e6404a007f0833ffe2c6e607c4080706a723a18a27aeea778392\windows-amd64\native-platform-file-events.dll
0x00007fff79620000 - 0x00007fff79629000 	E:\Android Studio\jbr\bin\management.dll
0x00007fff793e0000 - 0x00007fff793eb000 	E:\Android Studio\jbr\bin\management_ext.dll
0x00007fff96020000 - 0x00007fff96028000 	C:\WINDOWS\System32\PSAPI.DLL
0x00007fff92d10000 - 0x00007fff92d2b000 	C:\WINDOWS\SYSTEM32\CRYPTSP.dll
0x00007fff925c0000 - 0x00007fff925f5000 	C:\WINDOWS\system32\rsaenh.dll
0x00007fff92ba0000 - 0x00007fff92bcc000 	C:\WINDOWS\SYSTEM32\USERENV.dll
0x00007fff92f30000 - 0x00007fff92f58000 	C:\WINDOWS\SYSTEM32\bcrypt.dll
0x00007fff92d00000 - 0x00007fff92d0c000 	C:\WINDOWS\SYSTEM32\CRYPTBASE.dll
0x00007fff92110000 - 0x00007fff9213d000 	C:\WINDOWS\SYSTEM32\IPHLPAPI.DLL
0x00007fff95cb0000 - 0x00007fff95cb9000 	C:\WINDOWS\System32\NSI.dll
0x00007fff8c2e0000 - 0x00007fff8c2f9000 	C:\WINDOWS\SYSTEM32\dhcpcsvc6.DLL
0x00007fff8c2c0000 - 0x00007fff8c2df000 	C:\WINDOWS\SYSTEM32\dhcpcsvc.DLL
0x00007fff92180000 - 0x00007fff92273000 	C:\WINDOWS\SYSTEM32\DNSAPI.dll
0x00007fff894d0000 - 0x00007fff894d8000 	C:\WINDOWS\system32\wshunix.dll

dbghelp: loaded successfully - version: 4.0.5 - missing functions: none
symbol engine: initialized successfully - sym options: 0x614 - pdb path: .;E:\Android Studio\jbr\bin;C:\WINDOWS\SYSTEM32;C:\WINDOWS\WinSxS\amd64_microsoft.windows.common-controls_6595b64144ccf1df_6.0.22621.2070_none_2713e6537381f706;E:\Android Studio\jbr\bin\server;C:\Users\86135\.gradle\native\68d5fa5c4cc2d200863cafc0d521ce42e7d3e7ee720ec0a83991735586a16f82\windows-amd64;C:\Users\86135\.gradle\native\e376f236ea51e6404a007f0833ffe2c6e607c4080706a723a18a27aeea778392\windows-amd64

VM Arguments:
jvm_args: --add-opens=java.base/java.util=ALL-UNNAMED --add-opens=java.base/java.lang=ALL-UNNAMED --add-opens=java.base/java.lang.invoke=ALL-UNNAMED --add-opens=java.prefs/java.util.prefs=ALL-UNNAMED --add-opens=java.base/java.nio.charset=ALL-UNNAMED --add-opens=java.base/java.net=ALL-UNNAMED --add-opens=java.base/java.util.concurrent.atomic=ALL-UNNAMED -Xmx2048m -Dfile.encoding=UTF-8 -Duser.country=CN -Duser.language=zh -Duser.variant 
java_command: org.gradle.launcher.daemon.bootstrap.GradleDaemon 8.0
java_class_path (initial): C:\Users\86135\.gradle\wrapper\dists\gradle-8.0-bin\ca5e32bp14vu59qr306oxotwh\gradle-8.0\lib\gradle-launcher-8.0.jar
Launcher Type: SUN_STANDARD

[Global flags]
     intx CICompilerCount                          = 4                                         {product} {ergonomic}
     uint ConcGCThreads                            = 2                                         {product} {ergonomic}
     uint G1ConcRefinementThreads                  = 8                                         {product} {ergonomic}
   size_t G1HeapRegionSize                         = 1048576                                   {product} {ergonomic}
    uintx GCDrainStackTargetSize                   = 64                                        {product} {ergonomic}
   size_t InitialHeapSize                          = 264241152                                 {product} {ergonomic}
   size_t MarkStackSize                            = 4194304                                   {product} {ergonomic}
   size_t MaxHeapSize                              = 2147483648                                {product} {command line}
   size_t MaxNewSize                               = 1287651328                                {product} {ergonomic}
   size_t MinHeapDeltaBytes                        = 1048576                                   {product} {ergonomic}
   size_t MinHeapSize                              = 8388608                                   {product} {ergonomic}
    uintx NonNMethodCodeHeapSize                   = 5839372                                {pd product} {ergonomic}
    uintx NonProfiledCodeHeapSize                  = 122909434                              {pd product} {ergonomic}
    uintx ProfiledCodeHeapSize                     = 122909434                              {pd product} {ergonomic}
    uintx ReservedCodeCacheSize                    = 251658240                              {pd product} {ergonomic}
     bool SegmentedCodeCache                       = true                                      {product} {ergonomic}
   size_t SoftMaxHeapSize                          = 2147483648                             {manageable} {ergonomic}
     bool UseCompressedClassPointers               = true                           {product lp64_product} {ergonomic}
     bool UseCompressedOops                        = true                           {product lp64_product} {ergonomic}
     bool UseG1GC                                  = true                                      {product} {ergonomic}
     bool UseLargePagesIndividualAllocation        = false                                  {pd product} {ergonomic}

Logging:
Log output configuration:
 #0: stdout all=warning uptime,level,tags
 #1: stderr all=off uptime,level,tags

Environment Variables:
JAVA_HOME=C:\Download\jdk-20_windows-x64_bin\jdk-20.0.2
CLASSPATH=.;%JAVAHOME%\lib;%JAVAHOME%\lib\tools.jar
PATH=C:\Program Files (x86)\Common Files\Intel\Shared Libraries\redist\intel64\compiler;C:\Program Files\PlasticSCM5\server;C:\Program Files\PlasticSCM5\client;C:\WINDOWS\system32;C:\WINDOWS;C:\WINDOWS\System32\Wbem;C:\WINDOWS\System32\WindowsPowerShell\v1.0\;C:\WINDOWS\System32\OpenSSH\;C:\Program Files\dotnet\;C:\Program Files\Common Files\Autodesk Shared\;C:\Program Files (x86)\Autodesk\Backburner\;C:\Program Files\MySQL\MySQL Server 5.7\bin;C:\Download\jdk-20_windows-x64_bin\jdk-20.0.2\bin;C:\Download\jdk-20_windows-x64_bin\jdk-20.0.2\jre\bin;C:\Program Files\PlasticSCM5\server;C:\Program Files\PlasticSCM5\client;C:\Windows\system32;C:\Windows;C:\Windows\System32\Wbem;C:\Windows\System32\WindowsPowerShell\v1.0\;C:\Windows\System32\OpenSSH\;C:\Program Files\dotnet\;C:\Program Files\Git\cmd;C:\Users\86135\AppData\Local\Microsoft\WindowsApps;C:\Users\86135\AppData\Local\Yarn\bin;C:\Users\86135\AppData\Local\Microsoft\WindowsApps;C:\Users\86135\.dotnet\tools
USERNAME=86135
OS=Windows_NT
PROCESSOR_IDENTIFIER=Intel64 Family 6 Model 140 Stepping 1, GenuineIntel
TMP=C:\Users\86135\AppData\Local\Temp
TEMP=C:\Users\86135\AppData\Local\Temp


JNI global refs:
JNI global refs: 23, weak refs: 0

JNI global refs memory usage: 843, weak refs: 209


---------------  S Y S T E M  ---------------

OS:
 Windows 11 , 64 bit Build 22621 (10.0.22621.2070)
OS uptime: 0 days 23:58 hours

CPU: total 8 (initial active 8) (4 cores per cpu, 2 threads per core) family 6 model 140 stepping 1 microcode 0xac, cx8, cmov, fxsr, ht, mmx, 3dnowpref, sse, sse2, sse3, ssse3, sse4.1, sse4.2, popcnt, lzcnt, tsc, tscinvbit, avx, avx2, aes, erms, clmul, bmi1, bmi2, adx, avx512f, avx512dq, avx512cd, avx512bw, avx512vl, sha, fma, vzeroupper, avx512_vpopcntdq, avx512_vpclmulqdq, avx512_vaes, avx512_vnni, clflush, clflushopt, clwb, avx512_vbmi2, avx512_vbmi

Memory: 4k page, system-wide physical 16106M (384M free)
TotalPageFile size 16106M (AvailPageFile size 0M)
current process WorkingSet (physical memory assigned to process): 181M, peak: 181M
current process commit charge ("private bytes"): 229M, peak: 393M

vm_info: OpenJDK 64-Bit Server VM (17.0.6+0-b2043.56-10027231) for windows-amd64 JRE (17.0.6+0-b2043.56-10027231), built on Apr 28 2023 00:43:19 by "androidbuild" with MS VC++ 16.10 / 16.11 (VS2019)

END.
