#
# There is insufficient memory for the Java Runtime Environment to continue.
# Native memory allocation (malloc) failed to allocate 275136 bytes for Chunk::new
# Possible reasons:
#   The system is out of physical RAM or swap space
#   The process is running with CompressedOops enabled, and the Java Heap may be blocking the growth of the native heap
# Possible solutions:
#   Reduce memory load on the system
#   Increase physical memory or swap space
#   Check if swap backing store is full
#   Decrease Java heap size (-Xmx/-Xms)
#   Decrease number of Java threads
#   Decrease Java thread stack sizes (-Xss)
#   Set larger code cache with -XX:ReservedCodeCacheSize=
#   JVM is running with Unscaled Compressed Oops mode in which the Java heap is
#     placed in the first 4GB address space. The Java Heap base address is the
#     maximum limit for the native heap growth. Please use -XX:HeapBaseMinAddress
#     to set the Java Heap base and to place the Java Heap above 4GB virtual address.
# This output file may be truncated or incomplete.
#
#  Out of Memory Error (arena.cpp:189), pid=17288, tid=15804
#
# JRE version: OpenJDK Runtime Environment (17.0.6) (build 17.0.6+0-b2043.56-10027231)
# Java VM: OpenJDK 64-Bit Server VM (17.0.6+0-b2043.56-10027231, mixed mode, tiered, compressed oops, compressed class ptrs, g1 gc, windows-amd64)
# No core dump will be written. Minidumps are not enabled by default on client versions of Windows
#

---------------  S U M M A R Y ------------

Command Line: --add-opens=java.base/java.util=ALL-UNNAMED --add-opens=java.base/java.lang=ALL-UNNAMED --add-opens=java.base/java.lang.invoke=ALL-UNNAMED --add-opens=java.prefs/java.util.prefs=ALL-UNNAMED --add-opens=java.base/java.nio.charset=ALL-UNNAMED --add-opens=java.base/java.net=ALL-UNNAMED --add-opens=java.base/java.util.concurrent.atomic=ALL-UNNAMED -Xmx2048m -Dfile.encoding=UTF-8 -Duser.country=CN -Duser.language=zh -Duser.variant org.gradle.launcher.daemon.bootstrap.GradleDaemon 8.0

Host: 11th Gen Intel(R) Core(TM) i5-1135G7 @ 2.40GHz, 8 cores, 15G,  Windows 11 , 64 bit Build 22621 (10.0.22621.2070)
Time: Sun Aug 20 19:20:03 2023  Windows 11 , 64 bit Build 22621 (10.0.22621.2070) elapsed time: 7.622556 seconds (0d 0h 0m 7s)

---------------  T H R E A D  ---------------

Current thread (0x00000256200721d0):  JavaThread "C2 CompilerThread0" daemon [_thread_in_native, id=15804, stack(0x000000baf8e00000,0x000000baf8f00000)]


Current CompileTask:
C2:   7622 8914       4       java.lang.reflect.Method::getGenericParameterTypes (5 bytes)

Stack: [0x000000baf8e00000,0x000000baf8f00000]
Native frames: (J=compiled Java code, j=interpreted, Vv=VM code, C=native code)
V  [jvm.dll+0x683c9a]
V  [jvm.dll+0x8427a4]
V  [jvm.dll+0x843f9e]
V  [jvm.dll+0x844603]
V  [jvm.dll+0x249b75]
V  [jvm.dll+0xabcac]
V  [jvm.dll+0xac27c]
V  [jvm.dll+0x2b0eef]
V  [jvm.dll+0x58a267]
V  [jvm.dll+0x2243b2]
V  [jvm.dll+0x21dd02]
V  [jvm.dll+0x21b51b]
V  [jvm.dll+0x1a4fdd]
V  [jvm.dll+0x22b098]
V  [jvm.dll+0x229159]
V  [jvm.dll+0x7f81ec]
V  [jvm.dll+0x7f274a]
V  [jvm.dll+0x682ad5]
C  [ucrtbase.dll+0x29363]
C  [KERNEL32.DLL+0x126ad]
C  [ntdll.dll+0x5aa68]


---------------  P R O C E S S  ---------------

Threads class SMR info:
_java_thread_list=0x0000025629a15c00, length=128, elements={
0x00000256057ea900, 0x0000025620037160, 0x0000025620037d10, 0x0000025620043fd0,
0x0000025620096ff0, 0x00000256200979b0, 0x0000025620098360, 0x00000256200721d0,
0x00000256200747e0, 0x0000025620074de0, 0x0000025620235170, 0x0000025620228ed0,
0x0000025620314fc0, 0x000002562068f5e0, 0x00000256231596a0, 0x0000025623433fd0,
0x00000256218b50b0, 0x000002562249a030, 0x0000025621908640, 0x0000025622c6ecd0,
0x00000256217907c0, 0x0000025621b62a00, 0x0000025621b65080, 0x0000025621b62530,
0x0000025621b646e0, 0x0000025621b62ed0, 0x0000025621b633a0, 0x0000025621b62060,
0x0000025621b65a20, 0x0000025621b64210, 0x0000025621b63870, 0x0000025621b63d40,
0x0000025621b65550, 0x0000025625406c30, 0x0000025625405420, 0x00000256254075d0,
0x0000025625407aa0, 0x0000025625404f50, 0x0000025625404a80, 0x00000256254045b0,
0x0000025626368d40, 0x00000256263683a0, 0x0000025626364eb0, 0x0000025626365d20,
0x0000025626367530, 0x000002562636a550, 0x00000256263661f0, 0x000002562636a080,
0x000002562636b3c0, 0x00000256263649e0, 0x0000025626365380, 0x0000025626367a00,
0x0000025626369bb0, 0x0000025626367060, 0x0000025626368870, 0x0000025626365850,
0x000002562636aa20, 0x0000025626367ed0, 0x0000025626366b90, 0x0000025626369210,
0x00000256263666c0, 0x00000256263696e0, 0x000002562636bd60, 0x000002562636aef0,
0x000002562636b890, 0x000002562636c230, 0x0000025623611700, 0x00000256236168d0,
0x00000256236138b0, 0x00000256236133e0, 0x0000025623614720, 0x0000025623610890,
0x0000025623616da0, 0x0000025623612f10, 0x00000256236150c0, 0x0000025623614bf0,
0x0000025623617270, 0x0000025623613d80, 0x0000025623615f30, 0x0000025623611230,
0x0000025623611bd0, 0x00000256236120a0, 0x0000025623616400, 0x0000025623612570,
0x0000025623615590, 0x0000025623617740, 0x0000025623615a60, 0x0000025623617c10,
0x00000256236180e0, 0x0000025623610d60, 0x0000025623612a40, 0x0000025623614250,
0x0000025627081d90, 0x0000025627085750, 0x0000025627082730, 0x0000025627084410,
0x00000256270835a0, 0x0000025627083f40, 0x00000256270848e0, 0x0000025627084db0,
0x0000025627083a70, 0x00000256270830d0, 0x0000025627085280, 0x0000025627082260,
0x0000025627082c00, 0x0000025627748720, 0x0000025627742bb0, 0x0000025627746570,
0x0000025627741870, 0x0000025627746f10, 0x00000256277473e0, 0x0000025627741d40,
0x00000256277490c0, 0x0000025627743080, 0x00000256277478b0, 0x00000256277460a0,
0x0000025627742210, 0x0000025627746a40, 0x0000025627744890, 0x0000025627748bf0,
0x0000025627747d80, 0x00000256277426e0, 0x0000025627744d60, 0x0000025627743550,
0x0000025627748250, 0x0000025627743a20, 0x00000256277443c0, 0x0000025627745230
}

Java Threads: ( => current thread )
  0x00000256057ea900 JavaThread "main" [_thread_blocked, id=5028, stack(0x000000baf8100000,0x000000baf8200000)]
  0x0000025620037160 JavaThread "Reference Handler" daemon [_thread_blocked, id=4164, stack(0x000000baf8800000,0x000000baf8900000)]
  0x0000025620037d10 JavaThread "Finalizer" daemon [_thread_blocked, id=15072, stack(0x000000baf8900000,0x000000baf8a00000)]
  0x0000025620043fd0 JavaThread "Signal Dispatcher" daemon [_thread_blocked, id=2508, stack(0x000000baf8a00000,0x000000baf8b00000)]
  0x0000025620096ff0 JavaThread "Attach Listener" daemon [_thread_blocked, id=4620, stack(0x000000baf8b00000,0x000000baf8c00000)]
  0x00000256200979b0 JavaThread "Service Thread" daemon [_thread_blocked, id=11944, stack(0x000000baf8c00000,0x000000baf8d00000)]
  0x0000025620098360 JavaThread "Monitor Deflation Thread" daemon [_thread_blocked, id=13960, stack(0x000000baf8d00000,0x000000baf8e00000)]
=>0x00000256200721d0 JavaThread "C2 CompilerThread0" daemon [_thread_in_native, id=15804, stack(0x000000baf8e00000,0x000000baf8f00000)]
  0x00000256200747e0 JavaThread "C1 CompilerThread0" daemon [_thread_in_vm, id=17108, stack(0x000000baf8f00000,0x000000baf9000000)]
  0x0000025620074de0 JavaThread "Sweeper thread" daemon [_thread_blocked, id=2484, stack(0x000000baf9000000,0x000000baf9100000)]
  0x0000025620235170 JavaThread "Common-Cleaner" daemon [_thread_blocked, id=2016, stack(0x000000baf9100000,0x000000baf9200000)]
  0x0000025620228ed0 JavaThread "Notification Thread" daemon [_thread_blocked, id=8816, stack(0x000000baf9200000,0x000000baf9300000)]
  0x0000025620314fc0 JavaThread "C2 CompilerThread1" daemon [_thread_in_native, id=13392, stack(0x000000baf9400000,0x000000baf9500000)]
  0x000002562068f5e0 JavaThread "C2 CompilerThread2" daemon [_thread_in_native, id=12532, stack(0x000000baf9500000,0x000000baf9600000)]
  0x00000256231596a0 JavaThread "Daemon health stats" [_thread_blocked, id=10668, stack(0x000000baf9b00000,0x000000baf9c00000)]
  0x0000025623433fd0 JavaThread "Incoming local TCP Connector on port 16019" [_thread_in_native, id=11704, stack(0x000000baf9c00000,0x000000baf9d00000)]
  0x00000256218b50b0 JavaThread "Daemon periodic checks" [_thread_blocked, id=17332, stack(0x000000baf9d00000,0x000000baf9e00000)]
  0x000002562249a030 JavaThread "Daemon" [_thread_blocked, id=12920, stack(0x000000baf9e00000,0x000000baf9f00000)]
  0x0000025621908640 JavaThread "Handler for socket connection from /127.0.0.1:16019 to /127.0.0.1:16020" [_thread_in_native, id=6664, stack(0x000000baf9f00000,0x000000bafa000000)]
  0x0000025622c6ecd0 JavaThread "Cancel handler" [_thread_blocked, id=13700, stack(0x000000bafa000000,0x000000bafa100000)]
  0x00000256217907c0 JavaThread "Daemon worker" [_thread_in_Java, id=10172, stack(0x000000bafa100000,0x000000bafa200000)]
  0x0000025621b62a00 JavaThread "Asynchronous log dispatcher for DefaultDaemonConnection: socket connection from /127.0.0.1:16019 to /127.0.0.1:16020" [_thread_blocked, id=18060, stack(0x000000bafa200000,0x000000bafa300000)]
  0x0000025621b65080 JavaThread "Stdin handler" [_thread_blocked, id=11340, stack(0x000000bafa300000,0x000000bafa400000)]
  0x0000025621b62530 JavaThread "Daemon client event forwarder" [_thread_blocked, id=10616, stack(0x000000bafa400000,0x000000bafa500000)]
  0x0000025621b646e0 JavaThread "Cache worker for journal cache (C:\Users\86135\.gradle\caches\journal-1)" [_thread_blocked, id=17224, stack(0x000000bafa800000,0x000000bafa900000)]
  0x0000025621b62ed0 JavaThread "File lock request listener" [_thread_in_native, id=296, stack(0x000000bafa900000,0x000000bafaa00000)]
  0x0000025621b633a0 JavaThread "Cache worker for file hash cache (C:\Users\86135\.gradle\caches\8.0\fileHashes)" [_thread_blocked, id=16928, stack(0x000000bafaa00000,0x000000bafab00000)]
  0x0000025621b62060 JavaThread "File watcher server" daemon [_thread_in_native, id=1112, stack(0x000000bafab00000,0x000000bafac00000)]
  0x0000025621b65a20 JavaThread "File watcher consumer" daemon [_thread_blocked, id=13836, stack(0x000000bafac00000,0x000000bafad00000)]
  0x0000025621b64210 JavaThread "Cache worker for checksums cache (C:\Users\86135\AndroidStudioProjects\world\.gradle\8.0\checksums)" [_thread_blocked, id=17128, stack(0x000000bafad00000,0x000000bafae00000)]
  0x0000025621b63870 JavaThread "Cache worker for cache directory md-rule (C:\Users\86135\.gradle\caches\8.0\md-rule)" [_thread_blocked, id=1572, stack(0x000000bafae00000,0x000000bafaf00000)]
  0x0000025621b63d40 JavaThread "Cache worker for file content cache (C:\Users\86135\.gradle\caches\8.0\fileContent)" [_thread_blocked, id=15968, stack(0x000000bafaf00000,0x000000bafb000000)]
  0x0000025621b65550 JavaThread "Cache worker for file hash cache (C:\Users\86135\AndroidStudioProjects\world\.gradle\8.0\fileHashes)" [_thread_blocked, id=6176, stack(0x000000bafb000000,0x000000bafb100000)]
  0x0000025625406c30 JavaThread "Cache worker for cache directory md-supplier (C:\Users\86135\.gradle\caches\8.0\md-supplier)" [_thread_blocked, id=16948, stack(0x000000bafb100000,0x000000bafb200000)]
  0x0000025625405420 JavaThread "Cache worker for execution history cache (C:\Users\86135\.gradle\caches\8.0\executionHistory)" [_thread_blocked, id=10872, stack(0x000000bafb200000,0x000000bafb300000)]
  0x00000256254075d0 JavaThread "jar transforms" [_thread_blocked, id=13732, stack(0x000000bafb300000,0x000000bafb400000)]
  0x0000025625407aa0 JavaThread "jar transforms Thread 2" [_thread_blocked, id=16572, stack(0x000000bafb400000,0x000000bafb500000)]
  0x0000025625404f50 JavaThread "Cache worker for kotlin-dsl (C:\Users\86135\.gradle\caches\8.0\kotlin-dsl)" [_thread_blocked, id=1468, stack(0x000000bafb600000,0x000000bafb700000)]
  0x0000025625404a80 JavaThread "jar transforms Thread 3" [_thread_blocked, id=13484, stack(0x000000bafb700000,0x000000bafb800000)]
  0x00000256254045b0 JavaThread "jar transforms Thread 4" [_thread_blocked, id=10408, stack(0x000000bafb800000,0x000000bafb900000)]
  0x0000025626368d40 JavaThread "Cache worker for dependencies-accessors (C:\Users\86135\AndroidStudioProjects\world\.gradle\8.0\dependencies-accessors)" [_thread_blocked, id=13720, stack(0x000000bafb900000,0x000000bafba00000)]
  0x00000256263683a0 JavaThread "Cache worker for Build Output Cleanup Cache (C:\Users\86135\AndroidStudioProjects\world\.gradle\buildOutputCleanup)" [_thread_blocked, id=17228, stack(0x000000bafba00000,0x000000bafbb00000)]
  0x0000025626364eb0 JavaThread "jar transforms Thread 5" [_thread_blocked, id=15548, stack(0x000000bafbb00000,0x000000bafbc00000)]
  0x0000025626365d20 JavaThread "Unconstrained build operations" [_thread_blocked, id=15448, stack(0x000000bafbc00000,0x000000bafbd00000)]
  0x0000025626367530 JavaThread "Unconstrained build operations Thread 2" [_thread_blocked, id=1120, stack(0x000000bafbd00000,0x000000bafbe00000)]
  0x000002562636a550 JavaThread "Unconstrained build operations Thread 3" [_thread_blocked, id=13396, stack(0x000000bafbe00000,0x000000bafbf00000)]
  0x00000256263661f0 JavaThread "Unconstrained build operations Thread 4" [_thread_blocked, id=7080, stack(0x000000bafbf00000,0x000000bafc000000)]
  0x000002562636a080 JavaThread "Unconstrained build operations Thread 5" [_thread_blocked, id=16292, stack(0x000000bafc000000,0x000000bafc100000)]
  0x000002562636b3c0 JavaThread "Unconstrained build operations Thread 6" [_thread_blocked, id=15576, stack(0x000000bafc100000,0x000000bafc200000)]
  0x00000256263649e0 JavaThread "Unconstrained build operations Thread 7" [_thread_blocked, id=9152, stack(0x000000bafc200000,0x000000bafc300000)]
  0x0000025626365380 JavaThread "Unconstrained build operations Thread 8" [_thread_blocked, id=16296, stack(0x000000bafc300000,0x000000bafc400000)]
  0x0000025626367a00 JavaThread "Unconstrained build operations Thread 9" [_thread_blocked, id=16696, stack(0x000000bafc400000,0x000000bafc500000)]
  0x0000025626369bb0 JavaThread "Unconstrained build operations Thread 10" [_thread_blocked, id=2320, stack(0x000000bafc500000,0x000000bafc600000)]
  0x0000025626367060 JavaThread "Unconstrained build operations Thread 11" [_thread_blocked, id=15044, stack(0x000000bafc600000,0x000000bafc700000)]
  0x0000025626368870 JavaThread "Unconstrained build operations Thread 12" [_thread_blocked, id=12388, stack(0x000000bafc700000,0x000000bafc800000)]
  0x0000025626365850 JavaThread "Unconstrained build operations Thread 13" [_thread_blocked, id=4244, stack(0x000000bafc800000,0x000000bafc900000)]
  0x000002562636aa20 JavaThread "Unconstrained build operations Thread 14" [_thread_blocked, id=17112, stack(0x000000bafc900000,0x000000bafca00000)]
  0x0000025626367ed0 JavaThread "Unconstrained build operations Thread 15" [_thread_blocked, id=8112, stack(0x000000bafca00000,0x000000bafcb00000)]
  0x0000025626366b90 JavaThread "Unconstrained build operations Thread 16" [_thread_blocked, id=11160, stack(0x000000bafcb00000,0x000000bafcc00000)]
  0x0000025626369210 JavaThread "Unconstrained build operations Thread 17" [_thread_blocked, id=17520, stack(0x000000bafcc00000,0x000000bafcd00000)]
  0x00000256263666c0 JavaThread "Unconstrained build operations Thread 18" [_thread_blocked, id=17080, stack(0x000000bafcd00000,0x000000bafce00000)]
  0x00000256263696e0 JavaThread "Unconstrained build operations Thread 19" [_thread_blocked, id=7440, stack(0x000000bafce00000,0x000000bafcf00000)]
  0x000002562636bd60 JavaThread "Unconstrained build operations Thread 20" [_thread_blocked, id=4380, stack(0x000000bafcf00000,0x000000bafd000000)]
  0x000002562636aef0 JavaThread "Unconstrained build operations Thread 21" [_thread_blocked, id=3248, stack(0x000000bafd000000,0x000000bafd100000)]
  0x000002562636b890 JavaThread "Unconstrained build operations Thread 22" [_thread_blocked, id=13388, stack(0x000000bafd100000,0x000000bafd200000)]
  0x000002562636c230 JavaThread "Unconstrained build operations Thread 23" [_thread_blocked, id=16892, stack(0x000000bafd200000,0x000000bafd300000)]
  0x0000025623611700 JavaThread "Unconstrained build operations Thread 24" [_thread_blocked, id=1984, stack(0x000000bafd300000,0x000000bafd400000)]
  0x00000256236168d0 JavaThread "Unconstrained build operations Thread 25" [_thread_blocked, id=3376, stack(0x000000bafd400000,0x000000bafd500000)]
  0x00000256236138b0 JavaThread "Unconstrained build operations Thread 26" [_thread_blocked, id=9320, stack(0x000000bafd500000,0x000000bafd600000)]
  0x00000256236133e0 JavaThread "Unconstrained build operations Thread 27" [_thread_blocked, id=8512, stack(0x000000bafd600000,0x000000bafd700000)]
  0x0000025623614720 JavaThread "Unconstrained build operations Thread 28" [_thread_blocked, id=12996, stack(0x000000bafd700000,0x000000bafd800000)]
  0x0000025623610890 JavaThread "Unconstrained build operations Thread 29" [_thread_blocked, id=16236, stack(0x000000bafd800000,0x000000bafd900000)]
  0x0000025623616da0 JavaThread "Unconstrained build operations Thread 30" [_thread_blocked, id=10612, stack(0x000000bafd900000,0x000000bafda00000)]
  0x0000025623612f10 JavaThread "Unconstrained build operations Thread 31" [_thread_blocked, id=2980, stack(0x000000bafda00000,0x000000bafdb00000)]
  0x00000256236150c0 JavaThread "Unconstrained build operations Thread 32" [_thread_blocked, id=9088, stack(0x000000bafdb00000,0x000000bafdc00000)]
  0x0000025623614bf0 JavaThread "Unconstrained build operations Thread 33" [_thread_blocked, id=12564, stack(0x000000bafdc00000,0x000000bafdd00000)]
  0x0000025623617270 JavaThread "Unconstrained build operations Thread 34" [_thread_blocked, id=5156, stack(0x000000bafdd00000,0x000000bafde00000)]
  0x0000025623613d80 JavaThread "Unconstrained build operations Thread 35" [_thread_blocked, id=6148, stack(0x000000bafde00000,0x000000bafdf00000)]
  0x0000025623615f30 JavaThread "Unconstrained build operations Thread 36" [_thread_blocked, id=5228, stack(0x000000bafdf00000,0x000000bafe000000)]
  0x0000025623611230 JavaThread "Unconstrained build operations Thread 37" [_thread_blocked, id=13868, stack(0x000000bafe000000,0x000000bafe100000)]
  0x0000025623611bd0 JavaThread "Unconstrained build operations Thread 38" [_thread_blocked, id=15268, stack(0x000000bafe100000,0x000000bafe200000)]
  0x00000256236120a0 JavaThread "Unconstrained build operations Thread 39" [_thread_blocked, id=8276, stack(0x000000bafe200000,0x000000bafe300000)]
  0x0000025623616400 JavaThread "Unconstrained build operations Thread 40" [_thread_blocked, id=7836, stack(0x000000bafe300000,0x000000bafe400000)]
  0x0000025623612570 JavaThread "Unconstrained build operations Thread 41" [_thread_blocked, id=17604, stack(0x000000bafe400000,0x000000bafe500000)]
  0x0000025623615590 JavaThread "Unconstrained build operations Thread 42" [_thread_blocked, id=18016, stack(0x000000bafe500000,0x000000bafe600000)]
  0x0000025623617740 JavaThread "Unconstrained build operations Thread 43" [_thread_blocked, id=15412, stack(0x000000bafe600000,0x000000bafe700000)]
  0x0000025623615a60 JavaThread "Unconstrained build operations Thread 44" [_thread_blocked, id=14240, stack(0x000000bafe700000,0x000000bafe800000)]
  0x0000025623617c10 JavaThread "Unconstrained build operations Thread 45" [_thread_blocked, id=3048, stack(0x000000bafe800000,0x000000bafe900000)]
  0x00000256236180e0 JavaThread "Unconstrained build operations Thread 46" [_thread_blocked, id=16168, stack(0x000000bafe900000,0x000000bafea00000)]
  0x0000025623610d60 JavaThread "Unconstrained build operations Thread 47" [_thread_blocked, id=1688, stack(0x000000bafea00000,0x000000bafeb00000)]
  0x0000025623612a40 JavaThread "Unconstrained build operations Thread 48" [_thread_blocked, id=17788, stack(0x000000bafeb00000,0x000000bafec00000)]
  0x0000025623614250 JavaThread "Unconstrained build operations Thread 49" [_thread_blocked, id=7096, stack(0x000000bafec00000,0x000000bafed00000)]
  0x0000025627081d90 JavaThread "Unconstrained build operations Thread 50" [_thread_blocked, id=11692, stack(0x000000bafed00000,0x000000bafee00000)]
  0x0000025627085750 JavaThread "Unconstrained build operations Thread 51" [_thread_blocked, id=8060, stack(0x000000bafee00000,0x000000bafef00000)]
  0x0000025627082730 JavaThread "Unconstrained build operations Thread 52" [_thread_blocked, id=5688, stack(0x000000bafef00000,0x000000baff000000)]
  0x0000025627084410 JavaThread "Unconstrained build operations Thread 53" [_thread_blocked, id=5896, stack(0x000000baff000000,0x000000baff100000)]
  0x00000256270835a0 JavaThread "Unconstrained build operations Thread 54" [_thread_blocked, id=2188, stack(0x000000baff100000,0x000000baff200000)]
  0x0000025627083f40 JavaThread "Unconstrained build operations Thread 55" [_thread_blocked, id=2792, stack(0x000000baff200000,0x000000baff300000)]
  0x00000256270848e0 JavaThread "Unconstrained build operations Thread 56" [_thread_blocked, id=16972, stack(0x000000baff300000,0x000000baff400000)]
  0x0000025627084db0 JavaThread "Unconstrained build operations Thread 57" [_thread_blocked, id=17668, stack(0x000000baff400000,0x000000baff500000)]
  0x0000025627083a70 JavaThread "Unconstrained build operations Thread 58" [_thread_blocked, id=8224, stack(0x000000baff500000,0x000000baff600000)]
  0x00000256270830d0 JavaThread "Unconstrained build operations Thread 59" [_thread_blocked, id=6652, stack(0x000000baff600000,0x000000baff700000)]
  0x0000025627085280 JavaThread "Unconstrained build operations Thread 60" [_thread_blocked, id=11524, stack(0x000000baff700000,0x000000baff800000)]
  0x0000025627082260 JavaThread "Unconstrained build operations Thread 61" [_thread_blocked, id=10820, stack(0x000000baff800000,0x000000baff900000)]
  0x0000025627082c00 JavaThread "Unconstrained build operations Thread 62" [_thread_blocked, id=15028, stack(0x000000baff900000,0x000000baffa00000)]
  0x0000025627748720 JavaThread "Unconstrained build operations Thread 63" [_thread_blocked, id=13160, stack(0x000000baffa00000,0x000000baffb00000)]
  0x0000025627742bb0 JavaThread "Unconstrained build operations Thread 64" [_thread_blocked, id=4428, stack(0x000000baffb00000,0x000000baffc00000)]
  0x0000025627746570 JavaThread "Unconstrained build operations Thread 65" [_thread_blocked, id=18024, stack(0x000000baffc00000,0x000000baffd00000)]
  0x0000025627741870 JavaThread "Unconstrained build operations Thread 66" [_thread_blocked, id=7860, stack(0x000000baffd00000,0x000000baffe00000)]
  0x0000025627746f10 JavaThread "Unconstrained build operations Thread 67" [_thread_blocked, id=15596, stack(0x000000baffe00000,0x000000bafff00000)]
  0x00000256277473e0 JavaThread "Unconstrained build operations Thread 68" [_thread_blocked, id=16024, stack(0x000000bafff00000,0x000000bb00000000)]
  0x0000025627741d40 JavaThread "Unconstrained build operations Thread 69" [_thread_blocked, id=9724, stack(0x000000ba80000000,0x000000ba80100000)]
  0x00000256277490c0 JavaThread "Unconstrained build operations Thread 70" [_thread_blocked, id=15524, stack(0x000000ba80100000,0x000000ba80200000)]
  0x0000025627743080 JavaThread "Unconstrained build operations Thread 71" [_thread_blocked, id=3664, stack(0x000000ba80200000,0x000000ba80300000)]
  0x00000256277478b0 JavaThread "Unconstrained build operations Thread 72" [_thread_blocked, id=14164, stack(0x000000ba80300000,0x000000ba80400000)]
  0x00000256277460a0 JavaThread "Unconstrained build operations Thread 73" [_thread_blocked, id=11212, stack(0x000000ba80400000,0x000000ba80500000)]
  0x0000025627742210 JavaThread "Unconstrained build operations Thread 74" [_thread_blocked, id=7368, stack(0x000000ba80500000,0x000000ba80600000)]
  0x0000025627746a40 JavaThread "Unconstrained build operations Thread 75" [_thread_blocked, id=3860, stack(0x000000ba80600000,0x000000ba80700000)]
  0x0000025627744890 JavaThread "Unconstrained build operations Thread 76" [_thread_blocked, id=3188, stack(0x000000ba80700000,0x000000ba80800000)]
  0x0000025627748bf0 JavaThread "Unconstrained build operations Thread 77" [_thread_blocked, id=16192, stack(0x000000ba80800000,0x000000ba80900000)]
  0x0000025627747d80 JavaThread "Unconstrained build operations Thread 78" [_thread_blocked, id=17632, stack(0x000000ba80900000,0x000000ba80a00000)]
  0x00000256277426e0 JavaThread "Unconstrained build operations Thread 79" [_thread_blocked, id=14292, stack(0x000000ba80a00000,0x000000ba80b00000)]
  0x0000025627744d60 JavaThread "Unconstrained build operations Thread 80" [_thread_blocked, id=11272, stack(0x000000ba80b00000,0x000000ba80c00000)]
  0x0000025627743550 JavaThread "jar transforms Thread 6" [_thread_blocked, id=7472, stack(0x000000ba80c00000,0x000000ba80d00000)]
  0x0000025627748250 JavaThread "jar transforms Thread 7" [_thread_blocked, id=8720, stack(0x000000ba80d00000,0x000000ba80e00000)]
  0x0000025627743a20 JavaThread "jar transforms Thread 8" [_thread_blocked, id=17876, stack(0x000000ba80e00000,0x000000ba80f00000)]
  0x00000256277443c0 JavaThread "build event listener" [_thread_blocked, id=15084, stack(0x000000ba80f00000,0x000000ba81000000)]
  0x0000025627745230 JavaThread "Memory manager" [_thread_blocked, id=648, stack(0x000000ba81000000,0x000000ba81100000)]

Other Threads:
  0x000002561f665570 VMThread "VM Thread" [stack: 0x000000baf8700000,0x000000baf8800000] [id=11428]
  0x000002560585d100 WatcherThread [stack: 0x000000baf9300000,0x000000baf9400000] [id=16356]
  0x0000025605845860 GCTaskThread "GC Thread#0" [stack: 0x000000baf8200000,0x000000baf8300000] [id=11532]
  0x000002562110e100 GCTaskThread "GC Thread#1" [stack: 0x000000baf9600000,0x000000baf9700000] [id=3296]
  0x0000025620a9c050 GCTaskThread "GC Thread#2" [stack: 0x000000baf9700000,0x000000baf9800000] [id=15612]
  0x0000025620bc4030 GCTaskThread "GC Thread#3" [stack: 0x000000baf9800000,0x000000baf9900000] [id=10832]
  0x0000025620bc42e0 GCTaskThread "GC Thread#4" [stack: 0x000000baf9900000,0x000000baf9a00000] [id=2156]
  0x0000025620bf41e0 GCTaskThread "GC Thread#5" [stack: 0x000000baf9a00000,0x000000baf9b00000] [id=5596]
  0x0000025621b18f10 GCTaskThread "GC Thread#6" [stack: 0x000000bafa500000,0x000000bafa600000] [id=16944]
  0x0000025620fc87a0 GCTaskThread "GC Thread#7" [stack: 0x000000bafa600000,0x000000bafa700000] [id=14572]
  0x00000256058567a0 ConcurrentGCThread "G1 Main Marker" [stack: 0x000000baf8300000,0x000000baf8400000] [id=10684]
  0x0000025605857310 ConcurrentGCThread "G1 Conc#0" [stack: 0x000000baf8400000,0x000000baf8500000] [id=13316]
  0x0000025621184f80 ConcurrentGCThread "G1 Conc#1" [stack: 0x000000bafa700000,0x000000bafa800000] [id=15556]
  0x00000256058adc80 ConcurrentGCThread "G1 Refine#0" [stack: 0x000000baf8500000,0x000000baf8600000] [id=8700]
  0x00000256230c5590 ConcurrentGCThread "G1 Refine#1" [stack: 0x000000bafb500000,0x000000bafb600000] [id=692]
  0x00000256058ae6a0 ConcurrentGCThread "G1 Service" [stack: 0x000000baf8600000,0x000000baf8700000] [id=13856]

Threads with active compile tasks:
C2 CompilerThread0     7639 8914       4       java.lang.reflect.Method::getGenericParameterTypes (5 bytes)
C2 CompilerThread1     7639 8910       4       groovy.lang.MetaMethod::getMopName (105 bytes)
C2 CompilerThread2     7639 8863       4       groovy.lang.MetaClassImpl$1MOPIter::methodNameAction (325 bytes)

VM state: not at safepoint (normal execution)

VM Mutex/Monitor currently owned by a thread: None

Heap address: 0x0000000080000000, size: 2048 MB, Compressed Oops mode: 32-bit

CDS archive(s) not mapped
Compressed class space mapped at: 0x0000000100000000-0x0000000140000000, reserved size: 1073741824
Narrow klass base: 0x0000000000000000, Narrow klass shift: 3, Narrow klass range: 0x140000000

GC Precious Log:
 CPUs: 8 total, 8 available
 Memory: 16106M
 Large Page Support: Disabled
 NUMA Support: Disabled
 Compressed Oops: Enabled (32-bit)
 Heap Region Size: 1M
 Heap Min Capacity: 8M
 Heap Initial Capacity: 252M
 Heap Max Capacity: 2G
 Pre-touch: Disabled
 Parallel Workers: 8
 Concurrent Workers: 2
 Concurrent Refinement Workers: 8
 Periodic GC: Disabled

Heap:
 garbage-first heap   total 122880K, used 84740K [0x0000000080000000, 0x0000000100000000)
  region size 1024K, 27 young (27648K), 6 survivors (6144K)
 Metaspace       used 87906K, committed 88640K, reserved 1130496K
  class space    used 12009K, committed 12352K, reserved 1048576K

Heap Regions: E=young(eden), S=young(survivor), O=old, HS=humongous(starts), HC=humongous(continues), CS=collection set, F=free, OA=open archive, CA=closed archive, TAMS=top-at-mark-start (previous, next)
|   0|0x0000000080000000, 0x0000000080100000, 0x0000000080100000|100%|HS|  |TAMS 0x0000000080100000, 0x0000000080000000| Complete 
|   1|0x0000000080100000, 0x0000000080200000, 0x0000000080200000|100%|HC|  |TAMS 0x0000000080200000, 0x0000000080100000| Complete 
|   2|0x0000000080200000, 0x0000000080300000, 0x0000000080300000|100%|HC|  |TAMS 0x0000000080300000, 0x0000000080200000| Complete 
|   3|0x0000000080300000, 0x0000000080400000, 0x0000000080400000|100%|HC|  |TAMS 0x0000000080400000, 0x0000000080300000| Complete 
|   4|0x0000000080400000, 0x0000000080500000, 0x0000000080500000|100%| O|  |TAMS 0x0000000080500000, 0x0000000080400000| Untracked 
|   5|0x0000000080500000, 0x0000000080600000, 0x0000000080600000|100%| O|  |TAMS 0x0000000080600000, 0x0000000080500000| Untracked 
|   6|0x0000000080600000, 0x0000000080700000, 0x0000000080700000|100%| O|  |TAMS 0x0000000080700000, 0x0000000080600000| Untracked 
|   7|0x0000000080700000, 0x0000000080800000, 0x0000000080800000|100%| O|  |TAMS 0x0000000080800000, 0x0000000080700000| Untracked 
|   8|0x0000000080800000, 0x0000000080900000, 0x0000000080900000|100%| O|  |TAMS 0x0000000080900000, 0x0000000080800000| Untracked 
|   9|0x0000000080900000, 0x0000000080a00000, 0x0000000080a00000|100%| O|  |TAMS 0x0000000080a00000, 0x0000000080900000| Untracked 
|  10|0x0000000080a00000, 0x0000000080b00000, 0x0000000080b00000|100%| O|  |TAMS 0x0000000080b00000, 0x0000000080a00000| Untracked 
|  11|0x0000000080b00000, 0x0000000080b2ee00, 0x0000000080c00000| 18%| O|  |TAMS 0x0000000080b2ee00, 0x0000000080b00000| Untracked 
|  12|0x0000000080c00000, 0x0000000080d00000, 0x0000000080d00000|100%| O|  |TAMS 0x0000000080d00000, 0x0000000080c00000| Untracked 
|  13|0x0000000080d00000, 0x0000000080e00000, 0x0000000080e00000|100%| O|  |TAMS 0x0000000080e00000, 0x0000000080d00000| Untracked 
|  14|0x0000000080e00000, 0x0000000080f00000, 0x0000000080f00000|100%| O|  |TAMS 0x0000000080f00000, 0x0000000080e00000| Untracked 
|  15|0x0000000080f00000, 0x0000000081000000, 0x0000000081000000|100%| O|  |TAMS 0x0000000081000000, 0x0000000080f00000| Untracked 
|  16|0x0000000081000000, 0x0000000081100000, 0x0000000081100000|100%| O|  |TAMS 0x0000000081100000, 0x0000000081000000| Untracked 
|  17|0x0000000081100000, 0x0000000081200000, 0x0000000081200000|100%| O|  |TAMS 0x0000000081200000, 0x0000000081100000| Untracked 
|  18|0x0000000081200000, 0x0000000081300000, 0x0000000081300000|100%| O|  |TAMS 0x0000000081300000, 0x0000000081200000| Untracked 
|  19|0x0000000081300000, 0x0000000081400000, 0x0000000081400000|100%| O|  |TAMS 0x0000000081400000, 0x0000000081300000| Untracked 
|  20|0x0000000081400000, 0x0000000081500000, 0x0000000081500000|100%| O|  |TAMS 0x0000000081500000, 0x0000000081400000| Untracked 
|  21|0x0000000081500000, 0x0000000081600000, 0x0000000081600000|100%| O|  |TAMS 0x0000000081600000, 0x0000000081500000| Untracked 
|  22|0x0000000081600000, 0x0000000081700000, 0x0000000081700000|100%| O|  |TAMS 0x0000000081700000, 0x0000000081600000| Untracked 
|  23|0x0000000081700000, 0x0000000081800000, 0x0000000081800000|100%| O|  |TAMS 0x0000000081800000, 0x0000000081700000| Untracked 
|  24|0x0000000081800000, 0x0000000081900000, 0x0000000081900000|100%| O|  |TAMS 0x0000000081900000, 0x0000000081800000| Untracked 
|  25|0x0000000081900000, 0x0000000081a00000, 0x0000000081a00000|100%| O|  |TAMS 0x0000000081a00000, 0x0000000081900000| Untracked 
|  26|0x0000000081a00000, 0x0000000081b00000, 0x0000000081b00000|100%| O|  |TAMS 0x0000000081b00000, 0x0000000081a00000| Untracked 
|  27|0x0000000081b00000, 0x0000000081c00000, 0x0000000081c00000|100%| O|  |TAMS 0x0000000081c00000, 0x0000000081b00000| Untracked 
|  28|0x0000000081c00000, 0x0000000081d00000, 0x0000000081d00000|100%| O|  |TAMS 0x0000000081d00000, 0x0000000081c00000| Untracked 
|  29|0x0000000081d00000, 0x0000000081e00000, 0x0000000081e00000|100%| O|  |TAMS 0x0000000081e00000, 0x0000000081d00000| Untracked 
|  30|0x0000000081e00000, 0x0000000081f00000, 0x0000000081f00000|100%| O|  |TAMS 0x0000000081f00000, 0x0000000081e00000| Untracked 
|  31|0x0000000081f00000, 0x0000000082000000, 0x0000000082000000|100%|HS|  |TAMS 0x0000000082000000, 0x0000000081f00000| Complete 
|  32|0x0000000082000000, 0x0000000082100000, 0x0000000082100000|100%|HS|  |TAMS 0x0000000082100000, 0x0000000082000000| Complete 
|  33|0x0000000082100000, 0x0000000082200000, 0x0000000082200000|100%|HS|  |TAMS 0x0000000082200000, 0x0000000082100000| Complete 
|  34|0x0000000082200000, 0x0000000082300000, 0x0000000082300000|100%| O|  |TAMS 0x0000000082300000, 0x0000000082200000| Untracked 
|  35|0x0000000082300000, 0x0000000082400000, 0x0000000082400000|100%| O|  |TAMS 0x0000000082400000, 0x0000000082300000| Untracked 
|  36|0x0000000082400000, 0x0000000082500000, 0x0000000082500000|100%| O|  |TAMS 0x0000000082500000, 0x0000000082400000| Untracked 
|  37|0x0000000082500000, 0x0000000082600000, 0x0000000082600000|100%| O|  |TAMS 0x0000000082600000, 0x0000000082500000| Untracked 
|  38|0x0000000082600000, 0x0000000082700000, 0x0000000082700000|100%| O|  |TAMS 0x0000000082700000, 0x0000000082600000| Untracked 
|  39|0x0000000082700000, 0x0000000082800000, 0x0000000082800000|100%| O|  |TAMS 0x0000000082800000, 0x0000000082700000| Untracked 
|  40|0x0000000082800000, 0x0000000082900000, 0x0000000082900000|100%| O|  |TAMS 0x0000000082900000, 0x0000000082800000| Untracked 
|  41|0x0000000082900000, 0x0000000082a00000, 0x0000000082a00000|100%| O|  |TAMS 0x0000000082a00000, 0x0000000082900000| Untracked 
|  42|0x0000000082a00000, 0x0000000082b00000, 0x0000000082b00000|100%| O|  |TAMS 0x0000000082b00000, 0x0000000082a00000| Untracked 
|  43|0x0000000082b00000, 0x0000000082c00000, 0x0000000082c00000|100%| O|  |TAMS 0x0000000082c00000, 0x0000000082b00000| Untracked 
|  44|0x0000000082c00000, 0x0000000082d00000, 0x0000000082d00000|100%| O|  |TAMS 0x0000000082d00000, 0x0000000082c00000| Untracked 
|  45|0x0000000082d00000, 0x0000000082e00000, 0x0000000082e00000|100%| O|  |TAMS 0x0000000082e00000, 0x0000000082d00000| Untracked 
|  46|0x0000000082e00000, 0x0000000082f00000, 0x0000000082f00000|100%| O|  |TAMS 0x0000000082f00000, 0x0000000082e00000| Untracked 
|  47|0x0000000082f00000, 0x0000000083000000, 0x0000000083000000|100%| O|  |TAMS 0x0000000083000000, 0x0000000082f00000| Untracked 
|  48|0x0000000083000000, 0x0000000083100000, 0x0000000083100000|100%| O|  |TAMS 0x0000000083100000, 0x0000000083000000| Untracked 
|  49|0x0000000083100000, 0x0000000083200000, 0x0000000083200000|100%| O|  |TAMS 0x0000000083200000, 0x0000000083100000| Untracked 
|  50|0x0000000083200000, 0x0000000083300000, 0x0000000083300000|100%| O|  |TAMS 0x0000000083300000, 0x0000000083200000| Untracked 
|  51|0x0000000083300000, 0x0000000083400000, 0x0000000083400000|100%| O|  |TAMS 0x0000000083400000, 0x0000000083300000| Untracked 
|  52|0x0000000083400000, 0x0000000083500000, 0x0000000083500000|100%| O|  |TAMS 0x0000000083500000, 0x0000000083400000| Untracked 
|  53|0x0000000083500000, 0x0000000083600000, 0x0000000083600000|100%| O|  |TAMS 0x0000000083600000, 0x0000000083500000| Untracked 
|  54|0x0000000083600000, 0x0000000083700000, 0x0000000083700000|100%| O|  |TAMS 0x00000000836ae400, 0x0000000083600000| Untracked 
|  55|0x0000000083700000, 0x0000000083800000, 0x0000000083800000|100%| O|  |TAMS 0x0000000083700000, 0x0000000083700000| Untracked 
|  56|0x0000000083800000, 0x0000000083900000, 0x0000000083900000|100%| O|  |TAMS 0x0000000083800000, 0x0000000083800000| Untracked 
|  57|0x0000000083900000, 0x0000000083992400, 0x0000000083a00000| 57%| O|  |TAMS 0x0000000083900000, 0x0000000083900000| Untracked 
|  58|0x0000000083a00000, 0x0000000083a00000, 0x0000000083b00000|  0%| F|  |TAMS 0x0000000083a00000, 0x0000000083a00000| Untracked 
|  59|0x0000000083b00000, 0x0000000083b00000, 0x0000000083c00000|  0%| F|  |TAMS 0x0000000083b00000, 0x0000000083b00000| Untracked 
|  60|0x0000000083c00000, 0x0000000083c00000, 0x0000000083d00000|  0%| F|  |TAMS 0x0000000083c00000, 0x0000000083c00000| Untracked 
|  61|0x0000000083d00000, 0x0000000083d00000, 0x0000000083e00000|  0%| F|  |TAMS 0x0000000083d00000, 0x0000000083d00000| Untracked 
|  62|0x0000000083e00000, 0x0000000083e00000, 0x0000000083f00000|  0%| F|  |TAMS 0x0000000083e00000, 0x0000000083e00000| Untracked 
|  63|0x0000000083f00000, 0x0000000083f00000, 0x0000000084000000|  0%| F|  |TAMS 0x0000000083f00000, 0x0000000083f00000| Untracked 
|  64|0x0000000084000000, 0x0000000084000000, 0x0000000084100000|  0%| F|  |TAMS 0x0000000084000000, 0x0000000084000000| Untracked 
|  65|0x0000000084100000, 0x0000000084100000, 0x0000000084200000|  0%| F|  |TAMS 0x0000000084100000, 0x0000000084100000| Untracked 
|  66|0x0000000084200000, 0x0000000084200000, 0x0000000084300000|  0%| F|  |TAMS 0x0000000084200000, 0x0000000084200000| Untracked 
|  67|0x0000000084300000, 0x0000000084300000, 0x0000000084400000|  0%| F|  |TAMS 0x0000000084300000, 0x0000000084300000| Untracked 
|  68|0x0000000084400000, 0x0000000084400000, 0x0000000084500000|  0%| F|  |TAMS 0x0000000084400000, 0x0000000084400000| Untracked 
|  69|0x0000000084500000, 0x0000000084500000, 0x0000000084600000|  0%| F|  |TAMS 0x0000000084500000, 0x0000000084500000| Untracked 
|  70|0x0000000084600000, 0x0000000084600000, 0x0000000084700000|  0%| F|  |TAMS 0x0000000084600000, 0x0000000084600000| Untracked 
|  71|0x0000000084700000, 0x0000000084700000, 0x0000000084800000|  0%| F|  |TAMS 0x0000000084700000, 0x0000000084700000| Untracked 
|  72|0x0000000084800000, 0x0000000084800000, 0x0000000084900000|  0%| F|  |TAMS 0x0000000084800000, 0x0000000084800000| Untracked 
|  73|0x0000000084900000, 0x0000000084900000, 0x0000000084a00000|  0%| F|  |TAMS 0x0000000084900000, 0x0000000084900000| Untracked 
|  74|0x0000000084a00000, 0x0000000084a00000, 0x0000000084b00000|  0%| F|  |TAMS 0x0000000084a00000, 0x0000000084a00000| Untracked 
|  75|0x0000000084b00000, 0x0000000084b00000, 0x0000000084c00000|  0%| F|  |TAMS 0x0000000084b00000, 0x0000000084b00000| Untracked 
|  76|0x0000000084c00000, 0x0000000084c00000, 0x0000000084d00000|  0%| F|  |TAMS 0x0000000084c00000, 0x0000000084c00000| Untracked 
|  77|0x0000000084d00000, 0x0000000084d00000, 0x0000000084e00000|  0%| F|  |TAMS 0x0000000084d00000, 0x0000000084d00000| Untracked 
|  78|0x0000000084e00000, 0x0000000084f00000, 0x0000000084f00000|100%| S|CS|TAMS 0x0000000084e00000, 0x0000000084e00000| Complete 
|  79|0x0000000084f00000, 0x0000000085000000, 0x0000000085000000|100%| S|CS|TAMS 0x0000000084f00000, 0x0000000084f00000| Complete 
|  80|0x0000000085000000, 0x0000000085100000, 0x0000000085100000|100%| S|CS|TAMS 0x0000000085000000, 0x0000000085000000| Complete 
|  81|0x0000000085100000, 0x0000000085200000, 0x0000000085200000|100%| S|CS|TAMS 0x0000000085100000, 0x0000000085100000| Complete 
|  82|0x0000000085200000, 0x0000000085300000, 0x0000000085300000|100%| S|CS|TAMS 0x0000000085200000, 0x0000000085200000| Complete 
|  83|0x0000000085300000, 0x0000000085400000, 0x0000000085400000|100%| S|CS|TAMS 0x0000000085300000, 0x0000000085300000| Complete 
|  84|0x0000000085400000, 0x0000000085400000, 0x0000000085500000|  0%| F|  |TAMS 0x0000000085400000, 0x0000000085400000| Untracked 
|  85|0x0000000085500000, 0x0000000085500000, 0x0000000085600000|  0%| F|  |TAMS 0x0000000085500000, 0x0000000085500000| Untracked 
|  86|0x0000000085600000, 0x0000000085600000, 0x0000000085700000|  0%| F|  |TAMS 0x0000000085600000, 0x0000000085600000| Untracked 
|  87|0x0000000085700000, 0x0000000085700000, 0x0000000085800000|  0%| F|  |TAMS 0x0000000085700000, 0x0000000085700000| Untracked 
|  88|0x0000000085800000, 0x0000000085800000, 0x0000000085900000|  0%| F|  |TAMS 0x0000000085800000, 0x0000000085800000| Untracked 
|  89|0x0000000085900000, 0x0000000085900000, 0x0000000085a00000|  0%| F|  |TAMS 0x0000000085900000, 0x0000000085900000| Untracked 
|  90|0x0000000085a00000, 0x0000000085a00000, 0x0000000085b00000|  0%| F|  |TAMS 0x0000000085a00000, 0x0000000085a00000| Untracked 
|  91|0x0000000085b00000, 0x0000000085b00000, 0x0000000085c00000|  0%| F|  |TAMS 0x0000000085b00000, 0x0000000085b00000| Untracked 
|  92|0x0000000085c00000, 0x0000000085c00000, 0x0000000085d00000|  0%| F|  |TAMS 0x0000000085c00000, 0x0000000085c00000| Untracked 
|  93|0x0000000085d00000, 0x0000000085d00000, 0x0000000085e00000|  0%| F|  |TAMS 0x0000000085d00000, 0x0000000085d00000| Untracked 
|  94|0x0000000085e00000, 0x0000000085e00000, 0x0000000085f00000|  0%| F|  |TAMS 0x0000000085e00000, 0x0000000085e00000| Untracked 
|  95|0x0000000085f00000, 0x0000000085f00000, 0x0000000086000000|  0%| F|  |TAMS 0x0000000085f00000, 0x0000000085f00000| Untracked 
|  96|0x0000000086000000, 0x0000000086000000, 0x0000000086100000|  0%| F|  |TAMS 0x0000000086000000, 0x0000000086000000| Untracked 
|  97|0x0000000086100000, 0x0000000086100000, 0x0000000086200000|  0%| F|  |TAMS 0x0000000086100000, 0x0000000086100000| Untracked 
|  98|0x0000000086200000, 0x0000000086280800, 0x0000000086300000| 50%| E|  |TAMS 0x0000000086200000, 0x0000000086200000| Complete 
|  99|0x0000000086300000, 0x0000000086400000, 0x0000000086400000|100%| E|CS|TAMS 0x0000000086300000, 0x0000000086300000| Complete 
| 100|0x0000000086400000, 0x0000000086500000, 0x0000000086500000|100%| E|CS|TAMS 0x0000000086400000, 0x0000000086400000| Complete 
| 101|0x0000000086500000, 0x0000000086600000, 0x0000000086600000|100%| E|CS|TAMS 0x0000000086500000, 0x0000000086500000| Complete 
| 102|0x0000000086600000, 0x0000000086700000, 0x0000000086700000|100%| E|CS|TAMS 0x0000000086600000, 0x0000000086600000| Complete 
| 103|0x0000000086700000, 0x0000000086800000, 0x0000000086800000|100%| E|CS|TAMS 0x0000000086700000, 0x0000000086700000| Complete 
| 104|0x0000000086800000, 0x0000000086900000, 0x0000000086900000|100%| E|CS|TAMS 0x0000000086800000, 0x0000000086800000| Complete 
| 105|0x0000000086900000, 0x0000000086a00000, 0x0000000086a00000|100%| E|CS|TAMS 0x0000000086900000, 0x0000000086900000| Complete 
| 106|0x0000000086a00000, 0x0000000086b00000, 0x0000000086b00000|100%| E|CS|TAMS 0x0000000086a00000, 0x0000000086a00000| Complete 
| 107|0x0000000086b00000, 0x0000000086c00000, 0x0000000086c00000|100%| E|CS|TAMS 0x0000000086b00000, 0x0000000086b00000| Complete 
| 108|0x0000000086c00000, 0x0000000086d00000, 0x0000000086d00000|100%| E|CS|TAMS 0x0000000086c00000, 0x0000000086c00000| Complete 
| 109|0x0000000086d00000, 0x0000000086e00000, 0x0000000086e00000|100%| E|CS|TAMS 0x0000000086d00000, 0x0000000086d00000| Complete 
| 110|0x0000000086e00000, 0x0000000086f00000, 0x0000000086f00000|100%| E|CS|TAMS 0x0000000086e00000, 0x0000000086e00000| Complete 
| 200|0x000000008c800000, 0x000000008c900000, 0x000000008c900000|100%| E|CS|TAMS 0x000000008c800000, 0x000000008c800000| Complete 
| 201|0x000000008c900000, 0x000000008ca00000, 0x000000008ca00000|100%| E|CS|TAMS 0x000000008c900000, 0x000000008c900000| Complete 
| 202|0x000000008ca00000, 0x000000008cb00000, 0x000000008cb00000|100%| E|CS|TAMS 0x000000008ca00000, 0x000000008ca00000| Complete 
| 203|0x000000008cb00000, 0x000000008cc00000, 0x000000008cc00000|100%| E|CS|TAMS 0x000000008cb00000, 0x000000008cb00000| Complete 
| 204|0x000000008cc00000, 0x000000008cd00000, 0x000000008cd00000|100%| E|CS|TAMS 0x000000008cc00000, 0x000000008cc00000| Complete 
| 205|0x000000008cd00000, 0x000000008ce00000, 0x000000008ce00000|100%| E|CS|TAMS 0x000000008cd00000, 0x000000008cd00000| Complete 
| 206|0x000000008ce00000, 0x000000008cf00000, 0x000000008cf00000|100%| E|CS|TAMS 0x000000008ce00000, 0x000000008ce00000| Complete 
| 207|0x000000008cf00000, 0x000000008d000000, 0x000000008d000000|100%| E|CS|TAMS 0x000000008cf00000, 0x000000008cf00000| Complete 
| 251|0x000000008fb00000, 0x000000008fc00000, 0x000000008fc00000|100%| E|CS|TAMS 0x000000008fb00000, 0x000000008fb00000| Complete 

Card table byte_map: [0x00000256183e0000,0x00000256187e0000] _byte_map_base: 0x0000025617fe0000

Marking Bits (Prev, Next): (CMBitMap*) 0x0000025605845e70, (CMBitMap*) 0x0000025605845eb0
 Prev Bits: [0x0000025618be0000, 0x000002561abe0000)
 Next Bits: [0x000002561abe0000, 0x000002561cbe0000)

Polling page: 0x0000025604fb0000

Metaspace:

Usage:
  Non-class:     74.12 MB used.
      Class:     11.73 MB used.
       Both:     85.85 MB used.

Virtual space:
  Non-class space:       80.00 MB reserved,      74.50 MB ( 93%) committed,  10 nodes.
      Class space:        1.00 GB reserved,      12.06 MB (  1%) committed,  1 nodes.
             Both:        1.08 GB reserved,      86.56 MB (  8%) committed. 

Chunk freelists:
   Non-Class:  1.17 MB
       Class:  3.87 MB
        Both:  5.04 MB

MaxMetaspaceSize: unlimited
CompressedClassSpaceSize: 1.00 GB
Initial GC threshold: 21.00 MB
Current GC threshold: 144.06 MB
CDS: off
MetaspaceReclaimPolicy: balanced
 - commit_granule_bytes: 65536.
 - commit_granule_words: 8192.
 - virtual_space_node_default_size: 1048576.
 - enlarge_chunks_in_place: 1.
 - new_chunks_are_fully_committed: 0.
 - uncommit_free_chunks: 1.
 - use_allocation_guard: 0.
 - handle_deallocations: 1.


Internal statistics:

num_allocs_failed_limit: 6.
num_arena_births: 868.
num_arena_deaths: 0.
num_vsnodes_births: 11.
num_vsnodes_deaths: 0.
num_space_committed: 1385.
num_space_uncommitted: 0.
num_chunks_returned_to_freelist: 6.
num_chunks_taken_from_freelist: 3973.
num_chunk_merges: 6.
num_chunk_splits: 2676.
num_chunks_enlarged: 1836.
num_purges: 0.
num_inconsistent_stats: 0.

CodeHeap 'non-profiled nmethods': size=120000Kb used=5147Kb max_used=5147Kb free=114853Kb
 bounds [0x0000025610780000, 0x0000025610c90000, 0x0000025617cb0000]
CodeHeap 'profiled nmethods': size=120000Kb used=15687Kb max_used=15687Kb free=104313Kb
 bounds [0x0000025608cb0000, 0x0000025609c10000, 0x00000256101e0000]
CodeHeap 'non-nmethods': size=5760Kb used=2396Kb max_used=2456Kb free=3363Kb
 bounds [0x00000256101e0000, 0x0000025610450000, 0x0000025610780000]
 total_blobs=9000 nmethods=8086 adapters=826
 compilation: enabled
              stopped_count=0, restarted_count=0
 full_count=0

Compilation events (20 events):
Event: 7.596 Thread 0x00000256200721d0 nmethod 8867 0x0000025610c81d10 code [0x0000025610c81fe0, 0x0000025610c84000]
Event: 7.596 Thread 0x00000256200721d0 8915       4       org.codehaus.groovy.util.SingleKeyHashMap::getOrPut (137 bytes)
Event: 7.597 Thread 0x00000256200747e0 8921   !   3       java.beans.PropertyDescriptor::<init> (349 bytes)
Event: 7.601 Thread 0x00000256200747e0 nmethod 8921 0x0000025609bee190 code [0x0000025609beeaa0, 0x0000025609bf4ac8]
Event: 7.601 Thread 0x00000256200747e0 8922       3       java.beans.PropertyDescriptor::isAssignable (148 bytes)
Event: 7.605 Thread 0x00000256200747e0 nmethod 8922 0x0000025609bf6890 code [0x0000025609bf7000, 0x0000025609bfb478]
Event: 7.605 Thread 0x00000256200747e0 8924       3       com.sun.beans.util.Cache::hash (49 bytes)
Event: 7.605 Thread 0x00000256200747e0 nmethod 8924 0x0000025609bfc910 code [0x0000025609bfcac0, 0x0000025609bfcd58]
Event: 7.605 Thread 0x00000256200747e0 8923       3       java.beans.PropertyDescriptor::setPropertyEditorClass (9 bytes)
Event: 7.605 Thread 0x00000256200747e0 nmethod 8923 0x0000025609bfce10 code [0x0000025609bfcfe0, 0x0000025609bfd368]
Event: 7.605 Thread 0x00000256200747e0 8925       3       java.util.LinkedList$ListItr::set (28 bytes)
Event: 7.605 Thread 0x00000256200747e0 nmethod 8925 0x0000025609bfd490 code [0x0000025609bfd660, 0x0000025609bfda58]
Event: 7.607 Thread 0x00000256200747e0 8926       1       org.codehaus.groovy.reflection.stdclasses.ObjectCachedClass::isAssignableFrom (2 bytes)
Event: 7.607 Thread 0x00000256200747e0 nmethod 8926 0x0000025610c85510 code [0x0000025610c856a0, 0x0000025610c85778]
Event: 7.611 Thread 0x00000256200721d0 nmethod 8915 0x0000025610c85810 code [0x0000025610c859c0, 0x0000025610c86538]
Event: 7.611 Thread 0x00000256200721d0 8914       4       java.lang.reflect.Method::getGenericParameterTypes (5 bytes)
Event: 7.616 Thread 0x00000256200747e0 8928   !   3       sun.reflect.annotation.AnnotationParser::parseEnumValue (123 bytes)
Event: 7.617 Thread 0x00000256200747e0 nmethod 8928 0x0000025609bfdc10 code [0x0000025609bfdf40, 0x0000025609bfedc8]
Event: 7.617 Thread 0x00000256200747e0 8929       3       jdk.proxy1.$Proxy64::<init> (6 bytes)
Event: 7.617 Thread 0x00000256200747e0 nmethod 8929 0x0000025609bff490 code [0x0000025609bff660, 0x0000025609bff9e8]

GC Heap History (20 events):
Event: 4.626 GC heap before
{Heap before GC invocations=15 (full 0):
 garbage-first heap   total 86016K, used 66174K [0x0000000080000000, 0x0000000100000000)
  region size 1024K, 27 young (27648K), 5 survivors (5120K)
 Metaspace       used 59371K, committed 59904K, reserved 1105920K
  class space    used 7881K, committed 8128K, reserved 1048576K
}
Event: 4.629 GC heap after
{Heap after GC invocations=16 (full 0):
 garbage-first heap   total 86016K, used 44826K [0x0000000080000000, 0x0000000100000000)
  region size 1024K, 1 young (1024K), 1 survivors (1024K)
 Metaspace       used 59371K, committed 59904K, reserved 1105920K
  class space    used 7881K, committed 8128K, reserved 1048576K
}
Event: 4.943 GC heap before
{Heap before GC invocations=17 (full 0):
 garbage-first heap   total 86016K, used 67354K [0x0000000080000000, 0x0000000100000000)
  region size 1024K, 23 young (23552K), 1 survivors (1024K)
 Metaspace       used 63746K, committed 64384K, reserved 1105920K
  class space    used 8486K, committed 8768K, reserved 1048576K
}
Event: 4.946 GC heap after
{Heap after GC invocations=18 (full 0):
 garbage-first heap   total 86016K, used 46768K [0x0000000080000000, 0x0000000100000000)
  region size 1024K, 3 young (3072K), 3 survivors (3072K)
 Metaspace       used 63746K, committed 64384K, reserved 1105920K
  class space    used 8486K, committed 8768K, reserved 1048576K
}
Event: 4.961 GC heap before
{Heap before GC invocations=18 (full 0):
 garbage-first heap   total 86016K, used 47792K [0x0000000080000000, 0x0000000100000000)
  region size 1024K, 5 young (5120K), 3 survivors (3072K)
 Metaspace       used 63795K, committed 64384K, reserved 1105920K
  class space    used 8492K, committed 8768K, reserved 1048576K
}
Event: 4.963 GC heap after
{Heap after GC invocations=19 (full 0):
 garbage-first heap   total 86016K, used 47140K [0x0000000080000000, 0x0000000100000000)
  region size 1024K, 1 young (1024K), 1 survivors (1024K)
 Metaspace       used 63795K, committed 64384K, reserved 1105920K
  class space    used 8492K, committed 8768K, reserved 1048576K
}
Event: 5.097 GC heap before
{Heap before GC invocations=20 (full 0):
 garbage-first heap   total 102400K, used 72740K [0x0000000080000000, 0x0000000100000000)
  region size 1024K, 20 young (20480K), 1 survivors (1024K)
 Metaspace       used 64799K, committed 65280K, reserved 1105920K
  class space    used 8625K, committed 8832K, reserved 1048576K
}
Event: 5.099 GC heap after
{Heap after GC invocations=21 (full 0):
 garbage-first heap   total 102400K, used 48959K [0x0000000080000000, 0x0000000100000000)
  region size 1024K, 3 young (3072K), 3 survivors (3072K)
 Metaspace       used 64799K, committed 65280K, reserved 1105920K
  class space    used 8625K, committed 8832K, reserved 1048576K
}
Event: 5.343 GC heap before
{Heap before GC invocations=21 (full 0):
 garbage-first heap   total 102400K, used 74559K [0x0000000080000000, 0x0000000100000000)
  region size 1024K, 29 young (29696K), 3 survivors (3072K)
 Metaspace       used 67178K, committed 67776K, reserved 1114112K
  class space    used 8921K, committed 9216K, reserved 1048576K
}
Event: 5.346 GC heap after
{Heap after GC invocations=22 (full 0):
 garbage-first heap   total 122880K, used 51003K [0x0000000080000000, 0x0000000100000000)
  region size 1024K, 3 young (3072K), 3 survivors (3072K)
 Metaspace       used 67178K, committed 67776K, reserved 1114112K
  class space    used 8921K, committed 9216K, reserved 1048576K
}
Event: 5.747 GC heap before
{Heap before GC invocations=23 (full 0):
 garbage-first heap   total 122880K, used 88891K [0x0000000080000000, 0x0000000100000000)
  region size 1024K, 40 young (40960K), 3 survivors (3072K)
 Metaspace       used 72114K, committed 72640K, reserved 1114112K
  class space    used 9593K, committed 9856K, reserved 1048576K
}
Event: 5.750 GC heap after
{Heap after GC invocations=24 (full 0):
 garbage-first heap   total 122880K, used 53477K [0x0000000080000000, 0x0000000100000000)
  region size 1024K, 5 young (5120K), 5 survivors (5120K)
 Metaspace       used 72114K, committed 72640K, reserved 1114112K
  class space    used 9593K, committed 9856K, reserved 1048576K
}
Event: 6.155 GC heap before
{Heap before GC invocations=24 (full 0):
 garbage-first heap   total 122880K, used 92389K [0x0000000080000000, 0x0000000100000000)
  region size 1024K, 42 young (43008K), 5 survivors (5120K)
 Metaspace       used 75664K, committed 76224K, reserved 1122304K
  class space    used 10138K, committed 10432K, reserved 1048576K
}
Event: 6.159 GC heap after
{Heap after GC invocations=25 (full 0):
 garbage-first heap   total 122880K, used 55191K [0x0000000080000000, 0x0000000100000000)
  region size 1024K, 5 young (5120K), 5 survivors (5120K)
 Metaspace       used 75664K, committed 76224K, reserved 1122304K
  class space    used 10138K, committed 10432K, reserved 1048576K
}
Event: 6.642 GC heap before
{Heap before GC invocations=25 (full 0):
 garbage-first heap   total 122880K, used 93079K [0x0000000080000000, 0x0000000100000000)
  region size 1024K, 42 young (43008K), 5 survivors (5120K)
 Metaspace       used 80020K, committed 80640K, reserved 1122304K
  class space    used 10882K, committed 11200K, reserved 1048576K
}
Event: 6.649 GC heap after
{Heap after GC invocations=26 (full 0):
 garbage-first heap   total 122880K, used 57928K [0x0000000080000000, 0x0000000100000000)
  region size 1024K, 5 young (5120K), 5 survivors (5120K)
 Metaspace       used 80020K, committed 80640K, reserved 1122304K
  class space    used 10882K, committed 11200K, reserved 1048576K
}
Event: 7.125 GC heap before
{Heap before GC invocations=26 (full 0):
 garbage-first heap   total 122880K, used 95816K [0x0000000080000000, 0x0000000100000000)
  region size 1024K, 42 young (43008K), 5 survivors (5120K)
 Metaspace       used 84224K, committed 84864K, reserved 1122304K
  class space    used 11547K, committed 11840K, reserved 1048576K
}
Event: 7.131 GC heap after
{Heap after GC invocations=27 (full 0):
 garbage-first heap   total 122880K, used 60380K [0x0000000080000000, 0x0000000100000000)
  region size 1024K, 6 young (6144K), 6 survivors (6144K)
 Metaspace       used 84224K, committed 84864K, reserved 1122304K
  class space    used 11547K, committed 11840K, reserved 1048576K
}
Event: 7.482 GC heap before
{Heap before GC invocations=27 (full 0):
 garbage-first heap   total 122880K, used 97244K [0x0000000080000000, 0x0000000100000000)
  region size 1024K, 42 young (43008K), 6 survivors (6144K)
 Metaspace       used 87751K, committed 88384K, reserved 1130496K
  class space    used 11997K, committed 12288K, reserved 1048576K
}
Event: 7.488 GC heap after
{Heap after GC invocations=28 (full 0):
 garbage-first heap   total 122880K, used 64260K [0x0000000080000000, 0x0000000100000000)
  region size 1024K, 6 young (6144K), 6 survivors (6144K)
 Metaspace       used 87751K, committed 88384K, reserved 1130496K
  class space    used 11997K, committed 12288K, reserved 1048576K
}

Dll operation events (2 events):
Event: 0.005 Loaded shared library E:\Android Studio\jbr\bin\java.dll
Event: 0.246 Loaded shared library E:\Android Studio\jbr\bin\verify.dll

Deoptimization events (20 events):
Event: 7.446 Thread 0x00000256217907c0 Uncommon trap: trap_request=0xffffff45 fr.pc=0x0000025610ae5ae4 relative=0x0000000000000624
Event: 7.446 Thread 0x00000256217907c0 Uncommon trap: reason=unstable_if action=reinterpret pc=0x0000025610ae5ae4 method=java.util.HashMap$HashIterator.<init>(Ljava/util/HashMap;)V @ 45 c2
Event: 7.446 Thread 0x00000256217907c0 DEOPT PACKING pc=0x0000025610ae5ae4 sp=0x000000bafa1fb730
Event: 7.446 Thread 0x00000256217907c0 DEOPT UNPACKING pc=0x000002561023a1a3 sp=0x000000bafa1fb5c0 mode 2
Event: 7.447 Thread 0x00000256217907c0 Uncommon trap: trap_request=0xffffff45 fr.pc=0x000002561086b5e0 relative=0x0000000000000060
Event: 7.447 Thread 0x00000256217907c0 Uncommon trap: reason=unstable_if action=reinterpret pc=0x000002561086b5e0 method=java.lang.Class.getComponentType()Ljava/lang/Class; @ 4 c2
Event: 7.447 Thread 0x00000256217907c0 DEOPT PACKING pc=0x000002561086b5e0 sp=0x000000bafa1fa5c0
Event: 7.447 Thread 0x00000256217907c0 DEOPT UNPACKING pc=0x000002561023a1a3 sp=0x000000bafa1fa550 mode 2
Event: 7.455 Thread 0x00000256217907c0 Uncommon trap: trap_request=0xffffff45 fr.pc=0x0000025610c5c0dc relative=0x000000000000011c
Event: 7.455 Thread 0x00000256217907c0 Uncommon trap: reason=unstable_if action=reinterpret pc=0x0000025610c5c0dc method=sun.reflect.generics.parser.SignatureParser.parseTypeSignature()Lsun/reflect/generics/tree/TypeSignature; @ 4 c2
Event: 7.455 Thread 0x00000256217907c0 DEOPT PACKING pc=0x0000025610c5c0dc sp=0x000000bafa1f7ae0
Event: 7.455 Thread 0x00000256217907c0 DEOPT UNPACKING pc=0x000002561023a1a3 sp=0x000000bafa1f7ab8 mode 2
Event: 7.516 Thread 0x00000256217907c0 Uncommon trap: trap_request=0xffffff45 fr.pc=0x0000025610b1ecac relative=0x0000000000000e6c
Event: 7.516 Thread 0x00000256217907c0 Uncommon trap: reason=unstable_if action=reinterpret pc=0x0000025610b1ecac method=java.lang.ClassLoader.checkCerts(Ljava/lang/String;Ljava/security/CodeSource;)V @ 30 c2
Event: 7.516 Thread 0x00000256217907c0 DEOPT PACKING pc=0x0000025610b1ecac sp=0x000000bafa1f72a0
Event: 7.516 Thread 0x00000256217907c0 DEOPT UNPACKING pc=0x000002561023a1a3 sp=0x000000bafa1f7278 mode 2
Event: 7.516 Thread 0x00000256217907c0 Uncommon trap: trap_request=0xffffff45 fr.pc=0x0000025610a7b8e4 relative=0x0000000000005fc4
Event: 7.516 Thread 0x00000256217907c0 Uncommon trap: reason=unstable_if action=reinterpret pc=0x0000025610a7b8e4 method=java.lang.ClassLoader.loadClass(Ljava/lang/String;Z)Ljava/lang/Class; @ 29 c2
Event: 7.516 Thread 0x00000256217907c0 DEOPT PACKING pc=0x0000025610a7b8e4 sp=0x000000bafa1f3310
Event: 7.516 Thread 0x00000256217907c0 DEOPT UNPACKING pc=0x000002561023a1a3 sp=0x000000bafa1f3388 mode 2

Classes unloaded (0 events):
No events

Classes redefined (0 events):
No events

Internal exceptions (20 events):
Event: 7.589 Thread 0x00000256217907c0 Exception <a 'java/lang/ClassNotFoundException'{0x0000000086b99380}: com/android/build/gradle/tasks/ProcessApplicationManifest_DecoratedBeanInfo> (0x0000000086b99380) 
thrown [s\src\hotspot\share\classfile\systemDictionary.cpp, line 256]
Event: 7.589 Thread 0x00000256217907c0 Exception <a 'java/lang/ClassNotFoundException'{0x0000000086ba4e58}: com/android/build/gradle/tasks/ProcessApplicationManifestBeanInfo> (0x0000000086ba4e58) 
thrown [s\src\hotspot\share\classfile\systemDictionary.cpp, line 256]
Event: 7.590 Thread 0x00000256217907c0 Exception <a 'java/lang/ClassNotFoundException'{0x0000000086bb1850}: com/android/build/gradle/tasks/ManifestProcessorTaskBeanInfo> (0x0000000086bb1850) 
thrown [s\src\hotspot\share\classfile\systemDictionary.cpp, line 256]
Event: 7.590 Thread 0x00000256217907c0 Exception <a 'java/lang/ClassNotFoundException'{0x0000000086bbdcd8}: com/android/build/gradle/tasks/ManifestProcessorTaskCustomizer> (0x0000000086bbdcd8) 
thrown [s\src\hotspot\share\classfile\systemDictionary.cpp, line 256]
Event: 7.591 Thread 0x00000256217907c0 Exception <a 'java/lang/ClassNotFoundException'{0x0000000086bda2f0}: com/android/build/gradle/tasks/ProcessApplicationManifestCustomizer> (0x0000000086bda2f0) 
thrown [s\src\hotspot\share\classfile\systemDictionary.cpp, line 256]
Event: 7.593 Thread 0x00000256217907c0 Exception <a 'java/lang/ClassNotFoundException'{0x0000000086a286c0}: com/android/build/gradle/tasks/ProcessApplicationManifest_DecoratedCustomizer> (0x0000000086a286c0) 
thrown [s\src\hotspot\share\classfile\systemDictionary.cpp, line 256]
Event: 7.602 Thread 0x00000256217907c0 Exception <a 'java/lang/ClassNotFoundException'{0x0000000086910b10}: com/android/build/gradle/tasks/ProcessMultiApkApplicationManifest_DecoratedBeanInfo> (0x0000000086910b10) 
thrown [s\src\hotspot\share\classfile\systemDictionary.cpp, line 256]
Event: 7.603 Thread 0x00000256217907c0 Exception <a 'java/lang/ClassNotFoundException'{0x000000008691c6d8}: com/android/build/gradle/tasks/ProcessMultiApkApplicationManifestBeanInfo> (0x000000008691c6d8) 
thrown [s\src\hotspot\share\classfile\systemDictionary.cpp, line 256]
Event: 7.603 Thread 0x00000256217907c0 Exception <a 'java/lang/ClassNotFoundException'{0x0000000086927fd8}: com/android/build/gradle/tasks/ProcessMultiApkApplicationManifestCustomizer> (0x0000000086927fd8) 
thrown [s\src\hotspot\share\classfile\systemDictionary.cpp, line 256]
Event: 7.604 Thread 0x00000256217907c0 Exception <a 'java/lang/ClassNotFoundException'{0x000000008694bc88}: com/android/build/gradle/tasks/ProcessMultiApkApplicationManifest_DecoratedCustomizer> (0x000000008694bc88) 
thrown [s\src\hotspot\share\classfile\systemDictionary.cpp, line 256]
Event: 7.608 Thread 0x00000256217907c0 Exception <a 'java/lang/ClassNotFoundException'{0x00000000869f3658}: com/android/build/gradle/tasks/ProcessPackagedManifestTask_DecoratedBeanInfo> (0x00000000869f3658) 
thrown [s\src\hotspot\share\classfile\systemDictionary.cpp, line 256]
Event: 7.608 Thread 0x00000256217907c0 Exception <a 'java/lang/ClassNotFoundException'{0x00000000869ff130}: com/android/build/gradle/tasks/ProcessPackagedManifestTaskBeanInfo> (0x00000000869ff130) 
thrown [s\src\hotspot\share\classfile\systemDictionary.cpp, line 256]
Event: 7.608 Thread 0x00000256217907c0 Exception <a 'java/lang/ClassNotFoundException'{0x000000008680ae68}: com/android/build/gradle/tasks/ProcessPackagedManifestTaskCustomizer> (0x000000008680ae68) 
thrown [s\src\hotspot\share\classfile\systemDictionary.cpp, line 256]
Event: 7.610 Thread 0x00000256217907c0 Exception <a 'java/lang/ClassNotFoundException'{0x000000008682d8d0}: com/android/build/gradle/tasks/ProcessPackagedManifestTask_DecoratedCustomizer> (0x000000008682d8d0) 
thrown [s\src\hotspot\share\classfile\systemDictionary.cpp, line 256]
Event: 7.614 Thread 0x00000256217907c0 Exception <a 'java/lang/ClassNotFoundException'{0x000000008672bdb8}: com/android/build/gradle/internal/res/LinkApplicationAndroidResourcesTask_DecoratedBeanInfo> (0x000000008672bdb8) 
thrown [s\src\hotspot\share\classfile\systemDictionary.cpp, line 256]
Event: 7.614 Thread 0x00000256217907c0 Exception <a 'java/lang/ClassNotFoundException'{0x0000000086737b80}: com/android/build/gradle/internal/res/LinkApplicationAndroidResourcesTaskBeanInfo> (0x0000000086737b80) 
thrown [s\src\hotspot\share\classfile\systemDictionary.cpp, line 256]
Event: 7.615 Thread 0x00000256217907c0 Exception <a 'java/lang/ClassNotFoundException'{0x00000000867442f0}: com/android/build/gradle/tasks/ProcessAndroidResourcesBeanInfo> (0x00000000867442f0) 
thrown [s\src\hotspot\share\classfile\systemDictionary.cpp, line 256]
Event: 7.615 Thread 0x00000256217907c0 Exception <a 'java/lang/ClassNotFoundException'{0x000000008674fd38}: com/android/build/gradle/tasks/ProcessAndroidResourcesCustomizer> (0x000000008674fd38) 
thrown [s\src\hotspot\share\classfile\systemDictionary.cpp, line 256]
Event: 7.616 Thread 0x00000256217907c0 Exception <a 'java/lang/ClassNotFoundException'{0x000000008676c660}: com/android/build/gradle/internal/res/LinkApplicationAndroidResourcesTaskCustomizer> (0x000000008676c660) 
thrown [s\src\hotspot\share\classfile\systemDictionary.cpp, line 256]
Event: 7.617 Thread 0x00000256217907c0 Exception <a 'java/lang/ClassNotFoundException'{0x00000000867cf780}: com/android/build/gradle/internal/res/LinkApplicationAndroidResourcesTask_DecoratedCustomizer> (0x00000000867cf780) 
thrown [s\src\hotspot\share\classfile\systemDictionary.cpp, line 256]

VM Operations (20 events):
Event: 7.087 Executing VM operation: HandshakeAllThreads
Event: 7.087 Executing VM operation: HandshakeAllThreads done
Event: 7.125 Executing VM operation: G1CollectForAllocation
Event: 7.131 Executing VM operation: G1CollectForAllocation done
Event: 7.211 Executing VM operation: HandshakeAllThreads
Event: 7.211 Executing VM operation: HandshakeAllThreads done
Event: 7.238 Executing VM operation: HandshakeAllThreads
Event: 7.238 Executing VM operation: HandshakeAllThreads done
Event: 7.248 Executing VM operation: HandshakeAllThreads
Event: 7.249 Executing VM operation: HandshakeAllThreads done
Event: 7.314 Executing VM operation: HandshakeAllThreads
Event: 7.314 Executing VM operation: HandshakeAllThreads done
Event: 7.413 Executing VM operation: ICBufferFull
Event: 7.413 Executing VM operation: ICBufferFull done
Event: 7.482 Executing VM operation: G1CollectForAllocation
Event: 7.488 Executing VM operation: G1CollectForAllocation done
Event: 7.532 Executing VM operation: G1Concurrent
Event: 7.535 Executing VM operation: G1Concurrent done
Event: 7.553 Executing VM operation: G1Concurrent
Event: 7.553 Executing VM operation: G1Concurrent done

Events (20 events):
Event: 7.455 loading class java/util/AbstractCollectionBeanInfo
Event: 7.455 loading class java/util/AbstractCollectionBeanInfo done
Event: 7.455 loading class java/util/AbstractCollectionBeanInfo
Event: 7.455 loading class java/util/AbstractCollectionBeanInfo done
Event: 7.455 loading class java/util/AbstractCollectionCustomizer
Event: 7.455 loading class java/util/AbstractCollectionCustomizer done
Event: 7.455 loading class java/util/AbstractCollectionCustomizer
Event: 7.455 loading class java/util/AbstractCollectionCustomizer done
Event: 7.455 loading class sun/reflect/generics/tree/BooleanSignature
Event: 7.455 loading class sun/reflect/generics/tree/BooleanSignature done
Event: 7.455 loading class sun/reflect/generics/reflectiveObjects/GenericArrayTypeImpl
Event: 7.455 loading class sun/reflect/generics/reflectiveObjects/GenericArrayTypeImpl done
Event: 7.509 loading class java/lang/ClassBeanInfo
Event: 7.509 loading class java/lang/ClassBeanInfo done
Event: 7.509 loading class java/lang/ClassBeanInfo
Event: 7.509 loading class java/lang/ClassBeanInfo done
Event: 7.509 loading class java/lang/ClassCustomizer
Event: 7.509 loading class java/lang/ClassCustomizer done
Event: 7.509 loading class java/lang/ClassCustomizer
Event: 7.509 loading class java/lang/ClassCustomizer done


Dynamic libraries:
0x00007ff619180000 - 0x00007ff61918a000 	E:\Android Studio\jbr\bin\java.exe
0x00007fff96210000 - 0x00007fff96424000 	C:\WINDOWS\SYSTEM32\ntdll.dll
0x00007fff958e0000 - 0x00007fff959a4000 	C:\WINDOWS\System32\KERNEL32.DLL
0x00007fff93800000 - 0x00007fff93ba4000 	C:\WINDOWS\System32\KERNELBASE.dll
0x00007fff93bb0000 - 0x00007fff93cc1000 	C:\WINDOWS\System32\ucrtbase.dll
0x00007fff62f40000 - 0x00007fff62f57000 	E:\Android Studio\jbr\bin\jli.dll
0x00007fff8c3a0000 - 0x00007fff8c3bb000 	E:\Android Studio\jbr\bin\VCRUNTIME140.dll
0x00007fff95cc0000 - 0x00007fff95e6a000 	C:\WINDOWS\System32\USER32.dll
0x00007fff93cd0000 - 0x00007fff93cf6000 	C:\WINDOWS\System32\win32u.dll
0x00007fff7a060000 - 0x00007fff7a2ef000 	C:\WINDOWS\WinSxS\amd64_microsoft.windows.common-controls_6595b64144ccf1df_6.0.22621.2070_none_2713e6537381f706\COMCTL32.dll
0x00007fff96100000 - 0x00007fff961a7000 	C:\WINDOWS\System32\msvcrt.dll
0x00007fff95ff0000 - 0x00007fff96019000 	C:\WINDOWS\System32\GDI32.dll
0x00007fff935f0000 - 0x00007fff93709000 	C:\WINDOWS\System32\gdi32full.dll
0x00007fff93dc0000 - 0x00007fff93e5a000 	C:\WINDOWS\System32\msvcp_win.dll
0x00007fff957f0000 - 0x00007fff95821000 	C:\WINDOWS\System32\IMM32.DLL
0x00007fff8e610000 - 0x00007fff8e61c000 	E:\Android Studio\jbr\bin\vcruntime140_1.dll
0x00007fff53c80000 - 0x00007fff53d0d000 	E:\Android Studio\jbr\bin\msvcp140.dll
0x00007fff4d300000 - 0x00007fff4df6e000 	E:\Android Studio\jbr\bin\server\jvm.dll
0x00007fff95c00000 - 0x00007fff95cb0000 	C:\WINDOWS\System32\ADVAPI32.dll
0x00007fff95830000 - 0x00007fff958d6000 	C:\WINDOWS\System32\sechost.dll
0x00007fff95ae0000 - 0x00007fff95bf7000 	C:\WINDOWS\System32\RPCRT4.dll
0x00007fff85780000 - 0x00007fff85789000 	C:\WINDOWS\SYSTEM32\WSOCK32.dll
0x00007fff892d0000 - 0x00007fff89304000 	C:\WINDOWS\SYSTEM32\WINMM.dll
0x00007fff890b0000 - 0x00007fff890ba000 	C:\WINDOWS\SYSTEM32\VERSION.dll
0x00007fff94270000 - 0x00007fff942e1000 	C:\WINDOWS\System32\WS2_32.dll
0x00007fff925a0000 - 0x00007fff925b8000 	C:\WINDOWS\SYSTEM32\kernel.appcore.dll
0x00007fff7e450000 - 0x00007fff7e45a000 	E:\Android Studio\jbr\bin\jimage.dll
0x00007fff91130000 - 0x00007fff9135e000 	C:\WINDOWS\SYSTEM32\DBGHELP.DLL
0x00007fff942f0000 - 0x00007fff9467a000 	C:\WINDOWS\System32\combase.dll
0x00007fff94190000 - 0x00007fff94267000 	C:\WINDOWS\System32\OLEAUT32.dll
0x00007fff7f7b0000 - 0x00007fff7f7e2000 	C:\WINDOWS\SYSTEM32\dbgcore.DLL
0x00007fff93780000 - 0x00007fff937fa000 	C:\WINDOWS\System32\bcryptPrimitives.dll
0x00007fff6ee00000 - 0x00007fff6ee25000 	E:\Android Studio\jbr\bin\java.dll
0x00007fff6d840000 - 0x00007fff6d858000 	E:\Android Studio\jbr\bin\zip.dll
0x00007fff94680000 - 0x00007fff94e96000 	C:\WINDOWS\System32\SHELL32.dll
0x00007fff915c0000 - 0x00007fff91eaa000 	C:\WINDOWS\SYSTEM32\windows.storage.dll
0x00007fff91480000 - 0x00007fff915be000 	C:\WINDOWS\SYSTEM32\wintypes.dll
0x00007fff95690000 - 0x00007fff95783000 	C:\WINDOWS\System32\SHCORE.dll
0x00007fff951a0000 - 0x00007fff951fe000 	C:\WINDOWS\System32\shlwapi.dll
0x00007fff93520000 - 0x00007fff93546000 	C:\WINDOWS\SYSTEM32\profapi.dll
0x00007fff68e60000 - 0x00007fff68e79000 	E:\Android Studio\jbr\bin\net.dll
0x00007fff8d7a0000 - 0x00007fff8d8d7000 	C:\WINDOWS\SYSTEM32\WINHTTP.dll
0x00007fff92ab0000 - 0x00007fff92b19000 	C:\WINDOWS\system32\mswsock.dll
0x00007fff68e00000 - 0x00007fff68e16000 	E:\Android Studio\jbr\bin\nio.dll
0x00007fff7b5c0000 - 0x00007fff7b5d0000 	E:\Android Studio\jbr\bin\verify.dll
0x00007fff7e000000 - 0x00007fff7e027000 	C:\Users\86135\.gradle\native\68d5fa5c4cc2d200863cafc0d521ce42e7d3e7ee720ec0a83991735586a16f82\windows-amd64\native-platform.dll
0x00007fff50fe0000 - 0x00007fff51124000 	C:\Users\86135\.gradle\native\e376f236ea51e6404a007f0833ffe2c6e607c4080706a723a18a27aeea778392\windows-amd64\native-platform-file-events.dll
0x00007fff79620000 - 0x00007fff79629000 	E:\Android Studio\jbr\bin\management.dll
0x00007fff793e0000 - 0x00007fff793eb000 	E:\Android Studio\jbr\bin\management_ext.dll
0x00007fff96020000 - 0x00007fff96028000 	C:\WINDOWS\System32\PSAPI.DLL
0x00007fff92d10000 - 0x00007fff92d2b000 	C:\WINDOWS\SYSTEM32\CRYPTSP.dll
0x00007fff925c0000 - 0x00007fff925f5000 	C:\WINDOWS\system32\rsaenh.dll
0x00007fff92ba0000 - 0x00007fff92bcc000 	C:\WINDOWS\SYSTEM32\USERENV.dll
0x00007fff92f30000 - 0x00007fff92f58000 	C:\WINDOWS\SYSTEM32\bcrypt.dll
0x00007fff92d00000 - 0x00007fff92d0c000 	C:\WINDOWS\SYSTEM32\CRYPTBASE.dll
0x00007fff92110000 - 0x00007fff9213d000 	C:\WINDOWS\SYSTEM32\IPHLPAPI.DLL
0x00007fff95cb0000 - 0x00007fff95cb9000 	C:\WINDOWS\System32\NSI.dll
0x00007fff8c2e0000 - 0x00007fff8c2f9000 	C:\WINDOWS\SYSTEM32\dhcpcsvc6.DLL
0x00007fff8c2c0000 - 0x00007fff8c2df000 	C:\WINDOWS\SYSTEM32\dhcpcsvc.DLL
0x00007fff92180000 - 0x00007fff92273000 	C:\WINDOWS\SYSTEM32\DNSAPI.dll
0x00007fff894d0000 - 0x00007fff894d8000 	C:\WINDOWS\system32\wshunix.dll

dbghelp: loaded successfully - version: 4.0.5 - missing functions: none
symbol engine: initialized successfully - sym options: 0x614 - pdb path: .;E:\Android Studio\jbr\bin;C:\WINDOWS\SYSTEM32;C:\WINDOWS\WinSxS\amd64_microsoft.windows.common-controls_6595b64144ccf1df_6.0.22621.2070_none_2713e6537381f706;E:\Android Studio\jbr\bin\server;C:\Users\86135\.gradle\native\68d5fa5c4cc2d200863cafc0d521ce42e7d3e7ee720ec0a83991735586a16f82\windows-amd64;C:\Users\86135\.gradle\native\e376f236ea51e6404a007f0833ffe2c6e607c4080706a723a18a27aeea778392\windows-amd64

VM Arguments:
jvm_args: --add-opens=java.base/java.util=ALL-UNNAMED --add-opens=java.base/java.lang=ALL-UNNAMED --add-opens=java.base/java.lang.invoke=ALL-UNNAMED --add-opens=java.prefs/java.util.prefs=ALL-UNNAMED --add-opens=java.base/java.nio.charset=ALL-UNNAMED --add-opens=java.base/java.net=ALL-UNNAMED --add-opens=java.base/java.util.concurrent.atomic=ALL-UNNAMED -Xmx2048m -Dfile.encoding=UTF-8 -Duser.country=CN -Duser.language=zh -Duser.variant 
java_command: org.gradle.launcher.daemon.bootstrap.GradleDaemon 8.0
java_class_path (initial): C:\Users\86135\.gradle\wrapper\dists\gradle-8.0-bin\ca5e32bp14vu59qr306oxotwh\gradle-8.0\lib\gradle-launcher-8.0.jar
Launcher Type: SUN_STANDARD

[Global flags]
     intx CICompilerCount                          = 4                                         {product} {ergonomic}
     uint ConcGCThreads                            = 2                                         {product} {ergonomic}
     uint G1ConcRefinementThreads                  = 8                                         {product} {ergonomic}
   size_t G1HeapRegionSize                         = 1048576                                   {product} {ergonomic}
    uintx GCDrainStackTargetSize                   = 64                                        {product} {ergonomic}
   size_t InitialHeapSize                          = 264241152                                 {product} {ergonomic}
   size_t MarkStackSize                            = 4194304                                   {product} {ergonomic}
   size_t MaxHeapSize                              = 2147483648                                {product} {command line}
   size_t MaxNewSize                               = 1287651328                                {product} {ergonomic}
   size_t MinHeapDeltaBytes                        = 1048576                                   {product} {ergonomic}
   size_t MinHeapSize                              = 8388608                                   {product} {ergonomic}
    uintx NonNMethodCodeHeapSize                   = 5839372                                {pd product} {ergonomic}
    uintx NonProfiledCodeHeapSize                  = 122909434                              {pd product} {ergonomic}
    uintx ProfiledCodeHeapSize                     = 122909434                              {pd product} {ergonomic}
    uintx ReservedCodeCacheSize                    = 251658240                              {pd product} {ergonomic}
     bool SegmentedCodeCache                       = true                                      {product} {ergonomic}
   size_t SoftMaxHeapSize                          = 2147483648                             {manageable} {ergonomic}
     bool UseCompressedClassPointers               = true                           {product lp64_product} {ergonomic}
     bool UseCompressedOops                        = true                           {product lp64_product} {ergonomic}
     bool UseG1GC                                  = true                                      {product} {ergonomic}
     bool UseLargePagesIndividualAllocation        = false                                  {pd product} {ergonomic}

Logging:
Log output configuration:
 #0: stdout all=warning uptime,level,tags
 #1: stderr all=off uptime,level,tags

Environment Variables:
JAVA_HOME=C:\Download\jdk-20_windows-x64_bin\jdk-20.0.2
CLASSPATH=.;%JAVAHOME%\lib;%JAVAHOME%\lib\tools.jar
PATH=C:\Program Files (x86)\Common Files\Intel\Shared Libraries\redist\intel64\compiler;C:\Program Files\PlasticSCM5\server;C:\Program Files\PlasticSCM5\client;C:\WINDOWS\system32;C:\WINDOWS;C:\WINDOWS\System32\Wbem;C:\WINDOWS\System32\WindowsPowerShell\v1.0\;C:\WINDOWS\System32\OpenSSH\;C:\Program Files\dotnet\;C:\Program Files\Common Files\Autodesk Shared\;C:\Program Files (x86)\Autodesk\Backburner\;C:\Program Files\MySQL\MySQL Server 5.7\bin;C:\Download\jdk-20_windows-x64_bin\jdk-20.0.2\bin;C:\Download\jdk-20_windows-x64_bin\jdk-20.0.2\jre\bin;C:\Program Files\PlasticSCM5\server;C:\Program Files\PlasticSCM5\client;C:\Windows\system32;C:\Windows;C:\Windows\System32\Wbem;C:\Windows\System32\WindowsPowerShell\v1.0\;C:\Windows\System32\OpenSSH\;C:\Program Files\dotnet\;C:\Program Files\Git\cmd;C:\Users\86135\AppData\Local\Microsoft\WindowsApps;C:\Users\86135\AppData\Local\Yarn\bin;C:\Users\86135\AppData\Local\Microsoft\WindowsApps;C:\Users\86135\.dotnet\tools
USERNAME=86135
OS=Windows_NT
PROCESSOR_IDENTIFIER=Intel64 Family 6 Model 140 Stepping 1, GenuineIntel
TMP=C:\Users\86135\AppData\Local\Temp
TEMP=C:\Users\86135\AppData\Local\Temp


JNI global refs:
JNI global refs: 28, weak refs: 1

JNI global refs memory usage: 843, weak refs: 841


---------------  S Y S T E M  ---------------

OS:
 Windows 11 , 64 bit Build 22621 (10.0.22621.2070)
OS uptime: 1 days 0:00 hours

CPU: total 8 (initial active 8) (4 cores per cpu, 2 threads per core) family 6 model 140 stepping 1 microcode 0xac, cx8, cmov, fxsr, ht, mmx, 3dnowpref, sse, sse2, sse3, ssse3, sse4.1, sse4.2, popcnt, lzcnt, tsc, tscinvbit, avx, avx2, aes, erms, clmul, bmi1, bmi2, adx, avx512f, avx512dq, avx512cd, avx512bw, avx512vl, sha, fma, vzeroupper, avx512_vpopcntdq, avx512_vpclmulqdq, avx512_vaes, avx512_vnni, clflush, clflushopt, clwb, avx512_vbmi2, avx512_vbmi

Memory: 4k page, system-wide physical 16106M (381M free)
TotalPageFile size 16106M (AvailPageFile size 5M)
current process WorkingSet (physical memory assigned to process): 361M, peak: 362M
current process commit charge ("private bytes"): 396M, peak: 397M

vm_info: OpenJDK 64-Bit Server VM (17.0.6+0-b2043.56-10027231) for windows-amd64 JRE (17.0.6+0-b2043.56-10027231), built on Apr 28 2023 00:43:19 by "androidbuild" with MS VC++ 16.10 / 16.11 (VS2019)

END.
