#
# There is insufficient memory for the Java Runtime Environment to continue.
# Native memory allocation (malloc) failed to allocate 2722736 bytes for Chunk::new
# Possible reasons:
#   The system is out of physical RAM or swap space
#   The process is running with CompressedOops enabled, and the Java Heap may be blocking the growth of the native heap
# Possible solutions:
#   Reduce memory load on the system
#   Increase physical memory or swap space
#   Check if swap backing store is full
#   Decrease Java heap size (-Xmx/-Xms)
#   Decrease number of Java threads
#   Decrease Java thread stack sizes (-Xss)
#   Set larger code cache with -XX:ReservedCodeCacheSize=
#   JVM is running with Unscaled Compressed Oops mode in which the Java heap is
#     placed in the first 4GB address space. The Java Heap base address is the
#     maximum limit for the native heap growth. Please use -XX:HeapBaseMinAddress
#     to set the Java Heap base and to place the Java Heap above 4GB virtual address.
# This output file may be truncated or incomplete.
#
#  Out of Memory Error (arena.cpp:189), pid=17424, tid=16436
#
# JRE version: OpenJDK Runtime Environment (17.0.6) (build 17.0.6+0-b2043.56-10027231)
# Java VM: OpenJDK 64-Bit Server VM (17.0.6+0-b2043.56-10027231, mixed mode, tiered, compressed oops, compressed class ptrs, g1 gc, windows-amd64)
# No core dump will be written. Minidumps are not enabled by default on client versions of Windows
#

---------------  S U M M A R Y ------------

Command Line: --add-opens=java.base/java.util=ALL-UNNAMED --add-opens=java.base/java.lang=ALL-UNNAMED --add-opens=java.base/java.lang.invoke=ALL-UNNAMED --add-opens=java.prefs/java.util.prefs=ALL-UNNAMED --add-opens=java.base/java.nio.charset=ALL-UNNAMED --add-opens=java.base/java.net=ALL-UNNAMED --add-opens=java.base/java.util.concurrent.atomic=ALL-UNNAMED -Xmx2048m -Dfile.encoding=UTF-8 -Duser.country=CN -Duser.language=zh -Duser.variant org.gradle.launcher.daemon.bootstrap.GradleDaemon 8.0

Host: 11th Gen Intel(R) Core(TM) i5-1135G7 @ 2.40GHz, 8 cores, 15G,  Windows 11 , 64 bit Build 22621 (10.0.22621.2070)
Time: Sun Aug 20 19:20:46 2023  Windows 11 , 64 bit Build 22621 (10.0.22621.2070) elapsed time: 7.023435 seconds (0d 0h 0m 7s)

---------------  T H R E A D  ---------------

Current thread (0x0000017a44c8c5b0):  JavaThread "C2 CompilerThread0" daemon [_thread_in_native, id=16436, stack(0x000000781c700000,0x000000781c800000)]


Current CompileTask:
C2:   7023 8086       4       org.gradle.internal.instantiation.generator.AbstractClassGenerator::inspectType (560 bytes)

Stack: [0x000000781c700000,0x000000781c800000]
Native frames: (J=compiled Java code, j=interpreted, Vv=VM code, C=native code)
V  [jvm.dll+0x683c9a]
V  [jvm.dll+0x8427a4]
V  [jvm.dll+0x843f9e]
V  [jvm.dll+0x844603]
V  [jvm.dll+0x249b75]
V  [jvm.dll+0xabcac]
V  [jvm.dll+0xac27c]
V  [jvm.dll+0x368857]
V  [jvm.dll+0x332f31]
V  [jvm.dll+0x3323da]
V  [jvm.dll+0x21c201]
V  [jvm.dll+0x21b621]
V  [jvm.dll+0x1a4fdd]
V  [jvm.dll+0x22b098]
V  [jvm.dll+0x229159]
V  [jvm.dll+0x7f81ec]
V  [jvm.dll+0x7f274a]
V  [jvm.dll+0x682ad5]
C  [ucrtbase.dll+0x29363]
C  [KERNEL32.DLL+0x126ad]
C  [ntdll.dll+0x5aa68]


---------------  P R O C E S S  ---------------

Threads class SMR info:
_java_thread_list=0x0000017a4c0a2c40, length=127, elements={
0x0000017a284a8f00, 0x0000017a442a61c0, 0x0000017a44c36240, 0x0000017a44c68180,
0x0000017a44c68d30, 0x0000017a44c697e0, 0x0000017a44c6a190, 0x0000017a44c8c5b0,
0x0000017a44c8d050, 0x0000017a44c8fa50, 0x0000017a44e31360, 0x0000017a44e31830,
0x0000017a44f0bf30, 0x0000017a472c6910, 0x0000017a472d29e0, 0x0000017a4604dcc0,
0x0000017a46183120, 0x0000017a4745a5e0, 0x0000017a488a1830, 0x0000017a4702a030,
0x0000017a4643bc50, 0x0000017a4730b030, 0x0000017a4730b9d0, 0x0000017a4730d6b0,
0x0000017a4730cd10, 0x0000017a4730db80, 0x0000017a4730bea0, 0x0000017a4730e050,
0x0000017a4730e9f0, 0x0000017a4730d1e0, 0x0000017a4730c370, 0x0000017a4730c840,
0x0000017a4730e520, 0x0000017a4730b500, 0x0000017a4adb5af0, 0x0000017a4adb2fa0,
0x0000017a4adb9980, 0x0000017a4adb8640, 0x0000017a4adb5fc0, 0x0000017a4adb6e30,
0x0000017a4adb8b10, 0x0000017a4adb9e50, 0x0000017a4adb94b0, 0x0000017a4adb42e0,
0x0000017a4adb4c80, 0x0000017a4adb3940, 0x0000017a4adb47b0, 0x0000017a4adb6490,
0x0000017a4adb5150, 0x0000017a4adb3470, 0x0000017a4adb7300, 0x0000017a4adb77d0,
0x0000017a4adb3e10, 0x0000017a4adb8170, 0x0000017a4adb7ca0, 0x0000017a4adb2600,
0x0000017a4adb2ad0, 0x0000017a4adb5620, 0x0000017a4b7f2760, 0x0000017a4b7f0f50,
0x0000017a4b7ef740, 0x0000017a4b7f4440, 0x0000017a4b7f2c30, 0x0000017a4b7ef270,
0x0000017a4b7f6ac0, 0x0000017a4b7f52b0, 0x0000017a4b7f1420, 0x0000017a4b7f18f0,
0x0000017a4b7f4de0, 0x0000017a4b7efc10, 0x0000017a4b7f6120, 0x0000017a4b7f5780,
0x0000017a4b7f1dc0, 0x0000017a4b7f3100, 0x0000017a4b7f2290, 0x0000017a4b7f00e0,
0x0000017a4b7f5c50, 0x0000017a4b7f65f0, 0x0000017a4b7f4910, 0x0000017a4b7f05b0,
0x0000017a4b7f35d0, 0x0000017a4b7f0a80, 0x0000017a4b7f3aa0, 0x0000017a4b7f3f70,
0x0000017a4b7d3f00, 0x0000017a4b7cdec0, 0x0000017a4b7d1880, 0x0000017a4b7ce860,
0x0000017a4b7d3090, 0x0000017a4b7d2220, 0x0000017a4b7d5240, 0x0000017a4b7d0540,
0x0000017a4b7d26f0, 0x0000017a4b7d3560, 0x0000017a4b7d3a30, 0x0000017a4b7d2bc0,
0x0000017a4b7d1d50, 0x0000017a4b7ce390, 0x0000017a4b7d43d0, 0x0000017a4b7d48a0,
0x0000017a4b7cd9f0, 0x0000017a4b7d4d70, 0x0000017a4b7ced30, 0x0000017a4b7d0a10,
0x0000017a4b7d0070, 0x0000017a4b7cf200, 0x0000017a4b7cf6d0, 0x0000017a4b7cfba0,
0x0000017a4b7d0ee0, 0x0000017a4b7d13b0, 0x0000017a4bf25730, 0x0000017a4bf243f0,
0x0000017a4bf230b0, 0x0000017a4bf22240, 0x0000017a4bf260d0, 0x0000017a4bf23580,
0x0000017a4bf29a90, 0x0000017a4bf22710, 0x0000017a4bf26f40, 0x0000017a4bf22be0,
0x0000017a4bf23a50, 0x0000017a4bf23f20, 0x0000017a4bf295c0, 0x0000017a4bf278e0,
0x0000017a4bf25c00, 0x0000017a4bf27410, 0x0000017a4bf248c0
}

Java Threads: ( => current thread )
  0x0000017a284a8f00 JavaThread "main" [_thread_blocked, id=8504, stack(0x000000781ba00000,0x000000781bb00000)]
  0x0000017a442a61c0 JavaThread "Reference Handler" daemon [_thread_blocked, id=6064, stack(0x000000781c100000,0x000000781c200000)]
  0x0000017a44c36240 JavaThread "Finalizer" daemon [_thread_blocked, id=280, stack(0x000000781c200000,0x000000781c300000)]
  0x0000017a44c68180 JavaThread "Signal Dispatcher" daemon [_thread_blocked, id=14028, stack(0x000000781c300000,0x000000781c400000)]
  0x0000017a44c68d30 JavaThread "Attach Listener" daemon [_thread_blocked, id=8828, stack(0x000000781c400000,0x000000781c500000)]
  0x0000017a44c697e0 JavaThread "Service Thread" daemon [_thread_blocked, id=17508, stack(0x000000781c500000,0x000000781c600000)]
  0x0000017a44c6a190 JavaThread "Monitor Deflation Thread" daemon [_thread_blocked, id=15820, stack(0x000000781c600000,0x000000781c700000)]
=>0x0000017a44c8c5b0 JavaThread "C2 CompilerThread0" daemon [_thread_in_native, id=16436, stack(0x000000781c700000,0x000000781c800000)]
  0x0000017a44c8d050 JavaThread "C1 CompilerThread0" daemon [_thread_blocked, id=13508, stack(0x000000781c800000,0x000000781c900000)]
  0x0000017a44c8fa50 JavaThread "Sweeper thread" daemon [_thread_blocked, id=10916, stack(0x000000781c900000,0x000000781ca00000)]
  0x0000017a44e31360 JavaThread "Common-Cleaner" daemon [_thread_blocked, id=14436, stack(0x000000781ca00000,0x000000781cb00000)]
  0x0000017a44e31830 JavaThread "Notification Thread" daemon [_thread_blocked, id=11536, stack(0x000000781cb00000,0x000000781cc00000)]
  0x0000017a44f0bf30 JavaThread "C2 CompilerThread1" daemon [_thread_in_native, id=18156, stack(0x000000781cd00000,0x000000781ce00000)]
  0x0000017a472c6910 JavaThread "Daemon health stats" [_thread_blocked, id=7892, stack(0x000000781d400000,0x000000781d500000)]
  0x0000017a472d29e0 JavaThread "Incoming local TCP Connector on port 16052" [_thread_in_native, id=8608, stack(0x000000781d500000,0x000000781d600000)]
  0x0000017a4604dcc0 JavaThread "Daemon periodic checks" [_thread_blocked, id=11400, stack(0x000000781d600000,0x000000781d700000)]
  0x0000017a46183120 JavaThread "Daemon" [_thread_blocked, id=15860, stack(0x000000781d700000,0x000000781d800000)]
  0x0000017a4745a5e0 JavaThread "Handler for socket connection from /127.0.0.1:16052 to /127.0.0.1:16053" [_thread_in_native, id=3064, stack(0x000000781d800000,0x000000781d900000)]
  0x0000017a488a1830 JavaThread "Cancel handler" [_thread_blocked, id=16304, stack(0x000000781d900000,0x000000781da00000)]
  0x0000017a4702a030 JavaThread "Daemon worker" [_thread_in_vm, id=13228, stack(0x000000781da00000,0x000000781db00000)]
  0x0000017a4643bc50 JavaThread "Asynchronous log dispatcher for DefaultDaemonConnection: socket connection from /127.0.0.1:16052 to /127.0.0.1:16053" [_thread_blocked, id=10984, stack(0x000000781db00000,0x000000781dc00000)]
  0x0000017a4730b030 JavaThread "Stdin handler" [_thread_blocked, id=13300, stack(0x000000781dc00000,0x000000781dd00000)]
  0x0000017a4730b9d0 JavaThread "Daemon client event forwarder" [_thread_blocked, id=11352, stack(0x000000781dd00000,0x000000781de00000)]
  0x0000017a4730d6b0 JavaThread "Cache worker for journal cache (C:\Users\86135\.gradle\caches\journal-1)" [_thread_blocked, id=2852, stack(0x000000781e100000,0x000000781e200000)]
  0x0000017a4730cd10 JavaThread "File lock request listener" [_thread_in_native, id=14652, stack(0x000000781e200000,0x000000781e300000)]
  0x0000017a4730db80 JavaThread "Cache worker for file hash cache (C:\Users\86135\.gradle\caches\8.0\fileHashes)" [_thread_blocked, id=6824, stack(0x000000781e300000,0x000000781e400000)]
  0x0000017a4730bea0 JavaThread "File watcher server" daemon [_thread_in_native, id=10248, stack(0x000000781e400000,0x000000781e500000)]
  0x0000017a4730e050 JavaThread "File watcher consumer" daemon [_thread_blocked, id=14452, stack(0x000000781e500000,0x000000781e600000)]
  0x0000017a4730e9f0 JavaThread "Cache worker for checksums cache (C:\Users\86135\AndroidStudioProjects\world\.gradle\8.0\checksums)" [_thread_blocked, id=3236, stack(0x000000781e600000,0x000000781e700000)]
  0x0000017a4730d1e0 JavaThread "Cache worker for cache directory md-rule (C:\Users\86135\.gradle\caches\8.0\md-rule)" [_thread_blocked, id=3516, stack(0x000000781e700000,0x000000781e800000)]
  0x0000017a4730c370 JavaThread "Cache worker for file content cache (C:\Users\86135\.gradle\caches\8.0\fileContent)" [_thread_blocked, id=14252, stack(0x000000781e800000,0x000000781e900000)]
  0x0000017a4730c840 JavaThread "Cache worker for file hash cache (C:\Users\86135\AndroidStudioProjects\world\.gradle\8.0\fileHashes)" [_thread_blocked, id=18232, stack(0x000000781e900000,0x000000781ea00000)]
  0x0000017a4730e520 JavaThread "Cache worker for cache directory md-supplier (C:\Users\86135\.gradle\caches\8.0\md-supplier)" [_thread_blocked, id=15844, stack(0x000000781ea00000,0x000000781eb00000)]
  0x0000017a4730b500 JavaThread "Cache worker for execution history cache (C:\Users\86135\.gradle\caches\8.0\executionHistory)" [_thread_blocked, id=13472, stack(0x000000781eb00000,0x000000781ec00000)]
  0x0000017a4adb5af0 JavaThread "jar transforms" [_thread_blocked, id=13364, stack(0x000000781ec00000,0x000000781ed00000)]
  0x0000017a4adb2fa0 JavaThread "jar transforms Thread 2" [_thread_blocked, id=13296, stack(0x000000781ed00000,0x000000781ee00000)]
  0x0000017a4adb9980 JavaThread "Cache worker for kotlin-dsl (C:\Users\86135\.gradle\caches\8.0\kotlin-dsl)" [_thread_blocked, id=2280, stack(0x000000781f000000,0x000000781f100000)]
  0x0000017a4adb8640 JavaThread "jar transforms Thread 3" [_thread_blocked, id=2676, stack(0x000000781f100000,0x000000781f200000)]
  0x0000017a4adb5fc0 JavaThread "jar transforms Thread 4" [_thread_blocked, id=13384, stack(0x000000781f200000,0x000000781f300000)]
  0x0000017a4adb6e30 JavaThread "Cache worker for dependencies-accessors (C:\Users\86135\AndroidStudioProjects\world\.gradle\8.0\dependencies-accessors)" [_thread_blocked, id=8520, stack(0x000000781f300000,0x000000781f400000)]
  0x0000017a4adb8b10 JavaThread "Cache worker for Build Output Cleanup Cache (C:\Users\86135\AndroidStudioProjects\world\.gradle\buildOutputCleanup)" [_thread_blocked, id=13696, stack(0x000000781f400000,0x000000781f500000)]
  0x0000017a4adb9e50 JavaThread "jar transforms Thread 5" [_thread_blocked, id=3068, stack(0x000000781f500000,0x000000781f600000)]
  0x0000017a4adb94b0 JavaThread "Unconstrained build operations" [_thread_blocked, id=7704, stack(0x000000781f600000,0x000000781f700000)]
  0x0000017a4adb42e0 JavaThread "Unconstrained build operations Thread 2" [_thread_blocked, id=6368, stack(0x000000781f700000,0x000000781f800000)]
  0x0000017a4adb4c80 JavaThread "Unconstrained build operations Thread 3" [_thread_blocked, id=18144, stack(0x000000781f800000,0x000000781f900000)]
  0x0000017a4adb3940 JavaThread "Unconstrained build operations Thread 4" [_thread_blocked, id=16428, stack(0x000000781f900000,0x000000781fa00000)]
  0x0000017a4adb47b0 JavaThread "Unconstrained build operations Thread 5" [_thread_blocked, id=11412, stack(0x000000781fa00000,0x000000781fb00000)]
  0x0000017a4adb6490 JavaThread "Unconstrained build operations Thread 6" [_thread_blocked, id=8076, stack(0x000000781fb00000,0x000000781fc00000)]
  0x0000017a4adb5150 JavaThread "Unconstrained build operations Thread 7" [_thread_blocked, id=1564, stack(0x000000781fc00000,0x000000781fd00000)]
  0x0000017a4adb3470 JavaThread "Unconstrained build operations Thread 8" [_thread_blocked, id=7920, stack(0x000000781fd00000,0x000000781fe00000)]
  0x0000017a4adb7300 JavaThread "Unconstrained build operations Thread 9" [_thread_blocked, id=13968, stack(0x000000781fe00000,0x000000781ff00000)]
  0x0000017a4adb77d0 JavaThread "Unconstrained build operations Thread 10" [_thread_blocked, id=17792, stack(0x000000781ff00000,0x0000007820000000)]
  0x0000017a4adb3e10 JavaThread "Unconstrained build operations Thread 11" [_thread_blocked, id=16500, stack(0x0000007820000000,0x0000007820100000)]
  0x0000017a4adb8170 JavaThread "Unconstrained build operations Thread 12" [_thread_blocked, id=12452, stack(0x0000007820100000,0x0000007820200000)]
  0x0000017a4adb7ca0 JavaThread "Unconstrained build operations Thread 13" [_thread_blocked, id=11296, stack(0x0000007820200000,0x0000007820300000)]
  0x0000017a4adb2600 JavaThread "Unconstrained build operations Thread 14" [_thread_blocked, id=11828, stack(0x0000007820300000,0x0000007820400000)]
  0x0000017a4adb2ad0 JavaThread "Unconstrained build operations Thread 15" [_thread_blocked, id=3256, stack(0x0000007820400000,0x0000007820500000)]
  0x0000017a4adb5620 JavaThread "Unconstrained build operations Thread 16" [_thread_blocked, id=2132, stack(0x0000007820500000,0x0000007820600000)]
  0x0000017a4b7f2760 JavaThread "Unconstrained build operations Thread 17" [_thread_blocked, id=11224, stack(0x0000007820600000,0x0000007820700000)]
  0x0000017a4b7f0f50 JavaThread "Unconstrained build operations Thread 18" [_thread_blocked, id=17028, stack(0x0000007820700000,0x0000007820800000)]
  0x0000017a4b7ef740 JavaThread "Unconstrained build operations Thread 19" [_thread_blocked, id=12848, stack(0x0000007820800000,0x0000007820900000)]
  0x0000017a4b7f4440 JavaThread "Unconstrained build operations Thread 20" [_thread_blocked, id=15204, stack(0x0000007820900000,0x0000007820a00000)]
  0x0000017a4b7f2c30 JavaThread "Unconstrained build operations Thread 21" [_thread_blocked, id=1540, stack(0x0000007820a00000,0x0000007820b00000)]
  0x0000017a4b7ef270 JavaThread "Unconstrained build operations Thread 22" [_thread_blocked, id=16408, stack(0x0000007820b00000,0x0000007820c00000)]
  0x0000017a4b7f6ac0 JavaThread "Unconstrained build operations Thread 23" [_thread_blocked, id=14960, stack(0x0000007820c00000,0x0000007820d00000)]
  0x0000017a4b7f52b0 JavaThread "Unconstrained build operations Thread 24" [_thread_blocked, id=15680, stack(0x0000007820d00000,0x0000007820e00000)]
  0x0000017a4b7f1420 JavaThread "Unconstrained build operations Thread 25" [_thread_blocked, id=11404, stack(0x0000007820e00000,0x0000007820f00000)]
  0x0000017a4b7f18f0 JavaThread "Unconstrained build operations Thread 26" [_thread_blocked, id=15924, stack(0x0000007820f00000,0x0000007821000000)]
  0x0000017a4b7f4de0 JavaThread "Unconstrained build operations Thread 27" [_thread_blocked, id=16568, stack(0x0000007821000000,0x0000007821100000)]
  0x0000017a4b7efc10 JavaThread "Unconstrained build operations Thread 28" [_thread_blocked, id=16520, stack(0x0000007821100000,0x0000007821200000)]
  0x0000017a4b7f6120 JavaThread "Unconstrained build operations Thread 29" [_thread_blocked, id=5284, stack(0x0000007821200000,0x0000007821300000)]
  0x0000017a4b7f5780 JavaThread "Unconstrained build operations Thread 30" [_thread_blocked, id=16172, stack(0x0000007821300000,0x0000007821400000)]
  0x0000017a4b7f1dc0 JavaThread "Unconstrained build operations Thread 31" [_thread_blocked, id=16648, stack(0x0000007821400000,0x0000007821500000)]
  0x0000017a4b7f3100 JavaThread "Unconstrained build operations Thread 32" [_thread_blocked, id=2444, stack(0x0000007821500000,0x0000007821600000)]
  0x0000017a4b7f2290 JavaThread "Unconstrained build operations Thread 33" [_thread_blocked, id=1612, stack(0x0000007821600000,0x0000007821700000)]
  0x0000017a4b7f00e0 JavaThread "Unconstrained build operations Thread 34" [_thread_blocked, id=16052, stack(0x0000007821700000,0x0000007821800000)]
  0x0000017a4b7f5c50 JavaThread "Unconstrained build operations Thread 35" [_thread_blocked, id=14064, stack(0x0000007821800000,0x0000007821900000)]
  0x0000017a4b7f65f0 JavaThread "Unconstrained build operations Thread 36" [_thread_blocked, id=16632, stack(0x0000007821900000,0x0000007821a00000)]
  0x0000017a4b7f4910 JavaThread "Unconstrained build operations Thread 37" [_thread_blocked, id=10676, stack(0x0000007821a00000,0x0000007821b00000)]
  0x0000017a4b7f05b0 JavaThread "Unconstrained build operations Thread 38" [_thread_blocked, id=3380, stack(0x0000007821b00000,0x0000007821c00000)]
  0x0000017a4b7f35d0 JavaThread "Unconstrained build operations Thread 39" [_thread_blocked, id=1192, stack(0x0000007821c00000,0x0000007821d00000)]
  0x0000017a4b7f0a80 JavaThread "Unconstrained build operations Thread 40" [_thread_blocked, id=1892, stack(0x0000007821d00000,0x0000007821e00000)]
  0x0000017a4b7f3aa0 JavaThread "Unconstrained build operations Thread 41" [_thread_blocked, id=5668, stack(0x0000007821e00000,0x0000007821f00000)]
  0x0000017a4b7f3f70 JavaThread "Unconstrained build operations Thread 42" [_thread_blocked, id=15676, stack(0x0000007821f00000,0x0000007822000000)]
  0x0000017a4b7d3f00 JavaThread "Unconstrained build operations Thread 43" [_thread_blocked, id=3492, stack(0x0000007822000000,0x0000007822100000)]
  0x0000017a4b7cdec0 JavaThread "Unconstrained build operations Thread 44" [_thread_blocked, id=16564, stack(0x0000007822100000,0x0000007822200000)]
  0x0000017a4b7d1880 JavaThread "Unconstrained build operations Thread 45" [_thread_blocked, id=6596, stack(0x0000007822200000,0x0000007822300000)]
  0x0000017a4b7ce860 JavaThread "Unconstrained build operations Thread 46" [_thread_blocked, id=9904, stack(0x0000007822300000,0x0000007822400000)]
  0x0000017a4b7d3090 JavaThread "Unconstrained build operations Thread 47" [_thread_blocked, id=15972, stack(0x0000007822400000,0x0000007822500000)]
  0x0000017a4b7d2220 JavaThread "Unconstrained build operations Thread 48" [_thread_blocked, id=1064, stack(0x0000007822500000,0x0000007822600000)]
  0x0000017a4b7d5240 JavaThread "Unconstrained build operations Thread 49" [_thread_blocked, id=7160, stack(0x0000007822600000,0x0000007822700000)]
  0x0000017a4b7d0540 JavaThread "Unconstrained build operations Thread 50" [_thread_blocked, id=18416, stack(0x0000007822700000,0x0000007822800000)]
  0x0000017a4b7d26f0 JavaThread "Unconstrained build operations Thread 51" [_thread_blocked, id=2744, stack(0x0000007822800000,0x0000007822900000)]
  0x0000017a4b7d3560 JavaThread "Unconstrained build operations Thread 52" [_thread_blocked, id=17600, stack(0x0000007822900000,0x0000007822a00000)]
  0x0000017a4b7d3a30 JavaThread "Unconstrained build operations Thread 53" [_thread_blocked, id=18256, stack(0x0000007822a00000,0x0000007822b00000)]
  0x0000017a4b7d2bc0 JavaThread "Unconstrained build operations Thread 54" [_thread_blocked, id=18260, stack(0x0000007822b00000,0x0000007822c00000)]
  0x0000017a4b7d1d50 JavaThread "Unconstrained build operations Thread 55" [_thread_blocked, id=9888, stack(0x0000007822c00000,0x0000007822d00000)]
  0x0000017a4b7ce390 JavaThread "Unconstrained build operations Thread 56" [_thread_blocked, id=6160, stack(0x0000007822d00000,0x0000007822e00000)]
  0x0000017a4b7d43d0 JavaThread "Unconstrained build operations Thread 57" [_thread_blocked, id=8584, stack(0x0000007822e00000,0x0000007822f00000)]
  0x0000017a4b7d48a0 JavaThread "Unconstrained build operations Thread 58" [_thread_blocked, id=14456, stack(0x0000007822f00000,0x0000007823000000)]
  0x0000017a4b7cd9f0 JavaThread "Unconstrained build operations Thread 59" [_thread_blocked, id=3708, stack(0x0000007823000000,0x0000007823100000)]
  0x0000017a4b7d4d70 JavaThread "Unconstrained build operations Thread 60" [_thread_blocked, id=15728, stack(0x0000007823100000,0x0000007823200000)]
  0x0000017a4b7ced30 JavaThread "Unconstrained build operations Thread 61" [_thread_blocked, id=12872, stack(0x0000007823200000,0x0000007823300000)]
  0x0000017a4b7d0a10 JavaThread "Unconstrained build operations Thread 62" [_thread_blocked, id=17896, stack(0x0000007823300000,0x0000007823400000)]
  0x0000017a4b7d0070 JavaThread "Unconstrained build operations Thread 63" [_thread_blocked, id=13572, stack(0x0000007823400000,0x0000007823500000)]
  0x0000017a4b7cf200 JavaThread "Unconstrained build operations Thread 64" [_thread_blocked, id=1972, stack(0x0000007823500000,0x0000007823600000)]
  0x0000017a4b7cf6d0 JavaThread "Unconstrained build operations Thread 65" [_thread_blocked, id=7352, stack(0x0000007823600000,0x0000007823700000)]
  0x0000017a4b7cfba0 JavaThread "Unconstrained build operations Thread 66" [_thread_blocked, id=5476, stack(0x0000007823700000,0x0000007823800000)]
  0x0000017a4b7d0ee0 JavaThread "Unconstrained build operations Thread 67" [_thread_blocked, id=13240, stack(0x0000007823800000,0x0000007823900000)]
  0x0000017a4b7d13b0 JavaThread "Unconstrained build operations Thread 68" [_thread_blocked, id=11280, stack(0x0000007823900000,0x0000007823a00000)]
  0x0000017a4bf25730 JavaThread "Unconstrained build operations Thread 69" [_thread_blocked, id=16444, stack(0x0000007823a00000,0x0000007823b00000)]
  0x0000017a4bf243f0 JavaThread "Unconstrained build operations Thread 70" [_thread_blocked, id=10604, stack(0x0000007823b00000,0x0000007823c00000)]
  0x0000017a4bf230b0 JavaThread "Unconstrained build operations Thread 71" [_thread_blocked, id=14180, stack(0x0000007823c00000,0x0000007823d00000)]
  0x0000017a4bf22240 JavaThread "Unconstrained build operations Thread 72" [_thread_blocked, id=18412, stack(0x0000007823d00000,0x0000007823e00000)]
  0x0000017a4bf260d0 JavaThread "Unconstrained build operations Thread 73" [_thread_blocked, id=4288, stack(0x0000007823e00000,0x0000007823f00000)]
  0x0000017a4bf23580 JavaThread "Unconstrained build operations Thread 74" [_thread_blocked, id=15436, stack(0x0000007823f00000,0x0000007824000000)]
  0x0000017a4bf29a90 JavaThread "Unconstrained build operations Thread 75" [_thread_blocked, id=6332, stack(0x0000007824000000,0x0000007824100000)]
  0x0000017a4bf22710 JavaThread "Unconstrained build operations Thread 76" [_thread_blocked, id=11832, stack(0x0000007824100000,0x0000007824200000)]
  0x0000017a4bf26f40 JavaThread "Unconstrained build operations Thread 77" [_thread_blocked, id=2640, stack(0x0000007824200000,0x0000007824300000)]
  0x0000017a4bf22be0 JavaThread "Unconstrained build operations Thread 78" [_thread_blocked, id=3120, stack(0x0000007824300000,0x0000007824400000)]
  0x0000017a4bf23a50 JavaThread "Unconstrained build operations Thread 79" [_thread_blocked, id=16008, stack(0x0000007824400000,0x0000007824500000)]
  0x0000017a4bf23f20 JavaThread "Unconstrained build operations Thread 80" [_thread_blocked, id=12644, stack(0x0000007824500000,0x0000007824600000)]
  0x0000017a4bf295c0 JavaThread "jar transforms Thread 6" [_thread_blocked, id=11408, stack(0x0000007824600000,0x0000007824700000)]
  0x0000017a4bf278e0 JavaThread "jar transforms Thread 7" [_thread_blocked, id=17684, stack(0x0000007824700000,0x0000007824800000)]
  0x0000017a4bf25c00 JavaThread "jar transforms Thread 8" [_thread_blocked, id=12840, stack(0x0000007824800000,0x0000007824900000)]
  0x0000017a4bf27410 JavaThread "build event listener" [_thread_blocked, id=9624, stack(0x0000007824900000,0x0000007824a00000)]
  0x0000017a4bf248c0 JavaThread "Memory manager" [_thread_blocked, id=17776, stack(0x0000007824a00000,0x0000007824b00000)]

Other Threads:
  0x0000017a442ce9a0 VMThread "VM Thread" [stack: 0x000000781c000000,0x000000781c100000] [id=12980]
  0x0000017a28527040 WatcherThread [stack: 0x000000781cc00000,0x000000781cd00000] [id=13660]
  0x0000017a28504b60 GCTaskThread "GC Thread#0" [stack: 0x000000781bb00000,0x000000781bc00000] [id=6212]
  0x0000017a45fdfa30 GCTaskThread "GC Thread#1" [stack: 0x000000781cf00000,0x000000781d000000] [id=15960]
  0x0000017a4540f8b0 GCTaskThread "GC Thread#2" [stack: 0x000000781d000000,0x000000781d100000] [id=10996]
  0x0000017a454271b0 GCTaskThread "GC Thread#3" [stack: 0x000000781d100000,0x000000781d200000] [id=8856]
  0x0000017a46022560 GCTaskThread "GC Thread#4" [stack: 0x000000781d200000,0x000000781d300000] [id=14764]
  0x0000017a4591d2d0 GCTaskThread "GC Thread#5" [stack: 0x000000781d300000,0x000000781d400000] [id=16908]
  0x0000017a4755ad60 GCTaskThread "GC Thread#6" [stack: 0x000000781de00000,0x000000781df00000] [id=2772]
  0x0000017a473104d0 GCTaskThread "GC Thread#7" [stack: 0x000000781df00000,0x000000781e000000] [id=16532]
  0x0000017a28515c00 ConcurrentGCThread "G1 Main Marker" [stack: 0x000000781bc00000,0x000000781bd00000] [id=15156]
  0x0000017a28516db0 ConcurrentGCThread "G1 Conc#0" [stack: 0x000000781bd00000,0x000000781be00000] [id=4372]
  0x0000017a47129560 ConcurrentGCThread "G1 Conc#1" [stack: 0x000000781e000000,0x000000781e100000] [id=8708]
  0x0000017a44154980 ConcurrentGCThread "G1 Refine#0" [stack: 0x000000781be00000,0x000000781bf00000] [id=11040]
  0x0000017a47969ee0 ConcurrentGCThread "G1 Refine#1" [stack: 0x000000781ee00000,0x000000781ef00000] [id=6384]
  0x0000017a4796a4a0 ConcurrentGCThread "G1 Refine#2" [stack: 0x000000781ef00000,0x000000781f000000] [id=11380]
  0x0000017a44156060 ConcurrentGCThread "G1 Service" [stack: 0x000000781bf00000,0x000000781c000000] [id=10464]

Threads with active compile tasks:
C2 CompilerThread0     7036 8086       4       org.gradle.internal.instantiation.generator.AbstractClassGenerator::inspectType (560 bytes)
C2 CompilerThread1     7036 8103       4       org.gradle.internal.reflect.ClassInspector::inspectClass (179 bytes)

VM state: not at safepoint (normal execution)

VM Mutex/Monitor currently owned by a thread: None

Heap address: 0x0000000080000000, size: 2048 MB, Compressed Oops mode: 32-bit

CDS archive(s) not mapped
Compressed class space mapped at: 0x0000000100000000-0x0000000140000000, reserved size: 1073741824
Narrow klass base: 0x0000000000000000, Narrow klass shift: 3, Narrow klass range: 0x140000000

GC Precious Log:
 CPUs: 8 total, 8 available
 Memory: 16106M
 Large Page Support: Disabled
 NUMA Support: Disabled
 Compressed Oops: Enabled (32-bit)
 Heap Region Size: 1M
 Heap Min Capacity: 8M
 Heap Initial Capacity: 252M
 Heap Max Capacity: 2G
 Pre-touch: Disabled
 Parallel Workers: 8
 Concurrent Workers: 2
 Concurrent Refinement Workers: 8
 Periodic GC: Disabled

Heap:
 garbage-first heap   total 134144K, used 95841K [0x0000000080000000, 0x0000000100000000)
  region size 1024K, 43 young (44032K), 6 survivors (6144K)
 Metaspace       used 82627K, committed 83264K, reserved 1122304K
  class space    used 11275K, committed 11584K, reserved 1048576K

Heap Regions: E=young(eden), S=young(survivor), O=old, HS=humongous(starts), HC=humongous(continues), CS=collection set, F=free, OA=open archive, CA=closed archive, TAMS=top-at-mark-start (previous, next)
|   0|0x0000000080000000, 0x0000000080100000, 0x0000000080100000|100%|HS|  |TAMS 0x0000000080100000, 0x0000000080000000| Complete 
|   1|0x0000000080100000, 0x0000000080200000, 0x0000000080200000|100%|HC|  |TAMS 0x0000000080200000, 0x0000000080100000| Complete 
|   2|0x0000000080200000, 0x0000000080300000, 0x0000000080300000|100%|HC|  |TAMS 0x0000000080300000, 0x0000000080200000| Complete 
|   3|0x0000000080300000, 0x0000000080400000, 0x0000000080400000|100%|HC|  |TAMS 0x0000000080400000, 0x0000000080300000| Complete 
|   4|0x0000000080400000, 0x0000000080500000, 0x0000000080500000|100%| O|  |TAMS 0x0000000080500000, 0x0000000080400000| Untracked 
|   5|0x0000000080500000, 0x0000000080600000, 0x0000000080600000|100%| O|  |TAMS 0x0000000080600000, 0x0000000080500000| Untracked 
|   6|0x0000000080600000, 0x0000000080700000, 0x0000000080700000|100%| O|  |TAMS 0x0000000080700000, 0x0000000080600000| Untracked 
|   7|0x0000000080700000, 0x0000000080800000, 0x0000000080800000|100%| O|  |TAMS 0x0000000080800000, 0x0000000080700000| Untracked 
|   8|0x0000000080800000, 0x0000000080900000, 0x0000000080900000|100%| O|  |TAMS 0x0000000080900000, 0x0000000080800000| Untracked 
|   9|0x0000000080900000, 0x0000000080a00000, 0x0000000080a00000|100%| O|  |TAMS 0x0000000080a00000, 0x0000000080900000| Untracked 
|  10|0x0000000080a00000, 0x0000000080b00000, 0x0000000080b00000|100%| O|  |TAMS 0x0000000080b00000, 0x0000000080a00000| Untracked 
|  11|0x0000000080b00000, 0x0000000080b00000, 0x0000000080c00000|  0%| F|  |TAMS 0x0000000080b00000, 0x0000000080b00000| Untracked 
|  12|0x0000000080c00000, 0x0000000080d00000, 0x0000000080d00000|100%| O|  |TAMS 0x0000000080d00000, 0x0000000080c00000| Untracked 
|  13|0x0000000080d00000, 0x0000000080e00000, 0x0000000080e00000|100%| O|  |TAMS 0x0000000080e00000, 0x0000000080d00000| Untracked 
|  14|0x0000000080e00000, 0x0000000080f00000, 0x0000000080f00000|100%| O|  |TAMS 0x0000000080f00000, 0x0000000080e00000| Untracked 
|  15|0x0000000080f00000, 0x0000000081000000, 0x0000000081000000|100%| O|  |TAMS 0x0000000081000000, 0x0000000080f00000| Untracked 
|  16|0x0000000081000000, 0x0000000081100000, 0x0000000081100000|100%| O|  |TAMS 0x0000000081100000, 0x0000000081000000| Untracked 
|  17|0x0000000081100000, 0x0000000081200000, 0x0000000081200000|100%| O|  |TAMS 0x0000000081200000, 0x0000000081100000| Untracked 
|  18|0x0000000081200000, 0x0000000081300000, 0x0000000081300000|100%| O|  |TAMS 0x0000000081300000, 0x0000000081200000| Untracked 
|  19|0x0000000081300000, 0x0000000081400000, 0x0000000081400000|100%| O|  |TAMS 0x0000000081400000, 0x0000000081300000| Untracked 
|  20|0x0000000081400000, 0x0000000081500000, 0x0000000081500000|100%| O|  |TAMS 0x0000000081500000, 0x0000000081400000| Untracked 
|  21|0x0000000081500000, 0x0000000081600000, 0x0000000081600000|100%| O|  |TAMS 0x0000000081600000, 0x0000000081500000| Untracked 
|  22|0x0000000081600000, 0x0000000081700000, 0x0000000081700000|100%| O|  |TAMS 0x0000000081700000, 0x0000000081600000| Untracked 
|  23|0x0000000081700000, 0x0000000081800000, 0x0000000081800000|100%| O|  |TAMS 0x0000000081800000, 0x0000000081700000| Untracked 
|  24|0x0000000081800000, 0x0000000081900000, 0x0000000081900000|100%| O|  |TAMS 0x0000000081900000, 0x0000000081800000| Untracked 
|  25|0x0000000081900000, 0x0000000081a00000, 0x0000000081a00000|100%| O|  |TAMS 0x0000000081a00000, 0x0000000081900000| Untracked 
|  26|0x0000000081a00000, 0x0000000081b00000, 0x0000000081b00000|100%| O|  |TAMS 0x0000000081b00000, 0x0000000081a00000| Untracked 
|  27|0x0000000081b00000, 0x0000000081c00000, 0x0000000081c00000|100%| O|  |TAMS 0x0000000081c00000, 0x0000000081b00000| Untracked 
|  28|0x0000000081c00000, 0x0000000081d00000, 0x0000000081d00000|100%| O|  |TAMS 0x0000000081d00000, 0x0000000081c00000| Untracked 
|  29|0x0000000081d00000, 0x0000000081e00000, 0x0000000081e00000|100%| O|  |TAMS 0x0000000081e00000, 0x0000000081d00000| Untracked 
|  30|0x0000000081e00000, 0x0000000081f00000, 0x0000000081f00000|100%| O|  |TAMS 0x0000000081f00000, 0x0000000081e00000| Untracked 
|  31|0x0000000081f00000, 0x0000000082000000, 0x0000000082000000|100%| O|  |TAMS 0x0000000082000000, 0x0000000081f00000| Untracked 
|  32|0x0000000082000000, 0x0000000082100000, 0x0000000082100000|100%| O|  |TAMS 0x0000000082100000, 0x0000000082000000| Untracked 
|  33|0x0000000082100000, 0x0000000082200000, 0x0000000082200000|100%|HS|  |TAMS 0x0000000082200000, 0x0000000082100000| Complete 
|  34|0x0000000082200000, 0x0000000082300000, 0x0000000082300000|100%|HS|  |TAMS 0x0000000082300000, 0x0000000082200000| Complete 
|  35|0x0000000082300000, 0x0000000082400000, 0x0000000082400000|100%|HS|  |TAMS 0x0000000082400000, 0x0000000082300000| Complete 
|  36|0x0000000082400000, 0x0000000082500000, 0x0000000082500000|100%| O|  |TAMS 0x0000000082500000, 0x0000000082400000| Untracked 
|  37|0x0000000082500000, 0x0000000082600000, 0x0000000082600000|100%| O|  |TAMS 0x0000000082600000, 0x0000000082500000| Untracked 
|  38|0x0000000082600000, 0x0000000082700000, 0x0000000082700000|100%| O|  |TAMS 0x0000000082700000, 0x0000000082600000| Untracked 
|  39|0x0000000082700000, 0x0000000082800000, 0x0000000082800000|100%| O|  |TAMS 0x0000000082800000, 0x0000000082700000| Untracked 
|  40|0x0000000082800000, 0x0000000082900000, 0x0000000082900000|100%| O|  |TAMS 0x0000000082900000, 0x0000000082800000| Untracked 
|  41|0x0000000082900000, 0x0000000082a00000, 0x0000000082a00000|100%| O|  |TAMS 0x0000000082a00000, 0x0000000082900000| Untracked 
|  42|0x0000000082a00000, 0x0000000082b00000, 0x0000000082b00000|100%| O|  |TAMS 0x0000000082b00000, 0x0000000082a00000| Untracked 
|  43|0x0000000082b00000, 0x0000000082c00000, 0x0000000082c00000|100%| O|  |TAMS 0x0000000082c00000, 0x0000000082b00000| Untracked 
|  44|0x0000000082c00000, 0x0000000082d00000, 0x0000000082d00000|100%| O|  |TAMS 0x0000000082d00000, 0x0000000082c00000| Untracked 
|  45|0x0000000082d00000, 0x0000000082e00000, 0x0000000082e00000|100%| O|  |TAMS 0x0000000082d00000, 0x0000000082d00000| Untracked 
|  46|0x0000000082e00000, 0x0000000082f00000, 0x0000000082f00000|100%| O|  |TAMS 0x0000000082e00000, 0x0000000082e00000| Untracked 
|  47|0x0000000082f00000, 0x0000000083000000, 0x0000000083000000|100%| O|  |TAMS 0x0000000082f00000, 0x0000000082f00000| Untracked 
|  48|0x0000000083000000, 0x0000000083100000, 0x0000000083100000|100%| O|  |TAMS 0x0000000083091600, 0x0000000083000000| Untracked 
|  49|0x0000000083100000, 0x0000000083200000, 0x0000000083200000|100%| O|  |TAMS 0x0000000083100000, 0x0000000083100000| Untracked 
|  50|0x0000000083200000, 0x0000000083300000, 0x0000000083300000|100%| O|  |TAMS 0x0000000083200000, 0x0000000083200000| Untracked 
|  51|0x0000000083300000, 0x0000000083400000, 0x0000000083400000|100%| O|  |TAMS 0x0000000083300000, 0x0000000083300000| Untracked 
|  52|0x0000000083400000, 0x0000000083426e00, 0x0000000083500000| 15%| O|  |TAMS 0x0000000083400000, 0x0000000083400000| Untracked 
|  53|0x0000000083500000, 0x0000000083600000, 0x0000000083600000|100%| O|  |TAMS 0x0000000083500000, 0x0000000083500000| Untracked 
|  54|0x0000000083600000, 0x0000000083600000, 0x0000000083700000|  0%| F|  |TAMS 0x0000000083600000, 0x0000000083600000| Untracked 
|  55|0x0000000083700000, 0x0000000083700000, 0x0000000083800000|  0%| F|  |TAMS 0x0000000083700000, 0x0000000083700000| Untracked 
|  56|0x0000000083800000, 0x0000000083800000, 0x0000000083900000|  0%| F|  |TAMS 0x0000000083800000, 0x0000000083800000| Untracked 
|  57|0x0000000083900000, 0x0000000083900000, 0x0000000083a00000|  0%| F|  |TAMS 0x0000000083900000, 0x0000000083900000| Untracked 
|  58|0x0000000083a00000, 0x0000000083a00000, 0x0000000083b00000|  0%| F|  |TAMS 0x0000000083a00000, 0x0000000083a00000| Untracked 
|  59|0x0000000083b00000, 0x0000000083b00000, 0x0000000083c00000|  0%| F|  |TAMS 0x0000000083b00000, 0x0000000083b00000| Untracked 
|  60|0x0000000083c00000, 0x0000000083c00000, 0x0000000083d00000|  0%| F|  |TAMS 0x0000000083c00000, 0x0000000083c00000| Untracked 
|  61|0x0000000083d00000, 0x0000000083d00000, 0x0000000083e00000|  0%| F|  |TAMS 0x0000000083d00000, 0x0000000083d00000| Untracked 
|  62|0x0000000083e00000, 0x0000000083e00000, 0x0000000083f00000|  0%| F|  |TAMS 0x0000000083e00000, 0x0000000083e00000| Untracked 
|  63|0x0000000083f00000, 0x0000000083f00000, 0x0000000084000000|  0%| F|  |TAMS 0x0000000083f00000, 0x0000000083f00000| Untracked 
|  64|0x0000000084000000, 0x0000000084000000, 0x0000000084100000|  0%| F|  |TAMS 0x0000000084000000, 0x0000000084000000| Untracked 
|  65|0x0000000084100000, 0x0000000084100000, 0x0000000084200000|  0%| F|  |TAMS 0x0000000084100000, 0x0000000084100000| Untracked 
|  66|0x0000000084200000, 0x0000000084200000, 0x0000000084300000|  0%| F|  |TAMS 0x0000000084200000, 0x0000000084200000| Untracked 
|  67|0x0000000084300000, 0x0000000084300000, 0x0000000084400000|  0%| F|  |TAMS 0x0000000084300000, 0x0000000084300000| Untracked 
|  68|0x0000000084400000, 0x0000000084400000, 0x0000000084500000|  0%| F|  |TAMS 0x0000000084400000, 0x0000000084400000| Untracked 
|  69|0x0000000084500000, 0x0000000084500000, 0x0000000084600000|  0%| F|  |TAMS 0x0000000084500000, 0x0000000084500000| Untracked 
|  70|0x0000000084600000, 0x0000000084600000, 0x0000000084700000|  0%| F|  |TAMS 0x0000000084600000, 0x0000000084600000| Untracked 
|  71|0x0000000084700000, 0x0000000084700000, 0x0000000084800000|  0%| F|  |TAMS 0x0000000084700000, 0x0000000084700000| Untracked 
|  72|0x0000000084800000, 0x0000000084800000, 0x0000000084900000|  0%| F|  |TAMS 0x0000000084800000, 0x0000000084800000| Untracked 
|  73|0x0000000084900000, 0x0000000084900000, 0x0000000084a00000|  0%| F|  |TAMS 0x0000000084900000, 0x0000000084900000| Untracked 
|  74|0x0000000084a00000, 0x0000000084a00000, 0x0000000084b00000|  0%| F|  |TAMS 0x0000000084a00000, 0x0000000084a00000| Untracked 
|  75|0x0000000084b00000, 0x0000000084b00000, 0x0000000084c00000|  0%| F|  |TAMS 0x0000000084b00000, 0x0000000084b00000| Untracked 
|  76|0x0000000084c00000, 0x0000000084c71640, 0x0000000084d00000| 44%| S|CS|TAMS 0x0000000084c00000, 0x0000000084c00000| Complete 
|  77|0x0000000084d00000, 0x0000000084e00000, 0x0000000084e00000|100%| S|CS|TAMS 0x0000000084d00000, 0x0000000084d00000| Complete 
|  78|0x0000000084e00000, 0x0000000084f00000, 0x0000000084f00000|100%| S|CS|TAMS 0x0000000084e00000, 0x0000000084e00000| Complete 
|  79|0x0000000084f00000, 0x0000000085000000, 0x0000000085000000|100%| S|CS|TAMS 0x0000000084f00000, 0x0000000084f00000| Complete 
|  80|0x0000000085000000, 0x0000000085000000, 0x0000000085100000|  0%| F|  |TAMS 0x0000000085000000, 0x0000000085000000| Untracked 
|  81|0x0000000085100000, 0x0000000085100000, 0x0000000085200000|  0%| F|  |TAMS 0x0000000085100000, 0x0000000085100000| Untracked 
|  82|0x0000000085200000, 0x0000000085200000, 0x0000000085300000|  0%| F|  |TAMS 0x0000000085200000, 0x0000000085200000| Untracked 
|  83|0x0000000085300000, 0x0000000085300000, 0x0000000085400000|  0%| F|  |TAMS 0x0000000085300000, 0x0000000085300000| Untracked 
|  84|0x0000000085400000, 0x0000000085400000, 0x0000000085500000|  0%| F|  |TAMS 0x0000000085400000, 0x0000000085400000| Untracked 
|  85|0x0000000085500000, 0x0000000085500000, 0x0000000085600000|  0%| F|  |TAMS 0x0000000085500000, 0x0000000085500000| Untracked 
|  86|0x0000000085600000, 0x0000000085700000, 0x0000000085700000|100%| S|CS|TAMS 0x0000000085600000, 0x0000000085600000| Complete 
|  87|0x0000000085700000, 0x0000000085800000, 0x0000000085800000|100%| S|CS|TAMS 0x0000000085700000, 0x0000000085700000| Complete 
|  88|0x0000000085800000, 0x0000000085800000, 0x0000000085900000|  0%| F|  |TAMS 0x0000000085800000, 0x0000000085800000| Untracked 
|  89|0x0000000085900000, 0x0000000085900000, 0x0000000085a00000|  0%| F|  |TAMS 0x0000000085900000, 0x0000000085900000| Untracked 
|  90|0x0000000085a00000, 0x0000000085a00000, 0x0000000085b00000|  0%| F|  |TAMS 0x0000000085a00000, 0x0000000085a00000| Untracked 
|  91|0x0000000085b00000, 0x0000000085b00000, 0x0000000085c00000|  0%| F|  |TAMS 0x0000000085b00000, 0x0000000085b00000| Untracked 
|  92|0x0000000085c00000, 0x0000000085c00000, 0x0000000085d00000|  0%| F|  |TAMS 0x0000000085c00000, 0x0000000085c00000| Untracked 
|  93|0x0000000085d00000, 0x0000000085d00000, 0x0000000085e00000|  0%| F|  |TAMS 0x0000000085d00000, 0x0000000085d00000| Untracked 
|  94|0x0000000085e00000, 0x0000000085e80800, 0x0000000085f00000| 50%| E|  |TAMS 0x0000000085e00000, 0x0000000085e00000| Complete 
|  95|0x0000000085f00000, 0x0000000086000000, 0x0000000086000000|100%| E|CS|TAMS 0x0000000085f00000, 0x0000000085f00000| Complete 
|  96|0x0000000086000000, 0x0000000086100000, 0x0000000086100000|100%| E|CS|TAMS 0x0000000086000000, 0x0000000086000000| Complete 
|  97|0x0000000086100000, 0x0000000086200000, 0x0000000086200000|100%| E|CS|TAMS 0x0000000086100000, 0x0000000086100000| Complete 
|  98|0x0000000086200000, 0x0000000086300000, 0x0000000086300000|100%| E|CS|TAMS 0x0000000086200000, 0x0000000086200000| Complete 
|  99|0x0000000086300000, 0x0000000086400000, 0x0000000086400000|100%| E|CS|TAMS 0x0000000086300000, 0x0000000086300000| Complete 
| 100|0x0000000086400000, 0x0000000086500000, 0x0000000086500000|100%| E|CS|TAMS 0x0000000086400000, 0x0000000086400000| Complete 
| 101|0x0000000086500000, 0x0000000086600000, 0x0000000086600000|100%| E|CS|TAMS 0x0000000086500000, 0x0000000086500000| Complete 
| 102|0x0000000086600000, 0x0000000086700000, 0x0000000086700000|100%| E|CS|TAMS 0x0000000086600000, 0x0000000086600000| Complete 
| 103|0x0000000086700000, 0x0000000086800000, 0x0000000086800000|100%| E|CS|TAMS 0x0000000086700000, 0x0000000086700000| Complete 
| 104|0x0000000086800000, 0x0000000086900000, 0x0000000086900000|100%| E|CS|TAMS 0x0000000086800000, 0x0000000086800000| Complete 
| 105|0x0000000086900000, 0x0000000086a00000, 0x0000000086a00000|100%| E|CS|TAMS 0x0000000086900000, 0x0000000086900000| Complete 
| 106|0x0000000086a00000, 0x0000000086b00000, 0x0000000086b00000|100%| E|CS|TAMS 0x0000000086a00000, 0x0000000086a00000| Complete 
| 107|0x0000000086b00000, 0x0000000086c00000, 0x0000000086c00000|100%| E|CS|TAMS 0x0000000086b00000, 0x0000000086b00000| Complete 
| 108|0x0000000086c00000, 0x0000000086d00000, 0x0000000086d00000|100%| E|CS|TAMS 0x0000000086c00000, 0x0000000086c00000| Complete 
| 109|0x0000000086d00000, 0x0000000086e00000, 0x0000000086e00000|100%| E|CS|TAMS 0x0000000086d00000, 0x0000000086d00000| Complete 
| 110|0x0000000086e00000, 0x0000000086f00000, 0x0000000086f00000|100%| E|CS|TAMS 0x0000000086e00000, 0x0000000086e00000| Complete 
| 111|0x0000000086f00000, 0x0000000087000000, 0x0000000087000000|100%| E|CS|TAMS 0x0000000086f00000, 0x0000000086f00000| Complete 
| 112|0x0000000087000000, 0x0000000087100000, 0x0000000087100000|100%| E|CS|TAMS 0x0000000087000000, 0x0000000087000000| Complete 
| 113|0x0000000087100000, 0x0000000087200000, 0x0000000087200000|100%| E|CS|TAMS 0x0000000087100000, 0x0000000087100000| Complete 
| 114|0x0000000087200000, 0x0000000087300000, 0x0000000087300000|100%| E|CS|TAMS 0x0000000087200000, 0x0000000087200000| Complete 
| 115|0x0000000087300000, 0x0000000087400000, 0x0000000087400000|100%| E|CS|TAMS 0x0000000087300000, 0x0000000087300000| Complete 
| 116|0x0000000087400000, 0x0000000087500000, 0x0000000087500000|100%| E|CS|TAMS 0x0000000087400000, 0x0000000087400000| Complete 
| 117|0x0000000087500000, 0x0000000087600000, 0x0000000087600000|100%| E|CS|TAMS 0x0000000087500000, 0x0000000087500000| Complete 
| 118|0x0000000087600000, 0x0000000087700000, 0x0000000087700000|100%| E|CS|TAMS 0x0000000087600000, 0x0000000087600000| Complete 
| 119|0x0000000087700000, 0x0000000087800000, 0x0000000087800000|100%| E|CS|TAMS 0x0000000087700000, 0x0000000087700000| Complete 
| 120|0x0000000087800000, 0x0000000087900000, 0x0000000087900000|100%| E|CS|TAMS 0x0000000087800000, 0x0000000087800000| Complete 
| 199|0x000000008c700000, 0x000000008c800000, 0x000000008c800000|100%| E|CS|TAMS 0x000000008c700000, 0x000000008c700000| Complete 
| 200|0x000000008c800000, 0x000000008c900000, 0x000000008c900000|100%| E|CS|TAMS 0x000000008c800000, 0x000000008c800000| Complete 
| 201|0x000000008c900000, 0x000000008ca00000, 0x000000008ca00000|100%| E|CS|TAMS 0x000000008c900000, 0x000000008c900000| Complete 
| 202|0x000000008ca00000, 0x000000008cb00000, 0x000000008cb00000|100%| E|CS|TAMS 0x000000008ca00000, 0x000000008ca00000| Complete 
| 203|0x000000008cb00000, 0x000000008cc00000, 0x000000008cc00000|100%| E|CS|TAMS 0x000000008cb00000, 0x000000008cb00000| Complete 
| 204|0x000000008cc00000, 0x000000008cd00000, 0x000000008cd00000|100%| E|CS|TAMS 0x000000008cc00000, 0x000000008cc00000| Complete 
| 205|0x000000008cd00000, 0x000000008ce00000, 0x000000008ce00000|100%| E|CS|TAMS 0x000000008cd00000, 0x000000008cd00000| Complete 
| 206|0x000000008ce00000, 0x000000008cf00000, 0x000000008cf00000|100%| E|CS|TAMS 0x000000008ce00000, 0x000000008ce00000| Complete 
| 207|0x000000008cf00000, 0x000000008d000000, 0x000000008d000000|100%| E|CS|TAMS 0x000000008cf00000, 0x000000008cf00000| Complete 
| 251|0x000000008fb00000, 0x000000008fc00000, 0x000000008fc00000|100%| E|CS|TAMS 0x000000008fb00000, 0x000000008fb00000| Complete 

Card table byte_map: [0x0000017a3cfc0000,0x0000017a3d3c0000] _byte_map_base: 0x0000017a3cbc0000

Marking Bits (Prev, Next): (CMBitMap*) 0x0000017a28505170, (CMBitMap*) 0x0000017a285051b0
 Prev Bits: [0x0000017a3d7c0000, 0x0000017a3f7c0000)
 Next Bits: [0x0000017a3f7c0000, 0x0000017a417c0000)

Polling page: 0x0000017a28570000

Metaspace:

Usage:
  Non-class:     69.71 MB used.
      Class:     11.02 MB used.
       Both:     80.73 MB used.

Virtual space:
  Non-class space:       72.00 MB reserved,      70.00 MB ( 97%) committed,  9 nodes.
      Class space:        1.00 GB reserved,      11.31 MB (  1%) committed,  1 nodes.
             Both:        1.07 GB reserved,      81.31 MB (  7%) committed. 

Chunk freelists:
   Non-Class:  1.51 MB
       Class:  687.00 KB
        Both:  2.18 MB

MaxMetaspaceSize: unlimited
CompressedClassSpaceSize: 1.00 GB
Initial GC threshold: 21.00 MB
Current GC threshold: 104.69 MB
CDS: off
MetaspaceReclaimPolicy: balanced
 - commit_granule_bytes: 65536.
 - commit_granule_words: 8192.
 - virtual_space_node_default_size: 1048576.
 - enlarge_chunks_in_place: 1.
 - new_chunks_are_fully_committed: 0.
 - uncommit_free_chunks: 1.
 - use_allocation_guard: 0.
 - handle_deallocations: 1.


Internal statistics:

num_allocs_failed_limit: 6.
num_arena_births: 790.
num_arena_deaths: 0.
num_vsnodes_births: 10.
num_vsnodes_deaths: 0.
num_space_committed: 1301.
num_space_uncommitted: 0.
num_chunks_returned_to_freelist: 6.
num_chunks_taken_from_freelist: 3688.
num_chunk_merges: 6.
num_chunk_splits: 2505.
num_chunks_enlarged: 1734.
num_purges: 0.
num_inconsistent_stats: 0.

CodeHeap 'non-profiled nmethods': size=120000Kb used=4320Kb max_used=4320Kb free=115679Kb
 bounds [0x0000017a34c20000, 0x0000017a35060000, 0x0000017a3c150000]
CodeHeap 'profiled nmethods': size=120000Kb used=14100Kb max_used=14100Kb free=105899Kb
 bounds [0x0000017a2d150000, 0x0000017a2df20000, 0x0000017a34680000]
CodeHeap 'non-nmethods': size=5760Kb used=2393Kb max_used=2458Kb free=3366Kb
 bounds [0x0000017a34680000, 0x0000017a348f0000, 0x0000017a34c20000]
 total_blobs=8225 nmethods=7317 adapters=820
 compilation: enabled
              stopped_count=0, restarted_count=0
 full_count=0

Compilation events (20 events):
Event: 6.982 Thread 0x0000017a44c8d050 8178       1       org.gradle.internal.properties.bean.RuntimeBeanNode::getBean (5 bytes)
Event: 6.982 Thread 0x0000017a44c8d050 nmethod 8178 0x0000017a35057c90 code [0x0000017a35057e20, 0x0000017a35057ef8]
Event: 6.984 Thread 0x0000017a44c8d050 8179       3       org.gradle.internal.instantiation.generator.AbstractClassGenerator::access$1600 (6 bytes)
Event: 6.984 Thread 0x0000017a44c8d050 nmethod 8179 0x0000017a2df0cb10 code [0x0000017a2df0cca0, 0x0000017a2df0cdc8]
Event: 6.986 Thread 0x0000017a44c8d050 8180       3       java.util.ArrayDeque::toArray (7 bytes)
Event: 6.987 Thread 0x0000017a44c8d050 nmethod 8180 0x0000017a2df0ce90 code [0x0000017a2df0d040, 0x0000017a2df0d188]
Event: 6.989 Thread 0x0000017a44c8d050 8181       3       jdk.internal.ref.PhantomCleanable::clear (12 bytes)
Event: 6.989 Thread 0x0000017a44c8d050 nmethod 8181 0x0000017a2df0d210 code [0x0000017a2df0d3c0, 0x0000017a2df0d5d8]
Event: 6.991 Thread 0x0000017a44c8d050 8183       3       org.gradle.internal.instantiation.generator.AbstractClassGenerator$GeneratedClassImpl::<init> (128 bytes)
Event: 6.993 Thread 0x0000017a44c8d050 nmethod 8183 0x0000017a2df0d690 code [0x0000017a2df0db20, 0x0000017a2df10128]
Event: 6.993 Thread 0x0000017a44c8d050 8182       3       org.gradle.internal.instantiation.generator.AbstractClassGenerator$AbstractInjectedPropertyHandler::getInjectedServices (59 bytes)
Event: 6.994 Thread 0x0000017a44c8d050 nmethod 8182 0x0000017a2df10e90 code [0x0000017a2df11140, 0x0000017a2df11fe8]
Event: 6.994 Thread 0x0000017a44c8d050 8184       3       org.gradle.internal.instantiation.generator.AbstractClassGenerator$$Lambda$99/0x0000000100241788::apply (12 bytes)
Event: 6.994 Thread 0x0000017a44c8d050 nmethod 8184 0x0000017a2df12490 code [0x0000017a2df12640, 0x0000017a2df12868]
Event: 6.994 Thread 0x0000017a44c8d050 8185       3       org.gradle.internal.instantiation.generator.AbstractClassGenerator$DslMixInPropertyType::startType (37 bytes)
Event: 6.994 Thread 0x0000017a44c8d050 nmethod 8185 0x0000017a2df12990 code [0x0000017a2df12b40, 0x0000017a2df12d98]
Event: 7.005 Thread 0x0000017a44c8d050 8186       3       java.lang.invoke.DirectMethodHandle$Holder::invokeStatic (14 bytes)
Event: 7.005 Thread 0x0000017a44c8d050 nmethod 8186 0x0000017a2df12e90 code [0x0000017a2df13060, 0x0000017a2df13498]
Event: 7.008 Thread 0x0000017a44c8d050 8187       3       java.util.regex.Pattern$Branch::match (66 bytes)
Event: 7.008 Thread 0x0000017a44c8d050 nmethod 8187 0x0000017a2df13590 code [0x0000017a2df13760, 0x0000017a2df13c38]

GC Heap History (20 events):
Event: 4.081 GC heap before
{Heap before GC invocations=12 (full 0):
 garbage-first heap   total 86016K, used 65026K [0x0000000080000000, 0x0000000100000000)
  region size 1024K, 35 young (35840K), 4 survivors (4096K)
 Metaspace       used 53073K, committed 53504K, reserved 1097728K
  class space    used 7107K, committed 7296K, reserved 1048576K
}
Event: 4.085 GC heap after
{Heap after GC invocations=13 (full 0):
 garbage-first heap   total 86016K, used 36931K [0x0000000080000000, 0x0000000100000000)
  region size 1024K, 5 young (5120K), 5 survivors (5120K)
 Metaspace       used 53073K, committed 53504K, reserved 1097728K
  class space    used 7107K, committed 7296K, reserved 1048576K
}
Event: 4.365 GC heap before
{Heap before GC invocations=13 (full 0):
 garbage-first heap   total 86016K, used 69699K [0x0000000080000000, 0x0000000100000000)
  region size 1024K, 34 young (34816K), 5 survivors (5120K)
 Metaspace       used 55662K, committed 56192K, reserved 1097728K
  class space    used 7450K, committed 7680K, reserved 1048576K
}
Event: 4.370 GC heap after
{Heap after GC invocations=14 (full 0):
 garbage-first heap   total 86016K, used 45271K [0x0000000080000000, 0x0000000100000000)
  region size 1024K, 5 young (5120K), 5 survivors (5120K)
 Metaspace       used 55662K, committed 56192K, reserved 1097728K
  class space    used 7450K, committed 7680K, reserved 1048576K
}
Event: 4.647 GC heap before
{Heap before GC invocations=14 (full 0):
 garbage-first heap   total 86016K, used 66775K [0x0000000080000000, 0x0000000100000000)
  region size 1024K, 26 young (26624K), 5 survivors (5120K)
 Metaspace       used 59291K, committed 59776K, reserved 1105920K
  class space    used 7872K, committed 8128K, reserved 1048576K
}
Event: 4.649 GC heap after
{Heap after GC invocations=15 (full 0):
 garbage-first heap   total 86016K, used 46853K [0x0000000080000000, 0x0000000100000000)
  region size 1024K, 2 young (2048K), 2 survivors (2048K)
 Metaspace       used 59291K, committed 59776K, reserved 1105920K
  class space    used 7872K, committed 8128K, reserved 1048576K
}
Event: 4.974 GC heap before
{Heap before GC invocations=16 (full 0):
 garbage-first heap   total 86016K, used 67333K [0x0000000080000000, 0x0000000100000000)
  region size 1024K, 22 young (22528K), 2 survivors (2048K)
 Metaspace       used 62426K, committed 62976K, reserved 1105920K
  class space    used 8338K, committed 8576K, reserved 1048576K
}
Event: 4.977 GC heap after
{Heap after GC invocations=17 (full 0):
 garbage-first heap   total 86016K, used 47967K [0x0000000080000000, 0x0000000100000000)
  region size 1024K, 3 young (3072K), 3 survivors (3072K)
 Metaspace       used 62426K, committed 62976K, reserved 1105920K
  class space    used 8338K, committed 8576K, reserved 1048576K
}
Event: 5.050 GC heap before
{Heap before GC invocations=17 (full 0):
 garbage-first heap   total 86016K, used 51039K [0x0000000080000000, 0x0000000100000000)
  region size 1024K, 8 young (8192K), 3 survivors (3072K)
 Metaspace       used 63756K, committed 64320K, reserved 1105920K
  class space    used 8482K, committed 8704K, reserved 1048576K
}
Event: 5.052 GC heap after
{Heap after GC invocations=18 (full 0):
 garbage-first heap   total 86016K, used 49018K [0x0000000080000000, 0x0000000100000000)
  region size 1024K, 3 young (3072K), 3 survivors (3072K)
 Metaspace       used 63756K, committed 64320K, reserved 1105920K
  class space    used 8482K, committed 8704K, reserved 1048576K
}
Event: 5.162 GC heap before
{Heap before GC invocations=19 (full 0):
 garbage-first heap   total 111616K, used 73594K [0x0000000080000000, 0x0000000100000000)
  region size 1024K, 21 young (21504K), 3 survivors (3072K)
 Metaspace       used 64575K, committed 65088K, reserved 1105920K
  class space    used 8605K, committed 8832K, reserved 1048576K
}
Event: 5.165 GC heap after
{Heap after GC invocations=20 (full 0):
 garbage-first heap   total 111616K, used 50903K [0x0000000080000000, 0x0000000100000000)
  region size 1024K, 3 young (3072K), 3 survivors (3072K)
 Metaspace       used 64575K, committed 65088K, reserved 1105920K
  class space    used 8605K, committed 8832K, reserved 1048576K
}
Event: 5.187 GC heap before
{Heap before GC invocations=20 (full 0):
 garbage-first heap   total 111616K, used 52951K [0x0000000080000000, 0x0000000100000000)
  region size 1024K, 5 young (5120K), 3 survivors (3072K)
 Metaspace       used 64854K, committed 65344K, reserved 1105920K
  class space    used 8626K, committed 8832K, reserved 1048576K
}
Event: 5.189 GC heap after
{Heap after GC invocations=21 (full 0):
 garbage-first heap   total 134144K, used 51446K [0x0000000080000000, 0x0000000100000000)
  region size 1024K, 1 young (1024K), 1 survivors (1024K)
 Metaspace       used 64854K, committed 65344K, reserved 1105920K
  class space    used 8626K, committed 8832K, reserved 1048576K
}
Event: 5.660 GC heap before
{Heap before GC invocations=21 (full 0):
 garbage-first heap   total 134144K, used 93430K [0x0000000080000000, 0x0000000100000000)
  region size 1024K, 42 young (43008K), 1 survivors (1024K)
 Metaspace       used 69459K, committed 70016K, reserved 1114112K
  class space    used 9257K, committed 9536K, reserved 1048576K
}
Event: 5.662 GC heap after
{Heap after GC invocations=22 (full 0):
 garbage-first heap   total 134144K, used 53461K [0x0000000080000000, 0x0000000100000000)
  region size 1024K, 3 young (3072K), 3 survivors (3072K)
 Metaspace       used 69459K, committed 70016K, reserved 1114112K
  class space    used 9257K, committed 9536K, reserved 1048576K
}
Event: 6.145 GC heap before
{Heap before GC invocations=22 (full 0):
 garbage-first heap   total 134144K, used 96469K [0x0000000080000000, 0x0000000100000000)
  region size 1024K, 45 young (46080K), 3 survivors (3072K)
 Metaspace       used 73818K, committed 74432K, reserved 1114112K
  class space    used 9828K, committed 10112K, reserved 1048576K
}
Event: 6.153 GC heap after
{Heap after GC invocations=23 (full 0):
 garbage-first heap   total 134144K, used 56442K [0x0000000080000000, 0x0000000100000000)
  region size 1024K, 6 young (6144K), 6 survivors (6144K)
 Metaspace       used 73818K, committed 74432K, reserved 1114112K
  class space    used 9828K, committed 10112K, reserved 1048576K
}
Event: 6.601 GC heap before
{Heap before GC invocations=23 (full 0):
 garbage-first heap   total 134144K, used 100474K [0x0000000080000000, 0x0000000100000000)
  region size 1024K, 49 young (50176K), 6 survivors (6144K)
 Metaspace       used 78849K, committed 79424K, reserved 1122304K
  class space    used 10712K, committed 11008K, reserved 1048576K
}
Event: 6.606 GC heap after
{Heap after GC invocations=24 (full 0):
 garbage-first heap   total 134144K, used 58977K [0x0000000080000000, 0x0000000100000000)
  region size 1024K, 6 young (6144K), 6 survivors (6144K)
 Metaspace       used 78849K, committed 79424K, reserved 1122304K
  class space    used 10712K, committed 11008K, reserved 1048576K
}

Dll operation events (2 events):
Event: 0.005 Loaded shared library E:\Android Studio\jbr\bin\java.dll
Event: 0.278 Loaded shared library E:\Android Studio\jbr\bin\verify.dll

Deoptimization events (20 events):
Event: 6.843 Thread 0x0000017a4702a030 Uncommon trap: trap_request=0xffffff45 fr.pc=0x0000017a34c4486c relative=0x000000000000242c
Event: 6.843 Thread 0x0000017a4702a030 Uncommon trap: reason=unstable_if action=reinterpret pc=0x0000017a34c4486c method=java.util.HashMap.getNode(Ljava/lang/Object;)Ljava/util/HashMap$Node; @ 85 c2
Event: 6.843 Thread 0x0000017a4702a030 DEOPT PACKING pc=0x0000017a34c4486c sp=0x000000781daf8f30
Event: 6.843 Thread 0x0000017a4702a030 DEOPT UNPACKING pc=0x0000017a346da1a3 sp=0x000000781daf8e18 mode 2
Event: 6.843 Thread 0x0000017a4702a030 Uncommon trap: trap_request=0xffffff45 fr.pc=0x0000017a34d59ad0 relative=0x00000000000002b0
Event: 6.843 Thread 0x0000017a4702a030 Uncommon trap: reason=unstable_if action=reinterpret pc=0x0000017a34d59ad0 method=java.util.HashMap.getNode(Ljava/lang/Object;)Ljava/util/HashMap$Node; @ 85 c2
Event: 6.843 Thread 0x0000017a4702a030 DEOPT PACKING pc=0x0000017a34d59ad0 sp=0x000000781daf8ee0
Event: 6.843 Thread 0x0000017a4702a030 DEOPT UNPACKING pc=0x0000017a346da1a3 sp=0x000000781daf8e00 mode 2
Event: 6.843 Thread 0x0000017a4702a030 Uncommon trap: trap_request=0xffffff45 fr.pc=0x0000017a34d172f4 relative=0x0000000000000254
Event: 6.843 Thread 0x0000017a4702a030 Uncommon trap: reason=unstable_if action=reinterpret pc=0x0000017a34d172f4 method=java.util.HashMap.getNode(Ljava/lang/Object;)Ljava/util/HashMap$Node; @ 85 c2
Event: 6.843 Thread 0x0000017a4702a030 DEOPT PACKING pc=0x0000017a34d172f4 sp=0x000000781daf8e80
Event: 6.843 Thread 0x0000017a4702a030 DEOPT UNPACKING pc=0x0000017a346da1a3 sp=0x000000781daf8e00 mode 2
Event: 6.852 Thread 0x0000017a4702a030 DEOPT PACKING pc=0x0000017a2d16af6d sp=0x000000781daf8300
Event: 6.852 Thread 0x0000017a4702a030 DEOPT UNPACKING pc=0x0000017a346dace3 sp=0x000000781daf78c8 mode 0
Event: 6.902 Thread 0x0000017a4702a030 DEOPT PACKING pc=0x0000017a2d16af6d sp=0x000000781daf9030
Event: 6.902 Thread 0x0000017a4702a030 DEOPT UNPACKING pc=0x0000017a346dace3 sp=0x000000781daf85f8 mode 0
Event: 6.936 Thread 0x0000017a4702a030 DEOPT PACKING pc=0x0000017a2d16ae76 sp=0x000000781daf8f30
Event: 6.936 Thread 0x0000017a4702a030 DEOPT UNPACKING pc=0x0000017a346dace3 sp=0x000000781daf84d0 mode 0
Event: 6.960 Thread 0x0000017a4702a030 DEOPT PACKING pc=0x0000017a2d16b37d sp=0x000000781daf8eb0
Event: 6.960 Thread 0x0000017a4702a030 DEOPT UNPACKING pc=0x0000017a346dace3 sp=0x000000781daf8450 mode 0

Classes unloaded (0 events):
No events

Classes redefined (0 events):
No events

Internal exceptions (20 events):
Event: 4.163 Thread 0x0000017a4702a030 Exception <a 'java/lang/ClassNotFoundException'{0x00000000848fcb00}: org/gradle/api/internal/plugins/DefaultObjectConfigurationActionCustomizer> (0x00000000848fcb00) 
thrown [s\src\hotspot\share\classfile\systemDictionary.cpp, line 256]
Event: 4.272 Thread 0x0000017a4702a030 Exception <a 'java/lang/NoSuchMethodError'{0x0000000083db9c10}: 'java.lang.Object java.lang.invoke.DirectMethodHandle$Holder.newInvokeSpecial(java.lang.Object, java.lang.Object, java.lang.Object, java.lang.Object, int)'> (0x0000000083db9c10) 
thrown [s\src\hotspot\share\interpreter\linkResolver.cpp, line 771]
Event: 4.273 Thread 0x0000017a4702a030 Exception <a 'java/lang/NoSuchMethodError'{0x0000000083dbf058}: 'java.lang.Object java.lang.invoke.DirectMethodHandle$Holder.invokeSpecial(java.lang.Object, java.lang.Object, java.lang.Object, java.lang.Object, java.lang.Object, int)'> (0x0000000083dbf058) 
thrown [s\src\hotspot\share\interpreter\linkResolver.cpp, line 771]
Event: 4.273 Thread 0x0000017a4702a030 Exception <a 'java/lang/NoSuchMethodError'{0x0000000083dc3dd8}: 'java.lang.Object java.lang.invoke.Invokers$Holder.linkToTargetMethod(java.lang.Object, java.lang.Object, java.lang.Object, int, java.lang.Object)'> (0x0000000083dc3dd8) 
thrown [s\src\hotspot\share\interpreter\linkResolver.cpp, line 771]
Event: 4.455 Thread 0x0000017a4702a030 Exception <a 'java/lang/NoSuchMethodError'{0x000000008ca519c8}: 'int java.lang.invoke.DirectMethodHandle$Holder.invokeInterface(java.lang.Object, java.lang.Object, java.lang.Object, java.lang.Object)'> (0x000000008ca519c8) 
thrown [s\src\hotspot\share\interpreter\linkResolver.cpp, line 771]
Event: 4.855 Thread 0x0000017a4702a030 Exception <a 'java/lang/IncompatibleClassChangeError'{0x000000008481af50}: Found class java.lang.Object, but interface was expected> (0x000000008481af50) 
thrown [s\src\hotspot\share\interpreter\linkResolver.cpp, line 838]
Event: 4.890 Thread 0x0000017a4702a030 Implicit null exception at 0x0000017a34e7c3d9 to 0x0000017a34e7c570
Event: 4.890 Thread 0x0000017a4702a030 Implicit null exception at 0x0000017a34eccccd to 0x0000017a34ecd594
Event: 5.010 Thread 0x0000017a4702a030 Implicit null exception at 0x0000017a34e0540c to 0x0000017a34e0553e
Event: 5.100 Thread 0x0000017a4702a030 Exception <a 'sun/nio/fs/WindowsException'{0x00000000860c4878}> (0x00000000860c4878) 
thrown [s\src\hotspot\share\prims\jni.cpp, line 517]
Event: 5.444 Thread 0x0000017a4702a030 Implicit null exception at 0x0000017a34d17a48 to 0x0000017a34d17b34
Event: 6.476 Thread 0x0000017a4702a030 Exception <a 'java/lang/NoSuchMethodError'{0x00000000866f6330}: 'int java.lang.invoke.DirectMethodHandle$Holder.invokeSpecialIFC(java.lang.Object, java.lang.Object, java.lang.Object, java.lang.Object, java.lang.Object)'> (0x00000000866f6330) 
thrown [s\src\hotspot\share\interpreter\linkResolver.cpp, line 771]
Event: 6.597 Thread 0x0000017a4702a030 Exception <a 'java/lang/ClassNotFoundException'{0x000000008584be00}: com/android/build/gradle/internal/api/ApkVariantOutputImpl_DecoratedBeanInfo> (0x000000008584be00) 
thrown [s\src\hotspot\share\classfile\systemDictionary.cpp, line 256]
Event: 6.597 Thread 0x0000017a4702a030 Exception <a 'java/lang/ClassNotFoundException'{0x0000000085859508}: com/android/build/gradle/internal/api/ApkVariantOutputImplBeanInfo> (0x0000000085859508) 
thrown [s\src\hotspot\share\classfile\systemDictionary.cpp, line 256]
Event: 6.597 Thread 0x0000017a4702a030 Exception <a 'java/lang/ClassNotFoundException'{0x0000000085866c20}: com/android/build/gradle/internal/api/BaseVariantOutputImplBeanInfo> (0x0000000085866c20) 
thrown [s\src\hotspot\share\classfile\systemDictionary.cpp, line 256]
Event: 6.598 Thread 0x0000017a4702a030 Exception <a 'java/lang/ClassNotFoundException'{0x00000000858745b8}: com/android/build/gradle/internal/api/BaseVariantOutputImplCustomizer> (0x00000000858745b8) 
thrown [s\src\hotspot\share\classfile\systemDictionary.cpp, line 256]
Event: 6.599 Thread 0x0000017a4702a030 Exception <a 'java/lang/ClassNotFoundException'{0x00000000858948a8}: com/android/build/gradle/internal/api/ApkVariantOutputImplCustomizer> (0x00000000858948a8) 
thrown [s\src\hotspot\share\classfile\systemDictionary.cpp, line 256]
Event: 6.599 Thread 0x0000017a4702a030 Exception <a 'java/lang/ClassNotFoundException'{0x00000000858aec48}: com/android/build/gradle/internal/api/ApkVariantOutputImpl_DecoratedCustomizer> (0x00000000858aec48) 
thrown [s\src\hotspot\share\classfile\systemDictionary.cpp, line 256]
Event: 6.612 Thread 0x0000017a4702a030 Exception <a 'java/lang/NoClassDefFoundError'{0x000000008fb99c78}: org/jetbrains/kotlin/gradle/plugin/KotlinBasePluginWrapper> (0x000000008fb99c78) 
thrown [s\src\hotspot\share\classfile\systemDictionary.cpp, line 245]
Event: 7.000 Thread 0x0000017a4702a030 Exception <a 'sun/nio/fs/WindowsException'{0x0000000086226f20}> (0x0000000086226f20) 
thrown [s\src\hotspot\share\prims\jni.cpp, line 517]

VM Operations (20 events):
Event: 5.964 Executing VM operation: ICBufferFull
Event: 5.964 Executing VM operation: ICBufferFull done
Event: 5.997 Executing VM operation: HandshakeAllThreads
Event: 5.997 Executing VM operation: HandshakeAllThreads done
Event: 6.145 Executing VM operation: G1CollectForAllocation
Event: 6.154 Executing VM operation: G1CollectForAllocation done
Event: 6.562 Executing VM operation: ICBufferFull
Event: 6.562 Executing VM operation: ICBufferFull done
Event: 6.601 Executing VM operation: G1CollectForAllocation
Event: 6.606 Executing VM operation: G1CollectForAllocation done
Event: 6.644 Executing VM operation: HandshakeAllThreads
Event: 6.644 Executing VM operation: HandshakeAllThreads done
Event: 6.644 Executing VM operation: HandshakeAllThreads
Event: 6.644 Executing VM operation: HandshakeAllThreads done
Event: 6.764 Executing VM operation: ICBufferFull
Event: 6.765 Executing VM operation: ICBufferFull done
Event: 6.859 Executing VM operation: HandshakeAllThreads
Event: 6.859 Executing VM operation: HandshakeAllThreads done
Event: 7.016 Executing VM operation: ICBufferFull
Event: 7.017 Executing VM operation: ICBufferFull done

Events (20 events):
Event: 6.190 loading class sun/reflect/generics/repository/FieldRepository done
Event: 6.198 loading class jdk/internal/vm/annotation/ForceInline
Event: 6.198 loading class jdk/internal/vm/annotation/ForceInline done
Event: 6.234 loading class java/util/regex/Pattern$Caret
Event: 6.234 loading class java/util/regex/Pattern$Caret done
Event: 6.644 loading class java/util/Stack
Event: 6.644 loading class java/util/Stack done
Event: 6.647 Thread 0x0000017a44c8fa50 flushing nmethod 0x0000017a2d35e790
Event: 6.648 Thread 0x0000017a44c8fa50 flushing nmethod 0x0000017a2d507d90
Event: 6.651 Thread 0x0000017a44c8fa50 flushing nmethod 0x0000017a2db39c90
Event: 6.668 loading class java/lang/AbstractMethodError
Event: 6.668 loading class java/lang/AbstractMethodError done
Event: 6.791 loading class java/util/zip/ZipOutputStream
Event: 6.791 loading class java/util/zip/ZipOutputStream done
Event: 6.995 loading class java/net/Proxy
Event: 6.995 loading class java/net/Proxy done
Event: 6.995 loading class java/net/Proxy$Type
Event: 6.995 loading class java/net/Proxy$Type done
Event: 7.018 loading class javax/xml/namespace/QName
Event: 7.018 loading class javax/xml/namespace/QName done


Dynamic libraries:
0x00007ff619180000 - 0x00007ff61918a000 	E:\Android Studio\jbr\bin\java.exe
0x00007fff96210000 - 0x00007fff96424000 	C:\WINDOWS\SYSTEM32\ntdll.dll
0x00007fff958e0000 - 0x00007fff959a4000 	C:\WINDOWS\System32\KERNEL32.DLL
0x00007fff93800000 - 0x00007fff93ba4000 	C:\WINDOWS\System32\KERNELBASE.dll
0x00007fff93bb0000 - 0x00007fff93cc1000 	C:\WINDOWS\System32\ucrtbase.dll
0x00007fff62f40000 - 0x00007fff62f57000 	E:\Android Studio\jbr\bin\jli.dll
0x00007fff8c3a0000 - 0x00007fff8c3bb000 	E:\Android Studio\jbr\bin\VCRUNTIME140.dll
0x00007fff95cc0000 - 0x00007fff95e6a000 	C:\WINDOWS\System32\USER32.dll
0x00007fff7a060000 - 0x00007fff7a2ef000 	C:\WINDOWS\WinSxS\amd64_microsoft.windows.common-controls_6595b64144ccf1df_6.0.22621.2070_none_2713e6537381f706\COMCTL32.dll
0x00007fff93cd0000 - 0x00007fff93cf6000 	C:\WINDOWS\System32\win32u.dll
0x00007fff96100000 - 0x00007fff961a7000 	C:\WINDOWS\System32\msvcrt.dll
0x00007fff95ff0000 - 0x00007fff96019000 	C:\WINDOWS\System32\GDI32.dll
0x00007fff935f0000 - 0x00007fff93709000 	C:\WINDOWS\System32\gdi32full.dll
0x00007fff93dc0000 - 0x00007fff93e5a000 	C:\WINDOWS\System32\msvcp_win.dll
0x00007fff957f0000 - 0x00007fff95821000 	C:\WINDOWS\System32\IMM32.DLL
0x00007fff8e610000 - 0x00007fff8e61c000 	E:\Android Studio\jbr\bin\vcruntime140_1.dll
0x00007fff53c80000 - 0x00007fff53d0d000 	E:\Android Studio\jbr\bin\msvcp140.dll
0x00007fff4d300000 - 0x00007fff4df6e000 	E:\Android Studio\jbr\bin\server\jvm.dll
0x00007fff95c00000 - 0x00007fff95cb0000 	C:\WINDOWS\System32\ADVAPI32.dll
0x00007fff95830000 - 0x00007fff958d6000 	C:\WINDOWS\System32\sechost.dll
0x00007fff95ae0000 - 0x00007fff95bf7000 	C:\WINDOWS\System32\RPCRT4.dll
0x00007fff85780000 - 0x00007fff85789000 	C:\WINDOWS\SYSTEM32\WSOCK32.dll
0x00007fff892d0000 - 0x00007fff89304000 	C:\WINDOWS\SYSTEM32\WINMM.dll
0x00007fff94270000 - 0x00007fff942e1000 	C:\WINDOWS\System32\WS2_32.dll
0x00007fff890b0000 - 0x00007fff890ba000 	C:\WINDOWS\SYSTEM32\VERSION.dll
0x00007fff925a0000 - 0x00007fff925b8000 	C:\WINDOWS\SYSTEM32\kernel.appcore.dll
0x00007fff7e450000 - 0x00007fff7e45a000 	E:\Android Studio\jbr\bin\jimage.dll
0x00007fff91130000 - 0x00007fff9135e000 	C:\WINDOWS\SYSTEM32\DBGHELP.DLL
0x00007fff942f0000 - 0x00007fff9467a000 	C:\WINDOWS\System32\combase.dll
0x00007fff94190000 - 0x00007fff94267000 	C:\WINDOWS\System32\OLEAUT32.dll
0x00007fff7f7b0000 - 0x00007fff7f7e2000 	C:\WINDOWS\SYSTEM32\dbgcore.DLL
0x00007fff93780000 - 0x00007fff937fa000 	C:\WINDOWS\System32\bcryptPrimitives.dll
0x00007fff6ee00000 - 0x00007fff6ee25000 	E:\Android Studio\jbr\bin\java.dll
0x00007fff6d840000 - 0x00007fff6d858000 	E:\Android Studio\jbr\bin\zip.dll
0x00007fff94680000 - 0x00007fff94e96000 	C:\WINDOWS\System32\SHELL32.dll
0x00007fff915c0000 - 0x00007fff91eaa000 	C:\WINDOWS\SYSTEM32\windows.storage.dll
0x00007fff91480000 - 0x00007fff915be000 	C:\WINDOWS\SYSTEM32\wintypes.dll
0x00007fff95690000 - 0x00007fff95783000 	C:\WINDOWS\System32\SHCORE.dll
0x00007fff951a0000 - 0x00007fff951fe000 	C:\WINDOWS\System32\shlwapi.dll
0x00007fff93520000 - 0x00007fff93546000 	C:\WINDOWS\SYSTEM32\profapi.dll
0x00007fff68e60000 - 0x00007fff68e79000 	E:\Android Studio\jbr\bin\net.dll
0x00007fff8d7a0000 - 0x00007fff8d8d7000 	C:\WINDOWS\SYSTEM32\WINHTTP.dll
0x00007fff92ab0000 - 0x00007fff92b19000 	C:\WINDOWS\system32\mswsock.dll
0x00007fff68e00000 - 0x00007fff68e16000 	E:\Android Studio\jbr\bin\nio.dll
0x00007fff7b5c0000 - 0x00007fff7b5d0000 	E:\Android Studio\jbr\bin\verify.dll
0x00007fff7e000000 - 0x00007fff7e027000 	C:\Users\86135\.gradle\native\68d5fa5c4cc2d200863cafc0d521ce42e7d3e7ee720ec0a83991735586a16f82\windows-amd64\native-platform.dll
0x00007fff50fe0000 - 0x00007fff51124000 	C:\Users\86135\.gradle\native\e376f236ea51e6404a007f0833ffe2c6e607c4080706a723a18a27aeea778392\windows-amd64\native-platform-file-events.dll
0x00007fff79620000 - 0x00007fff79629000 	E:\Android Studio\jbr\bin\management.dll
0x00007fff793e0000 - 0x00007fff793eb000 	E:\Android Studio\jbr\bin\management_ext.dll
0x00007fff96020000 - 0x00007fff96028000 	C:\WINDOWS\System32\PSAPI.DLL
0x00007fff92d10000 - 0x00007fff92d2b000 	C:\WINDOWS\SYSTEM32\CRYPTSP.dll
0x00007fff925c0000 - 0x00007fff925f5000 	C:\WINDOWS\system32\rsaenh.dll
0x00007fff92ba0000 - 0x00007fff92bcc000 	C:\WINDOWS\SYSTEM32\USERENV.dll
0x00007fff92f30000 - 0x00007fff92f58000 	C:\WINDOWS\SYSTEM32\bcrypt.dll
0x00007fff92d00000 - 0x00007fff92d0c000 	C:\WINDOWS\SYSTEM32\CRYPTBASE.dll
0x00007fff92110000 - 0x00007fff9213d000 	C:\WINDOWS\SYSTEM32\IPHLPAPI.DLL
0x00007fff95cb0000 - 0x00007fff95cb9000 	C:\WINDOWS\System32\NSI.dll
0x00007fff8c2e0000 - 0x00007fff8c2f9000 	C:\WINDOWS\SYSTEM32\dhcpcsvc6.DLL
0x00007fff8c2c0000 - 0x00007fff8c2df000 	C:\WINDOWS\SYSTEM32\dhcpcsvc.DLL
0x00007fff92180000 - 0x00007fff92273000 	C:\WINDOWS\SYSTEM32\DNSAPI.dll
0x00007fff894d0000 - 0x00007fff894d8000 	C:\WINDOWS\system32\wshunix.dll

dbghelp: loaded successfully - version: 4.0.5 - missing functions: none
symbol engine: initialized successfully - sym options: 0x614 - pdb path: .;E:\Android Studio\jbr\bin;C:\WINDOWS\SYSTEM32;C:\WINDOWS\WinSxS\amd64_microsoft.windows.common-controls_6595b64144ccf1df_6.0.22621.2070_none_2713e6537381f706;E:\Android Studio\jbr\bin\server;C:\Users\86135\.gradle\native\68d5fa5c4cc2d200863cafc0d521ce42e7d3e7ee720ec0a83991735586a16f82\windows-amd64;C:\Users\86135\.gradle\native\e376f236ea51e6404a007f0833ffe2c6e607c4080706a723a18a27aeea778392\windows-amd64

VM Arguments:
jvm_args: --add-opens=java.base/java.util=ALL-UNNAMED --add-opens=java.base/java.lang=ALL-UNNAMED --add-opens=java.base/java.lang.invoke=ALL-UNNAMED --add-opens=java.prefs/java.util.prefs=ALL-UNNAMED --add-opens=java.base/java.nio.charset=ALL-UNNAMED --add-opens=java.base/java.net=ALL-UNNAMED --add-opens=java.base/java.util.concurrent.atomic=ALL-UNNAMED -Xmx2048m -Dfile.encoding=UTF-8 -Duser.country=CN -Duser.language=zh -Duser.variant 
java_command: org.gradle.launcher.daemon.bootstrap.GradleDaemon 8.0
java_class_path (initial): C:\Users\86135\.gradle\wrapper\dists\gradle-8.0-bin\ca5e32bp14vu59qr306oxotwh\gradle-8.0\lib\gradle-launcher-8.0.jar
Launcher Type: SUN_STANDARD

[Global flags]
     intx CICompilerCount                          = 4                                         {product} {ergonomic}
     uint ConcGCThreads                            = 2                                         {product} {ergonomic}
     uint G1ConcRefinementThreads                  = 8                                         {product} {ergonomic}
   size_t G1HeapRegionSize                         = 1048576                                   {product} {ergonomic}
    uintx GCDrainStackTargetSize                   = 64                                        {product} {ergonomic}
   size_t InitialHeapSize                          = 264241152                                 {product} {ergonomic}
   size_t MarkStackSize                            = 4194304                                   {product} {ergonomic}
   size_t MaxHeapSize                              = 2147483648                                {product} {command line}
   size_t MaxNewSize                               = 1287651328                                {product} {ergonomic}
   size_t MinHeapDeltaBytes                        = 1048576                                   {product} {ergonomic}
   size_t MinHeapSize                              = 8388608                                   {product} {ergonomic}
    uintx NonNMethodCodeHeapSize                   = 5839372                                {pd product} {ergonomic}
    uintx NonProfiledCodeHeapSize                  = 122909434                              {pd product} {ergonomic}
    uintx ProfiledCodeHeapSize                     = 122909434                              {pd product} {ergonomic}
    uintx ReservedCodeCacheSize                    = 251658240                              {pd product} {ergonomic}
     bool SegmentedCodeCache                       = true                                      {product} {ergonomic}
   size_t SoftMaxHeapSize                          = 2147483648                             {manageable} {ergonomic}
     bool UseCompressedClassPointers               = true                           {product lp64_product} {ergonomic}
     bool UseCompressedOops                        = true                           {product lp64_product} {ergonomic}
     bool UseG1GC                                  = true                                      {product} {ergonomic}
     bool UseLargePagesIndividualAllocation        = false                                  {pd product} {ergonomic}

Logging:
Log output configuration:
 #0: stdout all=warning uptime,level,tags
 #1: stderr all=off uptime,level,tags

Environment Variables:
JAVA_HOME=C:\Download\jdk-20_windows-x64_bin\jdk-20.0.2
CLASSPATH=.;%JAVAHOME%\lib;%JAVAHOME%\lib\tools.jar
PATH=C:\Program Files (x86)\Common Files\Intel\Shared Libraries\redist\intel64\compiler;C:\Program Files\PlasticSCM5\server;C:\Program Files\PlasticSCM5\client;C:\WINDOWS\system32;C:\WINDOWS;C:\WINDOWS\System32\Wbem;C:\WINDOWS\System32\WindowsPowerShell\v1.0\;C:\WINDOWS\System32\OpenSSH\;C:\Program Files\dotnet\;C:\Program Files\Common Files\Autodesk Shared\;C:\Program Files (x86)\Autodesk\Backburner\;C:\Program Files\MySQL\MySQL Server 5.7\bin;C:\Download\jdk-20_windows-x64_bin\jdk-20.0.2\bin;C:\Download\jdk-20_windows-x64_bin\jdk-20.0.2\jre\bin;C:\Program Files\PlasticSCM5\server;C:\Program Files\PlasticSCM5\client;C:\Windows\system32;C:\Windows;C:\Windows\System32\Wbem;C:\Windows\System32\WindowsPowerShell\v1.0\;C:\Windows\System32\OpenSSH\;C:\Program Files\dotnet\;C:\Program Files\Git\cmd;C:\Users\86135\AppData\Local\Microsoft\WindowsApps;C:\Users\86135\AppData\Local\Yarn\bin;C:\Users\86135\AppData\Local\Microsoft\WindowsApps;C:\Users\86135\.dotnet\tools
USERNAME=86135
OS=Windows_NT
PROCESSOR_IDENTIFIER=Intel64 Family 6 Model 140 Stepping 1, GenuineIntel
TMP=C:\Users\86135\AppData\Local\Temp
TEMP=C:\Users\86135\AppData\Local\Temp


JNI global refs:
JNI global refs: 28, weak refs: 1

JNI global refs memory usage: 843, weak refs: 841


---------------  S Y S T E M  ---------------

OS:
 Windows 11 , 64 bit Build 22621 (10.0.22621.2070)
OS uptime: 1 days 0:01 hours

CPU: total 8 (initial active 8) (4 cores per cpu, 2 threads per core) family 6 model 140 stepping 1 microcode 0xac, cx8, cmov, fxsr, ht, mmx, 3dnowpref, sse, sse2, sse3, ssse3, sse4.1, sse4.2, popcnt, lzcnt, tsc, tscinvbit, avx, avx2, aes, erms, clmul, bmi1, bmi2, adx, avx512f, avx512dq, avx512cd, avx512bw, avx512vl, sha, fma, vzeroupper, avx512_vpopcntdq, avx512_vpclmulqdq, avx512_vaes, avx512_vnni, clflush, clflushopt, clwb, avx512_vbmi2, avx512_vbmi

Memory: 4k page, system-wide physical 16106M (403M free)
TotalPageFile size 16106M (AvailPageFile size 5M)
current process WorkingSet (physical memory assigned to process): 359M, peak: 361M
current process commit charge ("private bytes"): 402M, peak: 404M

vm_info: OpenJDK 64-Bit Server VM (17.0.6+0-b2043.56-10027231) for windows-amd64 JRE (17.0.6+0-b2043.56-10027231), built on Apr 28 2023 00:43:19 by "androidbuild" with MS VC++ 16.10 / 16.11 (VS2019)

END.
