#
# There is insufficient memory for the Java Runtime Environment to continue.
# Native memory allocation (mmap) failed to map 81788928 bytes for G1 virtual space
# Possible reasons:
#   The system is out of physical RAM or swap space
#   The process is running with CompressedOops enabled, and the Java Heap may be blocking the growth of the native heap
# Possible solutions:
#   Reduce memory load on the system
#   Increase physical memory or swap space
#   Check if swap backing store is full
#   Decrease Java heap size (-Xmx/-Xms)
#   Decrease number of Java threads
#   Decrease Java thread stack sizes (-Xss)
#   Set larger code cache with -XX:ReservedCodeCacheSize=
#   JVM is running with Unscaled Compressed Oops mode in which the Java heap is
#     placed in the first 4GB address space. The Java Heap base address is the
#     maximum limit for the native heap growth. Please use -XX:HeapBaseMinAddress
#     to set the Java Heap base and to place the Java Heap above 4GB virtual address.
# This output file may be truncated or incomplete.
#
#  Out of Memory Error (os_windows.cpp:3769), pid=680, tid=11088
#
# JRE version: OpenJDK Runtime Environment (17.0.6) (build 17.0.6+0-b2043.56-10027231)
# Java VM: OpenJDK 64-Bit Server VM (17.0.6+0-b2043.56-10027231, mixed mode, tiered, compressed oops, compressed class ptrs, g1 gc, windows-amd64)
# No core dump will be written. Minidumps are not enabled by default on client versions of Windows
#

---------------  S U M M A R Y ------------

Command Line: --add-opens=java.base/java.util=ALL-UNNAMED --add-opens=java.base/java.lang=ALL-UNNAMED --add-opens=java.base/java.lang.invoke=ALL-UNNAMED --add-opens=java.prefs/java.util.prefs=ALL-UNNAMED --add-opens=java.base/java.nio.charset=ALL-UNNAMED --add-opens=java.base/java.net=ALL-UNNAMED --add-opens=java.base/java.util.concurrent.atomic=ALL-UNNAMED -Xmx2048m -Dfile.encoding=UTF-8 -Duser.country=CN -Duser.language=zh -Duser.variant org.gradle.launcher.daemon.bootstrap.GradleDaemon 8.0

Host: 11th Gen Intel(R) Core(TM) i5-1135G7 @ 2.40GHz, 8 cores, 15G,  Windows 11 , 64 bit Build 22621 (10.0.22621.2070)
Time: Sun Aug 20 17:26:33 2023  Windows 11 , 64 bit Build 22621 (10.0.22621.2070) elapsed time: 10.316769 seconds (0d 0h 0m 10s)

---------------  T H R E A D  ---------------

Current thread (0x0000021ccfc57960):  VMThread "VM Thread" [stack: 0x0000005efd400000,0x0000005efd500000] [id=11088]

Stack: [0x0000005efd400000,0x0000005efd500000]
Native frames: (J=compiled Java code, j=interpreted, Vv=VM code, C=native code)
V  [jvm.dll+0x683c9a]
V  [jvm.dll+0x8427a4]
V  [jvm.dll+0x843f9e]
V  [jvm.dll+0x844603]
V  [jvm.dll+0x249b75]
V  [jvm.dll+0x680b69]
V  [jvm.dll+0x67505a]
V  [jvm.dll+0x309acb]
V  [jvm.dll+0x310f86]
V  [jvm.dll+0x3608ee]
V  [jvm.dll+0x360b1f]
V  [jvm.dll+0x2dfbf8]
V  [jvm.dll+0x2ddec4]
V  [jvm.dll+0x2dd4cc]
V  [jvm.dll+0x322261]
V  [jvm.dll+0x848ccb]
V  [jvm.dll+0x849a04]
V  [jvm.dll+0x849f1d]
V  [jvm.dll+0x84a2f4]
V  [jvm.dll+0x84a3c0]
V  [jvm.dll+0x7f274a]
V  [jvm.dll+0x682ad5]
C  [ucrtbase.dll+0x29363]
C  [KERNEL32.DLL+0x126ad]
C  [ntdll.dll+0x5aa68]

VM_Operation (0x0000005efedf6650): G1TryInitiateConcMark, mode: safepoint, requested by thread 0x0000021cd278d2f0


---------------  P R O C E S S  ---------------

Threads class SMR info:
_java_thread_list=0x0000021cd8ded3d0, length=127, elements={
0x0000021cb353a9a0, 0x0000021ccfc5a320, 0x0000021ccfc5aed0, 0x0000021ccfc8c850,
0x0000021ccfc8d400, 0x0000021ccfccf820, 0x0000021ccfcd00e0, 0x0000021ccfcd8e80,
0x0000021ccfcdee30, 0x0000021ccfce0000, 0x0000021ccfe47f70, 0x0000021ccfe49460,
0x0000021cd29a79d0, 0x0000021cd0424bb0, 0x0000021cd05f6950, 0x0000021cd13a8160,
0x0000021cd27b2a80, 0x0000021cd17907e0, 0x0000021cd278d2f0, 0x0000021cd1161ed0,
0x0000021cd1577aa0, 0x0000021cd1576c30, 0x0000021cd1579780, 0x0000021cd1578910,
0x0000021cd31e3ca0, 0x0000021cd1578de0, 0x0000021cd1579c50, 0x0000021cd15792b0,
0x0000021cd1576290, 0x0000021cd1576760, 0x0000021cd1577100, 0x0000021cd15775d0,
0x0000021cd1577f70, 0x0000021cd1578440, 0x0000021cd2abf550, 0x0000021cd2abf080,
0x0000021cd2abced0, 0x0000021cd2abe6e0, 0x0000021cd2abc530, 0x0000021cd2abfa20,
0x0000021cd2abd3a0, 0x0000021cd2abc060, 0x0000021cd6148490, 0x0000021cd6145e10,
0x0000021cd6147150, 0x0000021cd61467b0, 0x0000021cd6146c80, 0x0000021cd61462e0,
0x0000021cd61497d0, 0x0000021cd6147620, 0x0000021cd6147af0, 0x0000021cd6148960,
0x0000021cd6147fc0, 0x0000021cd6148e30, 0x0000021cd6149300, 0x0000021cd02c4a10,
0x0000021cd02c5880, 0x0000021cd02c4540, 0x0000021cd02c3200, 0x0000021cd02bf370,
0x0000021cd02c5d50, 0x0000021cd02c4ee0, 0x0000021cd02c1ec0, 0x0000021cd02c53b0,
0x0000021cd02c6220, 0x0000021cd02bfd10, 0x0000021cd02bf840, 0x0000021cd02c2860,
0x0000021cd02c01e0, 0x0000021cd02c2d30, 0x0000021cd02c19f0, 0x0000021cd02c2390,
0x0000021cd02c36d0, 0x0000021cd02c06b0, 0x0000021cd02c66f0, 0x0000021cd02c3ba0,
0x0000021cd02c4070, 0x0000021cd02c1520, 0x0000021cd02beea0, 0x0000021cd02c0b80,
0x0000021cd02c1050, 0x0000021cd75ca620, 0x0000021cd75ca150, 0x0000021cd75c92e0,
0x0000021cd75cb960, 0x0000021cd75cbe30, 0x0000021cd75cd640, 0x0000021cd75c6c60,
0x0000021cd75c7130, 0x0000021cd75c7ad0, 0x0000021cd75c8e10, 0x0000021cd75c97b0,
0x0000021cd75c8940, 0x0000021cd75caaf0, 0x0000021cd75c62c0, 0x0000021cd75cafc0,
0x0000021cd75c5df0, 0x0000021cd75c7600, 0x0000021cd75cc7d0, 0x0000021cd75c8470,
0x0000021cd75c9c80, 0x0000021cd75cb490, 0x0000021cd75cc300, 0x0000021cd75ccca0,
0x0000021cd75c7fa0, 0x0000021cd75cd170, 0x0000021cd75c6790, 0x0000021cd610bbb0,
0x0000021cd610b210, 0x0000021cd610f570, 0x0000021cd6109060, 0x0000021cd610c550,
0x0000021cd6109a00, 0x0000021cd610ebd0, 0x0000021cd610ca20, 0x0000021cd6109ed0,
0x0000021cd61108b0, 0x0000021cd6109530, 0x0000021cd610c080, 0x0000021cd61103e0,
0x0000021cd610cef0, 0x0000021cd610d3c0, 0x0000021cd610a3a0, 0x0000021cd610a870,
0x0000021cd610d890, 0x0000021cd610e230, 0x0000021cd610dd60
}

Java Threads: ( => current thread )
  0x0000021cb353a9a0 JavaThread "main" [_thread_blocked, id=9092, stack(0x0000005efce00000,0x0000005efcf00000)]
  0x0000021ccfc5a320 JavaThread "Reference Handler" daemon [_thread_blocked, id=3048, stack(0x0000005efd500000,0x0000005efd600000)]
  0x0000021ccfc5aed0 JavaThread "Finalizer" daemon [_thread_blocked, id=8884, stack(0x0000005efd600000,0x0000005efd700000)]
  0x0000021ccfc8c850 JavaThread "Signal Dispatcher" daemon [_thread_blocked, id=14608, stack(0x0000005efd700000,0x0000005efd800000)]
  0x0000021ccfc8d400 JavaThread "Attach Listener" daemon [_thread_blocked, id=15172, stack(0x0000005efd800000,0x0000005efd900000)]
  0x0000021ccfccf820 JavaThread "Service Thread" daemon [_thread_blocked, id=11372, stack(0x0000005efd900000,0x0000005efda00000)]
  0x0000021ccfcd00e0 JavaThread "Monitor Deflation Thread" daemon [_thread_blocked, id=9084, stack(0x0000005efda00000,0x0000005efdb00000)]
  0x0000021ccfcd8e80 JavaThread "C2 CompilerThread0" daemon [_thread_in_native, id=16388, stack(0x0000005efdb00000,0x0000005efdc00000)]
  0x0000021ccfcdee30 JavaThread "C1 CompilerThread0" daemon [_thread_blocked, id=14204, stack(0x0000005efdc00000,0x0000005efdd00000)]
  0x0000021ccfce0000 JavaThread "Sweeper thread" daemon [_thread_blocked, id=15896, stack(0x0000005efdd00000,0x0000005efde00000)]
  0x0000021ccfe47f70 JavaThread "Common-Cleaner" daemon [_thread_blocked, id=5896, stack(0x0000005efde00000,0x0000005efdf00000)]
  0x0000021ccfe49460 JavaThread "Notification Thread" daemon [_thread_blocked, id=18348, stack(0x0000005efdf00000,0x0000005efe000000)]
  0x0000021cd29a79d0 JavaThread "Daemon health stats" [_thread_blocked, id=16988, stack(0x0000005efe800000,0x0000005efe900000)]
  0x0000021cd0424bb0 JavaThread "Incoming local TCP Connector on port 10050" [_thread_in_native, id=5548, stack(0x0000005efe200000,0x0000005efe300000)]
  0x0000021cd05f6950 JavaThread "Daemon periodic checks" [_thread_blocked, id=17300, stack(0x0000005efe900000,0x0000005efea00000)]
  0x0000021cd13a8160 JavaThread "Daemon" [_thread_blocked, id=18420, stack(0x0000005efea00000,0x0000005efeb00000)]
  0x0000021cd27b2a80 JavaThread "Handler for socket connection from /127.0.0.1:10050 to /127.0.0.1:10051" [_thread_in_native, id=4324, stack(0x0000005efeb00000,0x0000005efec00000)]
  0x0000021cd17907e0 JavaThread "Cancel handler" [_thread_blocked, id=1920, stack(0x0000005efec00000,0x0000005efed00000)]
  0x0000021cd278d2f0 JavaThread "Daemon worker" [_thread_blocked, id=7360, stack(0x0000005efed00000,0x0000005efee00000)]
  0x0000021cd1161ed0 JavaThread "Asynchronous log dispatcher for DefaultDaemonConnection: socket connection from /127.0.0.1:10050 to /127.0.0.1:10051" [_thread_blocked, id=9292, stack(0x0000005efee00000,0x0000005efef00000)]
  0x0000021cd1577aa0 JavaThread "Stdin handler" [_thread_blocked, id=14756, stack(0x0000005efef00000,0x0000005eff000000)]
  0x0000021cd1576c30 JavaThread "Daemon client event forwarder" [_thread_blocked, id=15084, stack(0x0000005eff000000,0x0000005eff100000)]
  0x0000021cd1579780 JavaThread "Cache worker for journal cache (C:\Users\86135\.gradle\caches\journal-1)" [_thread_blocked, id=15332, stack(0x0000005eff300000,0x0000005eff400000)]
  0x0000021cd1578910 JavaThread "File lock request listener" [_thread_in_native, id=12704, stack(0x0000005eff400000,0x0000005eff500000)]
  0x0000021cd31e3ca0 JavaThread "C2 CompilerThread1" daemon [_thread_blocked, id=17484, stack(0x0000005eff500000,0x0000005eff600000)]
  0x0000021cd1578de0 JavaThread "Cache worker for file hash cache (C:\Users\86135\.gradle\caches\8.0\fileHashes)" [_thread_blocked, id=3788, stack(0x0000005eff600000,0x0000005eff700000)]
  0x0000021cd1579c50 JavaThread "File watcher server" daemon [_thread_in_native, id=15040, stack(0x0000005eff700000,0x0000005eff800000)]
  0x0000021cd15792b0 JavaThread "File watcher consumer" daemon [_thread_blocked, id=4948, stack(0x0000005eff800000,0x0000005eff900000)]
  0x0000021cd1576290 JavaThread "Cache worker for checksums cache (C:\Users\86135\AndroidStudioProjects\world\.gradle\8.0\checksums)" [_thread_blocked, id=10992, stack(0x0000005eff900000,0x0000005effa00000)]
  0x0000021cd1576760 JavaThread "Cache worker for cache directory md-rule (C:\Users\86135\.gradle\caches\8.0\md-rule)" [_thread_blocked, id=1716, stack(0x0000005effa00000,0x0000005effb00000)]
  0x0000021cd1577100 JavaThread "Cache worker for file content cache (C:\Users\86135\.gradle\caches\8.0\fileContent)" [_thread_blocked, id=17448, stack(0x0000005effb00000,0x0000005effc00000)]
  0x0000021cd15775d0 JavaThread "Cache worker for file hash cache (C:\Users\86135\AndroidStudioProjects\world\.gradle\8.0\fileHashes)" [_thread_blocked, id=17884, stack(0x0000005effc00000,0x0000005effd00000)]
  0x0000021cd1577f70 JavaThread "Cache worker for cache directory md-supplier (C:\Users\86135\.gradle\caches\8.0\md-supplier)" [_thread_blocked, id=11596, stack(0x0000005effd00000,0x0000005effe00000)]
  0x0000021cd1578440 JavaThread "Cache worker for execution history cache (C:\Users\86135\.gradle\caches\8.0\executionHistory)" [_thread_blocked, id=11140, stack(0x0000005effe00000,0x0000005efff00000)]
  0x0000021cd2abf550 JavaThread "jar transforms" [_thread_blocked, id=3120, stack(0x0000005efff00000,0x0000005f00000000)]
  0x0000021cd2abf080 JavaThread "jar transforms Thread 2" [_thread_blocked, id=17836, stack(0x0000005e80000000,0x0000005e80100000)]
  0x0000021cd2abced0 JavaThread "Cache worker for kotlin-dsl (C:\Users\86135\.gradle\caches\8.0\kotlin-dsl)" [_thread_blocked, id=6904, stack(0x0000005e80100000,0x0000005e80200000)]
  0x0000021cd2abe6e0 JavaThread "jar transforms Thread 3" [_thread_blocked, id=14168, stack(0x0000005e80200000,0x0000005e80300000)]
  0x0000021cd2abc530 JavaThread "jar transforms Thread 4" [_thread_blocked, id=17136, stack(0x0000005e80300000,0x0000005e80400000)]
  0x0000021cd2abfa20 JavaThread "Cache worker for dependencies-accessors (C:\Users\86135\AndroidStudioProjects\world\.gradle\8.0\dependencies-accessors)" [_thread_blocked, id=10672, stack(0x0000005e80400000,0x0000005e80500000)]
  0x0000021cd2abd3a0 JavaThread "Cache worker for Build Output Cleanup Cache (C:\Users\86135\AndroidStudioProjects\world\.gradle\buildOutputCleanup)" [_thread_blocked, id=2560, stack(0x0000005e80500000,0x0000005e80600000)]
  0x0000021cd2abc060 JavaThread "jar transforms Thread 5" [_thread_blocked, id=17676, stack(0x0000005e80600000,0x0000005e80700000)]
  0x0000021cd6148490 JavaThread "Unconstrained build operations" [_thread_blocked, id=18360, stack(0x0000005e80700000,0x0000005e80800000)]
  0x0000021cd6145e10 JavaThread "Unconstrained build operations Thread 2" [_thread_blocked, id=10288, stack(0x0000005e80800000,0x0000005e80900000)]
  0x0000021cd6147150 JavaThread "Unconstrained build operations Thread 3" [_thread_blocked, id=6588, stack(0x0000005e80900000,0x0000005e80a00000)]
  0x0000021cd61467b0 JavaThread "Unconstrained build operations Thread 4" [_thread_blocked, id=10888, stack(0x0000005e80a00000,0x0000005e80b00000)]
  0x0000021cd6146c80 JavaThread "Unconstrained build operations Thread 5" [_thread_blocked, id=10820, stack(0x0000005e80b00000,0x0000005e80c00000)]
  0x0000021cd61462e0 JavaThread "Unconstrained build operations Thread 6" [_thread_blocked, id=11212, stack(0x0000005e80c00000,0x0000005e80d00000)]
  0x0000021cd61497d0 JavaThread "Unconstrained build operations Thread 7" [_thread_blocked, id=14384, stack(0x0000005e80d00000,0x0000005e80e00000)]
  0x0000021cd6147620 JavaThread "Unconstrained build operations Thread 8" [_thread_blocked, id=13812, stack(0x0000005e80e00000,0x0000005e80f00000)]
  0x0000021cd6147af0 JavaThread "Unconstrained build operations Thread 9" [_thread_blocked, id=8616, stack(0x0000005e80f00000,0x0000005e81000000)]
  0x0000021cd6148960 JavaThread "Unconstrained build operations Thread 10" [_thread_blocked, id=4796, stack(0x0000005e81000000,0x0000005e81100000)]
  0x0000021cd6147fc0 JavaThread "Unconstrained build operations Thread 11" [_thread_blocked, id=13624, stack(0x0000005e81100000,0x0000005e81200000)]
  0x0000021cd6148e30 JavaThread "Unconstrained build operations Thread 12" [_thread_blocked, id=15748, stack(0x0000005e81200000,0x0000005e81300000)]
  0x0000021cd6149300 JavaThread "Unconstrained build operations Thread 13" [_thread_blocked, id=8308, stack(0x0000005e81300000,0x0000005e81400000)]
  0x0000021cd02c4a10 JavaThread "Unconstrained build operations Thread 14" [_thread_blocked, id=11404, stack(0x0000005e81400000,0x0000005e81500000)]
  0x0000021cd02c5880 JavaThread "Unconstrained build operations Thread 15" [_thread_blocked, id=1704, stack(0x0000005e81500000,0x0000005e81600000)]
  0x0000021cd02c4540 JavaThread "Unconstrained build operations Thread 16" [_thread_blocked, id=17648, stack(0x0000005e81600000,0x0000005e81700000)]
  0x0000021cd02c3200 JavaThread "Unconstrained build operations Thread 17" [_thread_blocked, id=12300, stack(0x0000005e81700000,0x0000005e81800000)]
  0x0000021cd02bf370 JavaThread "Unconstrained build operations Thread 18" [_thread_blocked, id=17636, stack(0x0000005e81800000,0x0000005e81900000)]
  0x0000021cd02c5d50 JavaThread "Unconstrained build operations Thread 19" [_thread_blocked, id=18272, stack(0x0000005e81900000,0x0000005e81a00000)]
  0x0000021cd02c4ee0 JavaThread "Unconstrained build operations Thread 20" [_thread_blocked, id=15876, stack(0x0000005e81a00000,0x0000005e81b00000)]
  0x0000021cd02c1ec0 JavaThread "Unconstrained build operations Thread 21" [_thread_blocked, id=7756, stack(0x0000005e81b00000,0x0000005e81c00000)]
  0x0000021cd02c53b0 JavaThread "Unconstrained build operations Thread 22" [_thread_blocked, id=13744, stack(0x0000005e81c00000,0x0000005e81d00000)]
  0x0000021cd02c6220 JavaThread "Unconstrained build operations Thread 23" [_thread_blocked, id=7160, stack(0x0000005e81d00000,0x0000005e81e00000)]
  0x0000021cd02bfd10 JavaThread "Unconstrained build operations Thread 24" [_thread_blocked, id=16608, stack(0x0000005e81e00000,0x0000005e81f00000)]
  0x0000021cd02bf840 JavaThread "Unconstrained build operations Thread 25" [_thread_blocked, id=5496, stack(0x0000005e81f00000,0x0000005e82000000)]
  0x0000021cd02c2860 JavaThread "Unconstrained build operations Thread 26" [_thread_blocked, id=17620, stack(0x0000005e82000000,0x0000005e82100000)]
  0x0000021cd02c01e0 JavaThread "Unconstrained build operations Thread 27" [_thread_blocked, id=14616, stack(0x0000005e82100000,0x0000005e82200000)]
  0x0000021cd02c2d30 JavaThread "Unconstrained build operations Thread 28" [_thread_blocked, id=12996, stack(0x0000005e82200000,0x0000005e82300000)]
  0x0000021cd02c19f0 JavaThread "Unconstrained build operations Thread 29" [_thread_blocked, id=2108, stack(0x0000005e82300000,0x0000005e82400000)]
  0x0000021cd02c2390 JavaThread "Unconstrained build operations Thread 30" [_thread_blocked, id=16120, stack(0x0000005e82400000,0x0000005e82500000)]
  0x0000021cd02c36d0 JavaThread "Unconstrained build operations Thread 31" [_thread_blocked, id=13620, stack(0x0000005e82500000,0x0000005e82600000)]
  0x0000021cd02c06b0 JavaThread "Unconstrained build operations Thread 32" [_thread_blocked, id=9836, stack(0x0000005e82600000,0x0000005e82700000)]
  0x0000021cd02c66f0 JavaThread "Unconstrained build operations Thread 33" [_thread_blocked, id=14284, stack(0x0000005e82700000,0x0000005e82800000)]
  0x0000021cd02c3ba0 JavaThread "Unconstrained build operations Thread 34" [_thread_blocked, id=16876, stack(0x0000005e82800000,0x0000005e82900000)]
  0x0000021cd02c4070 JavaThread "Unconstrained build operations Thread 35" [_thread_blocked, id=16584, stack(0x0000005e82900000,0x0000005e82a00000)]
  0x0000021cd02c1520 JavaThread "Unconstrained build operations Thread 36" [_thread_blocked, id=18124, stack(0x0000005e82a00000,0x0000005e82b00000)]
  0x0000021cd02beea0 JavaThread "Unconstrained build operations Thread 37" [_thread_blocked, id=12564, stack(0x0000005e82b00000,0x0000005e82c00000)]
  0x0000021cd02c0b80 JavaThread "Unconstrained build operations Thread 38" [_thread_blocked, id=10456, stack(0x0000005e82c00000,0x0000005e82d00000)]
  0x0000021cd02c1050 JavaThread "Unconstrained build operations Thread 39" [_thread_blocked, id=10052, stack(0x0000005e82d00000,0x0000005e82e00000)]
  0x0000021cd75ca620 JavaThread "Unconstrained build operations Thread 40" [_thread_blocked, id=17344, stack(0x0000005e82e00000,0x0000005e82f00000)]
  0x0000021cd75ca150 JavaThread "Unconstrained build operations Thread 41" [_thread_blocked, id=17756, stack(0x0000005e82f00000,0x0000005e83000000)]
  0x0000021cd75c92e0 JavaThread "Unconstrained build operations Thread 42" [_thread_blocked, id=16068, stack(0x0000005e83000000,0x0000005e83100000)]
  0x0000021cd75cb960 JavaThread "Unconstrained build operations Thread 43" [_thread_blocked, id=5440, stack(0x0000005e83100000,0x0000005e83200000)]
  0x0000021cd75cbe30 JavaThread "Unconstrained build operations Thread 44" [_thread_blocked, id=14264, stack(0x0000005e83200000,0x0000005e83300000)]
  0x0000021cd75cd640 JavaThread "Unconstrained build operations Thread 45" [_thread_blocked, id=18212, stack(0x0000005e83300000,0x0000005e83400000)]
  0x0000021cd75c6c60 JavaThread "Unconstrained build operations Thread 46" [_thread_blocked, id=4348, stack(0x0000005e83400000,0x0000005e83500000)]
  0x0000021cd75c7130 JavaThread "Unconstrained build operations Thread 47" [_thread_blocked, id=1644, stack(0x0000005e83500000,0x0000005e83600000)]
  0x0000021cd75c7ad0 JavaThread "Unconstrained build operations Thread 48" [_thread_blocked, id=7192, stack(0x0000005e83600000,0x0000005e83700000)]
  0x0000021cd75c8e10 JavaThread "Unconstrained build operations Thread 49" [_thread_blocked, id=16312, stack(0x0000005e83700000,0x0000005e83800000)]
  0x0000021cd75c97b0 JavaThread "Unconstrained build operations Thread 50" [_thread_blocked, id=3256, stack(0x0000005e83800000,0x0000005e83900000)]
  0x0000021cd75c8940 JavaThread "Unconstrained build operations Thread 51" [_thread_blocked, id=3624, stack(0x0000005e83900000,0x0000005e83a00000)]
  0x0000021cd75caaf0 JavaThread "Unconstrained build operations Thread 52" [_thread_blocked, id=16888, stack(0x0000005e83a00000,0x0000005e83b00000)]
  0x0000021cd75c62c0 JavaThread "Unconstrained build operations Thread 53" [_thread_blocked, id=15248, stack(0x0000005e83b00000,0x0000005e83c00000)]
  0x0000021cd75cafc0 JavaThread "Unconstrained build operations Thread 54" [_thread_blocked, id=17080, stack(0x0000005e83c00000,0x0000005e83d00000)]
  0x0000021cd75c5df0 JavaThread "Unconstrained build operations Thread 55" [_thread_blocked, id=11280, stack(0x0000005e83d00000,0x0000005e83e00000)]
  0x0000021cd75c7600 JavaThread "Unconstrained build operations Thread 56" [_thread_blocked, id=17068, stack(0x0000005e83e00000,0x0000005e83f00000)]
  0x0000021cd75cc7d0 JavaThread "Unconstrained build operations Thread 57" [_thread_blocked, id=4236, stack(0x0000005e83f00000,0x0000005e84000000)]
  0x0000021cd75c8470 JavaThread "Unconstrained build operations Thread 58" [_thread_blocked, id=13940, stack(0x0000005e84000000,0x0000005e84100000)]
  0x0000021cd75c9c80 JavaThread "Unconstrained build operations Thread 59" [_thread_blocked, id=12380, stack(0x0000005e84100000,0x0000005e84200000)]
  0x0000021cd75cb490 JavaThread "Unconstrained build operations Thread 60" [_thread_blocked, id=18164, stack(0x0000005e84200000,0x0000005e84300000)]
  0x0000021cd75cc300 JavaThread "Unconstrained build operations Thread 61" [_thread_blocked, id=13996, stack(0x0000005e84300000,0x0000005e84400000)]
  0x0000021cd75ccca0 JavaThread "Unconstrained build operations Thread 62" [_thread_blocked, id=17236, stack(0x0000005e84400000,0x0000005e84500000)]
  0x0000021cd75c7fa0 JavaThread "Unconstrained build operations Thread 63" [_thread_blocked, id=18188, stack(0x0000005e84500000,0x0000005e84600000)]
  0x0000021cd75cd170 JavaThread "Unconstrained build operations Thread 64" [_thread_blocked, id=4288, stack(0x0000005e84600000,0x0000005e84700000)]
  0x0000021cd75c6790 JavaThread "Unconstrained build operations Thread 65" [_thread_blocked, id=14496, stack(0x0000005e84700000,0x0000005e84800000)]
  0x0000021cd610bbb0 JavaThread "Unconstrained build operations Thread 66" [_thread_blocked, id=17396, stack(0x0000005e84800000,0x0000005e84900000)]
  0x0000021cd610b210 JavaThread "Unconstrained build operations Thread 67" [_thread_blocked, id=17640, stack(0x0000005e84900000,0x0000005e84a00000)]
  0x0000021cd610f570 JavaThread "Unconstrained build operations Thread 68" [_thread_blocked, id=10036, stack(0x0000005e84a00000,0x0000005e84b00000)]
  0x0000021cd6109060 JavaThread "Unconstrained build operations Thread 69" [_thread_blocked, id=7832, stack(0x0000005e84b00000,0x0000005e84c00000)]
  0x0000021cd610c550 JavaThread "Unconstrained build operations Thread 70" [_thread_blocked, id=11008, stack(0x0000005e84c00000,0x0000005e84d00000)]
  0x0000021cd6109a00 JavaThread "Unconstrained build operations Thread 71" [_thread_blocked, id=9112, stack(0x0000005e84d00000,0x0000005e84e00000)]
  0x0000021cd610ebd0 JavaThread "Unconstrained build operations Thread 72" [_thread_blocked, id=16676, stack(0x0000005e84e00000,0x0000005e84f00000)]
  0x0000021cd610ca20 JavaThread "Unconstrained build operations Thread 73" [_thread_blocked, id=14212, stack(0x0000005e84f00000,0x0000005e85000000)]
  0x0000021cd6109ed0 JavaThread "Unconstrained build operations Thread 74" [_thread_blocked, id=9848, stack(0x0000005e85000000,0x0000005e85100000)]
  0x0000021cd61108b0 JavaThread "Unconstrained build operations Thread 75" [_thread_blocked, id=6420, stack(0x0000005e85100000,0x0000005e85200000)]
  0x0000021cd6109530 JavaThread "Unconstrained build operations Thread 76" [_thread_blocked, id=8584, stack(0x0000005e85200000,0x0000005e85300000)]
  0x0000021cd610c080 JavaThread "Unconstrained build operations Thread 77" [_thread_blocked, id=12736, stack(0x0000005e85300000,0x0000005e85400000)]
  0x0000021cd61103e0 JavaThread "Unconstrained build operations Thread 78" [_thread_blocked, id=17908, stack(0x0000005e85400000,0x0000005e85500000)]
  0x0000021cd610cef0 JavaThread "Unconstrained build operations Thread 79" [_thread_blocked, id=17040, stack(0x0000005e85500000,0x0000005e85600000)]
  0x0000021cd610d3c0 JavaThread "Unconstrained build operations Thread 80" [_thread_blocked, id=2288, stack(0x0000005e85600000,0x0000005e85700000)]
  0x0000021cd610a3a0 JavaThread "jar transforms Thread 6" [_thread_blocked, id=12456, stack(0x0000005e85700000,0x0000005e85800000)]
  0x0000021cd610a870 JavaThread "jar transforms Thread 7" [_thread_blocked, id=14948, stack(0x0000005e85800000,0x0000005e85900000)]
  0x0000021cd610d890 JavaThread "jar transforms Thread 8" [_thread_blocked, id=14436, stack(0x0000005e85900000,0x0000005e85a00000)]
  0x0000021cd610e230 JavaThread "build event listener" [_thread_blocked, id=15872, stack(0x0000005e85a00000,0x0000005e85b00000)]
  0x0000021cd610dd60 JavaThread "Memory manager" [_thread_blocked, id=2604, stack(0x0000005e85b00000,0x0000005e85c00000)]

Other Threads:
=>0x0000021ccfc57960 VMThread "VM Thread" [stack: 0x0000005efd400000,0x0000005efd500000] [id=11088]
  0x0000021cb35f0540 WatcherThread [stack: 0x0000005efe000000,0x0000005efe100000] [id=16792]
  0x0000021cb3595910 GCTaskThread "GC Thread#0" [stack: 0x0000005efcf00000,0x0000005efd000000] [id=13676]
  0x0000021cd08be910 GCTaskThread "GC Thread#1" [stack: 0x0000005efe300000,0x0000005efe400000] [id=10172]
  0x0000021cd0b5a780 GCTaskThread "GC Thread#2" [stack: 0x0000005efe400000,0x0000005efe500000] [id=14092]
  0x0000021cd0752bf0 GCTaskThread "GC Thread#3" [stack: 0x0000005efe500000,0x0000005efe600000] [id=4556]
  0x0000021cd1014220 GCTaskThread "GC Thread#4" [stack: 0x0000005efe600000,0x0000005efe700000] [id=708]
  0x0000021cd10144d0 GCTaskThread "GC Thread#5" [stack: 0x0000005efe700000,0x0000005efe800000] [id=14764]
  0x0000021cd3294c90 GCTaskThread "GC Thread#6" [stack: 0x0000005efe100000,0x0000005efe200000] [id=6564]
  0x0000021cd036c170 GCTaskThread "GC Thread#7" [stack: 0x0000005eff100000,0x0000005eff200000] [id=4276]
  0x0000021cb35a7150 ConcurrentGCThread "G1 Main Marker" [stack: 0x0000005efd000000,0x0000005efd100000] [id=5508]
  0x0000021cb35a7b60 ConcurrentGCThread "G1 Conc#0" [stack: 0x0000005efd100000,0x0000005efd200000] [id=13660]
  0x0000021cd1667880 ConcurrentGCThread "G1 Conc#1" [stack: 0x0000005eff200000,0x0000005eff300000] [id=8792]
  0x0000021cb35fdc10 ConcurrentGCThread "G1 Refine#0" [stack: 0x0000005efd200000,0x0000005efd300000] [id=2608]
  0x0000021cb35fe4d0 ConcurrentGCThread "G1 Service" [stack: 0x0000005efd300000,0x0000005efd400000] [id=8168]

Threads with active compile tasks:
C2 CompilerThread0    10344 7244       4       jdk.internal.loader.URLClassPath::getResource (74 bytes)
C1 CompilerThread0    10344 7287   !   3       sun.nio.cs.StreamDecoder::readBytes (271 bytes)

VM state: at safepoint (normal execution)

VM Mutex/Monitor currently owned by a thread:  ([mutex/lock_event])
[0x0000021cb35359d0] Threads_lock - owner thread: 0x0000021ccfc57960
[0x0000021cb3534bc0] Heap_lock - owner thread: 0x0000021cd278d2f0

Heap address: 0x0000000080000000, size: 2048 MB, Compressed Oops mode: 32-bit

CDS archive(s) not mapped
Compressed class space mapped at: 0x0000000100000000-0x0000000140000000, reserved size: 1073741824
Narrow klass base: 0x0000000000000000, Narrow klass shift: 3, Narrow klass range: 0x140000000

GC Precious Log:
 CPUs: 8 total, 8 available
 Memory: 16106M
 Large Page Support: Disabled
 NUMA Support: Disabled
 Compressed Oops: Enabled (32-bit)
 Heap Region Size: 1M
 Heap Min Capacity: 8M
 Heap Initial Capacity: 252M
 Heap Max Capacity: 2G
 Pre-touch: Disabled
 Parallel Workers: 8
 Concurrent Workers: 2
 Concurrent Refinement Workers: 8
 Periodic GC: Disabled

Heap:
 garbage-first heap   total 258048K, used 56167K [0x0000000080000000, 0x0000000100000000)
  region size 1024K, 2 young (2048K), 2 survivors (2048K)
 Metaspace       used 74085K, committed 74624K, reserved 1114112K
  class space    used 9854K, committed 10112K, reserved 1048576K

Heap Regions: E=young(eden), S=young(survivor), O=old, HS=humongous(starts), HC=humongous(continues), CS=collection set, F=free, OA=open archive, CA=closed archive, TAMS=top-at-mark-start (previous, next)
|   0|0x0000000080000000, 0x0000000080100000, 0x0000000080100000|100%|HS|  |TAMS 0x0000000080100000, 0x0000000080100000| Complete 
|   1|0x0000000080100000, 0x0000000080200000, 0x0000000080200000|100%|HC|  |TAMS 0x0000000080200000, 0x0000000080200000| Complete 
|   2|0x0000000080200000, 0x0000000080300000, 0x0000000080300000|100%|HC|  |TAMS 0x0000000080300000, 0x0000000080300000| Complete 
|   3|0x0000000080300000, 0x0000000080400000, 0x0000000080400000|100%|HC|  |TAMS 0x0000000080400000, 0x0000000080400000| Complete 
|   4|0x0000000080400000, 0x0000000080500000, 0x0000000080500000|100%| O|  |TAMS 0x0000000080500000, 0x0000000080500000| Untracked 
|   5|0x0000000080500000, 0x0000000080600000, 0x0000000080600000|100%| O|  |TAMS 0x0000000080600000, 0x0000000080600000| Untracked 
|   6|0x0000000080600000, 0x0000000080700000, 0x0000000080700000|100%| O|  |TAMS 0x0000000080700000, 0x0000000080700000| Untracked 
|   7|0x0000000080700000, 0x0000000080800000, 0x0000000080800000|100%| O|  |TAMS 0x0000000080800000, 0x0000000080800000| Untracked 
|   8|0x0000000080800000, 0x0000000080900000, 0x0000000080900000|100%| O|  |TAMS 0x0000000080900000, 0x0000000080900000| Untracked 
|   9|0x0000000080900000, 0x0000000080a00000, 0x0000000080a00000|100%| O|  |TAMS 0x0000000080a00000, 0x0000000080a00000| Untracked 
|  10|0x0000000080a00000, 0x0000000080b00000, 0x0000000080b00000|100%| O|  |TAMS 0x0000000080b00000, 0x0000000080b00000| Untracked 
|  11|0x0000000080b00000, 0x0000000080c00000, 0x0000000080c00000|100%| O|  |TAMS 0x0000000080c00000, 0x0000000080c00000| Untracked 
|  12|0x0000000080c00000, 0x0000000080d00000, 0x0000000080d00000|100%| O|  |TAMS 0x0000000080d00000, 0x0000000080d00000| Untracked 
|  13|0x0000000080d00000, 0x0000000080e00000, 0x0000000080e00000|100%| O|  |TAMS 0x0000000080e00000, 0x0000000080e00000| Untracked 
|  14|0x0000000080e00000, 0x0000000080f00000, 0x0000000080f00000|100%| O|  |TAMS 0x0000000080f00000, 0x0000000080f00000| Untracked 
|  15|0x0000000080f00000, 0x0000000081000000, 0x0000000081000000|100%| O|  |TAMS 0x0000000081000000, 0x0000000081000000| Untracked 
|  16|0x0000000081000000, 0x0000000081100000, 0x0000000081100000|100%| O|  |TAMS 0x0000000081100000, 0x0000000081100000| Untracked 
|  17|0x0000000081100000, 0x0000000081200000, 0x0000000081200000|100%| O|  |TAMS 0x0000000081200000, 0x0000000081200000| Untracked 
|  18|0x0000000081200000, 0x0000000081300000, 0x0000000081300000|100%| O|  |TAMS 0x0000000081300000, 0x0000000081300000| Untracked 
|  19|0x0000000081300000, 0x0000000081400000, 0x0000000081400000|100%| O|  |TAMS 0x0000000081400000, 0x0000000081400000| Untracked 
|  20|0x0000000081400000, 0x0000000081500000, 0x0000000081500000|100%| O|  |TAMS 0x0000000081500000, 0x0000000081500000| Untracked 
|  21|0x0000000081500000, 0x0000000081600000, 0x0000000081600000|100%| O|  |TAMS 0x0000000081600000, 0x0000000081600000| Untracked 
|  22|0x0000000081600000, 0x0000000081600000, 0x0000000081700000|  0%| F|  |TAMS 0x0000000081600000, 0x0000000081600000| Untracked 
|  23|0x0000000081700000, 0x0000000081800000, 0x0000000081800000|100%| O|  |TAMS 0x0000000081800000, 0x0000000081800000| Untracked 
|  24|0x0000000081800000, 0x0000000081900000, 0x0000000081900000|100%| O|  |TAMS 0x0000000081900000, 0x0000000081900000| Untracked 
|  25|0x0000000081900000, 0x0000000081a00000, 0x0000000081a00000|100%| O|  |TAMS 0x0000000081a00000, 0x0000000081a00000| Untracked 
|  26|0x0000000081a00000, 0x0000000081b00000, 0x0000000081b00000|100%| O|  |TAMS 0x0000000081b00000, 0x0000000081b00000| Untracked 
|  27|0x0000000081b00000, 0x0000000081c00000, 0x0000000081c00000|100%| O|  |TAMS 0x0000000081c00000, 0x0000000081c00000| Untracked 
|  28|0x0000000081c00000, 0x0000000081d00000, 0x0000000081d00000|100%| O|  |TAMS 0x0000000081d00000, 0x0000000081d00000| Untracked 
|  29|0x0000000081d00000, 0x0000000081e00000, 0x0000000081e00000|100%| O|  |TAMS 0x0000000081e00000, 0x0000000081e00000| Untracked 
|  30|0x0000000081e00000, 0x0000000081f00000, 0x0000000081f00000|100%| O|  |TAMS 0x0000000081f00000, 0x0000000081f00000| Untracked 
|  31|0x0000000081f00000, 0x0000000082000000, 0x0000000082000000|100%| O|  |TAMS 0x0000000082000000, 0x0000000082000000| Untracked 
|  32|0x0000000082000000, 0x0000000082100000, 0x0000000082100000|100%| O|  |TAMS 0x0000000082100000, 0x0000000082100000| Untracked 
|  33|0x0000000082100000, 0x0000000082200000, 0x0000000082200000|100%|HS|  |TAMS 0x0000000082200000, 0x0000000082200000| Complete 
|  34|0x0000000082200000, 0x0000000082300000, 0x0000000082300000|100%|HS|  |TAMS 0x0000000082300000, 0x0000000082300000| Complete 
|  35|0x0000000082300000, 0x0000000082400000, 0x0000000082400000|100%|HS|  |TAMS 0x0000000082400000, 0x0000000082400000| Complete 
|  36|0x0000000082400000, 0x0000000082500000, 0x0000000082500000|100%| O|  |TAMS 0x0000000082500000, 0x0000000082500000| Untracked 
|  37|0x0000000082500000, 0x0000000082600000, 0x0000000082600000|100%| O|  |TAMS 0x0000000082600000, 0x0000000082600000| Untracked 
|  38|0x0000000082600000, 0x0000000082700000, 0x0000000082700000|100%| O|  |TAMS 0x0000000082700000, 0x0000000082700000| Untracked 
|  39|0x0000000082700000, 0x0000000082800000, 0x0000000082800000|100%| O|  |TAMS 0x0000000082800000, 0x0000000082800000| Untracked 
|  40|0x0000000082800000, 0x0000000082900000, 0x0000000082900000|100%| O|  |TAMS 0x0000000082900000, 0x0000000082900000| Untracked 
|  41|0x0000000082900000, 0x0000000082a00000, 0x0000000082a00000|100%| O|  |TAMS 0x0000000082900000, 0x0000000082a00000| Untracked 
|  42|0x0000000082a00000, 0x0000000082b00000, 0x0000000082b00000|100%| O|  |TAMS 0x0000000082b00000, 0x0000000082b00000| Untracked 
|  43|0x0000000082b00000, 0x0000000082c00000, 0x0000000082c00000|100%| O|  |TAMS 0x0000000082c00000, 0x0000000082c00000| Untracked 
|  44|0x0000000082c00000, 0x0000000082d00000, 0x0000000082d00000|100%| O|  |TAMS 0x0000000082d00000, 0x0000000082d00000| Untracked 
|  45|0x0000000082d00000, 0x0000000082e00000, 0x0000000082e00000|100%| O|  |TAMS 0x0000000082e00000, 0x0000000082e00000| Untracked 
|  46|0x0000000082e00000, 0x0000000082f00000, 0x0000000082f00000|100%| O|  |TAMS 0x0000000082f00000, 0x0000000082f00000| Untracked 
|  47|0x0000000082f00000, 0x0000000083000000, 0x0000000083000000|100%| O|  |TAMS 0x0000000082f84600, 0x0000000083000000| Untracked 
|  48|0x0000000083000000, 0x0000000083100000, 0x0000000083100000|100%| O|  |TAMS 0x0000000083000000, 0x0000000083100000| Untracked 
|  49|0x0000000083100000, 0x0000000083200000, 0x0000000083200000|100%| O|  |TAMS 0x0000000083100000, 0x0000000083200000| Untracked 
|  50|0x0000000083200000, 0x0000000083300000, 0x0000000083300000|100%| O|  |TAMS 0x0000000083200000, 0x0000000083300000| Untracked 
|  51|0x0000000083300000, 0x0000000083400000, 0x0000000083400000|100%| O|  |TAMS 0x0000000083400000, 0x0000000083400000| Untracked 
|  52|0x0000000083400000, 0x0000000083500000, 0x0000000083500000|100%| O|  |TAMS 0x0000000083500000, 0x0000000083500000| Untracked 
|  53|0x0000000083500000, 0x0000000083600000, 0x0000000083600000|100%| O|  |TAMS 0x0000000083600000, 0x0000000083600000| Untracked 
|  54|0x0000000083600000, 0x0000000083674200, 0x0000000083700000| 45%| O|  |TAMS 0x0000000083600000, 0x0000000083674200| Untracked 
|  55|0x0000000083700000, 0x0000000083700000, 0x0000000083800000|  0%| F|  |TAMS 0x0000000083700000, 0x0000000083700000| Untracked 
|  56|0x0000000083800000, 0x0000000083800000, 0x0000000083900000|  0%| F|  |TAMS 0x0000000083800000, 0x0000000083800000| Untracked 
|  57|0x0000000083900000, 0x0000000083900000, 0x0000000083a00000|  0%| F|  |TAMS 0x0000000083900000, 0x0000000083900000| Untracked 
|  58|0x0000000083a00000, 0x0000000083a00000, 0x0000000083b00000|  0%| F|  |TAMS 0x0000000083a00000, 0x0000000083a00000| Untracked 
|  59|0x0000000083b00000, 0x0000000083b00000, 0x0000000083c00000|  0%| F|  |TAMS 0x0000000083b00000, 0x0000000083b00000| Untracked 
|  60|0x0000000083c00000, 0x0000000083c00000, 0x0000000083d00000|  0%| F|  |TAMS 0x0000000083c00000, 0x0000000083c00000| Untracked 
|  61|0x0000000083d00000, 0x0000000083d00000, 0x0000000083e00000|  0%| F|  |TAMS 0x0000000083d00000, 0x0000000083d00000| Untracked 
|  62|0x0000000083e00000, 0x0000000083e00000, 0x0000000083f00000|  0%| F|  |TAMS 0x0000000083e00000, 0x0000000083e00000| Untracked 
|  63|0x0000000083f00000, 0x0000000083f00000, 0x0000000084000000|  0%| F|  |TAMS 0x0000000083f00000, 0x0000000083f00000| Untracked 
|  64|0x0000000084000000, 0x0000000084000000, 0x0000000084100000|  0%| F|  |TAMS 0x0000000084000000, 0x0000000084000000| Untracked 
|  65|0x0000000084100000, 0x0000000084100000, 0x0000000084200000|  0%| F|  |TAMS 0x0000000084100000, 0x0000000084100000| Untracked 
|  66|0x0000000084200000, 0x0000000084200000, 0x0000000084300000|  0%| F|  |TAMS 0x0000000084200000, 0x0000000084200000| Untracked 
|  67|0x0000000084300000, 0x0000000084300000, 0x0000000084400000|  0%| F|  |TAMS 0x0000000084300000, 0x0000000084300000| Untracked 
|  68|0x0000000084400000, 0x0000000084400000, 0x0000000084500000|  0%| F|  |TAMS 0x0000000084400000, 0x0000000084400000| Untracked 
|  69|0x0000000084500000, 0x0000000084500000, 0x0000000084600000|  0%| F|  |TAMS 0x0000000084500000, 0x0000000084500000| Untracked 
|  70|0x0000000084600000, 0x0000000084600000, 0x0000000084700000|  0%| F|  |TAMS 0x0000000084600000, 0x0000000084600000| Untracked 
|  71|0x0000000084700000, 0x0000000084700000, 0x0000000084800000|  0%| F|  |TAMS 0x0000000084700000, 0x0000000084700000| Untracked 
|  72|0x0000000084800000, 0x0000000084800000, 0x0000000084900000|  0%| F|  |TAMS 0x0000000084800000, 0x0000000084800000| Untracked 
|  73|0x0000000084900000, 0x0000000084900000, 0x0000000084a00000|  0%| F|  |TAMS 0x0000000084900000, 0x0000000084900000| Untracked 
|  74|0x0000000084a00000, 0x0000000084a00000, 0x0000000084b00000|  0%| F|  |TAMS 0x0000000084a00000, 0x0000000084a00000| Untracked 
|  75|0x0000000084b00000, 0x0000000084b00000, 0x0000000084c00000|  0%| F|  |TAMS 0x0000000084b00000, 0x0000000084b00000| Untracked 
|  76|0x0000000084c00000, 0x0000000084c00000, 0x0000000084d00000|  0%| F|  |TAMS 0x0000000084c00000, 0x0000000084c00000| Untracked 
|  77|0x0000000084d00000, 0x0000000084d00000, 0x0000000084e00000|  0%| F|  |TAMS 0x0000000084d00000, 0x0000000084d00000| Untracked 
|  78|0x0000000084e00000, 0x0000000084e00000, 0x0000000084f00000|  0%| F|  |TAMS 0x0000000084e00000, 0x0000000084e00000| Untracked 
|  79|0x0000000084f00000, 0x0000000084f00000, 0x0000000085000000|  0%| F|  |TAMS 0x0000000084f00000, 0x0000000084f00000| Untracked 
|  80|0x0000000085000000, 0x0000000085000000, 0x0000000085100000|  0%| F|  |TAMS 0x0000000085000000, 0x0000000085000000| Untracked 
|  81|0x0000000085100000, 0x0000000085100000, 0x0000000085200000|  0%| F|  |TAMS 0x0000000085100000, 0x0000000085100000| Untracked 
|  82|0x0000000085200000, 0x0000000085200000, 0x0000000085300000|  0%| F|  |TAMS 0x0000000085200000, 0x0000000085200000| Untracked 
|  83|0x0000000085300000, 0x0000000085365a10, 0x0000000085400000| 39%| S|CS|TAMS 0x0000000085300000, 0x0000000085300000| Complete 
|  84|0x0000000085400000, 0x0000000085500000, 0x0000000085500000|100%| S|CS|TAMS 0x0000000085400000, 0x0000000085400000| Complete 
|  85|0x0000000085500000, 0x0000000085500000, 0x0000000085600000|  0%| F|  |TAMS 0x0000000085500000, 0x0000000085500000| Untracked 
|  86|0x0000000085600000, 0x0000000085600000, 0x0000000085700000|  0%| F|  |TAMS 0x0000000085600000, 0x0000000085600000| Untracked 
|  87|0x0000000085700000, 0x0000000085700000, 0x0000000085800000|  0%| F|  |TAMS 0x0000000085700000, 0x0000000085700000| Untracked 
|  88|0x0000000085800000, 0x0000000085800000, 0x0000000085900000|  0%| F|  |TAMS 0x0000000085800000, 0x0000000085800000| Untracked 
|  89|0x0000000085900000, 0x0000000085900000, 0x0000000085a00000|  0%| F|  |TAMS 0x0000000085900000, 0x0000000085900000| Untracked 
|  90|0x0000000085a00000, 0x0000000085a00000, 0x0000000085b00000|  0%| F|  |TAMS 0x0000000085a00000, 0x0000000085a00000| Untracked 
|  91|0x0000000085b00000, 0x0000000085b00000, 0x0000000085c00000|  0%| F|  |TAMS 0x0000000085b00000, 0x0000000085b00000| Untracked 
|  92|0x0000000085c00000, 0x0000000085c00000, 0x0000000085d00000|  0%| F|  |TAMS 0x0000000085c00000, 0x0000000085c00000| Untracked 
|  93|0x0000000085d00000, 0x0000000085d00000, 0x0000000085e00000|  0%| F|  |TAMS 0x0000000085d00000, 0x0000000085d00000| Untracked 
|  94|0x0000000085e00000, 0x0000000085e00000, 0x0000000085f00000|  0%| F|  |TAMS 0x0000000085e00000, 0x0000000085e00000| Untracked 
|  95|0x0000000085f00000, 0x0000000085f00000, 0x0000000086000000|  0%| F|  |TAMS 0x0000000085f00000, 0x0000000085f00000| Untracked 
|  96|0x0000000086000000, 0x0000000086000000, 0x0000000086100000|  0%| F|  |TAMS 0x0000000086000000, 0x0000000086000000| Untracked 
|  97|0x0000000086100000, 0x0000000086100000, 0x0000000086200000|  0%| F|  |TAMS 0x0000000086100000, 0x0000000086100000| Untracked 
|  98|0x0000000086200000, 0x0000000086200000, 0x0000000086300000|  0%| F|  |TAMS 0x0000000086200000, 0x0000000086200000| Untracked 
|  99|0x0000000086300000, 0x0000000086300000, 0x0000000086400000|  0%| F|  |TAMS 0x0000000086300000, 0x0000000086300000| Untracked 
| 100|0x0000000086400000, 0x0000000086400000, 0x0000000086500000|  0%| F|  |TAMS 0x0000000086400000, 0x0000000086400000| Untracked 
| 101|0x0000000086500000, 0x0000000086500000, 0x0000000086600000|  0%| F|  |TAMS 0x0000000086500000, 0x0000000086500000| Untracked 
| 102|0x0000000086600000, 0x0000000086600000, 0x0000000086700000|  0%| F|  |TAMS 0x0000000086600000, 0x0000000086600000| Untracked 
| 103|0x0000000086700000, 0x0000000086700000, 0x0000000086800000|  0%| F|  |TAMS 0x0000000086700000, 0x0000000086700000| Untracked 
| 104|0x0000000086800000, 0x0000000086800000, 0x0000000086900000|  0%| F|  |TAMS 0x0000000086800000, 0x0000000086800000| Untracked 
| 105|0x0000000086900000, 0x0000000086900000, 0x0000000086a00000|  0%| F|  |TAMS 0x0000000086900000, 0x0000000086900000| Untracked 
| 106|0x0000000086a00000, 0x0000000086a00000, 0x0000000086b00000|  0%| F|  |TAMS 0x0000000086a00000, 0x0000000086a00000| Untracked 
| 107|0x0000000086b00000, 0x0000000086b00000, 0x0000000086c00000|  0%| F|  |TAMS 0x0000000086b00000, 0x0000000086b00000| Untracked 
| 108|0x0000000086c00000, 0x0000000086c00000, 0x0000000086d00000|  0%| F|  |TAMS 0x0000000086c00000, 0x0000000086c00000| Untracked 
| 109|0x0000000086d00000, 0x0000000086d00000, 0x0000000086e00000|  0%| F|  |TAMS 0x0000000086d00000, 0x0000000086d00000| Untracked 
| 110|0x0000000086e00000, 0x0000000086e00000, 0x0000000086f00000|  0%| F|  |TAMS 0x0000000086e00000, 0x0000000086e00000| Untracked 
| 111|0x0000000086f00000, 0x0000000086f00000, 0x0000000087000000|  0%| F|  |TAMS 0x0000000086f00000, 0x0000000086f00000| Untracked 
| 112|0x0000000087000000, 0x0000000087000000, 0x0000000087100000|  0%| F|  |TAMS 0x0000000087000000, 0x0000000087000000| Untracked 
| 113|0x0000000087100000, 0x0000000087100000, 0x0000000087200000|  0%| F|  |TAMS 0x0000000087100000, 0x0000000087100000| Untracked 
| 114|0x0000000087200000, 0x0000000087200000, 0x0000000087300000|  0%| F|  |TAMS 0x0000000087200000, 0x0000000087200000| Untracked 
| 115|0x0000000087300000, 0x0000000087300000, 0x0000000087400000|  0%| F|  |TAMS 0x0000000087300000, 0x0000000087300000| Untracked 
| 116|0x0000000087400000, 0x0000000087400000, 0x0000000087500000|  0%| F|  |TAMS 0x0000000087400000, 0x0000000087400000| Untracked 
| 117|0x0000000087500000, 0x0000000087500000, 0x0000000087600000|  0%| F|  |TAMS 0x0000000087500000, 0x0000000087500000| Untracked 
| 118|0x0000000087600000, 0x0000000087600000, 0x0000000087700000|  0%| F|  |TAMS 0x0000000087600000, 0x0000000087600000| Untracked 
| 119|0x0000000087700000, 0x0000000087700000, 0x0000000087800000|  0%| F|  |TAMS 0x0000000087700000, 0x0000000087700000| Untracked 
| 120|0x0000000087800000, 0x0000000087800000, 0x0000000087900000|  0%| F|  |TAMS 0x0000000087800000, 0x0000000087800000| Untracked 
| 121|0x0000000087900000, 0x0000000087900000, 0x0000000087a00000|  0%| F|  |TAMS 0x0000000087900000, 0x0000000087900000| Untracked 
| 122|0x0000000087a00000, 0x0000000087a00000, 0x0000000087b00000|  0%| F|  |TAMS 0x0000000087a00000, 0x0000000087a00000| Untracked 
| 123|0x0000000087b00000, 0x0000000087b00000, 0x0000000087c00000|  0%| F|  |TAMS 0x0000000087b00000, 0x0000000087b00000| Untracked 
| 124|0x0000000087c00000, 0x0000000087c00000, 0x0000000087d00000|  0%| F|  |TAMS 0x0000000087c00000, 0x0000000087c00000| Untracked 
| 125|0x0000000087d00000, 0x0000000087d00000, 0x0000000087e00000|  0%| F|  |TAMS 0x0000000087d00000, 0x0000000087d00000| Untracked 
| 126|0x0000000087e00000, 0x0000000087e00000, 0x0000000087f00000|  0%| F|  |TAMS 0x0000000087e00000, 0x0000000087e00000| Untracked 
| 127|0x0000000087f00000, 0x0000000087f00000, 0x0000000088000000|  0%| F|  |TAMS 0x0000000087f00000, 0x0000000087f00000| Untracked 
| 128|0x0000000088000000, 0x0000000088000000, 0x0000000088100000|  0%| F|  |TAMS 0x0000000088000000, 0x0000000088000000| Untracked 
| 129|0x0000000088100000, 0x0000000088100000, 0x0000000088200000|  0%| F|  |TAMS 0x0000000088100000, 0x0000000088100000| Untracked 
| 130|0x0000000088200000, 0x0000000088200000, 0x0000000088300000|  0%| F|  |TAMS 0x0000000088200000, 0x0000000088200000| Untracked 
| 131|0x0000000088300000, 0x0000000088300000, 0x0000000088400000|  0%| F|  |TAMS 0x0000000088300000, 0x0000000088300000| Untracked 
| 132|0x0000000088400000, 0x0000000088400000, 0x0000000088500000|  0%| F|  |TAMS 0x0000000088400000, 0x0000000088400000| Untracked 
| 133|0x0000000088500000, 0x0000000088500000, 0x0000000088600000|  0%| F|  |TAMS 0x0000000088500000, 0x0000000088500000| Untracked 
| 134|0x0000000088600000, 0x0000000088600000, 0x0000000088700000|  0%| F|  |TAMS 0x0000000088600000, 0x0000000088600000| Untracked 
| 135|0x0000000088700000, 0x0000000088700000, 0x0000000088800000|  0%| F|  |TAMS 0x0000000088700000, 0x0000000088700000| Untracked 
| 136|0x0000000088800000, 0x0000000088800000, 0x0000000088900000|  0%| F|  |TAMS 0x0000000088800000, 0x0000000088800000| Untracked 
| 137|0x0000000088900000, 0x0000000088900000, 0x0000000088a00000|  0%| F|  |TAMS 0x0000000088900000, 0x0000000088900000| Untracked 
| 138|0x0000000088a00000, 0x0000000088a00000, 0x0000000088b00000|  0%| F|  |TAMS 0x0000000088a00000, 0x0000000088a00000| Untracked 
| 139|0x0000000088b00000, 0x0000000088b00000, 0x0000000088c00000|  0%| F|  |TAMS 0x0000000088b00000, 0x0000000088b00000| Untracked 
| 140|0x0000000088c00000, 0x0000000088c00000, 0x0000000088d00000|  0%| F|  |TAMS 0x0000000088c00000, 0x0000000088c00000| Untracked 
| 141|0x0000000088d00000, 0x0000000088d00000, 0x0000000088e00000|  0%| F|  |TAMS 0x0000000088d00000, 0x0000000088d00000| Untracked 
| 142|0x0000000088e00000, 0x0000000088e00000, 0x0000000088f00000|  0%| F|  |TAMS 0x0000000088e00000, 0x0000000088e00000| Untracked 
| 143|0x0000000088f00000, 0x0000000088f00000, 0x0000000089000000|  0%| F|  |TAMS 0x0000000088f00000, 0x0000000088f00000| Untracked 
| 144|0x0000000089000000, 0x0000000089000000, 0x0000000089100000|  0%| F|  |TAMS 0x0000000089000000, 0x0000000089000000| Untracked 
| 145|0x0000000089100000, 0x0000000089100000, 0x0000000089200000|  0%| F|  |TAMS 0x0000000089100000, 0x0000000089100000| Untracked 
| 146|0x0000000089200000, 0x0000000089200000, 0x0000000089300000|  0%| F|  |TAMS 0x0000000089200000, 0x0000000089200000| Untracked 
| 147|0x0000000089300000, 0x0000000089300000, 0x0000000089400000|  0%| F|  |TAMS 0x0000000089300000, 0x0000000089300000| Untracked 
| 148|0x0000000089400000, 0x0000000089400000, 0x0000000089500000|  0%| F|  |TAMS 0x0000000089400000, 0x0000000089400000| Untracked 
| 149|0x0000000089500000, 0x0000000089500000, 0x0000000089600000|  0%| F|  |TAMS 0x0000000089500000, 0x0000000089500000| Untracked 
| 150|0x0000000089600000, 0x0000000089600000, 0x0000000089700000|  0%| F|  |TAMS 0x0000000089600000, 0x0000000089600000| Untracked 
| 151|0x0000000089700000, 0x0000000089700000, 0x0000000089800000|  0%| F|  |TAMS 0x0000000089700000, 0x0000000089700000| Untracked 
| 152|0x0000000089800000, 0x0000000089800000, 0x0000000089900000|  0%| F|  |TAMS 0x0000000089800000, 0x0000000089800000| Untracked 
| 153|0x0000000089900000, 0x0000000089900000, 0x0000000089a00000|  0%| F|  |TAMS 0x0000000089900000, 0x0000000089900000| Untracked 
| 154|0x0000000089a00000, 0x0000000089a00000, 0x0000000089b00000|  0%| F|  |TAMS 0x0000000089a00000, 0x0000000089a00000| Untracked 
| 155|0x0000000089b00000, 0x0000000089b00000, 0x0000000089c00000|  0%| F|  |TAMS 0x0000000089b00000, 0x0000000089b00000| Untracked 
| 156|0x0000000089c00000, 0x0000000089c00000, 0x0000000089d00000|  0%| F|  |TAMS 0x0000000089c00000, 0x0000000089c00000| Untracked 
| 157|0x0000000089d00000, 0x0000000089d00000, 0x0000000089e00000|  0%| F|  |TAMS 0x0000000089d00000, 0x0000000089d00000| Untracked 
| 158|0x0000000089e00000, 0x0000000089e00000, 0x0000000089f00000|  0%| F|  |TAMS 0x0000000089e00000, 0x0000000089e00000| Untracked 
| 159|0x0000000089f00000, 0x0000000089f00000, 0x000000008a000000|  0%| F|  |TAMS 0x0000000089f00000, 0x0000000089f00000| Untracked 
| 160|0x000000008a000000, 0x000000008a000000, 0x000000008a100000|  0%| F|  |TAMS 0x000000008a000000, 0x000000008a000000| Untracked 
| 161|0x000000008a100000, 0x000000008a100000, 0x000000008a200000|  0%| F|  |TAMS 0x000000008a100000, 0x000000008a100000| Untracked 
| 162|0x000000008a200000, 0x000000008a200000, 0x000000008a300000|  0%| F|  |TAMS 0x000000008a200000, 0x000000008a200000| Untracked 
| 163|0x000000008a300000, 0x000000008a300000, 0x000000008a400000|  0%| F|  |TAMS 0x000000008a300000, 0x000000008a300000| Untracked 
| 164|0x000000008a400000, 0x000000008a400000, 0x000000008a500000|  0%| F|  |TAMS 0x000000008a400000, 0x000000008a400000| Untracked 
| 165|0x000000008a500000, 0x000000008a500000, 0x000000008a600000|  0%| F|  |TAMS 0x000000008a500000, 0x000000008a500000| Untracked 
| 166|0x000000008a600000, 0x000000008a600000, 0x000000008a700000|  0%| F|  |TAMS 0x000000008a600000, 0x000000008a600000| Untracked 
| 167|0x000000008a700000, 0x000000008a700000, 0x000000008a800000|  0%| F|  |TAMS 0x000000008a700000, 0x000000008a700000| Untracked 
| 168|0x000000008a800000, 0x000000008a800000, 0x000000008a900000|  0%| F|  |TAMS 0x000000008a800000, 0x000000008a800000| Untracked 
| 169|0x000000008a900000, 0x000000008a900000, 0x000000008aa00000|  0%| F|  |TAMS 0x000000008a900000, 0x000000008a900000| Untracked 
| 170|0x000000008aa00000, 0x000000008aa00000, 0x000000008ab00000|  0%| F|  |TAMS 0x000000008aa00000, 0x000000008aa00000| Untracked 
| 171|0x000000008ab00000, 0x000000008ab00000, 0x000000008ac00000|  0%| F|  |TAMS 0x000000008ab00000, 0x000000008ab00000| Untracked 
| 172|0x000000008ac00000, 0x000000008ac00000, 0x000000008ad00000|  0%| F|  |TAMS 0x000000008ac00000, 0x000000008ac00000| Untracked 
| 173|0x000000008ad00000, 0x000000008ad00000, 0x000000008ae00000|  0%| F|  |TAMS 0x000000008ad00000, 0x000000008ad00000| Untracked 
| 174|0x000000008ae00000, 0x000000008ae00000, 0x000000008af00000|  0%| F|  |TAMS 0x000000008ae00000, 0x000000008ae00000| Untracked 
| 175|0x000000008af00000, 0x000000008af00000, 0x000000008b000000|  0%| F|  |TAMS 0x000000008af00000, 0x000000008af00000| Untracked 
| 176|0x000000008b000000, 0x000000008b000000, 0x000000008b100000|  0%| F|  |TAMS 0x000000008b000000, 0x000000008b000000| Untracked 
| 177|0x000000008b100000, 0x000000008b100000, 0x000000008b200000|  0%| F|  |TAMS 0x000000008b100000, 0x000000008b100000| Untracked 
| 178|0x000000008b200000, 0x000000008b200000, 0x000000008b300000|  0%| F|  |TAMS 0x000000008b200000, 0x000000008b200000| Untracked 
| 179|0x000000008b300000, 0x000000008b300000, 0x000000008b400000|  0%| F|  |TAMS 0x000000008b300000, 0x000000008b300000| Untracked 
| 180|0x000000008b400000, 0x000000008b400000, 0x000000008b500000|  0%| F|  |TAMS 0x000000008b400000, 0x000000008b400000| Untracked 
| 181|0x000000008b500000, 0x000000008b500000, 0x000000008b600000|  0%| F|  |TAMS 0x000000008b500000, 0x000000008b500000| Untracked 
| 182|0x000000008b600000, 0x000000008b600000, 0x000000008b700000|  0%| F|  |TAMS 0x000000008b600000, 0x000000008b600000| Untracked 
| 183|0x000000008b700000, 0x000000008b700000, 0x000000008b800000|  0%| F|  |TAMS 0x000000008b700000, 0x000000008b700000| Untracked 
| 184|0x000000008b800000, 0x000000008b800000, 0x000000008b900000|  0%| F|  |TAMS 0x000000008b800000, 0x000000008b800000| Untracked 
| 185|0x000000008b900000, 0x000000008b900000, 0x000000008ba00000|  0%| F|  |TAMS 0x000000008b900000, 0x000000008b900000| Untracked 
| 186|0x000000008ba00000, 0x000000008ba00000, 0x000000008bb00000|  0%| F|  |TAMS 0x000000008ba00000, 0x000000008ba00000| Untracked 
| 187|0x000000008bb00000, 0x000000008bb00000, 0x000000008bc00000|  0%| F|  |TAMS 0x000000008bb00000, 0x000000008bb00000| Untracked 
| 188|0x000000008bc00000, 0x000000008bc00000, 0x000000008bd00000|  0%| F|  |TAMS 0x000000008bc00000, 0x000000008bc00000| Untracked 
| 189|0x000000008bd00000, 0x000000008bd00000, 0x000000008be00000|  0%| F|  |TAMS 0x000000008bd00000, 0x000000008bd00000| Untracked 
| 190|0x000000008be00000, 0x000000008be00000, 0x000000008bf00000|  0%| F|  |TAMS 0x000000008be00000, 0x000000008be00000| Untracked 
| 191|0x000000008bf00000, 0x000000008bf00000, 0x000000008c000000|  0%| F|  |TAMS 0x000000008bf00000, 0x000000008bf00000| Untracked 
| 192|0x000000008c000000, 0x000000008c000000, 0x000000008c100000|  0%| F|  |TAMS 0x000000008c000000, 0x000000008c000000| Untracked 
| 193|0x000000008c100000, 0x000000008c100000, 0x000000008c200000|  0%| F|  |TAMS 0x000000008c100000, 0x000000008c100000| Untracked 
| 194|0x000000008c200000, 0x000000008c200000, 0x000000008c300000|  0%| F|  |TAMS 0x000000008c200000, 0x000000008c200000| Untracked 
| 195|0x000000008c300000, 0x000000008c300000, 0x000000008c400000|  0%| F|  |TAMS 0x000000008c300000, 0x000000008c300000| Untracked 
| 196|0x000000008c400000, 0x000000008c400000, 0x000000008c500000|  0%| F|  |TAMS 0x000000008c400000, 0x000000008c400000| Untracked 
| 197|0x000000008c500000, 0x000000008c500000, 0x000000008c600000|  0%| F|  |TAMS 0x000000008c500000, 0x000000008c500000| Untracked 
| 198|0x000000008c600000, 0x000000008c600000, 0x000000008c700000|  0%| F|  |TAMS 0x000000008c600000, 0x000000008c600000| Untracked 
| 199|0x000000008c700000, 0x000000008c700000, 0x000000008c800000|  0%| F|  |TAMS 0x000000008c700000, 0x000000008c700000| Untracked 
| 200|0x000000008c800000, 0x000000008c800000, 0x000000008c900000|  0%| F|  |TAMS 0x000000008c800000, 0x000000008c800000| Untracked 
| 201|0x000000008c900000, 0x000000008c900000, 0x000000008ca00000|  0%| F|  |TAMS 0x000000008c900000, 0x000000008c900000| Untracked 
| 202|0x000000008ca00000, 0x000000008ca00000, 0x000000008cb00000|  0%| F|  |TAMS 0x000000008ca00000, 0x000000008ca00000| Untracked 
| 203|0x000000008cb00000, 0x000000008cb00000, 0x000000008cc00000|  0%| F|  |TAMS 0x000000008cb00000, 0x000000008cb00000| Untracked 
| 204|0x000000008cc00000, 0x000000008cc00000, 0x000000008cd00000|  0%| F|  |TAMS 0x000000008cc00000, 0x000000008cc00000| Untracked 
| 205|0x000000008cd00000, 0x000000008cd00000, 0x000000008ce00000|  0%| F|  |TAMS 0x000000008cd00000, 0x000000008cd00000| Untracked 
| 206|0x000000008ce00000, 0x000000008ce00000, 0x000000008cf00000|  0%| F|  |TAMS 0x000000008ce00000, 0x000000008ce00000| Untracked 
| 207|0x000000008cf00000, 0x000000008cf00000, 0x000000008d000000|  0%| F|  |TAMS 0x000000008cf00000, 0x000000008cf00000| Untracked 
| 208|0x000000008d000000, 0x000000008d000000, 0x000000008d100000|  0%| F|  |TAMS 0x000000008d000000, 0x000000008d000000| Untracked 
| 209|0x000000008d100000, 0x000000008d100000, 0x000000008d200000|  0%| F|  |TAMS 0x000000008d100000, 0x000000008d100000| Untracked 
| 210|0x000000008d200000, 0x000000008d200000, 0x000000008d300000|  0%| F|  |TAMS 0x000000008d200000, 0x000000008d200000| Untracked 
| 211|0x000000008d300000, 0x000000008d300000, 0x000000008d400000|  0%| F|  |TAMS 0x000000008d300000, 0x000000008d300000| Untracked 
| 212|0x000000008d400000, 0x000000008d400000, 0x000000008d500000|  0%| F|  |TAMS 0x000000008d400000, 0x000000008d400000| Untracked 
| 213|0x000000008d500000, 0x000000008d500000, 0x000000008d600000|  0%| F|  |TAMS 0x000000008d500000, 0x000000008d500000| Untracked 
| 214|0x000000008d600000, 0x000000008d600000, 0x000000008d700000|  0%| F|  |TAMS 0x000000008d600000, 0x000000008d600000| Untracked 
| 215|0x000000008d700000, 0x000000008d700000, 0x000000008d800000|  0%| F|  |TAMS 0x000000008d700000, 0x000000008d700000| Untracked 
| 216|0x000000008d800000, 0x000000008d800000, 0x000000008d900000|  0%| F|  |TAMS 0x000000008d800000, 0x000000008d800000| Untracked 
| 217|0x000000008d900000, 0x000000008d900000, 0x000000008da00000|  0%| F|  |TAMS 0x000000008d900000, 0x000000008d900000| Untracked 
| 218|0x000000008da00000, 0x000000008da00000, 0x000000008db00000|  0%| F|  |TAMS 0x000000008da00000, 0x000000008da00000| Untracked 
| 219|0x000000008db00000, 0x000000008db00000, 0x000000008dc00000|  0%| F|  |TAMS 0x000000008db00000, 0x000000008db00000| Untracked 
| 220|0x000000008dc00000, 0x000000008dc00000, 0x000000008dd00000|  0%| F|  |TAMS 0x000000008dc00000, 0x000000008dc00000| Untracked 
| 221|0x000000008dd00000, 0x000000008dd00000, 0x000000008de00000|  0%| F|  |TAMS 0x000000008dd00000, 0x000000008dd00000| Untracked 
| 222|0x000000008de00000, 0x000000008de00000, 0x000000008df00000|  0%| F|  |TAMS 0x000000008de00000, 0x000000008de00000| Untracked 
| 223|0x000000008df00000, 0x000000008df00000, 0x000000008e000000|  0%| F|  |TAMS 0x000000008df00000, 0x000000008df00000| Untracked 
| 224|0x000000008e000000, 0x000000008e000000, 0x000000008e100000|  0%| F|  |TAMS 0x000000008e000000, 0x000000008e000000| Untracked 
| 225|0x000000008e100000, 0x000000008e100000, 0x000000008e200000|  0%| F|  |TAMS 0x000000008e100000, 0x000000008e100000| Untracked 
| 226|0x000000008e200000, 0x000000008e200000, 0x000000008e300000|  0%| F|  |TAMS 0x000000008e200000, 0x000000008e200000| Untracked 
| 227|0x000000008e300000, 0x000000008e300000, 0x000000008e400000|  0%| F|  |TAMS 0x000000008e300000, 0x000000008e300000| Untracked 
| 228|0x000000008e400000, 0x000000008e400000, 0x000000008e500000|  0%| F|  |TAMS 0x000000008e400000, 0x000000008e400000| Untracked 
| 229|0x000000008e500000, 0x000000008e500000, 0x000000008e600000|  0%| F|  |TAMS 0x000000008e500000, 0x000000008e500000| Untracked 
| 230|0x000000008e600000, 0x000000008e600000, 0x000000008e700000|  0%| F|  |TAMS 0x000000008e600000, 0x000000008e600000| Untracked 
| 231|0x000000008e700000, 0x000000008e700000, 0x000000008e800000|  0%| F|  |TAMS 0x000000008e700000, 0x000000008e700000| Untracked 
| 232|0x000000008e800000, 0x000000008e800000, 0x000000008e900000|  0%| F|  |TAMS 0x000000008e800000, 0x000000008e800000| Untracked 
| 233|0x000000008e900000, 0x000000008e900000, 0x000000008ea00000|  0%| F|  |TAMS 0x000000008e900000, 0x000000008e900000| Untracked 
| 234|0x000000008ea00000, 0x000000008ea00000, 0x000000008eb00000|  0%| F|  |TAMS 0x000000008ea00000, 0x000000008ea00000| Untracked 
| 235|0x000000008eb00000, 0x000000008eb00000, 0x000000008ec00000|  0%| F|  |TAMS 0x000000008eb00000, 0x000000008eb00000| Untracked 
| 236|0x000000008ec00000, 0x000000008ec00000, 0x000000008ed00000|  0%| F|  |TAMS 0x000000008ec00000, 0x000000008ec00000| Untracked 
| 237|0x000000008ed00000, 0x000000008ed00000, 0x000000008ee00000|  0%| F|  |TAMS 0x000000008ed00000, 0x000000008ed00000| Untracked 
| 238|0x000000008ee00000, 0x000000008ee00000, 0x000000008ef00000|  0%| F|  |TAMS 0x000000008ee00000, 0x000000008ee00000| Untracked 
| 239|0x000000008ef00000, 0x000000008ef00000, 0x000000008f000000|  0%| F|  |TAMS 0x000000008ef00000, 0x000000008ef00000| Untracked 
| 240|0x000000008f000000, 0x000000008f000000, 0x000000008f100000|  0%| F|  |TAMS 0x000000008f000000, 0x000000008f000000| Untracked 
| 241|0x000000008f100000, 0x000000008f100000, 0x000000008f200000|  0%| F|  |TAMS 0x000000008f100000, 0x000000008f100000| Untracked 
| 242|0x000000008f200000, 0x000000008f200000, 0x000000008f300000|  0%| F|  |TAMS 0x000000008f200000, 0x000000008f200000| Untracked 
| 243|0x000000008f300000, 0x000000008f300000, 0x000000008f400000|  0%| F|  |TAMS 0x000000008f300000, 0x000000008f300000| Untracked 
| 244|0x000000008f400000, 0x000000008f400000, 0x000000008f500000|  0%| F|  |TAMS 0x000000008f400000, 0x000000008f400000| Untracked 
| 245|0x000000008f500000, 0x000000008f500000, 0x000000008f600000|  0%| F|  |TAMS 0x000000008f500000, 0x000000008f500000| Untracked 
| 246|0x000000008f600000, 0x000000008f600000, 0x000000008f700000|  0%| F|  |TAMS 0x000000008f600000, 0x000000008f600000| Untracked 
| 247|0x000000008f700000, 0x000000008f700000, 0x000000008f800000|  0%| F|  |TAMS 0x000000008f700000, 0x000000008f700000| Untracked 
| 248|0x000000008f800000, 0x000000008f800000, 0x000000008f900000|  0%| F|  |TAMS 0x000000008f800000, 0x000000008f800000| Untracked 
| 249|0x000000008f900000, 0x000000008f900000, 0x000000008fa00000|  0%| F|  |TAMS 0x000000008f900000, 0x000000008f900000| Untracked 
| 250|0x000000008fa00000, 0x000000008fa00000, 0x000000008fb00000|  0%| F|  |TAMS 0x000000008fa00000, 0x000000008fa00000| Untracked 
| 251|0x000000008fb00000, 0x000000008fb00000, 0x000000008fc00000|  0%| F|  |TAMS 0x000000008fb00000, 0x000000008fb00000| Untracked 

Card table byte_map: [0x0000021cc8080000,0x0000021cc8480000] _byte_map_base: 0x0000021cc7c80000

Marking Bits (Prev, Next): (CMBitMap*) 0x0000021cb3595f20, (CMBitMap*) 0x0000021cb3595f60
 Prev Bits: [0x0000021cc8880000, 0x0000021cca880000)
 Next Bits: [0x0000021cca880000, 0x0000021ccc880000)

Polling page: 0x0000021cb3600000

Metaspace:

Usage:
  Non-class:     62.73 MB used.
      Class:      9.62 MB used.
       Both:     72.35 MB used.

Virtual space:
  Non-class space:       64.00 MB reserved,      63.00 MB ( 98%) committed,  8 nodes.
      Class space:        1.00 GB reserved,       9.88 MB ( <1%) committed,  1 nodes.
             Both:        1.06 GB reserved,      72.88 MB (  7%) committed. 

Chunk freelists:
   Non-Class:  448.00 KB
       Class:  2.17 MB
        Both:  2.61 MB

MaxMetaspaceSize: unlimited
CompressedClassSpaceSize: 1.00 GB
Initial GC threshold: 21.00 MB
Current GC threshold: 111.81 MB
CDS: off
MetaspaceReclaimPolicy: balanced
 - commit_granule_bytes: 65536.
 - commit_granule_words: 8192.
 - virtual_space_node_default_size: 1048576.
 - enlarge_chunks_in_place: 1.
 - new_chunks_are_fully_committed: 0.
 - uncommit_free_chunks: 1.
 - use_allocation_guard: 0.
 - handle_deallocations: 1.


Internal statistics:

num_allocs_failed_limit: 6.
num_arena_births: 728.
num_arena_deaths: 0.
num_vsnodes_births: 9.
num_vsnodes_deaths: 0.
num_space_committed: 1166.
num_space_uncommitted: 0.
num_chunks_returned_to_freelist: 6.
num_chunks_taken_from_freelist: 3211.
num_chunk_merges: 6.
num_chunk_splits: 2184.
num_chunks_enlarged: 1523.
num_purges: 0.
num_inconsistent_stats: 0.

CodeHeap 'non-profiled nmethods': size=120000Kb used=3625Kb max_used=3625Kb free=116375Kb
 bounds [0x0000021cbfce0000, 0x0000021cc0070000, 0x0000021cc7210000]
CodeHeap 'profiled nmethods': size=120000Kb used=12362Kb max_used=12362Kb free=107638Kb
 bounds [0x0000021cb8210000, 0x0000021cb8e30000, 0x0000021cbf740000]
CodeHeap 'non-nmethods': size=5760Kb used=2381Kb max_used=2449Kb free=3378Kb
 bounds [0x0000021cbf740000, 0x0000021cbf9b0000, 0x0000021cbfce0000]
 total_blobs=7357 nmethods=6457 adapters=812
 compilation: enabled
              stopped_count=0, restarted_count=0
 full_count=0

Compilation events (20 events):
Event: 10.291 Thread 0x0000021ccfcdee30 7278       3       com.google.common.collect.SingletonImmutableSet::iterator (5 bytes)
Event: 10.292 Thread 0x0000021ccfcdee30 nmethod 7278 0x0000021cb8e1f410 code [0x0000021cb8e1f5e0, 0x0000021cb8e1f978]
Event: 10.292 Thread 0x0000021cd31e3ca0 nmethod 7184 0x0000021cc0069910 code [0x0000021cc0069aa0, 0x0000021cc0069c88]
Event: 10.292 Thread 0x0000021ccfcdee30 7279       3       kotlin.LazyKt__LazyJVMKt::lazy (21 bytes)
Event: 10.292 Thread 0x0000021ccfcdee30 nmethod 7279 0x0000021cb8e1fb10 code [0x0000021cb8e1fd40, 0x0000021cb8e203c8]
Event: 10.292 Thread 0x0000021ccfcdee30 7280       3       kotlin.SynchronizedLazyImpl::<init> (15 bytes)
Event: 10.293 Thread 0x0000021ccfcdee30 nmethod 7280 0x0000021cb8e20690 code [0x0000021cb8e208c0, 0x0000021cb8e210d8]
Event: 10.293 Thread 0x0000021ccfcdee30 7281       3       org.gradle.api.internal.DefaultNamedDomainObjectCollection::findByNameWithoutRules (11 bytes)
Event: 10.293 Thread 0x0000021ccfcdee30 nmethod 7281 0x0000021cb8e21390 code [0x0000021cb8e21540, 0x0000021cb8e21708]
Event: 10.293 Thread 0x0000021ccfcdee30 7283       3       org.gradle.api.internal.artifacts.configurations.DefaultConfiguration::notifyChildren (40 bytes)
Event: 10.293 Thread 0x0000021ccfcdee30 nmethod 7283 0x0000021cb8e21810 code [0x0000021cb8e21a00, 0x0000021cb8e21fb8]
Event: 10.293 Thread 0x0000021ccfcdee30 7284       1       org.gradle.internal.typeconversion.NotationConverterToNotationParserAdapter$ResultImpl::hasResult (5 bytes)
Event: 10.293 Thread 0x0000021ccfcdee30 nmethod 7284 0x0000021cc0069e10 code [0x0000021cc0069fa0, 0x0000021cc006a078]
Event: 10.293 Thread 0x0000021ccfcdee30 7285       3       kotlin.collections.SetsKt__SetsKt::emptySet (7 bytes)
Event: 10.293 Thread 0x0000021ccfcdee30 nmethod 7285 0x0000021cb8e22190 code [0x0000021cb8e22320, 0x0000021cb8e22418]
Event: 10.293 Thread 0x0000021ccfcdee30 7282       1       org.gradle.internal.operations.OperationFinishEvent::getEndTime (5 bytes)
Event: 10.293 Thread 0x0000021ccfcdee30 nmethod 7282 0x0000021cc006a110 code [0x0000021cc006a2a0, 0x0000021cc006a378]
Event: 10.307 Thread 0x0000021ccfcdee30 7286       3       java.security.ProtectionDomain$Key::<init> (5 bytes)
Event: 10.307 Thread 0x0000021ccfcdee30 nmethod 7286 0x0000021cb8e22490 code [0x0000021cb8e22620, 0x0000021cb8e22778]
Event: 10.311 Thread 0x0000021ccfcdee30 7287   !   3       sun.nio.cs.StreamDecoder::readBytes (271 bytes)

GC Heap History (20 events):
Event: 7.063 GC heap after
{Heap after GC invocations=14 (full 0):
 garbage-first heap   total 83968K, used 35744K [0x0000000080000000, 0x0000000100000000)
  region size 1024K, 3 young (3072K), 3 survivors (3072K)
 Metaspace       used 52754K, committed 53248K, reserved 1097728K
  class space    used 7068K, committed 7296K, reserved 1048576K
}
Event: 7.709 GC heap before
{Heap before GC invocations=15 (full 0):
 garbage-first heap   total 83968K, used 68512K [0x0000000080000000, 0x0000000100000000)
  region size 1024K, 32 young (32768K), 3 survivors (3072K)
 Metaspace       used 54128K, committed 54656K, reserved 1097728K
  class space    used 7220K, committed 7424K, reserved 1048576K
}
Event: 7.714 GC heap after
{Heap after GC invocations=16 (full 0):
 garbage-first heap   total 83968K, used 44888K [0x0000000080000000, 0x0000000100000000)
  region size 1024K, 4 young (4096K), 4 survivors (4096K)
 Metaspace       used 54128K, committed 54656K, reserved 1097728K
  class space    used 7220K, committed 7424K, reserved 1048576K
}
Event: 8.146 GC heap before
{Heap before GC invocations=16 (full 0):
 garbage-first heap   total 83968K, used 64344K [0x0000000080000000, 0x0000000100000000)
  region size 1024K, 24 young (24576K), 4 survivors (4096K)
 Metaspace       used 56831K, committed 57280K, reserved 1105920K
  class space    used 7608K, committed 7808K, reserved 1048576K
}
Event: 8.149 GC heap after
{Heap after GC invocations=17 (full 0):
 garbage-first heap   total 83968K, used 46367K [0x0000000080000000, 0x0000000100000000)
  region size 1024K, 1 young (1024K), 1 survivors (1024K)
 Metaspace       used 56831K, committed 57280K, reserved 1105920K
  class space    used 7608K, committed 7808K, reserved 1048576K
}
Event: 8.522 GC heap before
{Heap before GC invocations=18 (full 0):
 garbage-first heap   total 83968K, used 65823K [0x0000000080000000, 0x0000000100000000)
  region size 1024K, 20 young (20480K), 1 survivors (1024K)
 Metaspace       used 59921K, committed 60416K, reserved 1105920K
  class space    used 7973K, committed 8192K, reserved 1048576K
}
Event: 8.524 GC heap after
{Heap after GC invocations=19 (full 0):
 garbage-first heap   total 83968K, used 46994K [0x0000000080000000, 0x0000000100000000)
  region size 1024K, 2 young (2048K), 2 survivors (2048K)
 Metaspace       used 59921K, committed 60416K, reserved 1105920K
  class space    used 7973K, committed 8192K, reserved 1048576K
}
Event: 8.961 GC heap before
{Heap before GC invocations=19 (full 0):
 garbage-first heap   total 83968K, used 64402K [0x0000000080000000, 0x0000000100000000)
  region size 1024K, 20 young (20480K), 2 survivors (2048K)
 Metaspace       used 63830K, committed 64384K, reserved 1105920K
  class space    used 8483K, committed 8704K, reserved 1048576K
}
Event: 8.980 GC heap after
{Heap after GC invocations=20 (full 0):
 garbage-first heap   total 83968K, used 48971K [0x0000000080000000, 0x0000000100000000)
  region size 1024K, 3 young (3072K), 3 survivors (3072K)
 Metaspace       used 63830K, committed 64384K, reserved 1105920K
  class space    used 8483K, committed 8704K, reserved 1048576K
}
Event: 9.162 GC heap before
{Heap before GC invocations=21 (full 0):
 garbage-first heap   total 112640K, used 73547K [0x0000000080000000, 0x0000000100000000)
  region size 1024K, 21 young (21504K), 3 survivors (3072K)
 Metaspace       used 64640K, committed 65152K, reserved 1105920K
  class space    used 8605K, committed 8832K, reserved 1048576K
}
Event: 9.166 GC heap after
{Heap after GC invocations=22 (full 0):
 garbage-first heap   total 112640K, used 51103K [0x0000000080000000, 0x0000000100000000)
  region size 1024K, 3 young (3072K), 3 survivors (3072K)
 Metaspace       used 64640K, committed 65152K, reserved 1105920K
  class space    used 8605K, committed 8832K, reserved 1048576K
}
Event: 9.198 GC heap before
{Heap before GC invocations=22 (full 0):
 garbage-first heap   total 112640K, used 53151K [0x0000000080000000, 0x0000000100000000)
  region size 1024K, 5 young (5120K), 3 survivors (3072K)
 Metaspace       used 64895K, committed 65344K, reserved 1105920K
  class space    used 8626K, committed 8832K, reserved 1048576K
}
Event: 9.252 GC heap after
{Heap after GC invocations=23 (full 0):
 garbage-first heap   total 112640K, used 51239K [0x0000000080000000, 0x0000000100000000)
  region size 1024K, 1 young (1024K), 1 survivors (1024K)
 Metaspace       used 64895K, committed 65344K, reserved 1105920K
  class space    used 8626K, committed 8832K, reserved 1048576K
}
Event: 9.668 GC heap before
{Heap before GC invocations=23 (full 0):
 garbage-first heap   total 112640K, used 82983K [0x0000000080000000, 0x0000000100000000)
  region size 1024K, 32 young (32768K), 1 survivors (1024K)
 Metaspace       used 68014K, committed 68544K, reserved 1114112K
  class space    used 9036K, committed 9280K, reserved 1048576K
}
Event: 9.683 GC heap after
{Heap after GC invocations=24 (full 0):
 garbage-first heap   total 112640K, used 52942K [0x0000000080000000, 0x0000000100000000)
  region size 1024K, 3 young (3072K), 3 survivors (3072K)
 Metaspace       used 68014K, committed 68544K, reserved 1114112K
  class space    used 9036K, committed 9280K, reserved 1048576K
}
Event: 10.084 GC heap before
{Heap before GC invocations=25 (full 0):
 garbage-first heap   total 112640K, used 84686K [0x0000000080000000, 0x0000000100000000)
  region size 1024K, 34 young (34816K), 3 survivors (3072K)
 Metaspace       used 72102K, committed 72640K, reserved 1114112K
  class space    used 9584K, committed 9856K, reserved 1048576K
}
Event: 10.087 GC heap after
{Heap after GC invocations=26 (full 0):
 garbage-first heap   total 112640K, used 55382K [0x0000000080000000, 0x0000000100000000)
  region size 1024K, 5 young (5120K), 5 survivors (5120K)
 Metaspace       used 72102K, committed 72640K, reserved 1114112K
  class space    used 9584K, committed 9856K, reserved 1048576K
}
Event: 10.094 GC heap before
{Heap before GC invocations=26 (full 0):
 garbage-first heap   total 112640K, used 56406K [0x0000000080000000, 0x0000000100000000)
  region size 1024K, 6 young (6144K), 5 survivors (5120K)
 Metaspace       used 72106K, committed 72640K, reserved 1114112K
  class space    used 9584K, committed 9856K, reserved 1048576K
}
Event: 10.096 GC heap after
{Heap after GC invocations=27 (full 0):
 garbage-first heap   total 112640K, used 55402K [0x0000000080000000, 0x0000000100000000)
  region size 1024K, 1 young (1024K), 1 survivors (1024K)
 Metaspace       used 72106K, committed 72640K, reserved 1114112K
  class space    used 9584K, committed 9856K, reserved 1048576K
}
Event: 10.312 GC heap before
{Heap before GC invocations=27 (full 0):
 garbage-first heap   total 112640K, used 77930K [0x0000000080000000, 0x0000000100000000)
  region size 1024K, 25 young (25600K), 1 survivors (1024K)
 Metaspace       used 74085K, committed 74624K, reserved 1114112K
  class space    used 9854K, committed 10112K, reserved 1048576K
}

Dll operation events (2 events):
Event: 0.008 Loaded shared library E:\Android Studio\jbr\bin\java.dll
Event: 0.437 Loaded shared library E:\Android Studio\jbr\bin\verify.dll

Deoptimization events (20 events):
Event: 10.144 Thread 0x0000021cd278d2f0 Uncommon trap: trap_request=0xffffffde fr.pc=0x0000021cbfd05084 relative=0x0000000000001f44
Event: 10.144 Thread 0x0000021cd278d2f0 Uncommon trap: reason=class_check action=maybe_recompile pc=0x0000021cbfd05084 method=jdk.internal.loader.Resource.getBytes()[B @ 10 c2
Event: 10.144 Thread 0x0000021cd278d2f0 DEOPT PACKING pc=0x0000021cbfd05084 sp=0x0000005efedf8a80
Event: 10.144 Thread 0x0000021cd278d2f0 DEOPT UNPACKING pc=0x0000021cbf79a1a3 sp=0x0000005efedf8a88 mode 2
Event: 10.145 Thread 0x0000021cd278d2f0 Uncommon trap: trap_request=0xffffffde fr.pc=0x0000021cbfea28c8 relative=0x0000000000005a48
Event: 10.145 Thread 0x0000021cd278d2f0 Uncommon trap: reason=class_check action=maybe_recompile pc=0x0000021cbfea28c8 method=jdk.internal.loader.URLClassPath.getLoader(I)Ljdk/internal/loader/URLClassPath$Loader; @ 190 c2
Event: 10.145 Thread 0x0000021cd278d2f0 DEOPT PACKING pc=0x0000021cbfea28c8 sp=0x0000005efedf8b40
Event: 10.145 Thread 0x0000021cd278d2f0 DEOPT UNPACKING pc=0x0000021cbf79a1a3 sp=0x0000005efedf8b50 mode 2
Event: 10.145 Thread 0x0000021cd278d2f0 Uncommon trap: trap_request=0xffffffde fr.pc=0x0000021cbfed7514 relative=0x0000000000000574
Event: 10.145 Thread 0x0000021cd278d2f0 Uncommon trap: reason=class_check action=maybe_recompile pc=0x0000021cbfed7514 method=jdk.internal.loader.URLClassPath.getResource(Ljava/lang/String;Z)Ljdk/internal/loader/Resource; @ 53 c2
Event: 10.145 Thread 0x0000021cd278d2f0 DEOPT PACKING pc=0x0000021cbfed7514 sp=0x0000005efedf8c20
Event: 10.145 Thread 0x0000021cd278d2f0 DEOPT UNPACKING pc=0x0000021cbf79a1a3 sp=0x0000005efedf8be0 mode 2
Event: 10.145 Thread 0x0000021cd278d2f0 Uncommon trap: trap_request=0xffffffde fr.pc=0x0000021cbfd05084 relative=0x0000000000001f44
Event: 10.145 Thread 0x0000021cd278d2f0 Uncommon trap: reason=class_check action=maybe_recompile pc=0x0000021cbfd05084 method=jdk.internal.loader.Resource.getBytes()[B @ 10 c2
Event: 10.145 Thread 0x0000021cd278d2f0 DEOPT PACKING pc=0x0000021cbfd05084 sp=0x0000005efedf8a80
Event: 10.145 Thread 0x0000021cd278d2f0 DEOPT UNPACKING pc=0x0000021cbf79a1a3 sp=0x0000005efedf8a88 mode 2
Event: 10.264 Thread 0x0000021cd278d2f0 Uncommon trap: trap_request=0xffffff45 fr.pc=0x0000021cbfd0f5d8 relative=0x0000000000000418
Event: 10.264 Thread 0x0000021cd278d2f0 Uncommon trap: reason=unstable_if action=reinterpret pc=0x0000021cbfd0f5d8 method=java.lang.StringConcatHelper.simpleConcat(Ljava/lang/Object;Ljava/lang/Object;)Ljava/lang/String; @ 30 c2
Event: 10.264 Thread 0x0000021cd278d2f0 DEOPT PACKING pc=0x0000021cbfd0f5d8 sp=0x0000005efedf8b40
Event: 10.264 Thread 0x0000021cd278d2f0 DEOPT UNPACKING pc=0x0000021cbf79a1a3 sp=0x0000005efedf8af8 mode 2

Classes unloaded (0 events):
No events

Classes redefined (0 events):
No events

Internal exceptions (20 events):
Event: 7.207 Thread 0x0000021cd1576c30 Exception <a 'java/lang/NoSuchMethodError'{0x00000000847b2d40}: static Lorg/gradle/internal/build/event/types/AbstractProjectConfigurationResult;.<clinit>()V> (0x00000000847b2d40) 
thrown [s\src\hotspot\share\prims\jni.cpp, line 1108]
Event: 7.207 Thread 0x0000021cd1576c30 Exception <a 'java/lang/NoSuchMethodError'{0x00000000847b44a0}: static Lorg/gradle/internal/build/event/types/AbstractOperationResult;.<clinit>()V> (0x00000000847b44a0) 
thrown [s\src\hotspot\share\prims\jni.cpp, line 1108]
Event: 7.207 Thread 0x0000021cd1576c30 Exception <a 'java/lang/NoSuchMethodError'{0x00000000847b5900}: static Lorg/gradle/internal/build/event/types/AbstractResult;.<clinit>()V> (0x00000000847b5900) 
thrown [s\src\hotspot\share\prims\jni.cpp, line 1108]
Event: 7.208 Thread 0x0000021cd1576c30 Exception <a 'java/lang/NoSuchMethodError'{0x00000000847cd408}: static Lorg/gradle/internal/build/event/types/DefaultPluginApplicationResult;.<clinit>()V> (0x00000000847cd408) 
thrown [s\src\hotspot\share\prims\jni.cpp, line 1108]
Event: 7.209 Thread 0x0000021cd1576c30 Exception <a 'java/lang/NoSuchMethodError'{0x00000000847d9788}: static Lorg/gradle/internal/build/event/types/DefaultBinaryPluginIdentifier;.<clinit>()V> (0x00000000847d9788) 
thrown [s\src\hotspot\share\prims\jni.cpp, line 1108]
Event: 7.211 Thread 0x0000021cd1576c30 Exception <a 'java/lang/NoSuchMethodError'{0x00000000847f12a8}: static Lorg/gradle/internal/build/event/types/DefaultScriptPluginIdentifier;.<clinit>()V> (0x00000000847f12a8) 
thrown [s\src\hotspot\share\prims\jni.cpp, line 1108]
Event: 7.422 Thread 0x0000021cd278d2f0 Implicit null exception at 0x0000021cbffd1b8f to 0x0000021cbffd21b0
Event: 7.422 Thread 0x0000021cd278d2f0 Implicit null exception at 0x0000021cbffd0d94 to 0x0000021cbffd13cc
Event: 7.585 Thread 0x0000021cd278d2f0 Exception <a 'java/lang/ClassNotFoundException'{0x0000000083a92f30}: org/gradle/api/internal/plugins/DefaultObjectConfigurationActionBeanInfo> (0x0000000083a92f30) 
thrown [s\src\hotspot\share\classfile\systemDictionary.cpp, line 256]
Event: 7.586 Thread 0x0000021cd278d2f0 Exception <a 'java/lang/ClassNotFoundException'{0x0000000083aa6de8}: org/gradle/api/internal/plugins/DefaultObjectConfigurationActionCustomizer> (0x0000000083aa6de8) 
thrown [s\src\hotspot\share\classfile\systemDictionary.cpp, line 256]
Event: 7.817 Thread 0x0000021cd278d2f0 Exception <a 'java/lang/NoSuchMethodError'{0x000000008cc69c10}: 'java.lang.Object java.lang.invoke.DirectMethodHandle$Holder.newInvokeSpecial(java.lang.Object, java.lang.Object, java.lang.Object, java.lang.Object, int)'> (0x000000008cc69c10) 
thrown [s\src\hotspot\share\interpreter\linkResolver.cpp, line 771]
Event: 7.818 Thread 0x0000021cd278d2f0 Exception <a 'java/lang/NoSuchMethodError'{0x000000008cc6f058}: 'java.lang.Object java.lang.invoke.DirectMethodHandle$Holder.invokeSpecial(java.lang.Object, java.lang.Object, java.lang.Object, java.lang.Object, java.lang.Object, int)'> (0x000000008cc6f058) 
thrown [s\src\hotspot\share\interpreter\linkResolver.cpp, line 771]
Event: 7.818 Thread 0x0000021cd278d2f0 Exception <a 'java/lang/NoSuchMethodError'{0x000000008cc73dd8}: 'java.lang.Object java.lang.invoke.Invokers$Holder.linkToTargetMethod(java.lang.Object, java.lang.Object, java.lang.Object, int, java.lang.Object)'> (0x000000008cc73dd8) 
thrown [s\src\hotspot\share\interpreter\linkResolver.cpp, line 771]
Event: 8.090 Thread 0x0000021cd278d2f0 Exception <a 'java/lang/NoSuchMethodError'{0x0000000083f06cf8}: 'int java.lang.invoke.DirectMethodHandle$Holder.invokeInterface(java.lang.Object, java.lang.Object, java.lang.Object, java.lang.Object)'> (0x0000000083f06cf8) 
thrown [s\src\hotspot\share\interpreter\linkResolver.cpp, line 771]
Event: 8.642 Thread 0x0000021cd278d2f0 Exception <a 'java/lang/IncompatibleClassChangeError'{0x000000008cdca230}: Found class java.lang.Object, but interface was expected> (0x000000008cdca230) 
thrown [s\src\hotspot\share\interpreter\linkResolver.cpp, line 838]
Event: 8.717 Thread 0x0000021cd278d2f0 Implicit null exception at 0x0000021cbff8a3d9 to 0x0000021cbff8a574
Event: 8.717 Thread 0x0000021cd278d2f0 Implicit null exception at 0x0000021cbff81199 to 0x0000021cbff8137c
Event: 8.858 Thread 0x0000021cd278d2f0 Implicit null exception at 0x0000021cbfebc60c to 0x0000021cbfebc73e
Event: 9.039 Thread 0x0000021cd278d2f0 Exception <a 'sun/nio/fs/WindowsException'{0x00000000846c6250}> (0x00000000846c6250) 
thrown [s\src\hotspot\share\prims\jni.cpp, line 517]
Event: 9.559 Thread 0x0000021cd278d2f0 Implicit null exception at 0x0000021cbff3e948 to 0x0000021cbff3ea34

VM Operations (20 events):
Event: 9.034 Executing VM operation: G1Concurrent done
Event: 9.161 Executing VM operation: G1CollectForAllocation
Event: 9.167 Executing VM operation: G1CollectForAllocation done
Event: 9.198 Executing VM operation: G1CollectForAllocation
Event: 9.252 Executing VM operation: G1CollectForAllocation done
Event: 9.599 Executing VM operation: ICBufferFull
Event: 9.600 Executing VM operation: ICBufferFull done
Event: 9.668 Executing VM operation: G1CollectForAllocation
Event: 9.683 Executing VM operation: G1CollectForAllocation done
Event: 9.716 Executing VM operation: G1Concurrent
Event: 9.724 Executing VM operation: G1Concurrent done
Event: 9.738 Executing VM operation: G1Concurrent
Event: 9.738 Executing VM operation: G1Concurrent done
Event: 10.084 Executing VM operation: G1CollectForAllocation
Event: 10.087 Executing VM operation: G1CollectForAllocation done
Event: 10.093 Executing VM operation: G1CollectForAllocation
Event: 10.096 Executing VM operation: G1CollectForAllocation done
Event: 10.165 Executing VM operation: HandshakeAllThreads
Event: 10.165 Executing VM operation: HandshakeAllThreads done
Event: 10.311 Executing VM operation: G1TryInitiateConcMark

Events (20 events):
Event: 8.932 loading class java/util/jar/JarVerifier$VerifierStream
Event: 8.932 loading class java/util/jar/JarVerifier$VerifierStream done
Event: 8.932 loading class sun/security/util/ManifestEntryVerifier$SunProviderHolder
Event: 8.932 loading class sun/security/util/ManifestEntryVerifier$SunProviderHolder done
Event: 9.039 loading class sun/nio/fs/WindowsException
Event: 9.039 loading class sun/nio/fs/WindowsException done
Event: 9.421 loading class java/security/KeyStore
Event: 9.422 loading class java/security/KeyStore done
Event: 9.422 loading class java/security/KeyStore$1
Event: 9.422 loading class java/security/KeyStore$1 done
Event: 9.526 loading class javax/xml/stream/XMLStreamException
Event: 9.526 loading class javax/xml/stream/XMLStreamException done
Event: 9.544 loading class sun/reflect/annotation/AnnotationInvocationHandler$1
Event: 9.544 loading class sun/reflect/annotation/AnnotationInvocationHandler$1 done
Event: 10.005 loading class java/util/ArrayList$SubList$1
Event: 10.006 loading class java/util/ArrayList$SubList$1 done
Event: 10.134 loading class jdk/internal/loader/URLClassPath$FileLoader
Event: 10.134 loading class jdk/internal/loader/URLClassPath$FileLoader done
Event: 10.135 loading class jdk/internal/loader/URLClassPath$FileLoader$1
Event: 10.135 loading class jdk/internal/loader/URLClassPath$FileLoader$1 done


Dynamic libraries:
0x00007ff619180000 - 0x00007ff61918a000 	E:\Android Studio\jbr\bin\java.exe
0x00007fff96210000 - 0x00007fff96424000 	C:\WINDOWS\SYSTEM32\ntdll.dll
0x00007fff958e0000 - 0x00007fff959a4000 	C:\WINDOWS\System32\KERNEL32.DLL
0x00007fff93800000 - 0x00007fff93ba4000 	C:\WINDOWS\System32\KERNELBASE.dll
0x00007fff93bb0000 - 0x00007fff93cc1000 	C:\WINDOWS\System32\ucrtbase.dll
0x00007fff7e910000 - 0x00007fff7e927000 	E:\Android Studio\jbr\bin\jli.dll
0x00007fff62ff0000 - 0x00007fff6300b000 	E:\Android Studio\jbr\bin\VCRUNTIME140.dll
0x00007fff95cc0000 - 0x00007fff95e6a000 	C:\WINDOWS\System32\USER32.dll
0x00007fff7a060000 - 0x00007fff7a2ef000 	C:\WINDOWS\WinSxS\amd64_microsoft.windows.common-controls_6595b64144ccf1df_6.0.22621.2070_none_2713e6537381f706\COMCTL32.dll
0x00007fff93cd0000 - 0x00007fff93cf6000 	C:\WINDOWS\System32\win32u.dll
0x00007fff96100000 - 0x00007fff961a7000 	C:\WINDOWS\System32\msvcrt.dll
0x00007fff95ff0000 - 0x00007fff96019000 	C:\WINDOWS\System32\GDI32.dll
0x00007fff935f0000 - 0x00007fff93709000 	C:\WINDOWS\System32\gdi32full.dll
0x00007fff93dc0000 - 0x00007fff93e5a000 	C:\WINDOWS\System32\msvcp_win.dll
0x00007fff957f0000 - 0x00007fff95821000 	C:\WINDOWS\System32\IMM32.DLL
0x00007fff6dc30000 - 0x00007fff6dc3c000 	E:\Android Studio\jbr\bin\vcruntime140_1.dll
0x00007fff48780000 - 0x00007fff4880d000 	E:\Android Studio\jbr\bin\msvcp140.dll
0x00007fff4d300000 - 0x00007fff4df6e000 	E:\Android Studio\jbr\bin\server\jvm.dll
0x00007fff95c00000 - 0x00007fff95cb0000 	C:\WINDOWS\System32\ADVAPI32.dll
0x00007fff95830000 - 0x00007fff958d6000 	C:\WINDOWS\System32\sechost.dll
0x00007fff95ae0000 - 0x00007fff95bf7000 	C:\WINDOWS\System32\RPCRT4.dll
0x00007fff892d0000 - 0x00007fff89304000 	C:\WINDOWS\SYSTEM32\WINMM.dll
0x00007fff890b0000 - 0x00007fff890ba000 	C:\WINDOWS\SYSTEM32\VERSION.dll
0x00007fff8ff20000 - 0x00007fff8ff29000 	C:\WINDOWS\SYSTEM32\WSOCK32.dll
0x00007fff94270000 - 0x00007fff942e1000 	C:\WINDOWS\System32\WS2_32.dll
0x00007fff925a0000 - 0x00007fff925b8000 	C:\WINDOWS\SYSTEM32\kernel.appcore.dll
0x00007fff8e650000 - 0x00007fff8e65a000 	E:\Android Studio\jbr\bin\jimage.dll
0x00007fff91130000 - 0x00007fff9135e000 	C:\WINDOWS\SYSTEM32\DBGHELP.DLL
0x00007fff942f0000 - 0x00007fff9467a000 	C:\WINDOWS\System32\combase.dll
0x00007fff94190000 - 0x00007fff94267000 	C:\WINDOWS\System32\OLEAUT32.dll
0x00007fff7f7b0000 - 0x00007fff7f7e2000 	C:\WINDOWS\SYSTEM32\dbgcore.DLL
0x00007fff93780000 - 0x00007fff937fa000 	C:\WINDOWS\System32\bcryptPrimitives.dll
0x00007fff8c390000 - 0x00007fff8c3b5000 	E:\Android Studio\jbr\bin\java.dll
0x00007fff86b30000 - 0x00007fff86b48000 	E:\Android Studio\jbr\bin\zip.dll
0x00007fff94680000 - 0x00007fff94e96000 	C:\WINDOWS\System32\SHELL32.dll
0x00007fff915c0000 - 0x00007fff91eaa000 	C:\WINDOWS\SYSTEM32\windows.storage.dll
0x00007fff91480000 - 0x00007fff915be000 	C:\WINDOWS\SYSTEM32\wintypes.dll
0x00007fff95690000 - 0x00007fff95783000 	C:\WINDOWS\System32\SHCORE.dll
0x00007fff951a0000 - 0x00007fff951fe000 	C:\WINDOWS\System32\shlwapi.dll
0x00007fff93520000 - 0x00007fff93546000 	C:\WINDOWS\SYSTEM32\profapi.dll
0x00007fff86b10000 - 0x00007fff86b29000 	E:\Android Studio\jbr\bin\net.dll
0x00007fff8d7a0000 - 0x00007fff8d8d7000 	C:\WINDOWS\SYSTEM32\WINHTTP.dll
0x00007fff92ab0000 - 0x00007fff92b19000 	C:\WINDOWS\system32\mswsock.dll
0x00007fff857b0000 - 0x00007fff857c6000 	E:\Android Studio\jbr\bin\nio.dll
0x00007fff8e080000 - 0x00007fff8e090000 	E:\Android Studio\jbr\bin\verify.dll
0x00007fff68df0000 - 0x00007fff68e17000 	C:\Users\86135\.gradle\native\68d5fa5c4cc2d200863cafc0d521ce42e7d3e7ee720ec0a83991735586a16f82\windows-amd64\native-platform.dll
0x00007fff48630000 - 0x00007fff48774000 	C:\Users\86135\.gradle\native\e376f236ea51e6404a007f0833ffe2c6e607c4080706a723a18a27aeea778392\windows-amd64\native-platform-file-events.dll
0x00007fff86bc0000 - 0x00007fff86bc9000 	E:\Android Studio\jbr\bin\management.dll
0x00007fff85720000 - 0x00007fff8572b000 	E:\Android Studio\jbr\bin\management_ext.dll
0x00007fff96020000 - 0x00007fff96028000 	C:\WINDOWS\System32\PSAPI.DLL
0x00007fff92d10000 - 0x00007fff92d2b000 	C:\WINDOWS\SYSTEM32\CRYPTSP.dll
0x00007fff925c0000 - 0x00007fff925f5000 	C:\WINDOWS\system32\rsaenh.dll
0x00007fff92ba0000 - 0x00007fff92bcc000 	C:\WINDOWS\SYSTEM32\USERENV.dll
0x00007fff92f30000 - 0x00007fff92f58000 	C:\WINDOWS\SYSTEM32\bcrypt.dll
0x00007fff92d00000 - 0x00007fff92d0c000 	C:\WINDOWS\SYSTEM32\CRYPTBASE.dll
0x00007fff92110000 - 0x00007fff9213d000 	C:\WINDOWS\SYSTEM32\IPHLPAPI.DLL
0x00007fff95cb0000 - 0x00007fff95cb9000 	C:\WINDOWS\System32\NSI.dll
0x00007fff8c2e0000 - 0x00007fff8c2f9000 	C:\WINDOWS\SYSTEM32\dhcpcsvc6.DLL
0x00007fff8c2c0000 - 0x00007fff8c2df000 	C:\WINDOWS\SYSTEM32\dhcpcsvc.DLL
0x00007fff92180000 - 0x00007fff92273000 	C:\WINDOWS\SYSTEM32\DNSAPI.dll
0x00007fff894d0000 - 0x00007fff894d8000 	C:\WINDOWS\system32\wshunix.dll

dbghelp: loaded successfully - version: 4.0.5 - missing functions: none
symbol engine: initialized successfully - sym options: 0x614 - pdb path: .;E:\Android Studio\jbr\bin;C:\WINDOWS\SYSTEM32;C:\WINDOWS\WinSxS\amd64_microsoft.windows.common-controls_6595b64144ccf1df_6.0.22621.2070_none_2713e6537381f706;E:\Android Studio\jbr\bin\server;C:\Users\86135\.gradle\native\68d5fa5c4cc2d200863cafc0d521ce42e7d3e7ee720ec0a83991735586a16f82\windows-amd64;C:\Users\86135\.gradle\native\e376f236ea51e6404a007f0833ffe2c6e607c4080706a723a18a27aeea778392\windows-amd64

VM Arguments:
jvm_args: --add-opens=java.base/java.util=ALL-UNNAMED --add-opens=java.base/java.lang=ALL-UNNAMED --add-opens=java.base/java.lang.invoke=ALL-UNNAMED --add-opens=java.prefs/java.util.prefs=ALL-UNNAMED --add-opens=java.base/java.nio.charset=ALL-UNNAMED --add-opens=java.base/java.net=ALL-UNNAMED --add-opens=java.base/java.util.concurrent.atomic=ALL-UNNAMED -Xmx2048m -Dfile.encoding=UTF-8 -Duser.country=CN -Duser.language=zh -Duser.variant 
java_command: org.gradle.launcher.daemon.bootstrap.GradleDaemon 8.0
java_class_path (initial): C:\Users\86135\.gradle\wrapper\dists\gradle-8.0-bin\ca5e32bp14vu59qr306oxotwh\gradle-8.0\lib\gradle-launcher-8.0.jar
Launcher Type: SUN_STANDARD

[Global flags]
     intx CICompilerCount                          = 4                                         {product} {ergonomic}
     uint ConcGCThreads                            = 2                                         {product} {ergonomic}
     uint G1ConcRefinementThreads                  = 8                                         {product} {ergonomic}
   size_t G1HeapRegionSize                         = 1048576                                   {product} {ergonomic}
    uintx GCDrainStackTargetSize                   = 64                                        {product} {ergonomic}
   size_t InitialHeapSize                          = 264241152                                 {product} {ergonomic}
   size_t MarkStackSize                            = 4194304                                   {product} {ergonomic}
   size_t MaxHeapSize                              = 2147483648                                {product} {command line}
   size_t MaxNewSize                               = 1287651328                                {product} {ergonomic}
   size_t MinHeapDeltaBytes                        = 1048576                                   {product} {ergonomic}
   size_t MinHeapSize                              = 8388608                                   {product} {ergonomic}
    uintx NonNMethodCodeHeapSize                   = 5839372                                {pd product} {ergonomic}
    uintx NonProfiledCodeHeapSize                  = 122909434                              {pd product} {ergonomic}
    uintx ProfiledCodeHeapSize                     = 122909434                              {pd product} {ergonomic}
    uintx ReservedCodeCacheSize                    = 251658240                              {pd product} {ergonomic}
     bool SegmentedCodeCache                       = true                                      {product} {ergonomic}
   size_t SoftMaxHeapSize                          = 2147483648                             {manageable} {ergonomic}
     bool UseCompressedClassPointers               = true                           {product lp64_product} {ergonomic}
     bool UseCompressedOops                        = true                           {product lp64_product} {ergonomic}
     bool UseG1GC                                  = true                                      {product} {ergonomic}
     bool UseLargePagesIndividualAllocation        = false                                  {pd product} {ergonomic}

Logging:
Log output configuration:
 #0: stdout all=warning uptime,level,tags
 #1: stderr all=off uptime,level,tags

Environment Variables:
JAVA_HOME=C:\Download\jdk-20_windows-x64_bin\jdk-20.0.2
CLASSPATH=.;%JAVAHOME%\lib;%JAVAHOME%\lib\tools.jar
PATH=C:\Program Files (x86)\Common Files\Intel\Shared Libraries\redist\intel64\compiler;C:\Program Files\PlasticSCM5\server;C:\Program Files\PlasticSCM5\client;C:\WINDOWS\system32;C:\WINDOWS;C:\WINDOWS\System32\Wbem;C:\WINDOWS\System32\WindowsPowerShell\v1.0\;C:\WINDOWS\System32\OpenSSH\;C:\Program Files\dotnet\;C:\Program Files\Common Files\Autodesk Shared\;C:\Program Files (x86)\Autodesk\Backburner\;C:\Program Files\MySQL\MySQL Server 5.7\bin;C:\Download\jdk-20_windows-x64_bin\jdk-20.0.2\bin;C:\Download\jdk-20_windows-x64_bin\jdk-20.0.2\jre\bin;C:\Program Files\PlasticSCM5\server;C:\Program Files\PlasticSCM5\client;C:\Windows\system32;C:\Windows;C:\Windows\System32\Wbem;C:\Windows\System32\WindowsPowerShell\v1.0\;C:\Windows\System32\OpenSSH\;C:\Program Files\dotnet\;C:\Program Files\Git\cmd;C:\Users\86135\AppData\Local\Microsoft\WindowsApps;C:\Users\86135\AppData\Local\Yarn\bin;C:\Users\86135\AppData\Local\Microsoft\WindowsApps;C:\Users\86135\.dotnet\tools
USERNAME=86135
OS=Windows_NT
PROCESSOR_IDENTIFIER=Intel64 Family 6 Model 140 Stepping 1, GenuineIntel
TMP=C:\Users\86135\AppData\Local\Temp
TEMP=C:\Users\86135\AppData\Local\Temp


JNI global refs:
JNI global refs: 26, weak refs: 0

JNI global refs memory usage: 843, weak refs: 841


---------------  S Y S T E M  ---------------

OS:
 Windows 11 , 64 bit Build 22621 (10.0.22621.2070)
OS uptime: 0 days 22:06 hours

CPU: total 8 (initial active 8) (4 cores per cpu, 2 threads per core) family 6 model 140 stepping 1 microcode 0xac, cx8, cmov, fxsr, ht, mmx, 3dnowpref, sse, sse2, sse3, ssse3, sse4.1, sse4.2, popcnt, lzcnt, tsc, tscinvbit, avx, avx2, aes, erms, clmul, bmi1, bmi2, adx, avx512f, avx512dq, avx512cd, avx512bw, avx512vl, sha, fma, vzeroupper, avx512_vpopcntdq, avx512_vpclmulqdq, avx512_vaes, avx512_vnni, clflush, clflushopt, clwb, avx512_vbmi2, avx512_vbmi

Memory: 4k page, system-wide physical 16106M (310M free)
TotalPageFile size 16106M (AvailPageFile size 10M)
current process WorkingSet (physical memory assigned to process): 320M, peak: 333M
current process commit charge ("private bytes"): 501M, peak: 579M

vm_info: OpenJDK 64-Bit Server VM (17.0.6+0-b2043.56-10027231) for windows-amd64 JRE (17.0.6+0-b2043.56-10027231), built on Apr 28 2023 00:43:19 by "androidbuild" with MS VC++ 16.10 / 16.11 (VS2019)

END.
